13:16:41.642 [JavaFX Application Thread] DEBUG GameApplication      - Logger initialized
13:16:41.686 [JavaFX Application Thread] DEBUG MainWindow           - Creating a JavaFX scene
13:16:42.052 [JavaFX Application Thread] DEBUG MainWindow           - Target settings size: 600.0 x 600.0
13:16:42.052 [JavaFX Application Thread] DEBUG MainWindow           - Scaled scene size:    600.0 x 600.0
13:16:42.053 [JavaFX Application Thread] DEBUG MainWindow           - Scaled ratio: (1.0, 1.0)
13:16:42.344 [JavaFX Application Thread] DEBUG GameApplication      - Starting FXGL
13:16:42.345 [JavaFX Application Thread] INFO  Version              - FXGL-0.4.1
13:16:42.345 [JavaFX Application Thread] INFO  Version              - Source code and latest versions at: https://github.com/AlmasB/FXGL
13:16:42.346 [JavaFX Application Thread] INFO  Version              -              Join the FXGL chat at: https://gitter.im/AlmasB/FXGL
13:16:42.496 [FXGL Launcher Thread     ] DEBUG FXGL                 - Loading FXGL system data
13:16:42.509 [FXGL Launcher Thread     ] DEBUG IOTask               - Executing task: readDataTask(system/fxgl.bundle)
13:16:42.521 [FXGL Launcher Thread     ] DEBUG FS                   - Reading from: system\fxgl.bundle
13:16:42.540 [FXGL Launcher Thread     ] DEBUG IOTask               - Task succeeded: readDataTask(system/fxgl.bundle)
13:16:42.541 [FXGL Launcher Thread     ] DEBUG Bundle               - Logging bundle: FXGL
13:16:42.542 [FXGL Launcher Thread     ] DEBUG Bundle               - FXGL.offline.timer.version.check=2018-01-29T12:06:18.318
13:16:42.543 [FXGL Launcher Thread     ] DEBUG GameApplication      - FXGL configuration complete
13:16:42.545 [FXGL Launcher Thread     ] INFO  GameApplication      - FXGL configuration took:  0,134 sec
13:16:42.545 [FXGL Launcher Thread     ] DEBUG GameApplication      - Logging game settings
Title: Basic Game App
Version: 0.1
Width: 600
Height: 600
Fullscreen: false
Intro: false
Menus: false
Profiling: false
Single step:false
App Mode: DEVELOPER
Menu Key: ESCAPE
Stage Style: DECORATED
Scene Factory: class com.almasb.fxgl.scene.SceneFactory
Dialog Factory: class com.almasb.fxgl.ui.FXGLDialogFactory
UI Factory: class com.almasb.fxgl.ui.FXGLUIFactory
Notification Service: class com.almasb.fxgl.gameplay.notification.XboxNotificationView
Exception Handler: class com.almasb.fxgl.app.FXGLExceptionHandler
13:16:42.557 [FXGL Launcher Thread     ] DEBUG GameApplication      - Configuring GameApplication
13:16:42.565 [FXGL Launcher Thread     ] DEBUG AppStateMachine      - Initializing application states
13:16:42.591 [FXGL Launcher Thread     ] DEBUG AssetLoader          - Loading from disk: /assets/ui/cursors/fxgl_default.png
13:16:42.649 [FXGL Launcher Thread     ] DEBUG AssetLoader          - Loading from disk: /assets/ui/cursors/fxgl_default.png
13:16:42.671 [FXGL Launcher Thread     ] DEBUG AssetLoader          - Loading from disk: /assets/sounds/core/notification.wav
13:16:42.742 [FXGL Launcher Thread     ] DEBUG AssetLoader          - Loading from disk: /assets/sounds/menu/select.wav
13:16:42.745 [FXGL Launcher Thread     ] DEBUG AssetLoader          - Loading from disk: /assets/sounds/menu/back.wav
13:16:42.748 [FXGL Launcher Thread     ] DEBUG AssetLoader          - Loading from disk: /assets/sounds/menu/press.wav
13:16:42.752 [FXGL Launcher Thread     ] DEBUG AssetLoader          - Loading from disk: /assets/ui/fonts/VarelaRound-Regular.ttf
13:16:43.159 [FXGL Launcher Thread     ] DEBUG AssetLoader          - Loading from disk: /assets/ui/fonts/lucida_console.ttf
13:16:43.189 [FXGL Launcher Thread     ] DEBUG AssetLoader          - Loading from disk: /assets/ui/css/fxgl_dark.css
13:16:43.190 [FXGL Launcher Thread     ] DEBUG AssetLoader          - Loading from disk: /assets/ui/icons/fxgl_icon.png
13:16:43.283 [FXGL Launcher Thread     ] DEBUG AssetLoader          - Loading from disk: /assets/ui/cursors/fxgl_default.png
13:16:43.335 [FXGL Launcher Thread     ] DEBUG FXGL.GameScene       - Game scene initialized: 600x600
13:16:43.341 [FXGL Launcher Thread     ] DEBUG FXGL.GameWorld       - Game world initialized
13:16:43.512 [FXGL Launcher Thread     ] DEBUG FXGL.PhysicsWorld    - Physics world initialized: appHeight=600, physics.ppm=50,0
13:16:43.629 [FXGL Launcher Thread     ] DEBUG Input                - Registered new binding: Pause - Esc
13:16:43.675 [FXGL Launcher Thread     ] INFO  GameApplication      - Game configuration took:  1,117 sec
13:16:43.683 [JavaFX Application Thread] DEBUG MainWindow           - Opening main window
13:16:43.793 [JavaFX Application Thread] DEBUG MainWindow           - Window border size: (6.0, 29.0)
13:16:43.793 [JavaFX Application Thread] DEBUG MainWindow           - Scaled size: 600.0 x 600.0
13:16:43.793 [JavaFX Application Thread] DEBUG MainWindow           - Scaled ratio: (1.0, 1.0)
13:16:43.794 [JavaFX Application Thread] DEBUG MainWindow           - Scene size: 600.0 x 600.0
13:16:43.794 [JavaFX Application Thread] DEBUG MainWindow           - Stage size: 606.0 x 629.0
13:16:43.794 [JavaFX Application Thread] DEBUG GameApplication      - Running preInit()
13:16:43.798 [JavaFX Application Thread] DEBUG AnnotationParser     - Main app package name: com.myname
13:16:44.103 [JavaFX Application Thread] DEBUG AnnotationParser     - @SetAchievementStore: []
13:16:44.105 [JavaFX Application Thread] DEBUG Input                - Registered new binding: Screenshot - P
13:16:44.106 [JavaFX Application Thread] DEBUG Input                - Registered new binding: Dev Options - CTRL+0
13:16:44.107 [JavaFX Application Thread] DEBUG Input                - Registered new binding: Move Right - D
13:16:44.107 [JavaFX Application Thread] DEBUG Input                - Registered new binding: Move Left - A
13:16:44.107 [JavaFX Application Thread] DEBUG Input                - Registered new binding: Move Up - W
13:16:44.108 [JavaFX Application Thread] DEBUG Input                - Registered new binding: Move Down - S
13:16:44.108 [JavaFX Application Thread] DEBUG Input                - Registered new binding: Play Sound - F
13:16:44.171 [JavaFX Application Thread] DEBUG GameApplication      - Starting main loop
13:16:44.175 [JavaFX Application Thread] DEBUG StartupState         - STARTUP
13:16:44.175 [JavaFX Application Thread] DEBUG GameApplication      - Starting new game
13:16:44.176 [JavaFX Application Thread] DEBUG Input                - Clearing active input actions
13:16:44.176 [JavaFX Application Thread] DEBUG AppStateMachine      - StartupState -> LoadingState
13:16:44.242 [JavaFX Application Thread] DEBUG AnnotationParser     - Main app package name: com.myname
13:16:44.243 [JavaFX Application Thread] DEBUG InitAppTask          - Parsing annotations
13:16:44.294 [JavaFX Application Thread] DEBUG AnnotationParser     - @SetEntityFactory: []
13:16:44.295 [JavaFX Application Thread] DEBUG AnnotationParser     - @AddCollisionHandler: []
13:16:44.295 [JavaFX Application Thread] DEBUG AnnotationParser     - @SetEventHandler: []
13:16:44.311 [FXGL Background Thread 1 ] DEBUG InitAppTask          - Clearing previous game
13:16:44.317 [FXGL Background Thread 1 ] DEBUG FXGL.GameWorld       - Clearing game world
13:16:44.320 [FXGL Background Thread 1 ] DEBUG FXGL.PhysicsWorld    - Clearing physics world
13:16:44.320 [FXGL Background Thread 1 ] DEBUG FXGL.GameScene       - Clearing game scene
13:16:44.320 [FXGL Background Thread 1 ] DEBUG InitAppTask          - Initializing Assets
13:16:44.322 [FXGL Background Thread 1 ] DEBUG InitAppTask          - Initializing Game
13:16:44.416 [FXGL Background Thread 1 ] DEBUG AssetLoader          - Loading from disk: /assets/textures/brick.png
13:16:44.437 [FXGL Background Thread 1 ] DEBUG FXGL.GameScene       - Creating render group for layer: TOP(2147483647)
13:16:44.492 [FXGL Background Thread 1 ] DEBUG InitAppTask          - Initializing Physics
13:16:44.494 [FXGL Background Thread 1 ] DEBUG InitAppTask          - Initializing UI
13:16:44.495 [FXGL Background Thread 1 ] DEBUG AssetLoader          - Loading from cache: /assets/textures/brick.png
13:16:44.497 [FXGL Background Thread 1 ] DEBUG InitAppTask          - Initialization Complete
13:16:44.498 [FXGL Background Thread 1 ] INFO  InitAppTask          - Game initialization took: 0,187 sec
13:16:44.500 [JavaFX Application Thread] DEBUG Input                - Clearing active input actions
13:16:44.500 [JavaFX Application Thread] DEBUG AppStateMachine      - LoadingState -> PlayState
13:17:17.962 [JavaFX Application Thread] DEBUG GameApplication      - Exiting game application
13:17:17.964 [JavaFX Application Thread] DEBUG GameApplication      - Shutting down background threads
13:17:17.965 [JavaFX Application Thread] DEBUG GameApplication      - Exiting FXGL
13:17:17.965 [JavaFX Application Thread] DEBUG FXGL                 - Saving FXGL system data
13:17:17.966 [JavaFX Application Thread] DEBUG IOTask               - Executing task: writeDataTask(system/fxgl.bundle)
13:17:17.969 [JavaFX Application Thread] DEBUG FS                   - Writing to: system\fxgl.bundle
13:17:17.974 [JavaFX Application Thread] DEBUG IOTask               - Task succeeded: writeDataTask(system/fxgl.bundle)
13:17:17.974 [JavaFX Application Thread] DEBUG GameApplication      - Closing logger and exiting JavaFX
