13:11:01.431 [JavaFX Application Thread] DEBUG GameApplication      - Logger initialized
13:11:01.477 [JavaFX Application Thread] DEBUG MainWindow           - Creating a JavaFX scene
13:11:01.698 [JavaFX Application Thread] DEBUG MainWindow           - Target settings size: 600.0 x 600.0
13:11:01.699 [JavaFX Application Thread] DEBUG MainWindow           - Scaled scene size:    600.0 x 600.0
13:11:01.699 [JavaFX Application Thread] DEBUG MainWindow           - Scaled ratio: (1.0, 1.0)
13:11:01.958 [JavaFX Application Thread] DEBUG GameApplication      - Starting FXGL
13:11:01.958 [JavaFX Application Thread] INFO  Version              - FXGL-0.4.1
13:11:01.959 [JavaFX Application Thread] INFO  Version              - Source code and latest versions at: https://github.com/AlmasB/FXGL
13:11:01.959 [JavaFX Application Thread] INFO  Version              -              Join the FXGL chat at: https://gitter.im/AlmasB/FXGL
13:11:02.083 [FXGL Launcher Thread     ] DEBUG FXGL                 - Loading FXGL system data
13:11:02.093 [FXGL Launcher Thread     ] DEBUG IOTask               - Executing task: readDataTask(system/fxgl.bundle)
13:11:02.105 [FXGL Launcher Thread     ] DEBUG FS                   - Reading from: system\fxgl.bundle
13:11:02.129 [FXGL Launcher Thread     ] DEBUG IOTask               - Task succeeded: readDataTask(system/fxgl.bundle)
13:11:02.130 [FXGL Launcher Thread     ] DEBUG Bundle               - Logging bundle: FXGL
13:11:02.131 [FXGL Launcher Thread     ] DEBUG Bundle               - FXGL.offline.timer.version.check=2018-01-29T12:06:18.318
13:11:02.132 [FXGL Launcher Thread     ] DEBUG GameApplication      - FXGL configuration complete
13:11:02.134 [FXGL Launcher Thread     ] INFO  GameApplication      - FXGL configuration took:  0,126 sec
13:11:02.135 [FXGL Launcher Thread     ] DEBUG GameApplication      - Logging game settings
Title: Basic Game App
Version: 0.1
Width: 600
Height: 600
Fullscreen: false
Intro: false
Menus: false
Profiling: false
Single step:false
App Mode: DEVELOPER
Menu Key: ESCAPE
Stage Style: DECORATED
Scene Factory: class com.almasb.fxgl.scene.SceneFactory
Dialog Factory: class com.almasb.fxgl.ui.FXGLDialogFactory
UI Factory: class com.almasb.fxgl.ui.FXGLUIFactory
Notification Service: class com.almasb.fxgl.gameplay.notification.XboxNotificationView
Exception Handler: class com.almasb.fxgl.app.FXGLExceptionHandler
13:11:02.145 [FXGL Launcher Thread     ] DEBUG GameApplication      - Configuring GameApplication
13:11:02.153 [FXGL Launcher Thread     ] DEBUG AppStateMachine      - Initializing application states
13:11:02.173 [FXGL Launcher Thread     ] DEBUG AssetLoader          - Loading from disk: /assets/ui/cursors/fxgl_default.png
13:11:02.213 [FXGL Launcher Thread     ] DEBUG AssetLoader          - Loading from disk: /assets/ui/cursors/fxgl_default.png
13:11:02.242 [FXGL Launcher Thread     ] DEBUG AssetLoader          - Loading from disk: /assets/sounds/core/notification.wav
13:11:02.281 [FXGL Launcher Thread     ] DEBUG AssetLoader          - Loading from disk: /assets/sounds/menu/select.wav
13:11:02.284 [FXGL Launcher Thread     ] DEBUG AssetLoader          - Loading from disk: /assets/sounds/menu/back.wav
13:11:02.286 [FXGL Launcher Thread     ] DEBUG AssetLoader          - Loading from disk: /assets/sounds/menu/press.wav
13:11:02.290 [FXGL Launcher Thread     ] DEBUG AssetLoader          - Loading from disk: /assets/ui/fonts/VarelaRound-Regular.ttf
13:11:02.460 [FXGL Launcher Thread     ] DEBUG AssetLoader          - Loading from disk: /assets/ui/fonts/lucida_console.ttf
13:11:02.469 [FXGL Launcher Thread     ] DEBUG AssetLoader          - Loading from disk: /assets/ui/css/fxgl_dark.css
13:11:02.470 [FXGL Launcher Thread     ] DEBUG AssetLoader          - Loading from disk: /assets/ui/icons/fxgl_icon.png
13:11:02.511 [FXGL Launcher Thread     ] DEBUG AssetLoader          - Loading from disk: /assets/ui/cursors/fxgl_default.png
13:11:02.571 [FXGL Launcher Thread     ] DEBUG FXGL.GameScene       - Game scene initialized: 600x600
13:11:02.580 [FXGL Launcher Thread     ] DEBUG FXGL.GameWorld       - Game world initialized
13:11:02.721 [FXGL Launcher Thread     ] DEBUG FXGL.PhysicsWorld    - Physics world initialized: appHeight=600, physics.ppm=50,0
13:11:02.759 [FXGL Launcher Thread     ] DEBUG Input                - Registered new binding: Pause - Esc
13:11:02.823 [FXGL Launcher Thread     ] INFO  GameApplication      - Game configuration took:  0,677 sec
13:11:02.842 [JavaFX Application Thread] DEBUG MainWindow           - Opening main window
13:11:02.915 [JavaFX Application Thread] DEBUG MainWindow           - Window border size: (6.0, 29.0)
13:11:02.916 [JavaFX Application Thread] DEBUG MainWindow           - Scaled size: 600.0 x 600.0
13:11:02.917 [JavaFX Application Thread] DEBUG MainWindow           - Scaled ratio: (1.0, 1.0)
13:11:02.917 [JavaFX Application Thread] DEBUG MainWindow           - Scene size: 600.0 x 600.0
13:11:02.917 [JavaFX Application Thread] DEBUG MainWindow           - Stage size: 606.0 x 629.0
13:11:02.917 [JavaFX Application Thread] DEBUG GameApplication      - Running preInit()
13:11:02.921 [JavaFX Application Thread] DEBUG AnnotationParser     - Main app package name: com.myname
13:11:03.150 [JavaFX Application Thread] DEBUG AnnotationParser     - @SetAchievementStore: []
13:11:03.153 [JavaFX Application Thread] DEBUG Input                - Registered new binding: Screenshot - P
13:11:03.154 [JavaFX Application Thread] DEBUG Input                - Registered new binding: Dev Options - CTRL+0
13:11:03.155 [JavaFX Application Thread] DEBUG Input                - Registered new binding: Move Right - D
13:11:03.155 [JavaFX Application Thread] DEBUG Input                - Registered new binding: Move Left - A
13:11:03.155 [JavaFX Application Thread] DEBUG Input                - Registered new binding: Move Up - W
13:11:03.156 [JavaFX Application Thread] DEBUG Input                - Registered new binding: Move Down - S
13:11:03.156 [JavaFX Application Thread] DEBUG Input                - Registered new binding: Play Sound - F
13:11:03.219 [JavaFX Application Thread] DEBUG GameApplication      - Starting main loop
13:11:03.228 [JavaFX Application Thread] DEBUG StartupState         - STARTUP
13:11:03.229 [JavaFX Application Thread] DEBUG GameApplication      - Starting new game
13:11:03.229 [JavaFX Application Thread] DEBUG Input                - Clearing active input actions
13:11:03.229 [JavaFX Application Thread] DEBUG AppStateMachine      - StartupState -> LoadingState
13:11:03.294 [JavaFX Application Thread] DEBUG AnnotationParser     - Main app package name: com.myname
13:11:03.295 [JavaFX Application Thread] DEBUG InitAppTask          - Parsing annotations
13:11:03.337 [JavaFX Application Thread] DEBUG AnnotationParser     - @AddCollisionHandler: []
13:11:03.337 [JavaFX Application Thread] DEBUG AnnotationParser     - @SetEntityFactory: []
13:11:03.338 [JavaFX Application Thread] DEBUG AnnotationParser     - @SetEventHandler: []
13:11:03.364 [FXGL Background Thread 1 ] DEBUG InitAppTask          - Clearing previous game
13:11:03.364 [FXGL Background Thread 1 ] DEBUG FXGL.GameWorld       - Clearing game world
13:11:03.366 [FXGL Background Thread 1 ] DEBUG FXGL.PhysicsWorld    - Clearing physics world
13:11:03.366 [FXGL Background Thread 1 ] DEBUG FXGL.GameScene       - Clearing game scene
13:11:03.367 [FXGL Background Thread 1 ] DEBUG InitAppTask          - Initializing Assets
13:11:03.368 [FXGL Background Thread 1 ] DEBUG InitAppTask          - Initializing Game
13:11:03.434 [FXGL Background Thread 1 ] DEBUG AssetLoader          - Loading from disk: /assets/textures/brick.png
13:11:03.453 [FXGL Background Thread 1 ] DEBUG FXGL.GameScene       - Creating render group for layer: TOP(2147483647)
13:11:04.091 [FXGL Background Thread 1 ] DEBUG InitAppTask          - Initializing Physics
13:11:04.093 [FXGL Background Thread 1 ] DEBUG InitAppTask          - Initializing UI
13:11:04.093 [FXGL Background Thread 1 ] DEBUG AssetLoader          - Loading from cache: /assets/textures/brick.png
13:11:04.098 [FXGL Background Thread 1 ] DEBUG InitAppTask          - Initialization Complete
13:11:04.099 [FXGL Background Thread 1 ] INFO  InitAppTask          - Game initialization took: 0,735 sec
13:11:04.110 [JavaFX Application Thread] DEBUG Input                - Clearing active input actions
13:11:04.111 [JavaFX Application Thread] DEBUG AppStateMachine      - LoadingState -> PlayState
13:11:11.657 [JavaFX Application Thread] DEBUG GameApplication      - Exiting game application
13:11:11.659 [JavaFX Application Thread] DEBUG GameApplication      - Shutting down background threads
13:11:11.659 [JavaFX Application Thread] DEBUG GameApplication      - Exiting FXGL
13:11:11.659 [JavaFX Application Thread] DEBUG FXGL                 - Saving FXGL system data
13:11:11.661 [JavaFX Application Thread] DEBUG IOTask               - Executing task: writeDataTask(system/fxgl.bundle)
13:11:11.663 [JavaFX Application Thread] DEBUG FS                   - Writing to: system\fxgl.bundle
13:11:11.668 [JavaFX Application Thread] DEBUG IOTask               - Task succeeded: writeDataTask(system/fxgl.bundle)
13:11:11.669 [JavaFX Application Thread] DEBUG GameApplication      - Closing logger and exiting JavaFX
