19:17:11.902 [JavaFX Application Thread] DEBUG GameApplication      - Logger initialized
19:17:11.950 [JavaFX Application Thread] DEBUG MainWindow           - Creating a JavaFX scene
19:17:12.152 [JavaFX Application Thread] DEBUG MainWindow           - Target settings size: 600.0 x 700.0
19:17:12.152 [JavaFX Application Thread] DEBUG MainWindow           - Scaled scene size:    600.0 x 700.0
19:17:12.152 [JavaFX Application Thread] DEBUG MainWindow           - Scaled ratio: (1.0, 1.0)
19:17:12.435 [JavaFX Application Thread] DEBUG GameApplication      - Starting FXGL
19:17:12.538 [FXGL Launcher Thread     ] INFO  Version              - FXGL-0.4.2
19:17:12.539 [FXGL Launcher Thread     ] INFO  Version              - Source code and latest versions at: https://github.com/AlmasB/FXGL
19:17:12.539 [FXGL Launcher Thread     ] INFO  Version              -              Join the FXGL chat at: https://gitter.im/AlmasB/FXGL
19:17:12.540 [FXGL Launcher Thread     ] DEBUG FXGL                 - Loading FXGL system data
19:17:12.547 [FXGL Launcher Thread     ] DEBUG IOTask               - Executing task: readDataTask(system/fxgl.bundle)
19:17:12.560 [FXGL Launcher Thread     ] DEBUG FS                   - Reading from: system\fxgl.bundle
19:17:12.585 [FXGL Launcher Thread     ] DEBUG IOTask               - Task succeeded: readDataTask(system/fxgl.bundle)
19:17:12.585 [FXGL Launcher Thread     ] DEBUG Bundle               - Logging bundle: FXGL
19:17:12.587 [FXGL Launcher Thread     ] DEBUG Bundle               - FXGL.offline.timer.version.check=2018-02-14T19:15:29.603
19:17:12.656 [FXGL Launcher Thread     ] DEBUG GameApplication      - FXGL started
19:17:12.657 [FXGL Launcher Thread     ] DEBUG GameApplication      - Logging game settings
Title: Basic Game App
Version: 0.1
Width: 600
Height: 700
Fullscreen: false
Intro: false
Menus: false
Profiling: false
Single step:false
App Mode: DEVELOPER
Menu Key: ESCAPE
Stage Style: DECORATED
Scene Factory: class com.almasb.fxgl.scene.SceneFactory
Dialog Factory: class com.almasb.fxgl.ui.FXGLDialogFactory
UI Factory: class com.almasb.fxgl.ui.FXGLUIFactory
Notification Service: class com.almasb.fxgl.gameplay.notification.XboxNotificationView
Exception Handler: class com.almasb.fxgl.app.FXGLExceptionHandler
19:17:12.658 [FXGL Launcher Thread     ] DEBUG GameApplication      - Configuring GameApplication
19:17:12.658 [FXGL Launcher Thread     ] DEBUG GameApplication      - Initializing state machine and application states
19:17:12.674 [FXGL Launcher Thread     ] DEBUG AssetLoader          - Loading from disk: /assets/ui/cursors/fxgl_default.png
19:17:12.729 [FXGL Launcher Thread     ] DEBUG AssetLoader          - Loading from disk: /assets/ui/cursors/fxgl_default.png
19:17:12.733 [FXGL Launcher Thread     ] DEBUG AssetLoader          - Loading from disk: /assets/ui/cursors/fxgl_default.png
19:17:12.773 [FXGL Launcher Thread     ] DEBUG AssetLoader          - Loading from disk: /assets/sounds/core/notification.wav
19:17:12.892 [FXGL Launcher Thread     ] DEBUG AssetLoader          - Loading from disk: /assets/sounds/menu/select.wav
19:17:12.894 [FXGL Launcher Thread     ] DEBUG AssetLoader          - Loading from disk: /assets/sounds/menu/back.wav
19:17:12.896 [FXGL Launcher Thread     ] DEBUG AssetLoader          - Loading from disk: /assets/sounds/menu/press.wav
19:17:12.900 [FXGL Launcher Thread     ] DEBUG AssetLoader          - Loading from disk: /assets/ui/fonts/VarelaRound-Regular.ttf
19:17:13.218 [FXGL Launcher Thread     ] DEBUG AssetLoader          - Loading from disk: /assets/ui/fonts/lucida_console.ttf
19:17:13.227 [FXGL Launcher Thread     ] DEBUG AssetLoader          - Loading from disk: /assets/ui/css/fxgl_dark.css
19:17:13.228 [FXGL Launcher Thread     ] DEBUG AssetLoader          - Loading from disk: /assets/ui/icons/fxgl_icon.png
19:17:13.253 [FXGL Launcher Thread     ] DEBUG AssetLoader          - Loading from disk: /assets/ui/cursors/fxgl_default.png
19:17:13.330 [FXGL Launcher Thread     ] DEBUG FXGL.GameScene       - Game scene initialized: 600x700
19:17:13.335 [FXGL Launcher Thread     ] DEBUG FXGL.GameWorld       - Game world initialized
19:17:13.459 [FXGL Launcher Thread     ] DEBUG FXGL.PhysicsWorld    - Physics world initialized: appHeight=700, physics.ppm=50,0
19:17:13.517 [FXGL Launcher Thread     ] DEBUG Input                - Registered new binding: Pause - Esc
19:17:13.554 [FXGL Launcher Thread     ] INFO  GameApplication      - Game configuration took:  0,895 sec
19:17:13.558 [JavaFX Application Thread] DEBUG MainWindow           - Opening main window
19:17:13.608 [JavaFX Application Thread] DEBUG MainWindow           - Window border size: (6.0, 35.0)
19:17:13.608 [JavaFX Application Thread] DEBUG MainWindow           - Scaled size: 600.0 x 700.0
19:17:13.608 [JavaFX Application Thread] DEBUG MainWindow           - Scaled ratio: (1.0, 1.0)
19:17:13.608 [JavaFX Application Thread] DEBUG MainWindow           - Scene size: 600.0 x 700.0
19:17:13.608 [JavaFX Application Thread] DEBUG MainWindow           - Stage size: 606.0 x 735.0
19:17:13.609 [JavaFX Application Thread] DEBUG GameApplication      - Running preInit()
19:17:13.611 [JavaFX Application Thread] DEBUG AnnotationParser     - Main app package name: com.myname
19:17:13.815 [JavaFX Application Thread] DEBUG AnnotationParser     - @SetAchievementStore: []
19:17:13.817 [JavaFX Application Thread] DEBUG Input                - Registered new binding: Screenshot - P
19:17:13.818 [JavaFX Application Thread] DEBUG Input                - Registered new binding: Dev Options - CTRL+0
19:17:13.819 [JavaFX Application Thread] DEBUG Input                - Registered new binding: Restart - CTRL+R
19:17:13.821 [JavaFX Application Thread] DEBUG Input                - Registered new binding: Move Right - D
19:17:13.822 [JavaFX Application Thread] DEBUG Input                - Registered new binding: Move Left - A
19:17:13.823 [JavaFX Application Thread] DEBUG Input                - Registered new binding: Move Up - W
19:17:13.823 [JavaFX Application Thread] DEBUG Input                - Registered new binding: Move Down - S
19:17:13.823 [JavaFX Application Thread] DEBUG Input                - Registered new binding: Play Sound - F
19:17:13.846 [JavaFX Application Thread] DEBUG GameApplication      - Starting main loop
19:17:13.854 [JavaFX Application Thread] DEBUG StartupState         - STARTUP
19:17:13.854 [JavaFX Application Thread] DEBUG GameApplication      - Starting new game
19:17:13.854 [JavaFX Application Thread] DEBUG Input                - Clearing active input actions
19:17:13.909 [JavaFX Application Thread] DEBUG AppStateMachine      - StartupState -> LoadingState
19:17:13.911 [JavaFX Application Thread] DEBUG AnnotationParser     - Main app package name: com.myname
19:17:13.911 [JavaFX Application Thread] DEBUG InitAppTask          - Parsing annotations
19:17:13.976 [JavaFX Application Thread] DEBUG AnnotationParser     - @AddCollisionHandler: []
19:17:13.976 [JavaFX Application Thread] DEBUG AnnotationParser     - @SetEntityFactory: []
19:17:13.977 [JavaFX Application Thread] DEBUG AnnotationParser     - @SetEventHandler: []
19:17:13.992 [FXGL Background Thread 1 ] DEBUG InitAppTask          - Clearing previous game
19:17:13.993 [FXGL Background Thread 1 ] DEBUG FXGL.GameWorld       - Clearing game world
19:17:13.993 [FXGL Background Thread 1 ] DEBUG FXGL.PhysicsWorld    - Clearing physics world
19:17:13.993 [FXGL Background Thread 1 ] DEBUG FXGL.GameScene       - Clearing game scene
19:17:13.995 [FXGL Background Thread 1 ] DEBUG InitAppTask          - Initializing Assets
19:17:13.996 [FXGL Background Thread 1 ] DEBUG InitAppTask          - Initializing Game
19:17:14.064 [FXGL Background Thread 1 ] DEBUG AssetLoader          - Loading from disk: /assets/textures/brick.png
19:17:14.080 [FXGL Background Thread 1 ] DEBUG FXGL.GameScene       - Creating render group for layer: TOP(2147483647)
19:17:14.232 [FXGL Background Thread 1 ] DEBUG InitAppTask          - Initializing Physics
19:17:14.233 [FXGL Background Thread 1 ] DEBUG InitAppTask          - Initializing UI
19:17:14.233 [FXGL Background Thread 1 ] DEBUG AssetLoader          - Loading from cache: /assets/textures/brick.png
19:17:14.309 [FXGL Background Thread 1 ] DEBUG InitAppTask          - Initialization Complete
19:17:14.310 [FXGL Background Thread 1 ] INFO  InitAppTask          - Game initialization took: 0,318 sec
19:17:14.314 [JavaFX Application Thread] DEBUG Input                - Clearing active input actions
19:17:14.333 [JavaFX Application Thread] DEBUG AppStateMachine      - LoadingState -> PlayState
19:17:40.476 [JavaFX Application Thread] DEBUG AssetLoader          - Loading from disk: /assets/sounds/collectcoin.wav
19:17:40.494 [JavaFX Application Thread] DEBUG AssetLoader          - Loading from cache: /assets/sounds/collectcoin.wav
19:17:41.003 [JavaFX Application Thread] DEBUG AssetLoader          - Loading from cache: /assets/sounds/collectcoin.wav
19:17:43.564 [JavaFX Application Thread] DEBUG GameApplication      - Exiting game application
19:17:43.565 [JavaFX Application Thread] DEBUG GameApplication      - Shutting down background threads
19:17:43.566 [JavaFX Application Thread] DEBUG GameApplication      - Exiting FXGL
19:17:43.566 [JavaFX Application Thread] DEBUG FXGL                 - Saving FXGL system data
19:17:43.568 [JavaFX Application Thread] DEBUG IOTask               - Executing task: writeDataTask(system/fxgl.bundle)
19:17:43.571 [JavaFX Application Thread] DEBUG FS                   - Writing to: system\fxgl.bundle
19:17:43.576 [JavaFX Application Thread] DEBUG IOTask               - Task succeeded: writeDataTask(system/fxgl.bundle)
19:17:43.576 [JavaFX Application Thread] DEBUG GameApplication      - Closing logger and exiting JavaFX
