11:56:25.653 [JavaFX Application Thread] DEBUG GameApplication      - Logger initialized
11:56:25.689 [JavaFX Application Thread] DEBUG MainWindow           - Creating a JavaFX scene
11:56:25.907 [JavaFX Application Thread] DEBUG MainWindow           - Target settings size: 600.0 x 600.0
11:56:25.907 [JavaFX Application Thread] DEBUG MainWindow           - Scaled scene size:    600.0 x 600.0
11:56:25.907 [JavaFX Application Thread] DEBUG MainWindow           - Scaled ratio: (1.0, 1.0)
11:56:26.166 [JavaFX Application Thread] DEBUG GameApplication      - Starting FXGL
11:56:26.166 [JavaFX Application Thread] INFO  Version              - FXGL-0.4.1
11:56:26.167 [JavaFX Application Thread] INFO  Version              - Source code and latest versions at: https://github.com/AlmasB/FXGL
11:56:26.167 [JavaFX Application Thread] INFO  Version              -              Join the FXGL chat at: https://gitter.im/AlmasB/FXGL
11:56:26.282 [FXGL Launcher Thread     ] DEBUG FXGL                 - Loading FXGL system data
11:56:26.294 [FXGL Launcher Thread     ] DEBUG IOTask               - Executing task: readDataTask(system/fxgl.bundle)
11:56:26.306 [FXGL Launcher Thread     ] DEBUG FS                   - Reading from: system\fxgl.bundle
11:56:26.329 [FXGL Launcher Thread     ] DEBUG IOTask               - Task succeeded: readDataTask(system/fxgl.bundle)
11:56:26.329 [FXGL Launcher Thread     ] DEBUG Bundle               - Logging bundle: FXGL
11:56:26.331 [FXGL Launcher Thread     ] DEBUG Bundle               - FXGL.offline.timer.version.check=2018-01-29T12:06:18.318
11:56:26.332 [FXGL Launcher Thread     ] DEBUG GameApplication      - FXGL configuration complete
11:56:26.335 [FXGL Launcher Thread     ] INFO  GameApplication      - FXGL configuration took:  0,144 sec
11:56:26.335 [FXGL Launcher Thread     ] DEBUG GameApplication      - Logging game settings
Title: Basic Game App
Version: 0.1
Width: 600
Height: 600
Fullscreen: false
Intro: false
Menus: false
Profiling: false
Single step:false
App Mode: DEVELOPER
Menu Key: ESCAPE
Stage Style: DECORATED
Scene Factory: class com.almasb.fxgl.scene.SceneFactory
Dialog Factory: class com.almasb.fxgl.ui.FXGLDialogFactory
UI Factory: class com.almasb.fxgl.ui.FXGLUIFactory
Notification Service: class com.almasb.fxgl.gameplay.notification.XboxNotificationView
Exception Handler: class com.almasb.fxgl.app.FXGLExceptionHandler
11:56:26.344 [FXGL Launcher Thread     ] DEBUG GameApplication      - Configuring GameApplication
11:56:26.352 [FXGL Launcher Thread     ] DEBUG AppStateMachine      - Initializing application states
11:56:26.371 [FXGL Launcher Thread     ] DEBUG AssetLoader          - Loading from disk: /assets/ui/cursors/fxgl_default.png
11:56:26.419 [FXGL Launcher Thread     ] DEBUG AssetLoader          - Loading from disk: /assets/ui/cursors/fxgl_default.png
11:56:26.440 [FXGL Launcher Thread     ] DEBUG AssetLoader          - Loading from disk: /assets/sounds/core/notification.wav
11:56:26.498 [FXGL Launcher Thread     ] DEBUG AssetLoader          - Loading from disk: /assets/sounds/menu/select.wav
11:56:26.501 [FXGL Launcher Thread     ] DEBUG AssetLoader          - Loading from disk: /assets/sounds/menu/back.wav
11:56:26.503 [FXGL Launcher Thread     ] DEBUG AssetLoader          - Loading from disk: /assets/sounds/menu/press.wav
11:56:26.507 [FXGL Launcher Thread     ] DEBUG AssetLoader          - Loading from disk: /assets/ui/fonts/VarelaRound-Regular.ttf
11:56:26.696 [FXGL Launcher Thread     ] DEBUG AssetLoader          - Loading from disk: /assets/ui/fonts/lucida_console.ttf
11:56:26.705 [FXGL Launcher Thread     ] DEBUG AssetLoader          - Loading from disk: /assets/ui/css/fxgl_dark.css
11:56:26.706 [FXGL Launcher Thread     ] DEBUG AssetLoader          - Loading from disk: /assets/ui/icons/fxgl_icon.png
11:56:26.748 [FXGL Launcher Thread     ] DEBUG AssetLoader          - Loading from disk: /assets/ui/cursors/fxgl_default.png
11:56:26.797 [FXGL Launcher Thread     ] DEBUG FXGL.GameScene       - Game scene initialized: 600x600
11:56:26.803 [FXGL Launcher Thread     ] DEBUG FXGL.GameWorld       - Game world initialized
11:56:26.919 [FXGL Launcher Thread     ] DEBUG FXGL.PhysicsWorld    - Physics world initialized: appHeight=600, physics.ppm=50,0
11:56:26.958 [FXGL Launcher Thread     ] DEBUG Input                - Registered new binding: Pause - Esc
11:56:26.999 [FXGL Launcher Thread     ] INFO  GameApplication      - Game configuration took:  0,655 sec
11:56:27.011 [JavaFX Application Thread] DEBUG MainWindow           - Opening main window
11:56:27.090 [JavaFX Application Thread] DEBUG MainWindow           - Window border size: (6.0, 29.0)
11:56:27.090 [JavaFX Application Thread] DEBUG MainWindow           - Scaled size: 600.0 x 600.0
11:56:27.091 [JavaFX Application Thread] DEBUG MainWindow           - Scaled ratio: (1.0, 1.0)
11:56:27.091 [JavaFX Application Thread] DEBUG MainWindow           - Scene size: 600.0 x 600.0
11:56:27.091 [JavaFX Application Thread] DEBUG MainWindow           - Stage size: 606.0 x 629.0
11:56:27.091 [JavaFX Application Thread] DEBUG GameApplication      - Running preInit()
11:56:27.095 [JavaFX Application Thread] DEBUG AnnotationParser     - Main app package name: com.myname
11:56:27.302 [JavaFX Application Thread] DEBUG AnnotationParser     - @SetAchievementStore: []
11:56:27.305 [JavaFX Application Thread] DEBUG Input                - Registered new binding: Screenshot - P
11:56:27.306 [JavaFX Application Thread] DEBUG Input                - Registered new binding: Dev Options - CTRL+0
11:56:27.306 [JavaFX Application Thread] DEBUG Input                - Registered new binding: Move Right - D
11:56:27.307 [JavaFX Application Thread] DEBUG Input                - Registered new binding: Move Left - A
11:56:27.307 [JavaFX Application Thread] DEBUG Input                - Registered new binding: Move Up - W
11:56:27.307 [JavaFX Application Thread] DEBUG Input                - Registered new binding: Move Down - S
11:56:27.308 [JavaFX Application Thread] DEBUG Input                - Registered new binding: Play Sound - F
11:56:27.390 [JavaFX Application Thread] DEBUG GameApplication      - Starting main loop
11:56:27.402 [JavaFX Application Thread] DEBUG StartupState         - STARTUP
11:56:27.402 [JavaFX Application Thread] DEBUG GameApplication      - Starting new game
11:56:27.402 [JavaFX Application Thread] DEBUG Input                - Clearing active input actions
11:56:27.402 [JavaFX Application Thread] DEBUG AppStateMachine      - StartupState -> LoadingState
11:56:27.468 [JavaFX Application Thread] DEBUG AnnotationParser     - Main app package name: com.myname
11:56:27.468 [JavaFX Application Thread] DEBUG InitAppTask          - Parsing annotations
11:56:27.516 [JavaFX Application Thread] DEBUG AnnotationParser     - @SetEventHandler: []
11:56:27.516 [JavaFX Application Thread] DEBUG AnnotationParser     - @SetEntityFactory: []
11:56:27.516 [JavaFX Application Thread] DEBUG AnnotationParser     - @AddCollisionHandler: []
11:56:27.532 [FXGL Background Thread 1 ] DEBUG InitAppTask          - Clearing previous game
11:56:27.532 [FXGL Background Thread 1 ] DEBUG FXGL.GameWorld       - Clearing game world
11:56:27.533 [FXGL Background Thread 1 ] DEBUG FXGL.PhysicsWorld    - Clearing physics world
11:56:27.534 [FXGL Background Thread 1 ] DEBUG FXGL.GameScene       - Clearing game scene
11:56:27.534 [FXGL Background Thread 1 ] DEBUG InitAppTask          - Initializing Assets
11:56:27.536 [FXGL Background Thread 1 ] DEBUG InitAppTask          - Initializing Game
11:56:27.596 [FXGL Background Thread 1 ] DEBUG AssetLoader          - Loading from disk: /assets/textures/brick.png
11:56:27.616 [FXGL Background Thread 1 ] DEBUG FXGL.GameScene       - Creating render group for layer: TOP(2147483647)
11:56:27.636 [FXGL Background Thread 1 ] DEBUG InitAppTask          - Initializing Physics
11:56:27.637 [FXGL Background Thread 1 ] DEBUG InitAppTask          - Initializing UI
11:56:27.638 [FXGL Background Thread 1 ] DEBUG AssetLoader          - Loading from cache: /assets/textures/brick.png
11:56:27.644 [FXGL Background Thread 1 ] DEBUG InitAppTask          - Initialization Complete
11:56:27.645 [FXGL Background Thread 1 ] INFO  InitAppTask          - Game initialization took: 0,113 sec
11:56:27.687 [JavaFX Application Thread] DEBUG Input                - Clearing active input actions
11:56:27.687 [JavaFX Application Thread] DEBUG AppStateMachine      - LoadingState -> PlayState
11:56:29.676 [JavaFX Application Thread] DEBUG GameApplication      - Exiting game application
11:56:29.678 [JavaFX Application Thread] DEBUG GameApplication      - Shutting down background threads
11:56:29.679 [JavaFX Application Thread] DEBUG GameApplication      - Exiting FXGL
11:56:29.679 [JavaFX Application Thread] DEBUG FXGL                 - Saving FXGL system data
11:56:29.681 [JavaFX Application Thread] DEBUG IOTask               - Executing task: writeDataTask(system/fxgl.bundle)
11:56:29.686 [JavaFX Application Thread] DEBUG FS                   - Writing to: system\fxgl.bundle
11:56:29.692 [JavaFX Application Thread] DEBUG IOTask               - Task succeeded: writeDataTask(system/fxgl.bundle)
11:56:29.693 [JavaFX Application Thread] DEBUG GameApplication      - Closing logger and exiting JavaFX
