11:39:05.744 [JavaFX Application Thread] DEBUG GameApplication      - Logger initialized
11:39:05.777 [JavaFX Application Thread] DEBUG MainWindow           - Creating a JavaFX scene
11:39:06.014 [JavaFX Application Thread] DEBUG MainWindow           - Target settings size: 600.0 x 600.0
11:39:06.015 [JavaFX Application Thread] DEBUG MainWindow           - Scaled scene size:    600.0 x 600.0
11:39:06.015 [JavaFX Application Thread] DEBUG MainWindow           - Scaled ratio: (1.0, 1.0)
11:39:06.280 [JavaFX Application Thread] DEBUG GameApplication      - Starting FXGL
11:39:06.281 [JavaFX Application Thread] INFO  Version              - FXGL-0.4.1
11:39:06.281 [JavaFX Application Thread] INFO  Version              - Source code and latest versions at: https://github.com/AlmasB/FXGL
11:39:06.282 [JavaFX Application Thread] INFO  Version              -              Join the FXGL chat at: https://gitter.im/AlmasB/FXGL
11:39:06.426 [FXGL Launcher Thread     ] DEBUG FXGL                 - Loading FXGL system data
11:39:06.437 [FXGL Launcher Thread     ] DEBUG IOTask               - Executing task: readDataTask(system/fxgl.bundle)
11:39:06.450 [FXGL Launcher Thread     ] DEBUG FS                   - Reading from: system\fxgl.bundle
11:39:06.471 [FXGL Launcher Thread     ] DEBUG IOTask               - Task succeeded: readDataTask(system/fxgl.bundle)
11:39:06.472 [FXGL Launcher Thread     ] DEBUG Bundle               - Logging bundle: FXGL
11:39:06.473 [FXGL Launcher Thread     ] DEBUG Bundle               - FXGL.offline.timer.version.check=2018-01-29T12:06:18.318
11:39:06.474 [FXGL Launcher Thread     ] DEBUG GameApplication      - FXGL configuration complete
11:39:06.476 [FXGL Launcher Thread     ] INFO  GameApplication      - FXGL configuration took:  0,127 sec
11:39:06.477 [FXGL Launcher Thread     ] DEBUG GameApplication      - Logging game settings
Title: Basic Game App
Version: 0.1
Width: 600
Height: 600
Fullscreen: false
Intro: false
Menus: false
Profiling: false
Single step:false
App Mode: DEVELOPER
Menu Key: ESCAPE
Stage Style: DECORATED
Scene Factory: class com.almasb.fxgl.scene.SceneFactory
Dialog Factory: class com.almasb.fxgl.ui.FXGLDialogFactory
UI Factory: class com.almasb.fxgl.ui.FXGLUIFactory
Notification Service: class com.almasb.fxgl.gameplay.notification.XboxNotificationView
Exception Handler: class com.almasb.fxgl.app.FXGLExceptionHandler
11:39:06.499 [FXGL Launcher Thread     ] DEBUG GameApplication      - Configuring GameApplication
11:39:06.506 [FXGL Launcher Thread     ] DEBUG AppStateMachine      - Initializing application states
11:39:06.524 [FXGL Launcher Thread     ] DEBUG AssetLoader          - Loading from disk: /assets/ui/cursors/fxgl_default.png
11:39:06.565 [FXGL Launcher Thread     ] DEBUG AssetLoader          - Loading from disk: /assets/ui/cursors/fxgl_default.png
11:39:06.609 [FXGL Launcher Thread     ] DEBUG AssetLoader          - Loading from disk: /assets/sounds/core/notification.wav
11:39:06.652 [FXGL Launcher Thread     ] DEBUG AssetLoader          - Loading from disk: /assets/sounds/menu/select.wav
11:39:06.655 [FXGL Launcher Thread     ] DEBUG AssetLoader          - Loading from disk: /assets/sounds/menu/back.wav
11:39:06.658 [FXGL Launcher Thread     ] DEBUG AssetLoader          - Loading from disk: /assets/sounds/menu/press.wav
11:39:06.661 [FXGL Launcher Thread     ] DEBUG AssetLoader          - Loading from disk: /assets/ui/fonts/VarelaRound-Regular.ttf
11:39:06.804 [FXGL Launcher Thread     ] DEBUG AssetLoader          - Loading from disk: /assets/ui/fonts/lucida_console.ttf
11:39:06.818 [FXGL Launcher Thread     ] DEBUG AssetLoader          - Loading from disk: /assets/ui/css/fxgl_dark.css
11:39:06.824 [FXGL Launcher Thread     ] DEBUG AssetLoader          - Loading from disk: /assets/ui/icons/fxgl_icon.png
11:39:06.868 [FXGL Launcher Thread     ] DEBUG AssetLoader          - Loading from disk: /assets/ui/cursors/fxgl_default.png
11:39:06.940 [FXGL Launcher Thread     ] DEBUG FXGL.GameScene       - Game scene initialized: 600x600
11:39:06.951 [FXGL Launcher Thread     ] DEBUG FXGL.GameWorld       - Game world initialized
11:39:07.092 [FXGL Launcher Thread     ] DEBUG FXGL.PhysicsWorld    - Physics world initialized: appHeight=600, physics.ppm=50,0
11:39:07.131 [FXGL Launcher Thread     ] DEBUG Input                - Registered new binding: Pause - Esc
11:39:07.176 [FXGL Launcher Thread     ] INFO  GameApplication      - Game configuration took:  0,677 sec
11:39:07.180 [JavaFX Application Thread] DEBUG MainWindow           - Opening main window
11:39:07.243 [JavaFX Application Thread] DEBUG MainWindow           - Window border size: (6.0, 29.0)
11:39:07.243 [JavaFX Application Thread] DEBUG MainWindow           - Scaled size: 600.0 x 600.0
11:39:07.243 [JavaFX Application Thread] DEBUG MainWindow           - Scaled ratio: (1.0, 1.0)
11:39:07.243 [JavaFX Application Thread] DEBUG MainWindow           - Scene size: 600.0 x 600.0
11:39:07.244 [JavaFX Application Thread] DEBUG MainWindow           - Stage size: 606.0 x 629.0
11:39:07.244 [JavaFX Application Thread] DEBUG GameApplication      - Running preInit()
11:39:07.250 [JavaFX Application Thread] DEBUG AnnotationParser     - Main app package name: com.myname
11:39:07.494 [JavaFX Application Thread] DEBUG AnnotationParser     - @SetAchievementStore: []
11:39:07.499 [JavaFX Application Thread] DEBUG Input                - Registered new binding: Screenshot - P
11:39:07.500 [JavaFX Application Thread] DEBUG Input                - Registered new binding: Dev Options - CTRL+0
11:39:07.500 [JavaFX Application Thread] DEBUG Input                - Registered new binding: Move Right - D
11:39:07.500 [JavaFX Application Thread] DEBUG Input                - Registered new binding: Move Left - A
11:39:07.501 [JavaFX Application Thread] DEBUG Input                - Registered new binding: Move Up - W
11:39:07.501 [JavaFX Application Thread] DEBUG Input                - Registered new binding: Move Down - S
11:39:07.501 [JavaFX Application Thread] DEBUG Input                - Registered new binding: Play Sound - F
11:39:07.566 [JavaFX Application Thread] DEBUG GameApplication      - Starting main loop
11:39:07.571 [JavaFX Application Thread] DEBUG StartupState         - STARTUP
11:39:07.571 [JavaFX Application Thread] DEBUG GameApplication      - Starting new game
11:39:07.571 [JavaFX Application Thread] DEBUG Input                - Clearing active input actions
11:39:07.572 [JavaFX Application Thread] DEBUG AppStateMachine      - StartupState -> LoadingState
11:39:07.638 [JavaFX Application Thread] DEBUG AnnotationParser     - Main app package name: com.myname
11:39:07.638 [JavaFX Application Thread] DEBUG InitAppTask          - Parsing annotations
11:39:07.680 [JavaFX Application Thread] DEBUG AnnotationParser     - @SetEventHandler: []
11:39:07.681 [JavaFX Application Thread] DEBUG AnnotationParser     - @AddCollisionHandler: []
11:39:07.681 [JavaFX Application Thread] DEBUG AnnotationParser     - @SetEntityFactory: []
11:39:07.698 [FXGL Background Thread 1 ] DEBUG InitAppTask          - Clearing previous game
11:39:07.698 [FXGL Background Thread 1 ] DEBUG FXGL.GameWorld       - Clearing game world
11:39:07.700 [FXGL Background Thread 1 ] DEBUG FXGL.PhysicsWorld    - Clearing physics world
11:39:07.700 [FXGL Background Thread 1 ] DEBUG FXGL.GameScene       - Clearing game scene
11:39:07.701 [FXGL Background Thread 1 ] DEBUG InitAppTask          - Initializing Assets
11:39:07.702 [FXGL Background Thread 1 ] DEBUG InitAppTask          - Initializing Game
11:39:07.767 [FXGL Background Thread 1 ] DEBUG AssetLoader          - Loading from disk: /assets/textures/brick.png
11:39:07.786 [FXGL Background Thread 1 ] DEBUG FXGL.GameScene       - Creating render group for layer: TOP(2147483647)
11:39:07.832 [FXGL Background Thread 1 ] DEBUG InitAppTask          - Initializing Physics
11:39:07.833 [FXGL Background Thread 1 ] DEBUG InitAppTask          - Initializing UI
11:39:07.834 [FXGL Background Thread 1 ] DEBUG AssetLoader          - Loading from cache: /assets/textures/brick.png
11:39:07.837 [FXGL Background Thread 1 ] DEBUG InitAppTask          - Initialization Complete
11:39:07.838 [FXGL Background Thread 1 ] INFO  InitAppTask          - Game initialization took: 0,140 sec
11:39:07.840 [JavaFX Application Thread] DEBUG Input                - Clearing active input actions
11:39:07.841 [JavaFX Application Thread] DEBUG AppStateMachine      - LoadingState -> PlayState
11:39:36.725 [JavaFX Application Thread] DEBUG GameApplication      - Exiting game application
11:39:36.727 [JavaFX Application Thread] DEBUG GameApplication      - Shutting down background threads
11:39:36.727 [JavaFX Application Thread] DEBUG GameApplication      - Exiting FXGL
11:39:36.728 [JavaFX Application Thread] DEBUG FXGL                 - Saving FXGL system data
11:39:36.729 [JavaFX Application Thread] DEBUG IOTask               - Executing task: writeDataTask(system/fxgl.bundle)
11:39:36.732 [JavaFX Application Thread] DEBUG FS                   - Writing to: system\fxgl.bundle
11:39:36.738 [JavaFX Application Thread] DEBUG IOTask               - Task succeeded: writeDataTask(system/fxgl.bundle)
11:39:36.738 [JavaFX Application Thread] DEBUG GameApplication      - Closing logger and exiting JavaFX
