18:36:58.925 [JavaFX Application Thread] DEBUG GameApplication      - Logger initialized
18:36:58.971 [JavaFX Application Thread] DEBUG MainWindow           - Creating a JavaFX scene
18:36:59.122 [JavaFX Application Thread] DEBUG MainWindow           - Target settings size: 500.0 x 450.0
18:36:59.122 [JavaFX Application Thread] DEBUG MainWindow           - Scaled scene size:    500.0 x 450.0
18:36:59.123 [JavaFX Application Thread] DEBUG MainWindow           - Scaled ratio: (1.0, 1.0)
18:36:59.360 [JavaFX Application Thread] DEBUG GameApplication      - Starting FXGL
18:36:59.360 [JavaFX Application Thread] INFO  Version              - FXGL-0.4.1
18:36:59.361 [JavaFX Application Thread] INFO  Version              - Source code and latest versions at: https://github.com/AlmasB/FXGL
18:36:59.362 [JavaFX Application Thread] INFO  Version              -              Join the FXGL chat at: https://gitter.im/AlmasB/FXGL
18:36:59.452 [FXGL Launcher Thread     ] DEBUG FXGL                 - Loading FXGL system data
18:36:59.460 [FXGL Launcher Thread     ] DEBUG IOTask               - Executing task: readDataTask(system/fxgl.bundle)
18:36:59.473 [FXGL Launcher Thread     ] DEBUG FS                   - Reading from: system\fxgl.bundle
18:36:59.492 [FXGL Launcher Thread     ] DEBUG IOTask               - Task succeeded: readDataTask(system/fxgl.bundle)
18:36:59.493 [FXGL Launcher Thread     ] DEBUG Bundle               - Logging bundle: FXGL
18:36:59.495 [FXGL Launcher Thread     ] DEBUG Bundle               - FXGL.offline.timer.version.check=2018-02-07T17:48:11.639
18:36:59.496 [FXGL Launcher Thread     ] DEBUG GameApplication      - FXGL configuration complete
18:36:59.501 [FXGL Launcher Thread     ] INFO  GameApplication      - FXGL configuration took:  0,125 sec
18:36:59.502 [FXGL Launcher Thread     ] DEBUG GameApplication      - Logging game settings
Title: Basic Game App
Version: 0.1
Width: 500
Height: 450
Fullscreen: false
Intro: false
Menus: false
Profiling: false
Single step:false
App Mode: DEVELOPER
Menu Key: ESCAPE
Stage Style: DECORATED
Scene Factory: class com.almasb.fxgl.scene.SceneFactory
Dialog Factory: class com.almasb.fxgl.ui.FXGLDialogFactory
UI Factory: class com.almasb.fxgl.ui.FXGLUIFactory
Notification Service: class com.almasb.fxgl.gameplay.notification.XboxNotificationView
Exception Handler: class com.almasb.fxgl.app.FXGLExceptionHandler
18:36:59.516 [FXGL Launcher Thread     ] DEBUG GameApplication      - Configuring GameApplication
18:36:59.526 [FXGL Launcher Thread     ] DEBUG AppStateMachine      - Initializing application states
18:36:59.544 [FXGL Launcher Thread     ] DEBUG AssetLoader          - Loading from disk: /assets/ui/cursors/fxgl_default.png
18:36:59.591 [FXGL Launcher Thread     ] DEBUG AssetLoader          - Loading from disk: /assets/ui/cursors/fxgl_default.png
18:36:59.645 [FXGL Launcher Thread     ] DEBUG AssetLoader          - Loading from disk: /assets/sounds/core/notification.wav
18:36:59.684 [FXGL Launcher Thread     ] DEBUG AssetLoader          - Loading from disk: /assets/sounds/menu/select.wav
18:36:59.687 [FXGL Launcher Thread     ] DEBUG AssetLoader          - Loading from disk: /assets/sounds/menu/back.wav
18:36:59.690 [FXGL Launcher Thread     ] DEBUG AssetLoader          - Loading from disk: /assets/sounds/menu/press.wav
18:36:59.693 [FXGL Launcher Thread     ] DEBUG AssetLoader          - Loading from disk: /assets/ui/fonts/VarelaRound-Regular.ttf
18:36:59.997 [FXGL Launcher Thread     ] DEBUG AssetLoader          - Loading from disk: /assets/ui/fonts/lucida_console.ttf
18:37:00.008 [FXGL Launcher Thread     ] DEBUG AssetLoader          - Loading from disk: /assets/ui/css/fxgl_dark.css
18:37:00.009 [FXGL Launcher Thread     ] DEBUG AssetLoader          - Loading from disk: /assets/ui/icons/fxgl_icon.png
18:37:00.052 [FXGL Launcher Thread     ] DEBUG AssetLoader          - Loading from disk: /assets/ui/cursors/fxgl_default.png
18:37:00.128 [FXGL Launcher Thread     ] DEBUG FXGL.GameScene       - Game scene initialized: 500x450
18:37:00.134 [FXGL Launcher Thread     ] DEBUG FXGL.GameWorld       - Game world initialized
18:37:00.299 [FXGL Launcher Thread     ] DEBUG FXGL.PhysicsWorld    - Physics world initialized: appHeight=450, physics.ppm=50,0
18:37:00.345 [FXGL Launcher Thread     ] DEBUG Input                - Registered new binding: Pause - Esc
18:37:00.368 [FXGL Launcher Thread     ] INFO  GameApplication      - Game configuration took:  0,851 sec
18:37:00.390 [JavaFX Application Thread] DEBUG MainWindow           - Opening main window
18:37:00.487 [JavaFX Application Thread] DEBUG MainWindow           - Window border size: (6.0, 29.0)
18:37:00.487 [JavaFX Application Thread] DEBUG MainWindow           - Scaled size: 500.0 x 450.0
18:37:00.488 [JavaFX Application Thread] DEBUG MainWindow           - Scaled ratio: (1.0, 1.0)
18:37:00.489 [JavaFX Application Thread] DEBUG MainWindow           - Scene size: 500.0 x 450.0
18:37:00.489 [JavaFX Application Thread] DEBUG MainWindow           - Stage size: 506.0 x 479.0
18:37:00.489 [JavaFX Application Thread] DEBUG GameApplication      - Running preInit()
18:37:00.493 [JavaFX Application Thread] DEBUG AnnotationParser     - Main app package name: com.myname
18:37:00.781 [JavaFX Application Thread] DEBUG AnnotationParser     - @SetAchievementStore: []
18:37:00.783 [JavaFX Application Thread] DEBUG Input                - Registered new binding: Screenshot - P
18:37:00.784 [JavaFX Application Thread] DEBUG Input                - Registered new binding: Dev Options - CTRL+0
18:37:00.785 [JavaFX Application Thread] DEBUG Input                - Registered new binding: Move Right - D
18:37:00.786 [JavaFX Application Thread] DEBUG Input                - Registered new binding: Move Left - A
18:37:00.787 [JavaFX Application Thread] DEBUG Input                - Registered new binding: Move Up - W
18:37:00.787 [JavaFX Application Thread] DEBUG Input                - Registered new binding: Move Down - S
18:37:00.787 [JavaFX Application Thread] DEBUG Input                - Registered new binding: Play Sound - F
18:37:00.852 [JavaFX Application Thread] DEBUG GameApplication      - Starting main loop
18:37:00.857 [JavaFX Application Thread] DEBUG StartupState         - STARTUP
18:37:00.857 [JavaFX Application Thread] DEBUG GameApplication      - Starting new game
18:37:00.857 [JavaFX Application Thread] DEBUG Input                - Clearing active input actions
18:37:00.858 [JavaFX Application Thread] DEBUG AppStateMachine      - StartupState -> LoadingState
18:37:00.914 [JavaFX Application Thread] DEBUG AnnotationParser     - Main app package name: com.myname
18:37:00.915 [JavaFX Application Thread] DEBUG InitAppTask          - Parsing annotations
18:37:01.062 [JavaFX Application Thread] DEBUG AnnotationParser     - @AddCollisionHandler: []
18:37:01.062 [JavaFX Application Thread] DEBUG AnnotationParser     - @SetEntityFactory: []
18:37:01.062 [JavaFX Application Thread] DEBUG AnnotationParser     - @SetEventHandler: []
18:37:01.081 [FXGL Background Thread 1 ] DEBUG InitAppTask          - Clearing previous game
18:37:01.081 [FXGL Background Thread 1 ] DEBUG FXGL.GameWorld       - Clearing game world
18:37:01.083 [FXGL Background Thread 1 ] DEBUG FXGL.PhysicsWorld    - Clearing physics world
18:37:01.083 [FXGL Background Thread 1 ] DEBUG FXGL.GameScene       - Clearing game scene
18:37:01.084 [FXGL Background Thread 1 ] DEBUG InitAppTask          - Initializing Assets
18:37:01.086 [FXGL Background Thread 1 ] DEBUG InitAppTask          - Initializing Game
18:37:01.149 [FXGL Background Thread 1 ] DEBUG AssetLoader          - Loading from disk: /assets/textures/brick.png
18:37:01.168 [FXGL Background Thread 1 ] DEBUG FXGL.GameScene       - Creating render group for layer: TOP(2147483647)
18:37:01.329 [FXGL Background Thread 1 ] DEBUG InitAppTask          - Initializing Physics
18:37:01.330 [FXGL Background Thread 1 ] DEBUG InitAppTask          - Initializing UI
18:37:01.330 [FXGL Background Thread 1 ] DEBUG AssetLoader          - Loading from cache: /assets/textures/brick.png
18:37:01.468 [FXGL Background Thread 1 ] DEBUG InitAppTask          - Initialization Complete
18:37:01.469 [FXGL Background Thread 1 ] INFO  InitAppTask          - Game initialization took: 0,388 sec
18:37:01.483 [JavaFX Application Thread] DEBUG Input                - Clearing active input actions
18:37:01.483 [JavaFX Application Thread] DEBUG AppStateMachine      - LoadingState -> PlayState
18:37:16.767 [JavaFX Application Thread] DEBUG GameApplication      - Exiting game application
18:37:16.769 [JavaFX Application Thread] DEBUG GameApplication      - Shutting down background threads
18:37:16.770 [JavaFX Application Thread] DEBUG GameApplication      - Exiting FXGL
18:37:16.770 [JavaFX Application Thread] DEBUG FXGL                 - Saving FXGL system data
18:37:16.771 [JavaFX Application Thread] DEBUG IOTask               - Executing task: writeDataTask(system/fxgl.bundle)
18:37:16.775 [JavaFX Application Thread] DEBUG FS                   - Writing to: system\fxgl.bundle
18:37:16.780 [JavaFX Application Thread] DEBUG IOTask               - Task succeeded: writeDataTask(system/fxgl.bundle)
18:37:16.780 [JavaFX Application Thread] DEBUG GameApplication      - Closing logger and exiting JavaFX
