19:47:07.076 [JavaFX Application Thread] DEBUG GameApplication      - Logger initialized
19:47:07.093 [JavaFX Application Thread] DEBUG MainWindow           - Creating a JavaFX scene
19:47:07.221 [JavaFX Application Thread] DEBUG MainWindow           - Target settings size: 600.0 x 700.0
19:47:07.222 [JavaFX Application Thread] DEBUG MainWindow           - Scaled scene size:    600.0 x 700.0
19:47:07.222 [JavaFX Application Thread] DEBUG MainWindow           - Scaled ratio: (1.0, 1.0)
19:47:07.426 [JavaFX Application Thread] DEBUG GameApplication      - Starting FXGL
19:47:07.484 [FXGL Launcher Thread     ] INFO  Version              - FXGL-0.4.2
19:47:07.485 [FXGL Launcher Thread     ] INFO  Version              - Source code and latest versions at: https://github.com/AlmasB/FXGL
19:47:07.485 [FXGL Launcher Thread     ] INFO  Version              -              Join the FXGL chat at: https://gitter.im/AlmasB/FXGL
19:47:07.486 [FXGL Launcher Thread     ] DEBUG FXGL                 - Loading FXGL system data
19:47:07.494 [FXGL Launcher Thread     ] DEBUG IOTask               - Executing task: readDataTask(system/fxgl.bundle)
19:47:07.498 [FXGL Launcher Thread     ] DEBUG FS                   - Reading from: system\fxgl.bundle
19:47:07.507 [FXGL Launcher Thread     ] DEBUG IOTask               - Task succeeded: readDataTask(system/fxgl.bundle)
19:47:07.507 [FXGL Launcher Thread     ] DEBUG Bundle               - Logging bundle: FXGL
19:47:07.508 [FXGL Launcher Thread     ] DEBUG Bundle               - FXGL.offline.timer.version.check=2018-02-07T17:48:11.639
19:47:07.527 [FXGL Launcher Thread     ] DEBUG GameApplication      - FXGL started
19:47:07.527 [FXGL Launcher Thread     ] DEBUG GameApplication      - Logging game settings
Title: Basic Game App
Version: 0.1
Width: 600
Height: 700
Fullscreen: false
Intro: false
Menus: false
Profiling: false
Single step:false
App Mode: DEVELOPER
Menu Key: ESCAPE
Stage Style: DECORATED
Scene Factory: class com.almasb.fxgl.scene.SceneFactory
Dialog Factory: class com.almasb.fxgl.ui.FXGLDialogFactory
UI Factory: class com.almasb.fxgl.ui.FXGLUIFactory
Notification Service: class com.almasb.fxgl.gameplay.notification.XboxNotificationView
Exception Handler: class com.almasb.fxgl.app.FXGLExceptionHandler
19:47:07.528 [FXGL Launcher Thread     ] DEBUG GameApplication      - Configuring GameApplication
19:47:07.528 [FXGL Launcher Thread     ] DEBUG GameApplication      - Initializing state machine and application states
19:47:07.542 [FXGL Launcher Thread     ] DEBUG AssetLoader          - Loading from disk: /assets/ui/cursors/fxgl_default.png
19:47:07.587 [FXGL Launcher Thread     ] DEBUG AssetLoader          - Loading from disk: /assets/ui/cursors/fxgl_default.png
19:47:07.589 [FXGL Launcher Thread     ] DEBUG AssetLoader          - Loading from disk: /assets/ui/cursors/fxgl_default.png
19:47:07.603 [FXGL Launcher Thread     ] DEBUG AssetLoader          - Loading from disk: /assets/sounds/core/notification.wav
19:47:07.635 [FXGL Launcher Thread     ] DEBUG AssetLoader          - Loading from disk: /assets/sounds/menu/select.wav
19:47:07.637 [FXGL Launcher Thread     ] DEBUG AssetLoader          - Loading from disk: /assets/sounds/menu/back.wav
19:47:07.639 [FXGL Launcher Thread     ] DEBUG AssetLoader          - Loading from disk: /assets/sounds/menu/press.wav
19:47:07.643 [FXGL Launcher Thread     ] DEBUG AssetLoader          - Loading from disk: /assets/ui/fonts/VarelaRound-Regular.ttf
19:47:07.801 [FXGL Launcher Thread     ] DEBUG AssetLoader          - Loading from disk: /assets/ui/fonts/lucida_console.ttf
19:47:07.808 [FXGL Launcher Thread     ] DEBUG AssetLoader          - Loading from disk: /assets/ui/css/fxgl_dark.css
19:47:07.808 [FXGL Launcher Thread     ] DEBUG AssetLoader          - Loading from disk: /assets/ui/icons/fxgl_icon.png
19:47:07.822 [FXGL Launcher Thread     ] DEBUG AssetLoader          - Loading from disk: /assets/ui/cursors/fxgl_default.png
19:47:07.859 [FXGL Launcher Thread     ] DEBUG FXGL.GameScene       - Game scene initialized: 600x700
19:47:07.864 [FXGL Launcher Thread     ] DEBUG FXGL.GameWorld       - Game world initialized
19:47:07.964 [FXGL Launcher Thread     ] DEBUG FXGL.PhysicsWorld    - Physics world initialized: appHeight=700, physics.ppm=50,0
19:47:07.996 [FXGL Launcher Thread     ] DEBUG Input                - Registered new binding: Pause - Esc
19:47:08.019 [FXGL Launcher Thread     ] INFO  GameApplication      - Game configuration took:  0,490 sec
19:47:08.022 [JavaFX Application Thread] DEBUG MainWindow           - Opening main window
19:47:08.060 [JavaFX Application Thread] DEBUG MainWindow           - Window border size: (6.0, 35.0)
19:47:08.061 [JavaFX Application Thread] DEBUG MainWindow           - Scaled size: 600.0 x 700.0
19:47:08.061 [JavaFX Application Thread] DEBUG MainWindow           - Scaled ratio: (1.0, 1.0)
19:47:08.061 [JavaFX Application Thread] DEBUG MainWindow           - Scene size: 600.0 x 700.0
19:47:08.061 [JavaFX Application Thread] DEBUG MainWindow           - Stage size: 606.0 x 735.0
19:47:08.062 [JavaFX Application Thread] DEBUG GameApplication      - Running preInit()
19:47:08.064 [JavaFX Application Thread] DEBUG AnnotationParser     - Main app package name: com.myname
19:47:08.287 [JavaFX Application Thread] DEBUG AnnotationParser     - @SetAchievementStore: []
19:47:08.289 [JavaFX Application Thread] DEBUG Input                - Registered new binding: Screenshot - P
19:47:08.290 [JavaFX Application Thread] DEBUG Input                - Registered new binding: Dev Options - CTRL+0
19:47:08.290 [JavaFX Application Thread] DEBUG Input                - Registered new binding: Restart - CTRL+R
19:47:08.291 [JavaFX Application Thread] DEBUG Input                - Registered new binding: Move Right - D
19:47:08.291 [JavaFX Application Thread] DEBUG Input                - Registered new binding: Move Left - A
19:47:08.291 [JavaFX Application Thread] DEBUG Input                - Registered new binding: Move Up - W
19:47:08.291 [JavaFX Application Thread] DEBUG Input                - Registered new binding: Move Down - S
19:47:08.292 [JavaFX Application Thread] DEBUG Input                - Registered new binding: Play Sound - F
19:47:08.311 [JavaFX Application Thread] DEBUG GameApplication      - Starting main loop
19:47:08.313 [JavaFX Application Thread] DEBUG StartupState         - STARTUP
19:47:08.314 [JavaFX Application Thread] DEBUG GameApplication      - Starting new game
19:47:08.314 [JavaFX Application Thread] DEBUG Input                - Clearing active input actions
19:47:08.356 [JavaFX Application Thread] DEBUG AppStateMachine      - StartupState -> LoadingState
19:47:08.358 [JavaFX Application Thread] DEBUG AnnotationParser     - Main app package name: com.myname
19:47:08.358 [JavaFX Application Thread] DEBUG InitAppTask          - Parsing annotations
19:47:08.395 [JavaFX Application Thread] DEBUG AnnotationParser     - @SetEventHandler: []
19:47:08.395 [JavaFX Application Thread] DEBUG AnnotationParser     - @AddCollisionHandler: []
19:47:08.395 [JavaFX Application Thread] DEBUG AnnotationParser     - @SetEntityFactory: []
19:47:08.402 [FXGL Background Thread 1 ] DEBUG InitAppTask          - Clearing previous game
19:47:08.402 [FXGL Background Thread 1 ] DEBUG FXGL.GameWorld       - Clearing game world
19:47:08.402 [FXGL Background Thread 1 ] DEBUG FXGL.PhysicsWorld    - Clearing physics world
19:47:08.403 [FXGL Background Thread 1 ] DEBUG FXGL.GameScene       - Clearing game scene
19:47:08.404 [FXGL Background Thread 1 ] DEBUG InitAppTask          - Initializing Assets
19:47:08.405 [FXGL Background Thread 1 ] DEBUG InitAppTask          - Initializing Game
19:47:08.455 [FXGL Background Thread 1 ] DEBUG AssetLoader          - Loading from disk: /assets/textures/brick.png
19:47:08.467 [FXGL Background Thread 1 ] DEBUG FXGL.GameScene       - Creating render group for layer: TOP(2147483647)
19:47:08.622 [FXGL Background Thread 1 ] DEBUG InitAppTask          - Initializing Physics
19:47:08.623 [FXGL Background Thread 1 ] DEBUG InitAppTask          - Initializing UI
19:47:08.623 [FXGL Background Thread 1 ] DEBUG AssetLoader          - Loading from cache: /assets/textures/brick.png
19:47:08.698 [FXGL Background Thread 1 ] DEBUG InitAppTask          - Initialization Complete
19:47:08.699 [FXGL Background Thread 1 ] INFO  InitAppTask          - Game initialization took: 0,297 sec
19:47:08.709 [JavaFX Application Thread] DEBUG Input                - Clearing active input actions
19:47:08.719 [JavaFX Application Thread] DEBUG AppStateMachine      - LoadingState -> PlayState
19:47:12.071 [JavaFX Application Thread] DEBUG AssetLoader          - Loading from disk: /assets/sounds/collectcoin.wav
19:47:12.097 [JavaFX Application Thread] DEBUG AssetLoader          - Loading from cache: /assets/sounds/collectcoin.wav
19:47:12.310 [JavaFX Application Thread] DEBUG AssetLoader          - Loading from cache: /assets/sounds/collectcoin.wav
19:47:12.310 [JavaFX Application Thread] DEBUG AssetLoader          - Loading from cache: /assets/sounds/collectcoin.wav
19:47:12.838 [JavaFX Application Thread] DEBUG AssetLoader          - Loading from cache: /assets/sounds/collectcoin.wav
19:47:12.838 [JavaFX Application Thread] DEBUG AssetLoader          - Loading from cache: /assets/sounds/collectcoin.wav
19:47:13.065 [JavaFX Application Thread] DEBUG AssetLoader          - Loading from cache: /assets/sounds/collectcoin.wav
19:47:13.066 [JavaFX Application Thread] DEBUG AssetLoader          - Loading from cache: /assets/sounds/collectcoin.wav
19:47:13.270 [JavaFX Application Thread] DEBUG AssetLoader          - Loading from cache: /assets/sounds/collectcoin.wav
19:47:13.271 [JavaFX Application Thread] DEBUG AssetLoader          - Loading from cache: /assets/sounds/collectcoin.wav
19:47:13.750 [JavaFX Application Thread] DEBUG AssetLoader          - Loading from cache: /assets/sounds/collectcoin.wav
19:47:13.975 [JavaFX Application Thread] DEBUG AssetLoader          - Loading from cache: /assets/sounds/collectcoin.wav
19:47:14.166 [JavaFX Application Thread] DEBUG AssetLoader          - Loading from cache: /assets/sounds/collectcoin.wav
19:47:14.167 [JavaFX Application Thread] DEBUG AssetLoader          - Loading from cache: /assets/sounds/collectcoin.wav
19:47:14.185 [JavaFX Application Thread] DEBUG AssetLoader          - Loading from cache: /assets/sounds/collectcoin.wav
19:47:14.185 [JavaFX Application Thread] DEBUG AssetLoader          - Loading from cache: /assets/sounds/collectcoin.wav
19:47:14.390 [JavaFX Application Thread] DEBUG AssetLoader          - Loading from cache: /assets/sounds/collectcoin.wav
19:47:14.391 [JavaFX Application Thread] DEBUG AssetLoader          - Loading from cache: /assets/sounds/collectcoin.wav
19:47:14.424 [JavaFX Application Thread] DEBUG AssetLoader          - Loading from cache: /assets/sounds/collectcoin.wav
19:47:14.425 [JavaFX Application Thread] DEBUG AssetLoader          - Loading from cache: /assets/sounds/collectcoin.wav
19:47:14.647 [JavaFX Application Thread] DEBUG AssetLoader          - Loading from cache: /assets/sounds/collectcoin.wav
19:47:14.648 [JavaFX Application Thread] DEBUG AssetLoader          - Loading from cache: /assets/sounds/collectcoin.wav
19:47:14.854 [JavaFX Application Thread] DEBUG AssetLoader          - Loading from cache: /assets/sounds/collectcoin.wav
19:47:14.854 [JavaFX Application Thread] DEBUG AssetLoader          - Loading from cache: /assets/sounds/collectcoin.wav
19:47:14.998 [JavaFX Application Thread] DEBUG AssetLoader          - Loading from cache: /assets/sounds/collectcoin.wav
19:47:14.998 [JavaFX Application Thread] DEBUG AssetLoader          - Loading from cache: /assets/sounds/collectcoin.wav
19:47:15.447 [JavaFX Application Thread] DEBUG AssetLoader          - Loading from cache: /assets/sounds/collectcoin.wav
19:47:17.895 [JavaFX Application Thread] DEBUG AssetLoader          - Loading from cache: /assets/sounds/collectcoin.wav
19:47:17.897 [JavaFX Application Thread] DEBUG AssetLoader          - Loading from cache: /assets/sounds/collectcoin.wav
19:47:18.102 [JavaFX Application Thread] DEBUG AssetLoader          - Loading from cache: /assets/sounds/collectcoin.wav
19:47:18.230 [JavaFX Application Thread] DEBUG AssetLoader          - Loading from cache: /assets/sounds/collectcoin.wav
19:47:18.614 [JavaFX Application Thread] DEBUG AssetLoader          - Loading from cache: /assets/sounds/collectcoin.wav
19:47:18.615 [JavaFX Application Thread] DEBUG AssetLoader          - Loading from cache: /assets/sounds/collectcoin.wav
19:47:18.679 [JavaFX Application Thread] DEBUG AssetLoader          - Loading from cache: /assets/sounds/collectcoin.wav
19:47:18.919 [JavaFX Application Thread] DEBUG AssetLoader          - Loading from cache: /assets/sounds/collectcoin.wav
19:47:18.919 [JavaFX Application Thread] DEBUG AssetLoader          - Loading from cache: /assets/sounds/collectcoin.wav
19:47:19.271 [JavaFX Application Thread] DEBUG AssetLoader          - Loading from cache: /assets/sounds/collectcoin.wav
19:47:19.272 [JavaFX Application Thread] DEBUG AssetLoader          - Loading from cache: /assets/sounds/collectcoin.wav
19:47:19.496 [JavaFX Application Thread] DEBUG AssetLoader          - Loading from cache: /assets/sounds/collectcoin.wav
19:47:19.497 [JavaFX Application Thread] DEBUG AssetLoader          - Loading from cache: /assets/sounds/collectcoin.wav
19:47:19.703 [JavaFX Application Thread] DEBUG AssetLoader          - Loading from cache: /assets/sounds/collectcoin.wav
19:47:19.704 [JavaFX Application Thread] DEBUG AssetLoader          - Loading from cache: /assets/sounds/collectcoin.wav
19:47:19.943 [JavaFX Application Thread] DEBUG AssetLoader          - Loading from cache: /assets/sounds/collectcoin.wav
19:47:19.945 [JavaFX Application Thread] DEBUG AssetLoader          - Loading from cache: /assets/sounds/collectcoin.wav
19:47:20.229 [JavaFX Application Thread] DEBUG AssetLoader          - Loading from cache: /assets/sounds/collectcoin.wav
19:47:20.438 [JavaFX Application Thread] DEBUG AssetLoader          - Loading from cache: /assets/sounds/collectcoin.wav
19:47:20.665 [JavaFX Application Thread] DEBUG AssetLoader          - Loading from cache: /assets/sounds/collectcoin.wav
19:47:20.886 [JavaFX Application Thread] DEBUG AssetLoader          - Loading from cache: /assets/sounds/collectcoin.wav
19:47:21.334 [JavaFX Application Thread] DEBUG AssetLoader          - Loading from cache: /assets/sounds/collectcoin.wav
19:47:21.334 [JavaFX Application Thread] DEBUG AssetLoader          - Loading from cache: /assets/sounds/collectcoin.wav
19:47:21.558 [JavaFX Application Thread] DEBUG AssetLoader          - Loading from cache: /assets/sounds/collectcoin.wav
19:47:21.558 [JavaFX Application Thread] DEBUG AssetLoader          - Loading from cache: /assets/sounds/collectcoin.wav
19:47:21.814 [JavaFX Application Thread] DEBUG AssetLoader          - Loading from cache: /assets/sounds/collectcoin.wav
19:47:21.815 [JavaFX Application Thread] DEBUG AssetLoader          - Loading from cache: /assets/sounds/collectcoin.wav
19:47:22.055 [JavaFX Application Thread] DEBUG AssetLoader          - Loading from cache: /assets/sounds/collectcoin.wav
19:47:22.056 [JavaFX Application Thread] DEBUG AssetLoader          - Loading from cache: /assets/sounds/collectcoin.wav
19:47:22.326 [JavaFX Application Thread] DEBUG AssetLoader          - Loading from cache: /assets/sounds/collectcoin.wav
19:47:23.255 [JavaFX Application Thread] DEBUG AssetLoader          - Loading from cache: /assets/sounds/collectcoin.wav
19:47:23.257 [JavaFX Application Thread] DEBUG AssetLoader          - Loading from cache: /assets/sounds/collectcoin.wav
19:47:23.446 [JavaFX Application Thread] DEBUG AssetLoader          - Loading from cache: /assets/sounds/collectcoin.wav
19:47:23.655 [JavaFX Application Thread] DEBUG AssetLoader          - Loading from cache: /assets/sounds/collectcoin.wav
19:47:24.488 [JavaFX Application Thread] DEBUG GameApplication      - Exiting game application
19:47:24.489 [JavaFX Application Thread] DEBUG GameApplication      - Shutting down background threads
19:47:24.489 [JavaFX Application Thread] DEBUG GameApplication      - Exiting FXGL
19:47:24.489 [JavaFX Application Thread] DEBUG FXGL                 - Saving FXGL system data
19:47:24.491 [JavaFX Application Thread] DEBUG IOTask               - Executing task: writeDataTask(system/fxgl.bundle)
19:47:24.493 [JavaFX Application Thread] DEBUG FS                   - Writing to: system\fxgl.bundle
19:47:24.496 [JavaFX Application Thread] DEBUG IOTask               - Task succeeded: writeDataTask(system/fxgl.bundle)
19:47:24.496 [JavaFX Application Thread] DEBUG GameApplication      - Closing logger and exiting JavaFX
