20:45:48.580 [JavaFX Application Thread] DEBUG GameApplication      - Logger initialized
20:45:48.598 [JavaFX Application Thread] DEBUG MainWindow           - Creating a JavaFX scene
20:45:48.747 [JavaFX Application Thread] DEBUG MainWindow           - Target settings size: 600.0 x 700.0
20:45:48.748 [JavaFX Application Thread] DEBUG MainWindow           - Scaled scene size:    600.0 x 700.0
20:45:48.748 [JavaFX Application Thread] DEBUG MainWindow           - Scaled ratio: (1.0, 1.0)
20:45:48.927 [JavaFX Application Thread] DEBUG GameApplication      - Starting FXGL
20:45:48.999 [FXGL Launcher Thread     ] INFO  Version              - FXGL-0.4.2
20:45:49.000 [FXGL Launcher Thread     ] INFO  Version              - Source code and latest versions at: https://github.com/AlmasB/FXGL
20:45:49.000 [FXGL Launcher Thread     ] INFO  Version              -              Join the FXGL chat at: https://gitter.im/AlmasB/FXGL
20:45:49.002 [FXGL Launcher Thread     ] DEBUG FXGL                 - Loading FXGL system data
20:45:49.016 [FXGL Launcher Thread     ] DEBUG IOTask               - Executing task: readDataTask(system/fxgl.bundle)
20:45:49.024 [FXGL Launcher Thread     ] DEBUG FS                   - Reading from: system\fxgl.bundle
20:45:49.038 [FXGL Launcher Thread     ] DEBUG IOTask               - Task succeeded: readDataTask(system/fxgl.bundle)
20:45:49.039 [FXGL Launcher Thread     ] DEBUG Bundle               - Logging bundle: FXGL
20:45:49.040 [FXGL Launcher Thread     ] DEBUG Bundle               - FXGL.offline.timer.version.check=2018-02-14T19:15:29.603
20:45:49.049 [FXGL Launcher Thread     ] DEBUG GameApplication      - FXGL started
20:45:49.049 [FXGL Launcher Thread     ] DEBUG GameApplication      - Logging game settings
Title: Basic Game App
Version: 0.1
Width: 600
Height: 700
Fullscreen: false
Intro: false
Menus: false
Profiling: false
Single step:false
App Mode: DEVELOPER
Menu Key: ESCAPE
Stage Style: DECORATED
Scene Factory: class com.almasb.fxgl.scene.SceneFactory
Dialog Factory: class com.almasb.fxgl.ui.FXGLDialogFactory
UI Factory: class com.almasb.fxgl.ui.FXGLUIFactory
Notification Service: class com.almasb.fxgl.gameplay.notification.XboxNotificationView
Exception Handler: class com.almasb.fxgl.app.FXGLExceptionHandler
20:45:49.050 [FXGL Launcher Thread     ] DEBUG GameApplication      - Configuring GameApplication
20:45:49.051 [FXGL Launcher Thread     ] DEBUG GameApplication      - Initializing state machine and application states
20:45:49.066 [FXGL Launcher Thread     ] DEBUG AssetLoader          - Loading from disk: /assets/ui/cursors/fxgl_default.png
20:45:49.105 [FXGL Launcher Thread     ] DEBUG AssetLoader          - Loading from disk: /assets/ui/cursors/fxgl_default.png
20:45:49.109 [FXGL Launcher Thread     ] DEBUG AssetLoader          - Loading from disk: /assets/ui/cursors/fxgl_default.png
20:45:49.170 [FXGL Launcher Thread     ] DEBUG AssetLoader          - Loading from disk: /assets/sounds/core/notification.wav
20:45:49.236 [FXGL Launcher Thread     ] DEBUG AssetLoader          - Loading from disk: /assets/sounds/menu/select.wav
20:45:49.238 [FXGL Launcher Thread     ] DEBUG AssetLoader          - Loading from disk: /assets/sounds/menu/back.wav
20:45:49.241 [FXGL Launcher Thread     ] DEBUG AssetLoader          - Loading from disk: /assets/sounds/menu/press.wav
20:45:49.244 [FXGL Launcher Thread     ] DEBUG AssetLoader          - Loading from disk: /assets/ui/fonts/VarelaRound-Regular.ttf
20:45:49.455 [FXGL Launcher Thread     ] DEBUG AssetLoader          - Loading from disk: /assets/ui/fonts/lucida_console.ttf
20:45:49.461 [FXGL Launcher Thread     ] DEBUG AssetLoader          - Loading from disk: /assets/ui/css/fxgl_dark.css
20:45:49.462 [FXGL Launcher Thread     ] DEBUG AssetLoader          - Loading from disk: /assets/ui/icons/fxgl_icon.png
20:45:49.476 [FXGL Launcher Thread     ] DEBUG AssetLoader          - Loading from disk: /assets/ui/cursors/fxgl_default.png
20:45:49.528 [FXGL Launcher Thread     ] DEBUG FXGL.GameScene       - Game scene initialized: 600x700
20:45:49.534 [FXGL Launcher Thread     ] DEBUG FXGL.GameWorld       - Game world initialized
20:45:49.612 [FXGL Launcher Thread     ] DEBUG FXGL.PhysicsWorld    - Physics world initialized: appHeight=700, physics.ppm=50,0
20:45:49.658 [FXGL Launcher Thread     ] DEBUG Input                - Registered new binding: Pause - Esc
20:45:49.682 [FXGL Launcher Thread     ] INFO  GameApplication      - Game configuration took:  0,631 sec
20:45:49.699 [JavaFX Application Thread] DEBUG MainWindow           - Opening main window
20:45:49.742 [JavaFX Application Thread] DEBUG MainWindow           - Window border size: (6.0, 35.0)
20:45:49.742 [JavaFX Application Thread] DEBUG MainWindow           - Scaled size: 600.0 x 700.0
20:45:49.742 [JavaFX Application Thread] DEBUG MainWindow           - Scaled ratio: (1.0, 1.0)
20:45:49.742 [JavaFX Application Thread] DEBUG MainWindow           - Scene size: 600.0 x 700.0
20:45:49.742 [JavaFX Application Thread] DEBUG MainWindow           - Stage size: 606.0 x 735.0
20:45:49.742 [JavaFX Application Thread] DEBUG GameApplication      - Running preInit()
20:45:49.749 [JavaFX Application Thread] DEBUG AnnotationParser     - Main app package name: com.myname
20:45:49.941 [JavaFX Application Thread] DEBUG AnnotationParser     - @SetAchievementStore: []
20:45:49.943 [JavaFX Application Thread] DEBUG Input                - Registered new binding: Screenshot - P
20:45:49.943 [JavaFX Application Thread] DEBUG Input                - Registered new binding: Dev Options - CTRL+0
20:45:49.943 [JavaFX Application Thread] DEBUG Input                - Registered new binding: Restart - CTRL+R
20:45:49.943 [JavaFX Application Thread] DEBUG Input                - Registered new binding: Move Right - D
20:45:49.944 [JavaFX Application Thread] DEBUG Input                - Registered new binding: Move Left - A
20:45:49.944 [JavaFX Application Thread] DEBUG Input                - Registered new binding: Move Up - W
20:45:49.944 [JavaFX Application Thread] DEBUG Input                - Registered new binding: Move Down - S
20:45:49.944 [JavaFX Application Thread] DEBUG Input                - Registered new binding: Play Sound - F
20:45:49.958 [JavaFX Application Thread] DEBUG GameApplication      - Starting main loop
20:45:49.960 [JavaFX Application Thread] DEBUG StartupState         - STARTUP
20:45:49.960 [JavaFX Application Thread] DEBUG GameApplication      - Starting new game
20:45:49.960 [JavaFX Application Thread] DEBUG Input                - Clearing active input actions
20:45:49.988 [JavaFX Application Thread] DEBUG AppStateMachine      - StartupState -> LoadingState
20:45:49.989 [JavaFX Application Thread] DEBUG AnnotationParser     - Main app package name: com.myname
20:45:49.989 [JavaFX Application Thread] DEBUG InitAppTask          - Parsing annotations
20:45:50.011 [JavaFX Application Thread] DEBUG AnnotationParser     - @SetEntityFactory: []
20:45:50.012 [JavaFX Application Thread] DEBUG AnnotationParser     - @AddCollisionHandler: []
20:45:50.012 [JavaFX Application Thread] DEBUG AnnotationParser     - @SetEventHandler: []
20:45:50.019 [FXGL Background Thread 1 ] DEBUG InitAppTask          - Clearing previous game
20:45:50.019 [FXGL Background Thread 1 ] DEBUG FXGL.GameWorld       - Clearing game world
20:45:50.019 [FXGL Background Thread 1 ] DEBUG FXGL.PhysicsWorld    - Clearing physics world
20:45:50.019 [FXGL Background Thread 1 ] DEBUG FXGL.GameScene       - Clearing game scene
20:45:50.020 [FXGL Background Thread 1 ] DEBUG InitAppTask          - Initializing Assets
20:45:50.021 [FXGL Background Thread 1 ] DEBUG InitAppTask          - Initializing Game
20:45:50.066 [FXGL Background Thread 1 ] DEBUG AssetLoader          - Loading from disk: /assets/textures/brick.png
20:45:50.076 [FXGL Background Thread 1 ] DEBUG FXGL.GameScene       - Creating render group for layer: TOP(2147483647)
20:45:50.186 [FXGL Background Thread 1 ] DEBUG InitAppTask          - Initializing Physics
20:45:50.187 [FXGL Background Thread 1 ] DEBUG InitAppTask          - Initializing UI
20:45:50.187 [FXGL Background Thread 1 ] DEBUG AssetLoader          - Loading from cache: /assets/textures/brick.png
20:45:50.233 [FXGL Background Thread 1 ] DEBUG InitAppTask          - Initialization Complete
20:45:50.233 [FXGL Background Thread 1 ] INFO  InitAppTask          - Game initialization took: 0,215 sec
20:45:50.243 [JavaFX Application Thread] DEBUG Input                - Clearing active input actions
20:45:50.254 [JavaFX Application Thread] DEBUG AppStateMachine      - LoadingState -> PlayState
20:45:59.752 [JavaFX Application Thread] DEBUG AssetLoader          - Loading from disk: /assets/sounds/collectcoin.wav
20:45:59.781 [JavaFX Application Thread] DEBUG AssetLoader          - Loading from cache: /assets/sounds/collectcoin.wav
20:45:59.971 [JavaFX Application Thread] DEBUG AssetLoader          - Loading from cache: /assets/sounds/collectcoin.wav
20:45:59.972 [JavaFX Application Thread] DEBUG AssetLoader          - Loading from cache: /assets/sounds/collectcoin.wav
20:46:00.100 [JavaFX Application Thread] DEBUG AssetLoader          - Loading from cache: /assets/sounds/collectcoin.wav
20:46:00.101 [JavaFX Application Thread] DEBUG AssetLoader          - Loading from cache: /assets/sounds/collectcoin.wav
20:46:00.324 [JavaFX Application Thread] DEBUG AssetLoader          - Loading from cache: /assets/sounds/collectcoin.wav
20:46:00.325 [JavaFX Application Thread] DEBUG AssetLoader          - Loading from cache: /assets/sounds/collectcoin.wav
20:46:02.505 [JavaFX Application Thread] DEBUG GameApplication      - Exiting game application
20:46:02.508 [JavaFX Application Thread] DEBUG GameApplication      - Shutting down background threads
20:46:02.509 [JavaFX Application Thread] DEBUG GameApplication      - Exiting FXGL
20:46:02.509 [JavaFX Application Thread] DEBUG FXGL                 - Saving FXGL system data
20:46:02.513 [JavaFX Application Thread] DEBUG IOTask               - Executing task: writeDataTask(system/fxgl.bundle)
20:46:02.520 [JavaFX Application Thread] DEBUG FS                   - Writing to: system\fxgl.bundle
20:46:02.528 [JavaFX Application Thread] DEBUG IOTask               - Task succeeded: writeDataTask(system/fxgl.bundle)
20:46:02.528 [JavaFX Application Thread] DEBUG GameApplication      - Closing logger and exiting JavaFX
