10:58:36.316 [JavaFX Application Thread] DEBUG GameApplication      - Logger initialized
10:58:36.339 [JavaFX Application Thread] DEBUG MainWindow           - Creating a JavaFX scene
10:58:36.568 [JavaFX Application Thread] DEBUG MainWindow           - Target settings size: 600.0 x 600.0
10:58:36.568 [JavaFX Application Thread] DEBUG MainWindow           - Scaled scene size:    600.0 x 600.0
10:58:36.568 [JavaFX Application Thread] DEBUG MainWindow           - Scaled ratio: (1.0, 1.0)
10:58:36.867 [JavaFX Application Thread] DEBUG GameApplication      - Starting FXGL
10:58:36.867 [JavaFX Application Thread] INFO  Version              - FXGL-0.4.1
10:58:36.868 [JavaFX Application Thread] INFO  Version              - Source code and latest versions at: https://github.com/AlmasB/FXGL
10:58:36.868 [JavaFX Application Thread] INFO  Version              -              Join the FXGL chat at: https://gitter.im/AlmasB/FXGL
10:58:36.984 [FXGL Launcher Thread     ] DEBUG FXGL                 - Loading FXGL system data
10:58:36.993 [FXGL Launcher Thread     ] DEBUG IOTask               - Executing task: readDataTask(system/fxgl.bundle)
10:58:37.009 [FXGL Launcher Thread     ] DEBUG FS                   - Reading from: system\fxgl.bundle
10:58:37.028 [FXGL Launcher Thread     ] DEBUG IOTask               - Task succeeded: readDataTask(system/fxgl.bundle)
10:58:37.028 [FXGL Launcher Thread     ] DEBUG Bundle               - Logging bundle: FXGL
10:58:37.029 [FXGL Launcher Thread     ] DEBUG Bundle               - FXGL.offline.timer.version.check=2018-01-29T12:06:18.318
10:58:37.031 [FXGL Launcher Thread     ] DEBUG GameApplication      - FXGL configuration complete
10:58:37.033 [FXGL Launcher Thread     ] INFO  GameApplication      - FXGL configuration took:  0,118 sec
10:58:37.034 [FXGL Launcher Thread     ] DEBUG GameApplication      - Logging game settings
Title: Basic Game App
Version: 0.1
Width: 600
Height: 600
Fullscreen: false
Intro: false
Menus: false
Profiling: false
Single step:false
App Mode: DEVELOPER
Menu Key: ESCAPE
Stage Style: DECORATED
Scene Factory: class com.almasb.fxgl.scene.SceneFactory
Dialog Factory: class com.almasb.fxgl.ui.FXGLDialogFactory
UI Factory: class com.almasb.fxgl.ui.FXGLUIFactory
Notification Service: class com.almasb.fxgl.gameplay.notification.XboxNotificationView
Exception Handler: class com.almasb.fxgl.app.FXGLExceptionHandler
10:58:37.060 [FXGL Launcher Thread     ] DEBUG GameApplication      - Configuring GameApplication
10:58:37.069 [FXGL Launcher Thread     ] DEBUG AppStateMachine      - Initializing application states
10:58:37.086 [FXGL Launcher Thread     ] DEBUG AssetLoader          - Loading from disk: /assets/ui/cursors/fxgl_default.png
10:58:37.130 [FXGL Launcher Thread     ] DEBUG AssetLoader          - Loading from disk: /assets/ui/cursors/fxgl_default.png
10:58:37.154 [FXGL Launcher Thread     ] DEBUG AssetLoader          - Loading from disk: /assets/sounds/core/notification.wav
10:58:37.198 [FXGL Launcher Thread     ] DEBUG AssetLoader          - Loading from disk: /assets/sounds/menu/select.wav
10:58:37.201 [FXGL Launcher Thread     ] DEBUG AssetLoader          - Loading from disk: /assets/sounds/menu/back.wav
10:58:37.204 [FXGL Launcher Thread     ] DEBUG AssetLoader          - Loading from disk: /assets/sounds/menu/press.wav
10:58:37.207 [FXGL Launcher Thread     ] DEBUG AssetLoader          - Loading from disk: /assets/ui/fonts/VarelaRound-Regular.ttf
10:58:37.418 [FXGL Launcher Thread     ] DEBUG AssetLoader          - Loading from disk: /assets/ui/fonts/lucida_console.ttf
10:58:37.428 [FXGL Launcher Thread     ] DEBUG AssetLoader          - Loading from disk: /assets/ui/css/fxgl_dark.css
10:58:37.429 [FXGL Launcher Thread     ] DEBUG AssetLoader          - Loading from disk: /assets/ui/icons/fxgl_icon.png
10:58:37.472 [FXGL Launcher Thread     ] DEBUG AssetLoader          - Loading from disk: /assets/ui/cursors/fxgl_default.png
10:58:37.518 [FXGL Launcher Thread     ] DEBUG FXGL.GameScene       - Game scene initialized: 600x600
10:58:37.524 [FXGL Launcher Thread     ] DEBUG FXGL.GameWorld       - Game world initialized
10:58:37.649 [FXGL Launcher Thread     ] DEBUG FXGL.PhysicsWorld    - Physics world initialized: appHeight=600, physics.ppm=50,0
10:58:37.694 [FXGL Launcher Thread     ] DEBUG Input                - Registered new binding: Pause - Esc
10:58:37.723 [FXGL Launcher Thread     ] INFO  GameApplication      - Game configuration took:  0,663 sec
10:58:37.757 [JavaFX Application Thread] DEBUG MainWindow           - Opening main window
10:58:37.829 [JavaFX Application Thread] DEBUG MainWindow           - Window border size: (6.0, 29.0)
10:58:37.831 [JavaFX Application Thread] DEBUG MainWindow           - Scaled size: 600.0 x 600.0
10:58:37.832 [JavaFX Application Thread] DEBUG MainWindow           - Scaled ratio: (1.0, 1.0)
10:58:37.832 [JavaFX Application Thread] DEBUG MainWindow           - Scene size: 600.0 x 600.0
10:58:37.834 [JavaFX Application Thread] DEBUG MainWindow           - Stage size: 606.0 x 629.0
10:58:37.836 [JavaFX Application Thread] DEBUG GameApplication      - Running preInit()
10:58:37.840 [JavaFX Application Thread] DEBUG AnnotationParser     - Main app package name: com.myname
10:58:38.023 [JavaFX Application Thread] DEBUG AnnotationParser     - @SetAchievementStore: []
10:58:38.026 [JavaFX Application Thread] DEBUG Input                - Registered new binding: Screenshot - P
10:58:38.027 [JavaFX Application Thread] DEBUG Input                - Registered new binding: Dev Options - CTRL+0
10:58:38.028 [JavaFX Application Thread] DEBUG Input                - Registered new binding: Move Right - D
10:58:38.028 [JavaFX Application Thread] DEBUG Input                - Registered new binding: Move Left - A
10:58:38.028 [JavaFX Application Thread] DEBUG Input                - Registered new binding: Move Up - W
10:58:38.029 [JavaFX Application Thread] DEBUG Input                - Registered new binding: Move Down - S
10:58:38.029 [JavaFX Application Thread] DEBUG Input                - Registered new binding: Play Sound - F
10:58:38.101 [JavaFX Application Thread] DEBUG GameApplication      - Starting main loop
10:58:38.108 [JavaFX Application Thread] DEBUG StartupState         - STARTUP
10:58:38.109 [JavaFX Application Thread] DEBUG GameApplication      - Starting new game
10:58:38.109 [JavaFX Application Thread] DEBUG Input                - Clearing active input actions
10:58:38.109 [JavaFX Application Thread] DEBUG AppStateMachine      - StartupState -> LoadingState
10:58:38.171 [JavaFX Application Thread] DEBUG AnnotationParser     - Main app package name: com.myname
10:58:38.171 [JavaFX Application Thread] DEBUG InitAppTask          - Parsing annotations
10:58:38.303 [JavaFX Application Thread] DEBUG AnnotationParser     - @SetEventHandler: []
10:58:38.303 [JavaFX Application Thread] DEBUG AnnotationParser     - @SetEntityFactory: []
10:58:38.303 [JavaFX Application Thread] DEBUG AnnotationParser     - @AddCollisionHandler: []
10:58:38.325 [FXGL Background Thread 1 ] DEBUG InitAppTask          - Clearing previous game
10:58:38.325 [FXGL Background Thread 1 ] DEBUG FXGL.GameWorld       - Clearing game world
10:58:38.327 [FXGL Background Thread 1 ] DEBUG FXGL.PhysicsWorld    - Clearing physics world
10:58:38.327 [FXGL Background Thread 1 ] DEBUG FXGL.GameScene       - Clearing game scene
10:58:38.328 [FXGL Background Thread 1 ] DEBUG InitAppTask          - Initializing Assets
10:58:38.330 [FXGL Background Thread 1 ] DEBUG InitAppTask          - Initializing Game
10:58:38.395 [FXGL Background Thread 1 ] DEBUG AssetLoader          - Loading from disk: /assets/textures/brick.png
10:58:38.413 [FXGL Background Thread 1 ] DEBUG FXGL.GameScene       - Creating render group for layer: TOP(2147483647)
10:58:38.461 [FXGL Background Thread 1 ] DEBUG InitAppTask          - Initializing Physics
10:58:38.463 [FXGL Background Thread 1 ] DEBUG InitAppTask          - Initializing UI
10:58:38.463 [FXGL Background Thread 1 ] DEBUG AssetLoader          - Loading from cache: /assets/textures/brick.png
10:58:38.465 [FXGL Background Thread 1 ] DEBUG InitAppTask          - Initialization Complete
10:58:38.466 [FXGL Background Thread 1 ] INFO  InitAppTask          - Game initialization took: 0,141 sec
10:58:38.475 [JavaFX Application Thread] DEBUG Input                - Clearing active input actions
10:58:38.476 [JavaFX Application Thread] DEBUG AppStateMachine      - LoadingState -> PlayState
11:37:42.256 [JavaFX Application Thread] DEBUG GameApplication      - Exiting game application
11:37:42.258 [JavaFX Application Thread] DEBUG GameApplication      - Shutting down background threads
11:37:42.259 [JavaFX Application Thread] DEBUG GameApplication      - Exiting FXGL
11:37:42.259 [JavaFX Application Thread] DEBUG FXGL                 - Saving FXGL system data
11:37:42.261 [JavaFX Application Thread] DEBUG IOTask               - Executing task: writeDataTask(system/fxgl.bundle)
11:37:42.265 [JavaFX Application Thread] DEBUG FS                   - Writing to: system\fxgl.bundle
11:37:42.274 [JavaFX Application Thread] DEBUG IOTask               - Task succeeded: writeDataTask(system/fxgl.bundle)
11:37:42.274 [JavaFX Application Thread] DEBUG GameApplication      - Closing logger and exiting JavaFX
