19:00:31.519 [JavaFX Application Thread] DEBUG GameApplication      - Logger initialized
19:00:31.545 [JavaFX Application Thread] DEBUG MainWindow           - Creating a JavaFX scene
19:00:31.672 [JavaFX Application Thread] DEBUG MainWindow           - Target settings size: 600.0 x 700.0
19:00:31.672 [JavaFX Application Thread] DEBUG MainWindow           - Scaled scene size:    600.0 x 700.0
19:00:31.673 [JavaFX Application Thread] DEBUG MainWindow           - Scaled ratio: (1.0, 1.0)
19:00:31.911 [JavaFX Application Thread] DEBUG GameApplication      - Starting FXGL
19:00:31.911 [JavaFX Application Thread] INFO  Version              - FXGL-0.4.1
19:00:31.912 [JavaFX Application Thread] INFO  Version              - Source code and latest versions at: https://github.com/AlmasB/FXGL
19:00:31.912 [JavaFX Application Thread] INFO  Version              -              Join the FXGL chat at: https://gitter.im/AlmasB/FXGL
19:00:32.046 [FXGL Launcher Thread     ] DEBUG FXGL                 - Loading FXGL system data
19:00:32.056 [FXGL Launcher Thread     ] DEBUG IOTask               - Executing task: readDataTask(system/fxgl.bundle)
19:00:32.068 [FXGL Launcher Thread     ] DEBUG FS                   - Reading from: system\fxgl.bundle
19:00:32.096 [FXGL Launcher Thread     ] DEBUG IOTask               - Task succeeded: readDataTask(system/fxgl.bundle)
19:00:32.097 [FXGL Launcher Thread     ] DEBUG Bundle               - Logging bundle: FXGL
19:00:32.098 [FXGL Launcher Thread     ] DEBUG Bundle               - FXGL.offline.timer.version.check=2018-02-07T17:48:11.639
19:00:32.102 [FXGL Launcher Thread     ] DEBUG GameApplication      - FXGL configuration complete
19:00:32.104 [FXGL Launcher Thread     ] INFO  GameApplication      - FXGL configuration took:  0,137 sec
19:00:32.104 [FXGL Launcher Thread     ] DEBUG GameApplication      - Logging game settings
Title: Basic Game App
Version: 0.1
Width: 600
Height: 700
Fullscreen: false
Intro: false
Menus: false
Profiling: false
Single step:false
App Mode: DEVELOPER
Menu Key: ESCAPE
Stage Style: DECORATED
Scene Factory: class com.almasb.fxgl.scene.SceneFactory
Dialog Factory: class com.almasb.fxgl.ui.FXGLDialogFactory
UI Factory: class com.almasb.fxgl.ui.FXGLUIFactory
Notification Service: class com.almasb.fxgl.gameplay.notification.XboxNotificationView
Exception Handler: class com.almasb.fxgl.app.FXGLExceptionHandler
19:00:32.130 [FXGL Launcher Thread     ] DEBUG GameApplication      - Configuring GameApplication
19:00:32.139 [FXGL Launcher Thread     ] DEBUG AppStateMachine      - Initializing application states
19:00:32.157 [FXGL Launcher Thread     ] DEBUG AssetLoader          - Loading from disk: /assets/ui/cursors/fxgl_default.png
19:00:32.197 [FXGL Launcher Thread     ] DEBUG AssetLoader          - Loading from disk: /assets/ui/cursors/fxgl_default.png
19:00:32.223 [FXGL Launcher Thread     ] DEBUG AssetLoader          - Loading from disk: /assets/sounds/core/notification.wav
19:00:32.282 [FXGL Launcher Thread     ] DEBUG AssetLoader          - Loading from disk: /assets/sounds/menu/select.wav
19:00:32.284 [FXGL Launcher Thread     ] DEBUG AssetLoader          - Loading from disk: /assets/sounds/menu/back.wav
19:00:32.287 [FXGL Launcher Thread     ] DEBUG AssetLoader          - Loading from disk: /assets/sounds/menu/press.wav
19:00:32.291 [FXGL Launcher Thread     ] DEBUG AssetLoader          - Loading from disk: /assets/ui/fonts/VarelaRound-Regular.ttf
19:00:32.513 [FXGL Launcher Thread     ] DEBUG AssetLoader          - Loading from disk: /assets/ui/fonts/lucida_console.ttf
19:00:32.522 [FXGL Launcher Thread     ] DEBUG AssetLoader          - Loading from disk: /assets/ui/css/fxgl_dark.css
19:00:32.523 [FXGL Launcher Thread     ] DEBUG AssetLoader          - Loading from disk: /assets/ui/icons/fxgl_icon.png
19:00:32.565 [FXGL Launcher Thread     ] DEBUG AssetLoader          - Loading from disk: /assets/ui/cursors/fxgl_default.png
19:00:32.612 [FXGL Launcher Thread     ] DEBUG FXGL.GameScene       - Game scene initialized: 600x700
19:00:32.618 [FXGL Launcher Thread     ] DEBUG FXGL.GameWorld       - Game world initialized
19:00:32.739 [FXGL Launcher Thread     ] DEBUG FXGL.PhysicsWorld    - Physics world initialized: appHeight=700, physics.ppm=50,0
19:00:32.784 [FXGL Launcher Thread     ] DEBUG Input                - Registered new binding: Pause - Esc
19:00:32.812 [FXGL Launcher Thread     ] INFO  GameApplication      - Game configuration took:  0,682 sec
19:00:32.828 [JavaFX Application Thread] DEBUG MainWindow           - Opening main window
19:00:32.899 [JavaFX Application Thread] DEBUG MainWindow           - Window border size: (6.0, 29.0)
19:00:32.899 [JavaFX Application Thread] DEBUG MainWindow           - Scaled size: 600.0 x 700.0
19:00:32.899 [JavaFX Application Thread] DEBUG MainWindow           - Scaled ratio: (1.0, 1.0)
19:00:32.900 [JavaFX Application Thread] DEBUG MainWindow           - Scene size: 600.0 x 700.0
19:00:32.900 [JavaFX Application Thread] DEBUG MainWindow           - Stage size: 606.0 x 729.0
19:00:32.900 [JavaFX Application Thread] DEBUG GameApplication      - Running preInit()
19:00:32.904 [JavaFX Application Thread] DEBUG AnnotationParser     - Main app package name: com.myname
19:00:33.205 [JavaFX Application Thread] DEBUG AnnotationParser     - @SetAchievementStore: []
19:00:33.208 [JavaFX Application Thread] DEBUG Input                - Registered new binding: Screenshot - P
19:00:33.209 [JavaFX Application Thread] DEBUG Input                - Registered new binding: Dev Options - CTRL+0
19:00:33.209 [JavaFX Application Thread] DEBUG Input                - Registered new binding: Move Right - D
19:00:33.209 [JavaFX Application Thread] DEBUG Input                - Registered new binding: Move Left - A
19:00:33.210 [JavaFX Application Thread] DEBUG Input                - Registered new binding: Move Up - W
19:00:33.210 [JavaFX Application Thread] DEBUG Input                - Registered new binding: Move Down - S
19:00:33.210 [JavaFX Application Thread] DEBUG Input                - Registered new binding: Play Sound - F
19:00:33.268 [JavaFX Application Thread] DEBUG GameApplication      - Starting main loop
19:00:33.274 [JavaFX Application Thread] DEBUG StartupState         - STARTUP
19:00:33.275 [JavaFX Application Thread] DEBUG GameApplication      - Starting new game
19:00:33.275 [JavaFX Application Thread] DEBUG Input                - Clearing active input actions
19:00:33.275 [JavaFX Application Thread] DEBUG AppStateMachine      - StartupState -> LoadingState
19:00:33.339 [JavaFX Application Thread] DEBUG AnnotationParser     - Main app package name: com.myname
19:00:33.339 [JavaFX Application Thread] DEBUG InitAppTask          - Parsing annotations
19:00:33.471 [JavaFX Application Thread] DEBUG AnnotationParser     - @SetEventHandler: []
19:00:33.471 [JavaFX Application Thread] DEBUG AnnotationParser     - @SetEntityFactory: []
19:00:33.471 [JavaFX Application Thread] DEBUG AnnotationParser     - @AddCollisionHandler: []
19:00:33.491 [FXGL Background Thread 1 ] DEBUG InitAppTask          - Clearing previous game
19:00:33.491 [FXGL Background Thread 1 ] DEBUG FXGL.GameWorld       - Clearing game world
19:00:33.493 [FXGL Background Thread 1 ] DEBUG FXGL.PhysicsWorld    - Clearing physics world
19:00:33.493 [FXGL Background Thread 1 ] DEBUG FXGL.GameScene       - Clearing game scene
19:00:33.494 [FXGL Background Thread 1 ] DEBUG InitAppTask          - Initializing Assets
19:00:33.495 [FXGL Background Thread 1 ] DEBUG InitAppTask          - Initializing Game
19:00:33.563 [FXGL Background Thread 1 ] DEBUG AssetLoader          - Loading from disk: /assets/textures/brick.png
19:00:33.591 [FXGL Background Thread 1 ] DEBUG FXGL.GameScene       - Creating render group for layer: TOP(2147483647)
19:00:33.832 [FXGL Background Thread 1 ] DEBUG InitAppTask          - Initializing Physics
19:00:33.833 [FXGL Background Thread 1 ] DEBUG InitAppTask          - Initializing UI
19:00:33.833 [FXGL Background Thread 1 ] DEBUG AssetLoader          - Loading from cache: /assets/textures/brick.png
19:00:33.968 [FXGL Background Thread 1 ] DEBUG InitAppTask          - Initialization Complete
19:00:33.969 [FXGL Background Thread 1 ] INFO  InitAppTask          - Game initialization took: 0,479 sec
19:00:33.977 [JavaFX Application Thread] DEBUG Input                - Clearing active input actions
19:00:33.977 [JavaFX Application Thread] DEBUG AppStateMachine      - LoadingState -> PlayState
19:00:39.453 [JavaFX Application Thread] DEBUG GameApplication      - Exiting game application
19:00:39.455 [JavaFX Application Thread] DEBUG GameApplication      - Shutting down background threads
19:00:39.455 [JavaFX Application Thread] DEBUG GameApplication      - Exiting FXGL
19:00:39.455 [JavaFX Application Thread] DEBUG FXGL                 - Saving FXGL system data
19:00:39.456 [JavaFX Application Thread] DEBUG IOTask               - Executing task: writeDataTask(system/fxgl.bundle)
19:00:39.459 [JavaFX Application Thread] DEBUG FS                   - Writing to: system\fxgl.bundle
19:00:39.465 [JavaFX Application Thread] DEBUG IOTask               - Task succeeded: writeDataTask(system/fxgl.bundle)
19:00:39.465 [JavaFX Application Thread] DEBUG GameApplication      - Closing logger and exiting JavaFX
