11:37:53.128 [JavaFX Application Thread] DEBUG GameApplication      - Logger initialized
11:37:53.159 [JavaFX Application Thread] DEBUG MainWindow           - Creating a JavaFX scene
11:37:53.413 [JavaFX Application Thread] DEBUG MainWindow           - Target settings size: 600.0 x 600.0
11:37:53.413 [JavaFX Application Thread] DEBUG MainWindow           - Scaled scene size:    600.0 x 600.0
11:37:53.414 [JavaFX Application Thread] DEBUG MainWindow           - Scaled ratio: (1.0, 1.0)
11:37:53.710 [JavaFX Application Thread] DEBUG GameApplication      - Starting FXGL
11:37:53.710 [JavaFX Application Thread] INFO  Version              - FXGL-0.4.1
11:37:53.711 [JavaFX Application Thread] INFO  Version              - Source code and latest versions at: https://github.com/AlmasB/FXGL
11:37:53.711 [JavaFX Application Thread] INFO  Version              -              Join the FXGL chat at: https://gitter.im/AlmasB/FXGL
11:37:53.790 [FXGL Launcher Thread     ] DEBUG FXGL                 - Loading FXGL system data
11:37:53.799 [FXGL Launcher Thread     ] DEBUG IOTask               - Executing task: readDataTask(system/fxgl.bundle)
11:37:53.812 [FXGL Launcher Thread     ] DEBUG FS                   - Reading from: system\fxgl.bundle
11:37:53.838 [FXGL Launcher Thread     ] DEBUG IOTask               - Task succeeded: readDataTask(system/fxgl.bundle)
11:37:53.838 [FXGL Launcher Thread     ] DEBUG Bundle               - Logging bundle: FXGL
11:37:53.839 [FXGL Launcher Thread     ] DEBUG Bundle               - FXGL.offline.timer.version.check=2018-01-29T12:06:18.318
11:37:53.840 [FXGL Launcher Thread     ] DEBUG GameApplication      - FXGL configuration complete
11:37:53.842 [FXGL Launcher Thread     ] INFO  GameApplication      - FXGL configuration took:  0,121 sec
11:37:53.843 [FXGL Launcher Thread     ] DEBUG GameApplication      - Logging game settings
Title: Basic Game App
Version: 0.1
Width: 600
Height: 600
Fullscreen: false
Intro: false
Menus: false
Profiling: false
Single step:false
App Mode: DEVELOPER
Menu Key: ESCAPE
Stage Style: DECORATED
Scene Factory: class com.almasb.fxgl.scene.SceneFactory
Dialog Factory: class com.almasb.fxgl.ui.FXGLDialogFactory
UI Factory: class com.almasb.fxgl.ui.FXGLUIFactory
Notification Service: class com.almasb.fxgl.gameplay.notification.XboxNotificationView
Exception Handler: class com.almasb.fxgl.app.FXGLExceptionHandler
11:37:53.873 [FXGL Launcher Thread     ] DEBUG GameApplication      - Configuring GameApplication
11:37:53.881 [FXGL Launcher Thread     ] DEBUG AppStateMachine      - Initializing application states
11:37:53.899 [FXGL Launcher Thread     ] DEBUG AssetLoader          - Loading from disk: /assets/ui/cursors/fxgl_default.png
11:37:53.942 [FXGL Launcher Thread     ] DEBUG AssetLoader          - Loading from disk: /assets/ui/cursors/fxgl_default.png
11:37:53.960 [FXGL Launcher Thread     ] DEBUG AssetLoader          - Loading from disk: /assets/sounds/core/notification.wav
11:37:54.000 [FXGL Launcher Thread     ] DEBUG AssetLoader          - Loading from disk: /assets/sounds/menu/select.wav
11:37:54.003 [FXGL Launcher Thread     ] DEBUG AssetLoader          - Loading from disk: /assets/sounds/menu/back.wav
11:37:54.006 [FXGL Launcher Thread     ] DEBUG AssetLoader          - Loading from disk: /assets/sounds/menu/press.wav
11:37:54.011 [FXGL Launcher Thread     ] DEBUG AssetLoader          - Loading from disk: /assets/ui/fonts/VarelaRound-Regular.ttf
11:37:54.161 [FXGL Launcher Thread     ] DEBUG AssetLoader          - Loading from disk: /assets/ui/fonts/lucida_console.ttf
11:37:54.180 [FXGL Launcher Thread     ] DEBUG AssetLoader          - Loading from disk: /assets/ui/css/fxgl_dark.css
11:37:54.182 [FXGL Launcher Thread     ] DEBUG AssetLoader          - Loading from disk: /assets/ui/icons/fxgl_icon.png
11:37:54.234 [FXGL Launcher Thread     ] DEBUG AssetLoader          - Loading from disk: /assets/ui/cursors/fxgl_default.png
11:37:54.321 [FXGL Launcher Thread     ] DEBUG FXGL.GameScene       - Game scene initialized: 600x600
11:37:54.327 [FXGL Launcher Thread     ] DEBUG FXGL.GameWorld       - Game world initialized
11:37:54.471 [FXGL Launcher Thread     ] DEBUG FXGL.PhysicsWorld    - Physics world initialized: appHeight=600, physics.ppm=50,0
11:37:54.508 [FXGL Launcher Thread     ] DEBUG Input                - Registered new binding: Pause - Esc
11:37:54.537 [FXGL Launcher Thread     ] INFO  GameApplication      - Game configuration took:  0,663 sec
11:37:54.564 [JavaFX Application Thread] DEBUG MainWindow           - Opening main window
11:37:54.625 [JavaFX Application Thread] DEBUG MainWindow           - Window border size: (6.0, 29.0)
11:37:54.625 [JavaFX Application Thread] DEBUG MainWindow           - Scaled size: 600.0 x 600.0
11:37:54.625 [JavaFX Application Thread] DEBUG MainWindow           - Scaled ratio: (1.0, 1.0)
11:37:54.625 [JavaFX Application Thread] DEBUG MainWindow           - Scene size: 600.0 x 600.0
11:37:54.626 [JavaFX Application Thread] DEBUG MainWindow           - Stage size: 606.0 x 629.0
11:37:54.626 [JavaFX Application Thread] DEBUG GameApplication      - Running preInit()
11:37:54.629 [JavaFX Application Thread] DEBUG AnnotationParser     - Main app package name: com.myname
11:37:54.779 [JavaFX Application Thread] DEBUG AnnotationParser     - @SetAchievementStore: []
11:37:54.782 [JavaFX Application Thread] DEBUG Input                - Registered new binding: Screenshot - P
11:37:54.783 [JavaFX Application Thread] DEBUG Input                - Registered new binding: Dev Options - CTRL+0
11:37:54.783 [JavaFX Application Thread] DEBUG Input                - Registered new binding: Move Right - D
11:37:54.784 [JavaFX Application Thread] DEBUG Input                - Registered new binding: Move Left - A
11:37:54.784 [JavaFX Application Thread] DEBUG Input                - Registered new binding: Move Up - W
11:37:54.784 [JavaFX Application Thread] DEBUG Input                - Registered new binding: Move Down - S
11:37:54.785 [JavaFX Application Thread] DEBUG Input                - Registered new binding: Play Sound - F
11:37:54.860 [JavaFX Application Thread] DEBUG GameApplication      - Starting main loop
11:37:54.872 [JavaFX Application Thread] DEBUG StartupState         - STARTUP
11:37:54.872 [JavaFX Application Thread] DEBUG GameApplication      - Starting new game
11:37:54.873 [JavaFX Application Thread] DEBUG Input                - Clearing active input actions
11:37:54.873 [JavaFX Application Thread] DEBUG AppStateMachine      - StartupState -> LoadingState
11:37:54.942 [JavaFX Application Thread] DEBUG AnnotationParser     - Main app package name: com.myname
11:37:54.942 [JavaFX Application Thread] DEBUG InitAppTask          - Parsing annotations
11:37:55.016 [JavaFX Application Thread] DEBUG AnnotationParser     - @SetEntityFactory: []
11:37:55.016 [JavaFX Application Thread] DEBUG AnnotationParser     - @SetEventHandler: []
11:37:55.016 [JavaFX Application Thread] DEBUG AnnotationParser     - @AddCollisionHandler: []
11:37:55.030 [FXGL Background Thread 1 ] DEBUG InitAppTask          - Clearing previous game
11:37:55.031 [FXGL Background Thread 1 ] DEBUG FXGL.GameWorld       - Clearing game world
11:37:55.032 [FXGL Background Thread 1 ] DEBUG FXGL.PhysicsWorld    - Clearing physics world
11:37:55.033 [FXGL Background Thread 1 ] DEBUG FXGL.GameScene       - Clearing game scene
11:37:55.033 [FXGL Background Thread 1 ] DEBUG InitAppTask          - Initializing Assets
11:37:55.034 [FXGL Background Thread 1 ] DEBUG InitAppTask          - Initializing Game
11:37:55.106 [FXGL Background Thread 1 ] DEBUG AssetLoader          - Loading from disk: /assets/textures/brick.png
11:37:55.126 [FXGL Background Thread 1 ] DEBUG FXGL.GameScene       - Creating render group for layer: TOP(2147483647)
11:37:55.167 [FXGL Background Thread 1 ] DEBUG InitAppTask          - Initializing Physics
11:37:55.169 [FXGL Background Thread 1 ] DEBUG InitAppTask          - Initializing UI
11:37:55.170 [FXGL Background Thread 1 ] DEBUG AssetLoader          - Loading from cache: /assets/textures/brick.png
11:37:55.173 [FXGL Background Thread 1 ] DEBUG InitAppTask          - Initialization Complete
11:37:55.174 [FXGL Background Thread 1 ] INFO  InitAppTask          - Game initialization took: 0,144 sec
11:37:55.176 [JavaFX Application Thread] DEBUG Input                - Clearing active input actions
11:37:55.176 [JavaFX Application Thread] DEBUG AppStateMachine      - LoadingState -> PlayState
11:37:56.716 [JavaFX Application Thread] DEBUG GameApplication      - Exiting game application
11:37:56.718 [JavaFX Application Thread] DEBUG GameApplication      - Shutting down background threads
11:37:56.719 [JavaFX Application Thread] DEBUG GameApplication      - Exiting FXGL
11:37:56.719 [JavaFX Application Thread] DEBUG FXGL                 - Saving FXGL system data
11:37:56.721 [JavaFX Application Thread] DEBUG IOTask               - Executing task: writeDataTask(system/fxgl.bundle)
11:37:56.725 [JavaFX Application Thread] DEBUG FS                   - Writing to: system\fxgl.bundle
11:37:56.731 [JavaFX Application Thread] DEBUG IOTask               - Task succeeded: writeDataTask(system/fxgl.bundle)
11:37:56.731 [JavaFX Application Thread] DEBUG GameApplication      - Closing logger and exiting JavaFX
