19:16:44.756 [JavaFX Application Thread] DEBUG GameApplication      - Logger initialized
19:16:44.784 [JavaFX Application Thread] DEBUG MainWindow           - Creating a JavaFX scene
19:16:44.938 [JavaFX Application Thread] DEBUG MainWindow           - Target settings size: 600.0 x 700.0
19:16:44.938 [JavaFX Application Thread] DEBUG MainWindow           - Scaled scene size:    600.0 x 700.0
19:16:44.938 [JavaFX Application Thread] DEBUG MainWindow           - Scaled ratio: (1.0, 1.0)
19:16:45.175 [JavaFX Application Thread] DEBUG GameApplication      - Starting FXGL
19:16:45.227 [FXGL Launcher Thread     ] INFO  Version              - FXGL-0.4.2
19:16:45.228 [FXGL Launcher Thread     ] INFO  Version              - Source code and latest versions at: https://github.com/AlmasB/FXGL
19:16:45.228 [FXGL Launcher Thread     ] INFO  Version              -              Join the FXGL chat at: https://gitter.im/AlmasB/FXGL
19:16:45.229 [FXGL Launcher Thread     ] DEBUG FXGL                 - Loading FXGL system data
19:16:45.237 [FXGL Launcher Thread     ] DEBUG IOTask               - Executing task: readDataTask(system/fxgl.bundle)
19:16:45.250 [FXGL Launcher Thread     ] DEBUG FS                   - Reading from: system\fxgl.bundle
19:16:45.262 [FXGL Launcher Thread     ] DEBUG IOTask               - Task succeeded: readDataTask(system/fxgl.bundle)
19:16:45.263 [FXGL Launcher Thread     ] DEBUG Bundle               - Logging bundle: FXGL
19:16:45.264 [FXGL Launcher Thread     ] DEBUG Bundle               - FXGL.offline.timer.version.check=2018-02-14T19:15:29.603
19:16:45.284 [FXGL Launcher Thread     ] DEBUG GameApplication      - FXGL started
19:16:45.284 [FXGL Launcher Thread     ] DEBUG GameApplication      - Logging game settings
Title: Basic Game App
Version: 0.1
Width: 600
Height: 700
Fullscreen: false
Intro: false
Menus: false
Profiling: false
Single step:false
App Mode: DEVELOPER
Menu Key: ESCAPE
Stage Style: DECORATED
Scene Factory: class com.almasb.fxgl.scene.SceneFactory
Dialog Factory: class com.almasb.fxgl.ui.FXGLDialogFactory
UI Factory: class com.almasb.fxgl.ui.FXGLUIFactory
Notification Service: class com.almasb.fxgl.gameplay.notification.XboxNotificationView
Exception Handler: class com.almasb.fxgl.app.FXGLExceptionHandler
19:16:45.285 [FXGL Launcher Thread     ] DEBUG GameApplication      - Configuring GameApplication
19:16:45.285 [FXGL Launcher Thread     ] DEBUG GameApplication      - Initializing state machine and application states
19:16:45.302 [FXGL Launcher Thread     ] DEBUG AssetLoader          - Loading from disk: /assets/ui/cursors/fxgl_default.png
19:16:45.346 [FXGL Launcher Thread     ] DEBUG AssetLoader          - Loading from disk: /assets/ui/cursors/fxgl_default.png
19:16:45.349 [FXGL Launcher Thread     ] DEBUG AssetLoader          - Loading from disk: /assets/ui/cursors/fxgl_default.png
19:16:45.361 [FXGL Launcher Thread     ] DEBUG AssetLoader          - Loading from disk: /assets/sounds/core/notification.wav
19:16:45.403 [FXGL Launcher Thread     ] DEBUG AssetLoader          - Loading from disk: /assets/sounds/menu/select.wav
19:16:45.405 [FXGL Launcher Thread     ] DEBUG AssetLoader          - Loading from disk: /assets/sounds/menu/back.wav
19:16:45.407 [FXGL Launcher Thread     ] DEBUG AssetLoader          - Loading from disk: /assets/sounds/menu/press.wav
19:16:45.410 [FXGL Launcher Thread     ] DEBUG AssetLoader          - Loading from disk: /assets/ui/fonts/VarelaRound-Regular.ttf
19:16:45.777 [FXGL Launcher Thread     ] DEBUG AssetLoader          - Loading from disk: /assets/ui/fonts/lucida_console.ttf
19:16:45.784 [FXGL Launcher Thread     ] DEBUG AssetLoader          - Loading from disk: /assets/ui/css/fxgl_dark.css
19:16:45.784 [FXGL Launcher Thread     ] DEBUG AssetLoader          - Loading from disk: /assets/ui/icons/fxgl_icon.png
19:16:45.798 [FXGL Launcher Thread     ] DEBUG AssetLoader          - Loading from disk: /assets/ui/cursors/fxgl_default.png
19:16:45.834 [FXGL Launcher Thread     ] DEBUG FXGL.GameScene       - Game scene initialized: 600x700
19:16:45.839 [FXGL Launcher Thread     ] DEBUG FXGL.GameWorld       - Game world initialized
19:16:45.944 [FXGL Launcher Thread     ] DEBUG FXGL.PhysicsWorld    - Physics world initialized: appHeight=700, physics.ppm=50,0
19:16:45.973 [FXGL Launcher Thread     ] DEBUG Input                - Registered new binding: Pause - Esc
19:16:46.004 [FXGL Launcher Thread     ] INFO  GameApplication      - Game configuration took:  0,718 sec
19:16:46.007 [JavaFX Application Thread] DEBUG MainWindow           - Opening main window
19:16:46.041 [JavaFX Application Thread] DEBUG MainWindow           - Window border size: (6.0, 35.0)
19:16:46.041 [JavaFX Application Thread] DEBUG MainWindow           - Scaled size: 600.0 x 700.0
19:16:46.042 [JavaFX Application Thread] DEBUG MainWindow           - Scaled ratio: (1.0, 1.0)
19:16:46.042 [JavaFX Application Thread] DEBUG MainWindow           - Scene size: 600.0 x 700.0
19:16:46.042 [JavaFX Application Thread] DEBUG MainWindow           - Stage size: 606.0 x 735.0
19:16:46.042 [JavaFX Application Thread] DEBUG GameApplication      - Running preInit()
19:16:46.045 [JavaFX Application Thread] DEBUG AnnotationParser     - Main app package name: com.myname
19:16:46.326 [JavaFX Application Thread] DEBUG AnnotationParser     - @SetAchievementStore: []
19:16:46.329 [JavaFX Application Thread] DEBUG Input                - Registered new binding: Screenshot - P
19:16:46.330 [JavaFX Application Thread] DEBUG Input                - Registered new binding: Dev Options - CTRL+0
19:16:46.331 [JavaFX Application Thread] DEBUG Input                - Registered new binding: Restart - CTRL+R
19:16:46.331 [JavaFX Application Thread] DEBUG Input                - Registered new binding: Move Right - D
19:16:46.331 [JavaFX Application Thread] DEBUG Input                - Registered new binding: Move Left - A
19:16:46.331 [JavaFX Application Thread] DEBUG Input                - Registered new binding: Move Up - W
19:16:46.332 [JavaFX Application Thread] DEBUG Input                - Registered new binding: Move Down - S
19:16:46.332 [JavaFX Application Thread] DEBUG Input                - Registered new binding: Play Sound - F
19:16:46.353 [JavaFX Application Thread] DEBUG GameApplication      - Starting main loop
19:16:46.356 [JavaFX Application Thread] DEBUG StartupState         - STARTUP
19:16:46.356 [JavaFX Application Thread] DEBUG GameApplication      - Starting new game
19:16:46.356 [JavaFX Application Thread] DEBUG Input                - Clearing active input actions
19:16:46.394 [JavaFX Application Thread] DEBUG AppStateMachine      - StartupState -> LoadingState
19:16:46.396 [JavaFX Application Thread] DEBUG AnnotationParser     - Main app package name: com.myname
19:16:46.396 [JavaFX Application Thread] DEBUG InitAppTask          - Parsing annotations
19:16:46.513 [JavaFX Application Thread] DEBUG AnnotationParser     - @AddCollisionHandler: []
19:16:46.513 [JavaFX Application Thread] DEBUG AnnotationParser     - @SetEntityFactory: []
19:16:46.513 [JavaFX Application Thread] DEBUG AnnotationParser     - @SetEventHandler: []
19:16:46.521 [FXGL Background Thread 1 ] DEBUG InitAppTask          - Clearing previous game
19:16:46.521 [FXGL Background Thread 1 ] DEBUG FXGL.GameWorld       - Clearing game world
19:16:46.521 [FXGL Background Thread 1 ] DEBUG FXGL.PhysicsWorld    - Clearing physics world
19:16:46.521 [FXGL Background Thread 1 ] DEBUG FXGL.GameScene       - Clearing game scene
19:16:46.522 [FXGL Background Thread 1 ] DEBUG InitAppTask          - Initializing Assets
19:16:46.523 [FXGL Background Thread 1 ] DEBUG InitAppTask          - Initializing Game
19:16:46.578 [FXGL Background Thread 1 ] DEBUG AssetLoader          - Loading from disk: /assets/textures/brick.png
19:16:46.591 [FXGL Background Thread 1 ] DEBUG FXGL.GameScene       - Creating render group for layer: TOP(2147483647)
19:16:46.765 [FXGL Background Thread 1 ] DEBUG InitAppTask          - Initializing Physics
19:16:46.766 [FXGL Background Thread 1 ] DEBUG InitAppTask          - Initializing UI
19:16:46.766 [FXGL Background Thread 1 ] DEBUG AssetLoader          - Loading from cache: /assets/textures/brick.png
19:16:46.870 [JavaFX Application Thread] FATAL GameApplication      - Uncaught Exception:
19:16:46.870 [JavaFX Application Thread] FATAL GameApplication      - 

Exception occurred: java.lang.IllegalStateException : Not on FX application thread; currentThread = FXGL Background Thread 1
E: com.sun.javafx.tk.Toolkit.checkFxUserThread(Toolkit.java:279)
E: com.sun.javafx.tk.quantum.QuantumToolkit.checkFxUserThread(QuantumToolkit.java:423)
E: javafx.stage.Stage.<init>(Stage.java:241)
E: javafx.stage.Stage.<init>(Stage.java:227)
E: javafx.scene.control.HeavyweightDialog$1.<init>(HeavyweightDialog.java:52)
E: javafx.scene.control.HeavyweightDialog.<init>(HeavyweightDialog.java:52)
E: javafx.scene.control.Dialog.<init>(Dialog.java:263)
E: javafx.scene.control.Alert.<init>(Alert.java:245)
E: javafx.scene.control.Alert.<init>(Alert.java:223)
E: com.myname.BasicGameApp.initUI(BasicGameApp.java:167)
E: com.almasb.fxgl.app.LoadingState$InitAppTask.initUI(AppStates.kt:216)
E: com.almasb.fxgl.app.LoadingState$InitAppTask.call(AppStates.kt:162)
E: com.almasb.fxgl.app.LoadingState$InitAppTask.call(AppStates.kt:132)
E: javafx.concurrent.Task$TaskCallable.call(Task.java:1423)
E: java.util.concurrent.FutureTask.run(FutureTask.java:266)
E: java.util.concurrent.Executors$RunnableAdapter.call(Executors.java:511)
E: java.util.concurrent.FutureTask.run(FutureTask.java:266)
E: java.util.concurrent.ThreadPoolExecutor.runWorker(ThreadPoolExecutor.java:1149)
E: java.util.concurrent.ThreadPoolExecutor$Worker.run(ThreadPoolExecutor.java:624)
E: java.lang.Thread.run(Thread.java:748)

19:16:46.871 [JavaFX Application Thread] FATAL GameApplication      - Application will now exit
19:16:46.871 [JavaFX Application Thread] DEBUG GameApplication      - Stopping main loop
19:17:02.737 [JavaFX Application Thread] DEBUG GameApplication      - Exiting game application
19:17:02.739 [JavaFX Application Thread] DEBUG GameApplication      - Shutting down background threads
19:17:02.740 [JavaFX Application Thread] DEBUG GameApplication      - Exiting FXGL
19:17:02.740 [JavaFX Application Thread] DEBUG FXGL                 - Saving FXGL system data
19:17:02.743 [JavaFX Application Thread] DEBUG IOTask               - Executing task: writeDataTask(system/fxgl.bundle)
19:17:02.748 [JavaFX Application Thread] DEBUG FS                   - Writing to: system\fxgl.bundle
19:17:02.752 [JavaFX Application Thread] DEBUG IOTask               - Task succeeded: writeDataTask(system/fxgl.bundle)
19:17:02.752 [JavaFX Application Thread] DEBUG GameApplication      - Closing logger and exiting JavaFX
