13:07:29.992 [JavaFX Application Thread] DEBUG GameApplication      - Logger initialized
13:07:30.010 [JavaFX Application Thread] DEBUG MainWindow           - Creating a JavaFX scene
13:07:30.185 [JavaFX Application Thread] DEBUG MainWindow           - Target settings size: 600.0 x 600.0
13:07:30.186 [JavaFX Application Thread] DEBUG MainWindow           - Scaled scene size:    600.0 x 600.0
13:07:30.186 [JavaFX Application Thread] DEBUG MainWindow           - Scaled ratio: (1.0, 1.0)
13:07:30.470 [JavaFX Application Thread] DEBUG GameApplication      - Starting FXGL
13:07:30.470 [JavaFX Application Thread] INFO  Version              - FXGL-0.4.1
13:07:30.471 [JavaFX Application Thread] INFO  Version              - Source code and latest versions at: https://github.com/AlmasB/FXGL
13:07:30.471 [JavaFX Application Thread] INFO  Version              -              Join the FXGL chat at: https://gitter.im/AlmasB/FXGL
13:07:30.611 [FXGL Launcher Thread     ] DEBUG FXGL                 - Loading FXGL system data
13:07:30.620 [FXGL Launcher Thread     ] DEBUG IOTask               - Executing task: readDataTask(system/fxgl.bundle)
13:07:30.631 [FXGL Launcher Thread     ] DEBUG FS                   - Reading from: system\fxgl.bundle
13:07:30.653 [FXGL Launcher Thread     ] DEBUG IOTask               - Task succeeded: readDataTask(system/fxgl.bundle)
13:07:30.654 [FXGL Launcher Thread     ] DEBUG Bundle               - Logging bundle: FXGL
13:07:30.655 [FXGL Launcher Thread     ] DEBUG Bundle               - FXGL.offline.timer.version.check=2018-01-29T12:06:18.318
13:07:30.656 [FXGL Launcher Thread     ] DEBUG GameApplication      - FXGL configuration complete
13:07:30.660 [FXGL Launcher Thread     ] INFO  GameApplication      - FXGL configuration took:  0,118 sec
13:07:30.663 [FXGL Launcher Thread     ] DEBUG GameApplication      - Logging game settings
Title: Basic Game App
Version: 0.1
Width: 600
Height: 600
Fullscreen: false
Intro: false
Menus: false
Profiling: false
Single step:false
App Mode: DEVELOPER
Menu Key: ESCAPE
Stage Style: DECORATED
Scene Factory: class com.almasb.fxgl.scene.SceneFactory
Dialog Factory: class com.almasb.fxgl.ui.FXGLDialogFactory
UI Factory: class com.almasb.fxgl.ui.FXGLUIFactory
Notification Service: class com.almasb.fxgl.gameplay.notification.XboxNotificationView
Exception Handler: class com.almasb.fxgl.app.FXGLExceptionHandler
13:07:30.686 [FXGL Launcher Thread     ] DEBUG GameApplication      - Configuring GameApplication
13:07:30.694 [FXGL Launcher Thread     ] DEBUG AppStateMachine      - Initializing application states
13:07:30.716 [FXGL Launcher Thread     ] DEBUG AssetLoader          - Loading from disk: /assets/ui/cursors/fxgl_default.png
13:07:30.758 [FXGL Launcher Thread     ] DEBUG AssetLoader          - Loading from disk: /assets/ui/cursors/fxgl_default.png
13:07:30.804 [FXGL Launcher Thread     ] DEBUG AssetLoader          - Loading from disk: /assets/sounds/core/notification.wav
13:07:30.844 [FXGL Launcher Thread     ] DEBUG AssetLoader          - Loading from disk: /assets/sounds/menu/select.wav
13:07:30.847 [FXGL Launcher Thread     ] DEBUG AssetLoader          - Loading from disk: /assets/sounds/menu/back.wav
13:07:30.850 [FXGL Launcher Thread     ] DEBUG AssetLoader          - Loading from disk: /assets/sounds/menu/press.wav
13:07:30.854 [FXGL Launcher Thread     ] DEBUG AssetLoader          - Loading from disk: /assets/ui/fonts/VarelaRound-Regular.ttf
13:07:31.022 [FXGL Launcher Thread     ] DEBUG AssetLoader          - Loading from disk: /assets/ui/fonts/lucida_console.ttf
13:07:31.031 [FXGL Launcher Thread     ] DEBUG AssetLoader          - Loading from disk: /assets/ui/css/fxgl_dark.css
13:07:31.033 [FXGL Launcher Thread     ] DEBUG AssetLoader          - Loading from disk: /assets/ui/icons/fxgl_icon.png
13:07:31.075 [FXGL Launcher Thread     ] DEBUG AssetLoader          - Loading from disk: /assets/ui/cursors/fxgl_default.png
13:07:31.119 [FXGL Launcher Thread     ] DEBUG FXGL.GameScene       - Game scene initialized: 600x600
13:07:31.125 [FXGL Launcher Thread     ] DEBUG FXGL.GameWorld       - Game world initialized
13:07:31.237 [FXGL Launcher Thread     ] DEBUG FXGL.PhysicsWorld    - Physics world initialized: appHeight=600, physics.ppm=50,0
13:07:31.275 [FXGL Launcher Thread     ] DEBUG Input                - Registered new binding: Pause - Esc
13:07:31.304 [FXGL Launcher Thread     ] INFO  GameApplication      - Game configuration took:  0,618 sec
13:07:31.326 [JavaFX Application Thread] DEBUG MainWindow           - Opening main window
13:07:31.381 [JavaFX Application Thread] DEBUG MainWindow           - Window border size: (6.0, 29.0)
13:07:31.382 [JavaFX Application Thread] DEBUG MainWindow           - Scaled size: 600.0 x 600.0
13:07:31.382 [JavaFX Application Thread] DEBUG MainWindow           - Scaled ratio: (1.0, 1.0)
13:07:31.382 [JavaFX Application Thread] DEBUG MainWindow           - Scene size: 600.0 x 600.0
13:07:31.384 [JavaFX Application Thread] DEBUG MainWindow           - Stage size: 606.0 x 629.0
13:07:31.385 [JavaFX Application Thread] DEBUG GameApplication      - Running preInit()
13:07:31.389 [JavaFX Application Thread] DEBUG AnnotationParser     - Main app package name: com.myname
13:07:31.716 [JavaFX Application Thread] DEBUG AnnotationParser     - @SetAchievementStore: []
13:07:31.719 [JavaFX Application Thread] DEBUG Input                - Registered new binding: Screenshot - P
13:07:31.720 [JavaFX Application Thread] DEBUG Input                - Registered new binding: Dev Options - CTRL+0
13:07:31.720 [JavaFX Application Thread] DEBUG Input                - Registered new binding: Move Right - D
13:07:31.721 [JavaFX Application Thread] DEBUG Input                - Registered new binding: Move Left - A
13:07:31.721 [JavaFX Application Thread] DEBUG Input                - Registered new binding: Move Up - W
13:07:31.721 [JavaFX Application Thread] DEBUG Input                - Registered new binding: Move Down - S
13:07:31.721 [JavaFX Application Thread] DEBUG Input                - Registered new binding: Play Sound - F
13:07:31.813 [JavaFX Application Thread] DEBUG GameApplication      - Starting main loop
13:07:31.818 [JavaFX Application Thread] DEBUG StartupState         - STARTUP
13:07:31.818 [JavaFX Application Thread] DEBUG GameApplication      - Starting new game
13:07:31.819 [JavaFX Application Thread] DEBUG Input                - Clearing active input actions
13:07:31.819 [JavaFX Application Thread] DEBUG AppStateMachine      - StartupState -> LoadingState
13:07:31.894 [JavaFX Application Thread] DEBUG AnnotationParser     - Main app package name: com.myname
13:07:31.894 [JavaFX Application Thread] DEBUG InitAppTask          - Parsing annotations
13:07:32.052 [JavaFX Application Thread] DEBUG AnnotationParser     - @SetEntityFactory: []
13:07:32.052 [JavaFX Application Thread] DEBUG AnnotationParser     - @SetEventHandler: []
13:07:32.052 [JavaFX Application Thread] DEBUG AnnotationParser     - @AddCollisionHandler: []
13:07:32.121 [FXGL Background Thread 1 ] DEBUG InitAppTask          - Clearing previous game
13:07:32.122 [FXGL Background Thread 1 ] DEBUG FXGL.GameWorld       - Clearing game world
13:07:32.123 [FXGL Background Thread 1 ] DEBUG FXGL.PhysicsWorld    - Clearing physics world
13:07:32.123 [FXGL Background Thread 1 ] DEBUG FXGL.GameScene       - Clearing game scene
13:07:32.124 [FXGL Background Thread 1 ] DEBUG InitAppTask          - Initializing Assets
13:07:32.125 [FXGL Background Thread 1 ] DEBUG InitAppTask          - Initializing Game
13:07:32.193 [FXGL Background Thread 1 ] DEBUG AssetLoader          - Loading from disk: /assets/textures/brick.png
13:07:32.216 [FXGL Background Thread 1 ] DEBUG FXGL.GameScene       - Creating render group for layer: TOP(2147483647)
13:07:32.867 [FXGL Background Thread 1 ] DEBUG InitAppTask          - Initializing Physics
13:07:32.869 [FXGL Background Thread 1 ] DEBUG InitAppTask          - Initializing UI
13:07:32.870 [FXGL Background Thread 1 ] DEBUG AssetLoader          - Loading from cache: /assets/textures/brick.png
13:07:32.873 [FXGL Background Thread 1 ] DEBUG InitAppTask          - Initialization Complete
13:07:32.875 [FXGL Background Thread 1 ] INFO  InitAppTask          - Game initialization took: 0,754 sec
13:07:32.881 [JavaFX Application Thread] DEBUG Input                - Clearing active input actions
13:07:32.881 [JavaFX Application Thread] DEBUG AppStateMachine      - LoadingState -> PlayState
13:07:37.548 [JavaFX Application Thread] DEBUG GameApplication      - Exiting game application
13:07:37.550 [JavaFX Application Thread] DEBUG GameApplication      - Shutting down background threads
13:07:37.550 [JavaFX Application Thread] DEBUG GameApplication      - Exiting FXGL
13:07:37.551 [JavaFX Application Thread] DEBUG FXGL                 - Saving FXGL system data
13:07:37.552 [JavaFX Application Thread] DEBUG IOTask               - Executing task: writeDataTask(system/fxgl.bundle)
13:07:37.556 [JavaFX Application Thread] DEBUG FS                   - Writing to: system\fxgl.bundle
13:07:37.563 [JavaFX Application Thread] DEBUG IOTask               - Task succeeded: writeDataTask(system/fxgl.bundle)
13:07:37.563 [JavaFX Application Thread] DEBUG GameApplication      - Closing logger and exiting JavaFX
