19:27:46.443 [JavaFX Application Thread] DEBUG GameApplication      - Logger initialized
19:27:46.467 [JavaFX Application Thread] DEBUG MainWindow           - Creating a JavaFX scene
19:27:46.666 [JavaFX Application Thread] DEBUG MainWindow           - Target settings size: 600.0 x 700.0
19:27:46.666 [JavaFX Application Thread] DEBUG MainWindow           - Scaled scene size:    600.0 x 700.0
19:27:46.666 [JavaFX Application Thread] DEBUG MainWindow           - Scaled ratio: (1.0, 1.0)
19:27:46.867 [JavaFX Application Thread] DEBUG GameApplication      - Starting FXGL
19:27:46.941 [FXGL Launcher Thread     ] INFO  Version              - FXGL-0.4.2
19:27:46.941 [FXGL Launcher Thread     ] INFO  Version              - Source code and latest versions at: https://github.com/AlmasB/FXGL
19:27:46.941 [FXGL Launcher Thread     ] INFO  Version              -              Join the FXGL chat at: https://gitter.im/AlmasB/FXGL
19:27:46.946 [FXGL Launcher Thread     ] DEBUG FXGL                 - Loading FXGL system data
19:27:46.954 [FXGL Launcher Thread     ] DEBUG IOTask               - Executing task: readDataTask(system/fxgl.bundle)
19:27:46.962 [FXGL Launcher Thread     ] DEBUG FS                   - Reading from: system\fxgl.bundle
19:27:46.975 [FXGL Launcher Thread     ] DEBUG IOTask               - Task succeeded: readDataTask(system/fxgl.bundle)
19:27:46.975 [FXGL Launcher Thread     ] DEBUG Bundle               - Logging bundle: FXGL
19:27:46.976 [FXGL Launcher Thread     ] DEBUG Bundle               - FXGL.offline.timer.version.check=2018-02-07T17:48:11.639
19:27:46.983 [FXGL Launcher Thread     ] DEBUG GameApplication      - FXGL started
19:27:46.983 [FXGL Launcher Thread     ] DEBUG GameApplication      - Logging game settings
Title: Basic Game App
Version: 0.1
Width: 600
Height: 700
Fullscreen: false
Intro: false
Menus: false
Profiling: false
Single step:false
App Mode: DEVELOPER
Menu Key: ESCAPE
Stage Style: DECORATED
Scene Factory: class com.almasb.fxgl.scene.SceneFactory
Dialog Factory: class com.almasb.fxgl.ui.FXGLDialogFactory
UI Factory: class com.almasb.fxgl.ui.FXGLUIFactory
Notification Service: class com.almasb.fxgl.gameplay.notification.XboxNotificationView
Exception Handler: class com.almasb.fxgl.app.FXGLExceptionHandler
19:27:46.984 [FXGL Launcher Thread     ] DEBUG GameApplication      - Configuring GameApplication
19:27:46.984 [FXGL Launcher Thread     ] DEBUG GameApplication      - Initializing state machine and application states
19:27:46.997 [FXGL Launcher Thread     ] DEBUG AssetLoader          - Loading from disk: /assets/ui/cursors/fxgl_default.png
19:27:47.031 [FXGL Launcher Thread     ] DEBUG AssetLoader          - Loading from disk: /assets/ui/cursors/fxgl_default.png
19:27:47.035 [FXGL Launcher Thread     ] DEBUG AssetLoader          - Loading from disk: /assets/ui/cursors/fxgl_default.png
19:27:47.047 [FXGL Launcher Thread     ] DEBUG AssetLoader          - Loading from disk: /assets/sounds/core/notification.wav
19:27:47.390 [FXGL Launcher Thread     ] DEBUG AssetLoader          - Loading from disk: /assets/sounds/menu/select.wav
19:27:47.392 [FXGL Launcher Thread     ] DEBUG AssetLoader          - Loading from disk: /assets/sounds/menu/back.wav
19:27:47.395 [FXGL Launcher Thread     ] DEBUG AssetLoader          - Loading from disk: /assets/sounds/menu/press.wav
19:27:47.398 [FXGL Launcher Thread     ] DEBUG AssetLoader          - Loading from disk: /assets/ui/fonts/VarelaRound-Regular.ttf
19:27:47.488 [FXGL Launcher Thread     ] DEBUG AssetLoader          - Loading from disk: /assets/ui/fonts/lucida_console.ttf
19:27:47.497 [FXGL Launcher Thread     ] DEBUG AssetLoader          - Loading from disk: /assets/ui/css/fxgl_dark.css
19:27:47.497 [FXGL Launcher Thread     ] DEBUG AssetLoader          - Loading from disk: /assets/ui/icons/fxgl_icon.png
19:27:47.510 [FXGL Launcher Thread     ] DEBUG AssetLoader          - Loading from disk: /assets/ui/cursors/fxgl_default.png
19:27:47.545 [FXGL Launcher Thread     ] DEBUG FXGL.GameScene       - Game scene initialized: 600x700
19:27:47.550 [FXGL Launcher Thread     ] DEBUG FXGL.GameWorld       - Game world initialized
19:27:47.633 [FXGL Launcher Thread     ] DEBUG FXGL.PhysicsWorld    - Physics world initialized: appHeight=700, physics.ppm=50,0
19:27:47.657 [FXGL Launcher Thread     ] DEBUG Input                - Registered new binding: Pause - Esc
19:27:47.676 [FXGL Launcher Thread     ] INFO  GameApplication      - Game configuration took:  0,691 sec
19:27:47.679 [JavaFX Application Thread] DEBUG MainWindow           - Opening main window
19:27:47.723 [JavaFX Application Thread] DEBUG MainWindow           - Window border size: (6.0, 35.0)
19:27:47.723 [JavaFX Application Thread] DEBUG MainWindow           - Scaled size: 600.0 x 700.0
19:27:47.724 [JavaFX Application Thread] DEBUG MainWindow           - Scaled ratio: (1.0, 1.0)
19:27:47.724 [JavaFX Application Thread] DEBUG MainWindow           - Scene size: 600.0 x 700.0
19:27:47.724 [JavaFX Application Thread] DEBUG MainWindow           - Stage size: 606.0 x 735.0
19:27:47.724 [JavaFX Application Thread] DEBUG GameApplication      - Running preInit()
19:27:47.731 [JavaFX Application Thread] DEBUG AnnotationParser     - Main app package name: com.myname
19:27:48.008 [JavaFX Application Thread] DEBUG AnnotationParser     - @SetAchievementStore: []
19:27:48.011 [JavaFX Application Thread] DEBUG Input                - Registered new binding: Screenshot - P
19:27:48.011 [JavaFX Application Thread] DEBUG Input                - Registered new binding: Dev Options - CTRL+0
19:27:48.012 [JavaFX Application Thread] DEBUG Input                - Registered new binding: Restart - CTRL+R
19:27:48.012 [JavaFX Application Thread] DEBUG Input                - Registered new binding: Move Right - D
19:27:48.012 [JavaFX Application Thread] DEBUG Input                - Registered new binding: Move Left - A
19:27:48.012 [JavaFX Application Thread] DEBUG Input                - Registered new binding: Move Up - W
19:27:48.012 [JavaFX Application Thread] DEBUG Input                - Registered new binding: Move Down - S
19:27:48.012 [JavaFX Application Thread] DEBUG Input                - Registered new binding: Play Sound - F
19:27:48.024 [JavaFX Application Thread] DEBUG GameApplication      - Starting main loop
19:27:48.027 [JavaFX Application Thread] DEBUG StartupState         - STARTUP
19:27:48.027 [JavaFX Application Thread] DEBUG GameApplication      - Starting new game
19:27:48.027 [JavaFX Application Thread] DEBUG Input                - Clearing active input actions
19:27:48.051 [JavaFX Application Thread] DEBUG AppStateMachine      - StartupState -> LoadingState
19:27:48.052 [JavaFX Application Thread] DEBUG AnnotationParser     - Main app package name: com.myname
19:27:48.052 [JavaFX Application Thread] DEBUG InitAppTask          - Parsing annotations
19:27:48.073 [JavaFX Application Thread] DEBUG AnnotationParser     - @AddCollisionHandler: []
19:27:48.073 [JavaFX Application Thread] DEBUG AnnotationParser     - @SetEntityFactory: []
19:27:48.074 [JavaFX Application Thread] DEBUG AnnotationParser     - @SetEventHandler: []
19:27:48.079 [FXGL Background Thread 1 ] DEBUG InitAppTask          - Clearing previous game
19:27:48.079 [FXGL Background Thread 1 ] DEBUG FXGL.GameWorld       - Clearing game world
19:27:48.079 [FXGL Background Thread 1 ] DEBUG FXGL.PhysicsWorld    - Clearing physics world
19:27:48.079 [FXGL Background Thread 1 ] DEBUG FXGL.GameScene       - Clearing game scene
19:27:48.080 [FXGL Background Thread 1 ] DEBUG InitAppTask          - Initializing Assets
19:27:48.081 [FXGL Background Thread 1 ] DEBUG InitAppTask          - Initializing Game
19:27:48.121 [FXGL Background Thread 1 ] DEBUG AssetLoader          - Loading from disk: /assets/textures/brick.png
19:27:48.134 [FXGL Background Thread 1 ] DEBUG FXGL.GameScene       - Creating render group for layer: TOP(2147483647)
19:27:48.236 [FXGL Background Thread 1 ] DEBUG InitAppTask          - Initializing Physics
19:27:48.236 [FXGL Background Thread 1 ] DEBUG InitAppTask          - Initializing UI
19:27:48.237 [FXGL Background Thread 1 ] DEBUG AssetLoader          - Loading from cache: /assets/textures/brick.png
19:27:48.444 [FXGL Background Thread 1 ] DEBUG InitAppTask          - Initialization Complete
19:27:48.444 [FXGL Background Thread 1 ] INFO  InitAppTask          - Game initialization took: 0,364 sec
19:27:48.456 [JavaFX Application Thread] DEBUG Input                - Clearing active input actions
19:27:48.466 [JavaFX Application Thread] DEBUG AppStateMachine      - LoadingState -> PlayState
19:27:53.798 [JavaFX Application Thread] DEBUG GameApplication      - Exiting game application
19:27:53.801 [JavaFX Application Thread] DEBUG GameApplication      - Shutting down background threads
19:27:53.802 [JavaFX Application Thread] DEBUG GameApplication      - Exiting FXGL
19:27:53.802 [JavaFX Application Thread] DEBUG FXGL                 - Saving FXGL system data
19:27:53.806 [JavaFX Application Thread] DEBUG IOTask               - Executing task: writeDataTask(system/fxgl.bundle)
19:27:53.814 [JavaFX Application Thread] DEBUG FS                   - Writing to: system\fxgl.bundle
19:27:53.824 [JavaFX Application Thread] DEBUG IOTask               - Task succeeded: writeDataTask(system/fxgl.bundle)
19:27:53.824 [JavaFX Application Thread] DEBUG GameApplication      - Closing logger and exiting JavaFX
