08:58:43.201 [JavaFX Application Thread] DEBUG GameApplication      - Logger initialized
08:58:43.226 [JavaFX Application Thread] DEBUG MainWindow           - Creating a JavaFX scene
08:58:43.400 [JavaFX Application Thread] DEBUG MainWindow           - Target settings size: 600.0 x 600.0
08:58:43.400 [JavaFX Application Thread] DEBUG MainWindow           - Scaled scene size:    600.0 x 600.0
08:58:43.400 [JavaFX Application Thread] DEBUG MainWindow           - Scaled ratio: (1.0, 1.0)
08:58:43.677 [JavaFX Application Thread] DEBUG GameApplication      - Starting FXGL
08:58:43.677 [JavaFX Application Thread] INFO  Version              - FXGL-0.4.1
08:58:43.678 [JavaFX Application Thread] INFO  Version              - Source code and latest versions at: https://github.com/AlmasB/FXGL
08:58:43.678 [JavaFX Application Thread] INFO  Version              -              Join the FXGL chat at: https://gitter.im/AlmasB/FXGL
08:58:43.754 [FXGL Launcher Thread     ] DEBUG FXGL                 - Loading FXGL system data
08:58:43.762 [FXGL Launcher Thread     ] DEBUG IOTask               - Executing task: readDataTask(system/fxgl.bundle)
08:58:43.775 [FXGL Launcher Thread     ] DEBUG FS                   - Reading from: system\fxgl.bundle
08:58:43.797 [FXGL Launcher Thread     ] DEBUG IOTask               - Task succeeded: readDataTask(system/fxgl.bundle)
08:58:43.798 [FXGL Launcher Thread     ] DEBUG Bundle               - Logging bundle: FXGL
08:58:43.799 [FXGL Launcher Thread     ] DEBUG Bundle               - FXGL.offline.timer.version.check=2018-01-29T12:06:18.318
08:58:43.800 [FXGL Launcher Thread     ] DEBUG GameApplication      - FXGL configuration complete
08:58:43.802 [FXGL Launcher Thread     ] INFO  GameApplication      - FXGL configuration took:  0,118 sec
08:58:43.803 [FXGL Launcher Thread     ] DEBUG GameApplication      - Logging game settings
Title: Basic Game App
Version: 0.1
Width: 600
Height: 600
Fullscreen: false
Intro: false
Menus: false
Profiling: false
Single step:false
App Mode: DEVELOPER
Menu Key: ESCAPE
Stage Style: DECORATED
Scene Factory: class com.almasb.fxgl.scene.SceneFactory
Dialog Factory: class com.almasb.fxgl.ui.FXGLDialogFactory
UI Factory: class com.almasb.fxgl.ui.FXGLUIFactory
Notification Service: class com.almasb.fxgl.gameplay.notification.XboxNotificationView
Exception Handler: class com.almasb.fxgl.app.FXGLExceptionHandler
08:58:43.811 [FXGL Launcher Thread     ] DEBUG GameApplication      - Configuring GameApplication
08:58:43.820 [FXGL Launcher Thread     ] DEBUG AppStateMachine      - Initializing application states
08:58:43.843 [FXGL Launcher Thread     ] DEBUG AssetLoader          - Loading from disk: /assets/ui/cursors/fxgl_default.png
08:58:43.884 [FXGL Launcher Thread     ] DEBUG AssetLoader          - Loading from disk: /assets/ui/cursors/fxgl_default.png
08:58:43.910 [FXGL Launcher Thread     ] DEBUG AssetLoader          - Loading from disk: /assets/sounds/core/notification.wav
08:58:43.949 [FXGL Launcher Thread     ] DEBUG AssetLoader          - Loading from disk: /assets/sounds/menu/select.wav
08:58:43.952 [FXGL Launcher Thread     ] DEBUG AssetLoader          - Loading from disk: /assets/sounds/menu/back.wav
08:58:43.954 [FXGL Launcher Thread     ] DEBUG AssetLoader          - Loading from disk: /assets/sounds/menu/press.wav
08:58:43.958 [FXGL Launcher Thread     ] DEBUG AssetLoader          - Loading from disk: /assets/ui/fonts/VarelaRound-Regular.ttf
08:58:44.163 [FXGL Launcher Thread     ] DEBUG AssetLoader          - Loading from disk: /assets/ui/fonts/lucida_console.ttf
08:58:44.173 [FXGL Launcher Thread     ] DEBUG AssetLoader          - Loading from disk: /assets/ui/css/fxgl_dark.css
08:58:44.173 [FXGL Launcher Thread     ] DEBUG AssetLoader          - Loading from disk: /assets/ui/icons/fxgl_icon.png
08:58:44.217 [FXGL Launcher Thread     ] DEBUG AssetLoader          - Loading from disk: /assets/ui/cursors/fxgl_default.png
08:58:44.266 [FXGL Launcher Thread     ] DEBUG FXGL.GameScene       - Game scene initialized: 600x600
08:58:44.272 [FXGL Launcher Thread     ] DEBUG FXGL.GameWorld       - Game world initialized
08:58:44.393 [FXGL Launcher Thread     ] DEBUG FXGL.PhysicsWorld    - Physics world initialized: appHeight=600, physics.ppm=50,0
08:58:44.430 [FXGL Launcher Thread     ] DEBUG Input                - Registered new binding: Pause - Esc
08:58:44.460 [FXGL Launcher Thread     ] INFO  GameApplication      - Game configuration took:  0,648 sec
08:58:44.468 [JavaFX Application Thread] DEBUG MainWindow           - Opening main window
08:58:44.537 [JavaFX Application Thread] DEBUG MainWindow           - Window border size: (6.0, 29.0)
08:58:44.537 [JavaFX Application Thread] DEBUG MainWindow           - Scaled size: 600.0 x 600.0
08:58:44.537 [JavaFX Application Thread] DEBUG MainWindow           - Scaled ratio: (1.0, 1.0)
08:58:44.537 [JavaFX Application Thread] DEBUG MainWindow           - Scene size: 600.0 x 600.0
08:58:44.538 [JavaFX Application Thread] DEBUG MainWindow           - Stage size: 606.0 x 629.0
08:58:44.538 [JavaFX Application Thread] DEBUG GameApplication      - Running preInit()
08:58:44.544 [JavaFX Application Thread] DEBUG AnnotationParser     - Main app package name: com.myname
08:58:44.745 [JavaFX Application Thread] DEBUG AnnotationParser     - @SetAchievementStore: []
08:58:44.748 [JavaFX Application Thread] DEBUG Input                - Registered new binding: Screenshot - P
08:58:44.749 [JavaFX Application Thread] DEBUG Input                - Registered new binding: Dev Options - CTRL+0
08:58:44.749 [JavaFX Application Thread] DEBUG Input                - Registered new binding: Move Right - D
08:58:44.750 [JavaFX Application Thread] DEBUG Input                - Registered new binding: Move Left - A
08:58:44.750 [JavaFX Application Thread] DEBUG Input                - Registered new binding: Move Up - W
08:58:44.750 [JavaFX Application Thread] DEBUG Input                - Registered new binding: Move Down - S
08:58:44.751 [JavaFX Application Thread] DEBUG Input                - Registered new binding: Play Sound - F
08:58:44.851 [JavaFX Application Thread] DEBUG GameApplication      - Starting main loop
08:58:44.855 [JavaFX Application Thread] DEBUG StartupState         - STARTUP
08:58:44.855 [JavaFX Application Thread] DEBUG GameApplication      - Starting new game
08:58:44.855 [JavaFX Application Thread] DEBUG Input                - Clearing active input actions
08:58:44.856 [JavaFX Application Thread] DEBUG AppStateMachine      - StartupState -> LoadingState
08:58:44.923 [JavaFX Application Thread] DEBUG AnnotationParser     - Main app package name: com.myname
08:58:44.923 [JavaFX Application Thread] DEBUG InitAppTask          - Parsing annotations
08:58:45.111 [JavaFX Application Thread] DEBUG AnnotationParser     - @SetEventHandler: []
08:58:45.112 [JavaFX Application Thread] DEBUG AnnotationParser     - @SetEntityFactory: []
08:58:45.112 [JavaFX Application Thread] DEBUG AnnotationParser     - @AddCollisionHandler: []
08:58:45.129 [FXGL Background Thread 1 ] DEBUG InitAppTask          - Clearing previous game
08:58:45.130 [FXGL Background Thread 1 ] DEBUG FXGL.GameWorld       - Clearing game world
08:58:45.131 [FXGL Background Thread 1 ] DEBUG FXGL.PhysicsWorld    - Clearing physics world
08:58:45.131 [FXGL Background Thread 1 ] DEBUG FXGL.GameScene       - Clearing game scene
08:58:45.132 [FXGL Background Thread 1 ] DEBUG InitAppTask          - Initializing Assets
08:58:45.133 [FXGL Background Thread 1 ] DEBUG InitAppTask          - Initializing Game
08:58:45.200 [FXGL Background Thread 1 ] DEBUG AssetLoader          - Loading from disk: /assets/textures/brick.png
08:58:45.219 [FXGL Background Thread 1 ] DEBUG FXGL.GameScene       - Creating render group for layer: TOP(2147483647)
08:58:45.286 [FXGL Background Thread 1 ] DEBUG InitAppTask          - Initializing Physics
08:58:45.287 [FXGL Background Thread 1 ] DEBUG InitAppTask          - Initializing UI
08:58:45.288 [FXGL Background Thread 1 ] DEBUG AssetLoader          - Loading from cache: /assets/textures/brick.png
08:58:45.291 [FXGL Background Thread 1 ] DEBUG InitAppTask          - Initialization Complete
08:58:45.292 [FXGL Background Thread 1 ] INFO  InitAppTask          - Game initialization took: 0,163 sec
08:58:45.297 [JavaFX Application Thread] DEBUG Input                - Clearing active input actions
08:58:45.298 [JavaFX Application Thread] DEBUG AppStateMachine      - LoadingState -> PlayState
08:58:55.002 [JavaFX Application Thread] DEBUG GameApplication      - Exiting game application
08:58:55.004 [JavaFX Application Thread] DEBUG GameApplication      - Shutting down background threads
08:58:55.005 [JavaFX Application Thread] DEBUG GameApplication      - Exiting FXGL
08:58:55.005 [JavaFX Application Thread] DEBUG FXGL                 - Saving FXGL system data
08:58:55.006 [JavaFX Application Thread] DEBUG IOTask               - Executing task: writeDataTask(system/fxgl.bundle)
08:58:55.009 [JavaFX Application Thread] DEBUG FS                   - Writing to: system\fxgl.bundle
08:58:55.014 [JavaFX Application Thread] DEBUG IOTask               - Task succeeded: writeDataTask(system/fxgl.bundle)
08:58:55.015 [JavaFX Application Thread] DEBUG GameApplication      - Closing logger and exiting JavaFX
