18:59:51.386 [JavaFX Application Thread] DEBUG GameApplication      - Logger initialized
18:59:51.419 [JavaFX Application Thread] DEBUG MainWindow           - Creating a JavaFX scene
18:59:51.604 [JavaFX Application Thread] DEBUG MainWindow           - Target settings size: 600.0 x 700.0
18:59:51.605 [JavaFX Application Thread] DEBUG MainWindow           - Scaled scene size:    600.0 x 700.0
18:59:51.605 [JavaFX Application Thread] DEBUG MainWindow           - Scaled ratio: (1.0, 1.0)
18:59:51.829 [JavaFX Application Thread] DEBUG GameApplication      - Starting FXGL
18:59:51.830 [JavaFX Application Thread] INFO  Version              - FXGL-0.4.1
18:59:51.831 [JavaFX Application Thread] INFO  Version              - Source code and latest versions at: https://github.com/AlmasB/FXGL
18:59:51.831 [JavaFX Application Thread] INFO  Version              -              Join the FXGL chat at: https://gitter.im/AlmasB/FXGL
18:59:51.933 [FXGL Launcher Thread     ] DEBUG FXGL                 - Loading FXGL system data
18:59:51.942 [FXGL Launcher Thread     ] DEBUG IOTask               - Executing task: readDataTask(system/fxgl.bundle)
18:59:51.955 [FXGL Launcher Thread     ] DEBUG FS                   - Reading from: system\fxgl.bundle
18:59:51.977 [FXGL Launcher Thread     ] DEBUG IOTask               - Task succeeded: readDataTask(system/fxgl.bundle)
18:59:51.977 [FXGL Launcher Thread     ] DEBUG Bundle               - Logging bundle: FXGL
18:59:51.979 [FXGL Launcher Thread     ] DEBUG Bundle               - FXGL.offline.timer.version.check=2018-02-07T17:48:11.639
18:59:51.980 [FXGL Launcher Thread     ] DEBUG GameApplication      - FXGL configuration complete
18:59:51.982 [FXGL Launcher Thread     ] INFO  GameApplication      - FXGL configuration took:  0,128 sec
18:59:51.983 [FXGL Launcher Thread     ] DEBUG GameApplication      - Logging game settings
Title: Basic Game App
Version: 0.1
Width: 600
Height: 700
Fullscreen: false
Intro: false
Menus: false
Profiling: false
Single step:false
App Mode: DEVELOPER
Menu Key: ESCAPE
Stage Style: DECORATED
Scene Factory: class com.almasb.fxgl.scene.SceneFactory
Dialog Factory: class com.almasb.fxgl.ui.FXGLDialogFactory
UI Factory: class com.almasb.fxgl.ui.FXGLUIFactory
Notification Service: class com.almasb.fxgl.gameplay.notification.XboxNotificationView
Exception Handler: class com.almasb.fxgl.app.FXGLExceptionHandler
18:59:51.992 [FXGL Launcher Thread     ] DEBUG GameApplication      - Configuring GameApplication
18:59:52.001 [FXGL Launcher Thread     ] DEBUG AppStateMachine      - Initializing application states
18:59:52.019 [FXGL Launcher Thread     ] DEBUG AssetLoader          - Loading from disk: /assets/ui/cursors/fxgl_default.png
18:59:52.060 [FXGL Launcher Thread     ] DEBUG AssetLoader          - Loading from disk: /assets/ui/cursors/fxgl_default.png
18:59:52.113 [FXGL Launcher Thread     ] DEBUG AssetLoader          - Loading from disk: /assets/sounds/core/notification.wav
18:59:52.153 [FXGL Launcher Thread     ] DEBUG AssetLoader          - Loading from disk: /assets/sounds/menu/select.wav
18:59:52.156 [FXGL Launcher Thread     ] DEBUG AssetLoader          - Loading from disk: /assets/sounds/menu/back.wav
18:59:52.158 [FXGL Launcher Thread     ] DEBUG AssetLoader          - Loading from disk: /assets/sounds/menu/press.wav
18:59:52.162 [FXGL Launcher Thread     ] DEBUG AssetLoader          - Loading from disk: /assets/ui/fonts/VarelaRound-Regular.ttf
18:59:52.349 [FXGL Launcher Thread     ] DEBUG AssetLoader          - Loading from disk: /assets/ui/fonts/lucida_console.ttf
18:59:52.358 [FXGL Launcher Thread     ] DEBUG AssetLoader          - Loading from disk: /assets/ui/css/fxgl_dark.css
18:59:52.359 [FXGL Launcher Thread     ] DEBUG AssetLoader          - Loading from disk: /assets/ui/icons/fxgl_icon.png
18:59:52.402 [FXGL Launcher Thread     ] DEBUG AssetLoader          - Loading from disk: /assets/ui/cursors/fxgl_default.png
18:59:52.453 [FXGL Launcher Thread     ] DEBUG FXGL.GameScene       - Game scene initialized: 600x700
18:59:52.459 [FXGL Launcher Thread     ] DEBUG FXGL.GameWorld       - Game world initialized
18:59:52.596 [FXGL Launcher Thread     ] DEBUG FXGL.PhysicsWorld    - Physics world initialized: appHeight=700, physics.ppm=50,0
18:59:52.634 [FXGL Launcher Thread     ] DEBUG Input                - Registered new binding: Pause - Esc
18:59:52.684 [FXGL Launcher Thread     ] INFO  GameApplication      - Game configuration took:  0,692 sec
18:59:52.691 [JavaFX Application Thread] DEBUG MainWindow           - Opening main window
18:59:52.771 [JavaFX Application Thread] DEBUG MainWindow           - Window border size: (6.0, 29.0)
18:59:52.772 [JavaFX Application Thread] DEBUG MainWindow           - Scaled size: 600.0 x 700.0
18:59:52.772 [JavaFX Application Thread] DEBUG MainWindow           - Scaled ratio: (1.0, 1.0)
18:59:52.772 [JavaFX Application Thread] DEBUG MainWindow           - Scene size: 600.0 x 700.0
18:59:52.772 [JavaFX Application Thread] DEBUG MainWindow           - Stage size: 606.0 x 729.0
18:59:52.773 [JavaFX Application Thread] DEBUG GameApplication      - Running preInit()
18:59:52.776 [JavaFX Application Thread] DEBUG AnnotationParser     - Main app package name: com.myname
18:59:53.177 [JavaFX Application Thread] DEBUG AnnotationParser     - @SetAchievementStore: []
18:59:53.179 [JavaFX Application Thread] DEBUG Input                - Registered new binding: Screenshot - P
18:59:53.180 [JavaFX Application Thread] DEBUG Input                - Registered new binding: Dev Options - CTRL+0
18:59:53.181 [JavaFX Application Thread] DEBUG Input                - Registered new binding: Move Right - D
18:59:53.184 [JavaFX Application Thread] DEBUG Input                - Registered new binding: Move Left - A
18:59:53.184 [JavaFX Application Thread] DEBUG Input                - Registered new binding: Move Up - W
18:59:53.185 [JavaFX Application Thread] DEBUG Input                - Registered new binding: Move Down - S
18:59:53.185 [JavaFX Application Thread] DEBUG Input                - Registered new binding: Play Sound - F
18:59:53.249 [JavaFX Application Thread] DEBUG GameApplication      - Starting main loop
18:59:53.257 [JavaFX Application Thread] DEBUG StartupState         - STARTUP
18:59:53.258 [JavaFX Application Thread] DEBUG GameApplication      - Starting new game
18:59:53.258 [JavaFX Application Thread] DEBUG Input                - Clearing active input actions
18:59:53.258 [JavaFX Application Thread] DEBUG AppStateMachine      - StartupState -> LoadingState
18:59:53.327 [JavaFX Application Thread] DEBUG AnnotationParser     - Main app package name: com.myname
18:59:53.328 [JavaFX Application Thread] DEBUG InitAppTask          - Parsing annotations
18:59:53.366 [JavaFX Application Thread] DEBUG AnnotationParser     - @AddCollisionHandler: []
18:59:53.366 [JavaFX Application Thread] DEBUG AnnotationParser     - @SetEventHandler: []
18:59:53.366 [JavaFX Application Thread] DEBUG AnnotationParser     - @SetEntityFactory: []
18:59:53.385 [FXGL Background Thread 1 ] DEBUG InitAppTask          - Clearing previous game
18:59:53.386 [FXGL Background Thread 1 ] DEBUG FXGL.GameWorld       - Clearing game world
18:59:53.389 [FXGL Background Thread 1 ] DEBUG FXGL.PhysicsWorld    - Clearing physics world
18:59:53.389 [FXGL Background Thread 1 ] DEBUG FXGL.GameScene       - Clearing game scene
18:59:53.390 [FXGL Background Thread 1 ] DEBUG InitAppTask          - Initializing Assets
18:59:53.391 [FXGL Background Thread 1 ] DEBUG InitAppTask          - Initializing Game
18:59:53.460 [FXGL Background Thread 1 ] DEBUG AssetLoader          - Loading from disk: /assets/textures/brick.png
18:59:53.478 [FXGL Background Thread 1 ] DEBUG FXGL.GameScene       - Creating render group for layer: TOP(2147483647)
18:59:53.747 [FXGL Background Thread 1 ] DEBUG InitAppTask          - Initializing Physics
18:59:53.748 [FXGL Background Thread 1 ] DEBUG InitAppTask          - Initializing UI
18:59:53.749 [FXGL Background Thread 1 ] DEBUG AssetLoader          - Loading from cache: /assets/textures/brick.png
18:59:53.875 [FXGL Background Thread 1 ] DEBUG InitAppTask          - Initialization Complete
18:59:53.876 [FXGL Background Thread 1 ] INFO  InitAppTask          - Game initialization took: 0,491 sec
18:59:53.885 [JavaFX Application Thread] DEBUG Input                - Clearing active input actions
18:59:53.886 [JavaFX Application Thread] DEBUG AppStateMachine      - LoadingState -> PlayState
18:59:56.922 [JavaFX Application Thread] DEBUG GameApplication      - Exiting game application
18:59:56.925 [JavaFX Application Thread] DEBUG GameApplication      - Shutting down background threads
18:59:56.925 [JavaFX Application Thread] DEBUG GameApplication      - Exiting FXGL
18:59:56.925 [JavaFX Application Thread] DEBUG FXGL                 - Saving FXGL system data
18:59:56.927 [JavaFX Application Thread] DEBUG IOTask               - Executing task: writeDataTask(system/fxgl.bundle)
18:59:56.931 [JavaFX Application Thread] DEBUG FS                   - Writing to: system\fxgl.bundle
18:59:56.938 [JavaFX Application Thread] DEBUG IOTask               - Task succeeded: writeDataTask(system/fxgl.bundle)
18:59:56.938 [JavaFX Application Thread] DEBUG GameApplication      - Closing logger and exiting JavaFX
