18:48:33.684 [JavaFX Application Thread] DEBUG GameApplication      - Logger initialized
18:48:33.739 [JavaFX Application Thread] DEBUG MainWindow           - Creating a JavaFX scene
18:48:34.061 [JavaFX Application Thread] DEBUG MainWindow           - Target settings size: 600.0 x 600.0
18:48:34.061 [JavaFX Application Thread] DEBUG MainWindow           - Scaled scene size:    600.0 x 600.0
18:48:34.062 [JavaFX Application Thread] DEBUG MainWindow           - Scaled ratio: (1.0, 1.0)
18:48:34.504 [JavaFX Application Thread] DEBUG GameApplication      - Starting FXGL
18:48:34.504 [JavaFX Application Thread] INFO  Version              - FXGL-0.4.1
18:48:34.505 [JavaFX Application Thread] INFO  Version              - Source code and latest versions at: https://github.com/AlmasB/FXGL
18:48:34.505 [JavaFX Application Thread] INFO  Version              -              Join the FXGL chat at: https://gitter.im/AlmasB/FXGL
18:48:34.698 [FXGL Launcher Thread     ] DEBUG FXGL                 - Loading FXGL system data
18:48:34.717 [FXGL Launcher Thread     ] DEBUG IOTask               - Executing task: readDataTask(system/fxgl.bundle)
18:48:34.803 [FXGL Launcher Thread     ] DEBUG FS                   - Reading from: system\fxgl.bundle
18:48:34.823 [FXGL Launcher Thread     ] DEBUG IOTask               - Task succeeded: readDataTask(system/fxgl.bundle)
18:48:34.823 [FXGL Launcher Thread     ] DEBUG Bundle               - Logging bundle: FXGL
18:48:34.825 [FXGL Launcher Thread     ] DEBUG Bundle               - FXGL.offline.timer.version.check=2018-01-29T12:06:18.318
18:48:34.826 [FXGL Launcher Thread     ] DEBUG GameApplication      - FXGL configuration complete
18:48:34.828 [FXGL Launcher Thread     ] INFO  GameApplication      - FXGL configuration took:  0,318 sec
18:48:34.828 [FXGL Launcher Thread     ] DEBUG GameApplication      - Logging game settings
Title: Basic Game App
Version: 0.1
Width: 600
Height: 600
Fullscreen: false
Intro: false
Menus: false
Profiling: false
Single step:false
App Mode: DEVELOPER
Menu Key: ESCAPE
Stage Style: DECORATED
Scene Factory: class com.almasb.fxgl.scene.SceneFactory
Dialog Factory: class com.almasb.fxgl.ui.FXGLDialogFactory
UI Factory: class com.almasb.fxgl.ui.FXGLUIFactory
Notification Service: class com.almasb.fxgl.gameplay.notification.XboxNotificationView
Exception Handler: class com.almasb.fxgl.app.FXGLExceptionHandler
18:48:34.850 [FXGL Launcher Thread     ] DEBUG GameApplication      - Configuring GameApplication
18:48:34.866 [FXGL Launcher Thread     ] DEBUG AppStateMachine      - Initializing application states
18:48:34.887 [FXGL Launcher Thread     ] DEBUG AssetLoader          - Loading from disk: /assets/ui/cursors/fxgl_default.png
18:48:34.995 [FXGL Launcher Thread     ] DEBUG AssetLoader          - Loading from disk: /assets/ui/cursors/fxgl_default.png
18:48:35.052 [FXGL Launcher Thread     ] DEBUG AssetLoader          - Loading from disk: /assets/sounds/core/notification.wav
18:48:35.281 [FXGL Launcher Thread     ] DEBUG AssetLoader          - Loading from disk: /assets/sounds/menu/select.wav
18:48:35.284 [FXGL Launcher Thread     ] DEBUG AssetLoader          - Loading from disk: /assets/sounds/menu/back.wav
18:48:35.288 [FXGL Launcher Thread     ] DEBUG AssetLoader          - Loading from disk: /assets/sounds/menu/press.wav
18:48:35.292 [FXGL Launcher Thread     ] DEBUG AssetLoader          - Loading from disk: /assets/ui/fonts/VarelaRound-Regular.ttf
18:48:35.491 [FXGL Launcher Thread     ] DEBUG AssetLoader          - Loading from disk: /assets/ui/fonts/lucida_console.ttf
18:48:35.507 [FXGL Launcher Thread     ] DEBUG AssetLoader          - Loading from disk: /assets/ui/css/fxgl_dark.css
18:48:35.508 [FXGL Launcher Thread     ] DEBUG AssetLoader          - Loading from disk: /assets/ui/icons/fxgl_icon.png
18:48:35.548 [FXGL Launcher Thread     ] DEBUG AssetLoader          - Loading from disk: /assets/ui/cursors/fxgl_default.png
18:48:35.632 [FXGL Launcher Thread     ] DEBUG FXGL.GameScene       - Game scene initialized: 600x600
18:48:35.652 [FXGL Launcher Thread     ] DEBUG FXGL.GameWorld       - Game world initialized
18:48:35.775 [FXGL Launcher Thread     ] DEBUG FXGL.PhysicsWorld    - Physics world initialized: appHeight=600, physics.ppm=50,0
18:48:35.813 [FXGL Launcher Thread     ] DEBUG Input                - Registered new binding: Pause - Esc
18:48:35.852 [FXGL Launcher Thread     ] INFO  GameApplication      - Game configuration took:  1,002 sec
18:48:35.863 [JavaFX Application Thread] DEBUG MainWindow           - Opening main window
18:48:35.980 [JavaFX Application Thread] DEBUG MainWindow           - Window border size: (6.0, 29.0)
18:48:35.980 [JavaFX Application Thread] DEBUG MainWindow           - Scaled size: 600.0 x 600.0
18:48:35.981 [JavaFX Application Thread] DEBUG MainWindow           - Scaled ratio: (1.0, 1.0)
18:48:35.981 [JavaFX Application Thread] DEBUG MainWindow           - Scene size: 600.0 x 600.0
18:48:35.981 [JavaFX Application Thread] DEBUG MainWindow           - Stage size: 606.0 x 629.0
18:48:35.981 [JavaFX Application Thread] DEBUG GameApplication      - Running preInit()
18:48:35.986 [JavaFX Application Thread] DEBUG AnnotationParser     - Main app package name: com.myname
18:48:36.418 [JavaFX Application Thread] DEBUG AnnotationParser     - @SetAchievementStore: []
18:48:36.424 [JavaFX Application Thread] DEBUG Input                - Registered new binding: Screenshot - P
18:48:36.425 [JavaFX Application Thread] DEBUG Input                - Registered new binding: Dev Options - CTRL+0
18:48:36.425 [JavaFX Application Thread] DEBUG Input                - Registered new binding: Move Right - D
18:48:36.426 [JavaFX Application Thread] DEBUG Input                - Registered new binding: Move Left - A
18:48:36.426 [JavaFX Application Thread] DEBUG Input                - Registered new binding: Move Up - W
18:48:36.426 [JavaFX Application Thread] DEBUG Input                - Registered new binding: Move Down - S
18:48:36.427 [JavaFX Application Thread] DEBUG Input                - Registered new binding: Play Sound - F
18:48:36.481 [JavaFX Application Thread] DEBUG GameApplication      - Starting main loop
18:48:36.486 [JavaFX Application Thread] DEBUG StartupState         - STARTUP
18:48:36.487 [JavaFX Application Thread] DEBUG GameApplication      - Starting new game
18:48:36.487 [JavaFX Application Thread] DEBUG Input                - Clearing active input actions
18:48:36.487 [JavaFX Application Thread] DEBUG AppStateMachine      - StartupState -> LoadingState
18:48:36.581 [JavaFX Application Thread] DEBUG AnnotationParser     - Main app package name: com.myname
18:48:36.581 [JavaFX Application Thread] DEBUG InitAppTask          - Parsing annotations
18:48:36.702 [JavaFX Application Thread] DEBUG AnnotationParser     - @SetEntityFactory: []
18:48:36.702 [JavaFX Application Thread] DEBUG AnnotationParser     - @SetEventHandler: []
18:48:36.703 [JavaFX Application Thread] DEBUG AnnotationParser     - @AddCollisionHandler: []
18:48:36.741 [FXGL Background Thread 1 ] DEBUG InitAppTask          - Clearing previous game
18:48:36.742 [FXGL Background Thread 1 ] DEBUG FXGL.GameWorld       - Clearing game world
18:48:36.743 [FXGL Background Thread 1 ] DEBUG FXGL.PhysicsWorld    - Clearing physics world
18:48:36.744 [FXGL Background Thread 1 ] DEBUG FXGL.GameScene       - Clearing game scene
18:48:36.744 [FXGL Background Thread 1 ] DEBUG InitAppTask          - Initializing Assets
18:48:36.755 [FXGL Background Thread 1 ] DEBUG InitAppTask          - Initializing Game
18:48:36.863 [FXGL Background Thread 1 ] DEBUG AssetLoader          - Loading from disk: /assets/textures/brick.png
18:48:36.971 [FXGL Background Thread 1 ] DEBUG FXGL.GameScene       - Creating render group for layer: TOP(2147483647)
18:48:37.056 [FXGL Background Thread 1 ] DEBUG InitAppTask          - Initializing Physics
18:48:37.057 [FXGL Background Thread 1 ] DEBUG InitAppTask          - Initializing UI
18:48:37.057 [FXGL Background Thread 1 ] DEBUG AssetLoader          - Loading from cache: /assets/textures/brick.png
18:48:37.060 [FXGL Background Thread 1 ] DEBUG InitAppTask          - Initialization Complete
18:48:37.061 [FXGL Background Thread 1 ] INFO  InitAppTask          - Game initialization took: 0,320 sec
18:48:37.066 [JavaFX Application Thread] DEBUG Input                - Clearing active input actions
18:48:37.066 [JavaFX Application Thread] DEBUG AppStateMachine      - LoadingState -> PlayState
18:54:15.712 [JavaFX Application Thread] DEBUG GameApplication      - Exiting game application
18:54:15.714 [JavaFX Application Thread] DEBUG GameApplication      - Shutting down background threads
18:54:15.714 [JavaFX Application Thread] DEBUG GameApplication      - Exiting FXGL
18:54:15.715 [JavaFX Application Thread] DEBUG FXGL                 - Saving FXGL system data
18:54:15.716 [JavaFX Application Thread] DEBUG IOTask               - Executing task: writeDataTask(system/fxgl.bundle)
18:54:15.719 [JavaFX Application Thread] DEBUG FS                   - Writing to: system\fxgl.bundle
18:54:15.725 [JavaFX Application Thread] DEBUG IOTask               - Task succeeded: writeDataTask(system/fxgl.bundle)
18:54:15.725 [JavaFX Application Thread] DEBUG GameApplication      - Closing logger and exiting JavaFX
