07:59:08.292 [JavaFX Application Thread] DEBUG GameApplication      - Logger initialized
07:59:08.327 [JavaFX Application Thread] DEBUG MainWindow           - Creating a JavaFX scene
07:59:08.559 [JavaFX Application Thread] DEBUG MainWindow           - Target settings size: 600.0 x 600.0
07:59:08.559 [JavaFX Application Thread] DEBUG MainWindow           - Scaled scene size:    600.0 x 600.0
07:59:08.560 [JavaFX Application Thread] DEBUG MainWindow           - Scaled ratio: (1.0, 1.0)
07:59:08.815 [JavaFX Application Thread] DEBUG GameApplication      - Starting FXGL
07:59:08.815 [JavaFX Application Thread] INFO  Version              - FXGL-0.4.1
07:59:08.816 [JavaFX Application Thread] INFO  Version              - Source code and latest versions at: https://github.com/AlmasB/FXGL
07:59:08.816 [JavaFX Application Thread] INFO  Version              -              Join the FXGL chat at: https://gitter.im/AlmasB/FXGL
07:59:08.936 [FXGL Launcher Thread     ] DEBUG FXGL                 - Loading FXGL system data
07:59:08.944 [FXGL Launcher Thread     ] DEBUG IOTask               - Executing task: readDataTask(system/fxgl.bundle)
07:59:08.958 [FXGL Launcher Thread     ] DEBUG FS                   - Reading from: system\fxgl.bundle
07:59:08.981 [FXGL Launcher Thread     ] DEBUG IOTask               - Task succeeded: readDataTask(system/fxgl.bundle)
07:59:08.981 [FXGL Launcher Thread     ] DEBUG Bundle               - Logging bundle: FXGL
07:59:08.982 [FXGL Launcher Thread     ] DEBUG Bundle               - FXGL.offline.timer.version.check=2018-01-29T12:06:18.318
07:59:08.984 [FXGL Launcher Thread     ] DEBUG GameApplication      - FXGL configuration complete
07:59:08.986 [FXGL Launcher Thread     ] INFO  GameApplication      - FXGL configuration took:  0,123 sec
07:59:08.987 [FXGL Launcher Thread     ] DEBUG GameApplication      - Logging game settings
Title: Basic Game App
Version: 0.1
Width: 600
Height: 600
Fullscreen: false
Intro: false
Menus: false
Profiling: false
Single step:false
App Mode: DEVELOPER
Menu Key: ESCAPE
Stage Style: DECORATED
Scene Factory: class com.almasb.fxgl.scene.SceneFactory
Dialog Factory: class com.almasb.fxgl.ui.FXGLDialogFactory
UI Factory: class com.almasb.fxgl.ui.FXGLUIFactory
Notification Service: class com.almasb.fxgl.gameplay.notification.XboxNotificationView
Exception Handler: class com.almasb.fxgl.app.FXGLExceptionHandler
07:59:09.005 [FXGL Launcher Thread     ] DEBUG GameApplication      - Configuring GameApplication
07:59:09.013 [FXGL Launcher Thread     ] DEBUG AppStateMachine      - Initializing application states
07:59:09.032 [FXGL Launcher Thread     ] DEBUG AssetLoader          - Loading from disk: /assets/ui/cursors/fxgl_default.png
07:59:09.078 [FXGL Launcher Thread     ] DEBUG AssetLoader          - Loading from disk: /assets/ui/cursors/fxgl_default.png
07:59:09.095 [FXGL Launcher Thread     ] DEBUG AssetLoader          - Loading from disk: /assets/sounds/core/notification.wav
07:59:09.136 [FXGL Launcher Thread     ] DEBUG AssetLoader          - Loading from disk: /assets/sounds/menu/select.wav
07:59:09.138 [FXGL Launcher Thread     ] DEBUG AssetLoader          - Loading from disk: /assets/sounds/menu/back.wav
07:59:09.141 [FXGL Launcher Thread     ] DEBUG AssetLoader          - Loading from disk: /assets/sounds/menu/press.wav
07:59:09.145 [FXGL Launcher Thread     ] DEBUG AssetLoader          - Loading from disk: /assets/ui/fonts/VarelaRound-Regular.ttf
07:59:09.350 [FXGL Launcher Thread     ] DEBUG AssetLoader          - Loading from disk: /assets/ui/fonts/lucida_console.ttf
07:59:09.359 [FXGL Launcher Thread     ] DEBUG AssetLoader          - Loading from disk: /assets/ui/css/fxgl_dark.css
07:59:09.360 [FXGL Launcher Thread     ] DEBUG AssetLoader          - Loading from disk: /assets/ui/icons/fxgl_icon.png
07:59:09.407 [FXGL Launcher Thread     ] DEBUG AssetLoader          - Loading from disk: /assets/ui/cursors/fxgl_default.png
07:59:09.466 [FXGL Launcher Thread     ] DEBUG FXGL.GameScene       - Game scene initialized: 600x600
07:59:09.472 [FXGL Launcher Thread     ] DEBUG FXGL.GameWorld       - Game world initialized
07:59:09.592 [FXGL Launcher Thread     ] DEBUG FXGL.PhysicsWorld    - Physics world initialized: appHeight=600, physics.ppm=50,0
07:59:09.634 [FXGL Launcher Thread     ] DEBUG Input                - Registered new binding: Pause - Esc
07:59:09.699 [FXGL Launcher Thread     ] INFO  GameApplication      - Game configuration took:  0,694 sec
07:59:09.707 [JavaFX Application Thread] DEBUG MainWindow           - Opening main window
07:59:09.771 [JavaFX Application Thread] DEBUG MainWindow           - Window border size: (6.0, 29.0)
07:59:09.772 [JavaFX Application Thread] DEBUG MainWindow           - Scaled size: 600.0 x 600.0
07:59:09.772 [JavaFX Application Thread] DEBUG MainWindow           - Scaled ratio: (1.0, 1.0)
07:59:09.772 [JavaFX Application Thread] DEBUG MainWindow           - Scene size: 600.0 x 600.0
07:59:09.772 [JavaFX Application Thread] DEBUG MainWindow           - Stage size: 606.0 x 629.0
07:59:09.773 [JavaFX Application Thread] DEBUG GameApplication      - Running preInit()
07:59:09.777 [JavaFX Application Thread] DEBUG AnnotationParser     - Main app package name: com.myname
07:59:09.927 [JavaFX Application Thread] DEBUG AnnotationParser     - @SetAchievementStore: []
07:59:09.930 [JavaFX Application Thread] DEBUG Input                - Registered new binding: Screenshot - P
07:59:09.931 [JavaFX Application Thread] DEBUG Input                - Registered new binding: Dev Options - CTRL+0
07:59:09.931 [JavaFX Application Thread] DEBUG Input                - Registered new binding: Move Right - D
07:59:09.931 [JavaFX Application Thread] DEBUG Input                - Registered new binding: Move Left - A
07:59:09.932 [JavaFX Application Thread] DEBUG Input                - Registered new binding: Move Up - W
07:59:09.932 [JavaFX Application Thread] DEBUG Input                - Registered new binding: Move Down - S
07:59:09.932 [JavaFX Application Thread] DEBUG Input                - Registered new binding: Play Sound - F
07:59:10.036 [JavaFX Application Thread] DEBUG GameApplication      - Starting main loop
07:59:10.041 [JavaFX Application Thread] DEBUG StartupState         - STARTUP
07:59:10.041 [JavaFX Application Thread] DEBUG GameApplication      - Starting new game
07:59:10.042 [JavaFX Application Thread] DEBUG Input                - Clearing active input actions
07:59:10.042 [JavaFX Application Thread] DEBUG AppStateMachine      - StartupState -> LoadingState
07:59:10.105 [JavaFX Application Thread] DEBUG AnnotationParser     - Main app package name: com.myname
07:59:10.105 [JavaFX Application Thread] DEBUG InitAppTask          - Parsing annotations
07:59:10.186 [JavaFX Application Thread] DEBUG AnnotationParser     - @SetEventHandler: []
07:59:10.186 [JavaFX Application Thread] DEBUG AnnotationParser     - @AddCollisionHandler: []
07:59:10.186 [JavaFX Application Thread] DEBUG AnnotationParser     - @SetEntityFactory: []
07:59:10.202 [FXGL Background Thread 1 ] DEBUG InitAppTask          - Clearing previous game
07:59:10.202 [FXGL Background Thread 1 ] DEBUG FXGL.GameWorld       - Clearing game world
07:59:10.203 [FXGL Background Thread 1 ] DEBUG FXGL.PhysicsWorld    - Clearing physics world
07:59:10.204 [FXGL Background Thread 1 ] DEBUG FXGL.GameScene       - Clearing game scene
07:59:10.204 [FXGL Background Thread 1 ] DEBUG InitAppTask          - Initializing Assets
07:59:10.206 [FXGL Background Thread 1 ] DEBUG InitAppTask          - Initializing Game
07:59:10.270 [FXGL Background Thread 1 ] DEBUG AssetLoader          - Loading from disk: /assets/textures/brick.png
07:59:10.288 [FXGL Background Thread 1 ] DEBUG FXGL.GameScene       - Creating render group for layer: TOP(2147483647)
07:59:10.367 [FXGL Background Thread 1 ] DEBUG InitAppTask          - Initializing Physics
07:59:10.368 [FXGL Background Thread 1 ] DEBUG InitAppTask          - Initializing UI
07:59:10.368 [FXGL Background Thread 1 ] DEBUG AssetLoader          - Loading from cache: /assets/textures/brick.png
07:59:10.371 [FXGL Background Thread 1 ] DEBUG InitAppTask          - Initialization Complete
07:59:10.371 [FXGL Background Thread 1 ] INFO  InitAppTask          - Game initialization took: 0,169 sec
07:59:10.406 [JavaFX Application Thread] DEBUG Input                - Clearing active input actions
07:59:10.406 [JavaFX Application Thread] DEBUG AppStateMachine      - LoadingState -> PlayState
07:59:16.378 [JavaFX Application Thread] DEBUG GameApplication      - Exiting game application
07:59:16.380 [JavaFX Application Thread] DEBUG GameApplication      - Shutting down background threads
07:59:16.380 [JavaFX Application Thread] DEBUG GameApplication      - Exiting FXGL
07:59:16.380 [JavaFX Application Thread] DEBUG FXGL                 - Saving FXGL system data
07:59:16.382 [JavaFX Application Thread] DEBUG IOTask               - Executing task: writeDataTask(system/fxgl.bundle)
07:59:16.385 [JavaFX Application Thread] DEBUG FS                   - Writing to: system\fxgl.bundle
07:59:16.390 [JavaFX Application Thread] DEBUG IOTask               - Task succeeded: writeDataTask(system/fxgl.bundle)
07:59:16.390 [JavaFX Application Thread] DEBUG GameApplication      - Closing logger and exiting JavaFX
