12:00:44.788 [JavaFX Application Thread] DEBUG GameApplication      - Logger initialized
12:00:44.816 [JavaFX Application Thread] DEBUG MainWindow           - Creating a JavaFX scene
12:00:45.006 [JavaFX Application Thread] DEBUG MainWindow           - Target settings size: 600.0 x 600.0
12:00:45.006 [JavaFX Application Thread] DEBUG MainWindow           - Scaled scene size:    600.0 x 600.0
12:00:45.007 [JavaFX Application Thread] DEBUG MainWindow           - Scaled ratio: (1.0, 1.0)
12:00:45.278 [JavaFX Application Thread] DEBUG GameApplication      - Starting FXGL
12:00:45.279 [JavaFX Application Thread] INFO  Version              - FXGL-0.4.1
12:00:45.279 [JavaFX Application Thread] INFO  Version              - Source code and latest versions at: https://github.com/AlmasB/FXGL
12:00:45.280 [JavaFX Application Thread] INFO  Version              -              Join the FXGL chat at: https://gitter.im/AlmasB/FXGL
12:00:45.372 [FXGL Launcher Thread     ] DEBUG FXGL                 - Loading FXGL system data
12:00:45.382 [FXGL Launcher Thread     ] DEBUG IOTask               - Executing task: readDataTask(system/fxgl.bundle)
12:00:45.394 [FXGL Launcher Thread     ] DEBUG FS                   - Reading from: system\fxgl.bundle
12:00:45.419 [FXGL Launcher Thread     ] DEBUG IOTask               - Task succeeded: readDataTask(system/fxgl.bundle)
12:00:45.419 [FXGL Launcher Thread     ] DEBUG Bundle               - Logging bundle: FXGL
12:00:45.421 [FXGL Launcher Thread     ] DEBUG Bundle               - FXGL.offline.timer.version.check=2018-01-29T12:06:18.318
12:00:45.422 [FXGL Launcher Thread     ] DEBUG GameApplication      - FXGL configuration complete
12:00:45.424 [FXGL Launcher Thread     ] INFO  GameApplication      - FXGL configuration took:  0,125 sec
12:00:45.426 [FXGL Launcher Thread     ] DEBUG GameApplication      - Logging game settings
Title: Basic Game App
Version: 0.1
Width: 600
Height: 600
Fullscreen: false
Intro: false
Menus: false
Profiling: false
Single step:false
App Mode: DEVELOPER
Menu Key: ESCAPE
Stage Style: DECORATED
Scene Factory: class com.almasb.fxgl.scene.SceneFactory
Dialog Factory: class com.almasb.fxgl.ui.FXGLDialogFactory
UI Factory: class com.almasb.fxgl.ui.FXGLUIFactory
Notification Service: class com.almasb.fxgl.gameplay.notification.XboxNotificationView
Exception Handler: class com.almasb.fxgl.app.FXGLExceptionHandler
12:00:45.434 [FXGL Launcher Thread     ] DEBUG GameApplication      - Configuring GameApplication
12:00:45.442 [FXGL Launcher Thread     ] DEBUG AppStateMachine      - Initializing application states
12:00:45.462 [FXGL Launcher Thread     ] DEBUG AssetLoader          - Loading from disk: /assets/ui/cursors/fxgl_default.png
12:00:45.508 [FXGL Launcher Thread     ] DEBUG AssetLoader          - Loading from disk: /assets/ui/cursors/fxgl_default.png
12:00:45.578 [FXGL Launcher Thread     ] DEBUG AssetLoader          - Loading from disk: /assets/sounds/core/notification.wav
12:00:45.619 [FXGL Launcher Thread     ] DEBUG AssetLoader          - Loading from disk: /assets/sounds/menu/select.wav
12:00:45.621 [FXGL Launcher Thread     ] DEBUG AssetLoader          - Loading from disk: /assets/sounds/menu/back.wav
12:00:45.624 [FXGL Launcher Thread     ] DEBUG AssetLoader          - Loading from disk: /assets/sounds/menu/press.wav
12:00:45.628 [FXGL Launcher Thread     ] DEBUG AssetLoader          - Loading from disk: /assets/ui/fonts/VarelaRound-Regular.ttf
12:00:45.811 [FXGL Launcher Thread     ] DEBUG AssetLoader          - Loading from disk: /assets/ui/fonts/lucida_console.ttf
12:00:45.821 [FXGL Launcher Thread     ] DEBUG AssetLoader          - Loading from disk: /assets/ui/css/fxgl_dark.css
12:00:45.821 [FXGL Launcher Thread     ] DEBUG AssetLoader          - Loading from disk: /assets/ui/icons/fxgl_icon.png
12:00:45.862 [FXGL Launcher Thread     ] DEBUG AssetLoader          - Loading from disk: /assets/ui/cursors/fxgl_default.png
12:00:45.909 [FXGL Launcher Thread     ] DEBUG FXGL.GameScene       - Game scene initialized: 600x600
12:00:45.917 [FXGL Launcher Thread     ] DEBUG FXGL.GameWorld       - Game world initialized
12:00:46.028 [FXGL Launcher Thread     ] DEBUG FXGL.PhysicsWorld    - Physics world initialized: appHeight=600, physics.ppm=50,0
12:00:46.066 [FXGL Launcher Thread     ] DEBUG Input                - Registered new binding: Pause - Esc
12:00:46.091 [FXGL Launcher Thread     ] INFO  GameApplication      - Game configuration took:  0,656 sec
12:00:46.102 [JavaFX Application Thread] DEBUG MainWindow           - Opening main window
12:00:46.177 [JavaFX Application Thread] DEBUG MainWindow           - Window border size: (6.0, 29.0)
12:00:46.177 [JavaFX Application Thread] DEBUG MainWindow           - Scaled size: 600.0 x 600.0
12:00:46.177 [JavaFX Application Thread] DEBUG MainWindow           - Scaled ratio: (1.0, 1.0)
12:00:46.177 [JavaFX Application Thread] DEBUG MainWindow           - Scene size: 600.0 x 600.0
12:00:46.178 [JavaFX Application Thread] DEBUG MainWindow           - Stage size: 606.0 x 629.0
12:00:46.178 [JavaFX Application Thread] DEBUG GameApplication      - Running preInit()
12:00:46.181 [JavaFX Application Thread] DEBUG AnnotationParser     - Main app package name: com.myname
12:00:46.526 [JavaFX Application Thread] DEBUG AnnotationParser     - @SetAchievementStore: []
12:00:46.528 [JavaFX Application Thread] DEBUG Input                - Registered new binding: Screenshot - P
12:00:46.529 [JavaFX Application Thread] DEBUG Input                - Registered new binding: Dev Options - CTRL+0
12:00:46.530 [JavaFX Application Thread] DEBUG Input                - Registered new binding: Move Right - D
12:00:46.530 [JavaFX Application Thread] DEBUG Input                - Registered new binding: Move Left - A
12:00:46.530 [JavaFX Application Thread] DEBUG Input                - Registered new binding: Move Up - W
12:00:46.531 [JavaFX Application Thread] DEBUG Input                - Registered new binding: Move Down - S
12:00:46.531 [JavaFX Application Thread] DEBUG Input                - Registered new binding: Play Sound - F
12:00:46.612 [JavaFX Application Thread] DEBUG GameApplication      - Starting main loop
12:00:46.615 [JavaFX Application Thread] DEBUG StartupState         - STARTUP
12:00:46.616 [JavaFX Application Thread] DEBUG GameApplication      - Starting new game
12:00:46.616 [JavaFX Application Thread] DEBUG Input                - Clearing active input actions
12:00:46.616 [JavaFX Application Thread] DEBUG AppStateMachine      - StartupState -> LoadingState
12:00:46.701 [JavaFX Application Thread] DEBUG AnnotationParser     - Main app package name: com.myname
12:00:46.702 [JavaFX Application Thread] DEBUG InitAppTask          - Parsing annotations
12:00:46.865 [JavaFX Application Thread] DEBUG AnnotationParser     - @SetEventHandler: []
12:00:46.866 [JavaFX Application Thread] DEBUG AnnotationParser     - @AddCollisionHandler: []
12:00:46.866 [JavaFX Application Thread] DEBUG AnnotationParser     - @SetEntityFactory: []
12:00:46.927 [FXGL Background Thread 1 ] DEBUG InitAppTask          - Clearing previous game
12:00:46.928 [FXGL Background Thread 1 ] DEBUG FXGL.GameWorld       - Clearing game world
12:00:46.929 [FXGL Background Thread 1 ] DEBUG FXGL.PhysicsWorld    - Clearing physics world
12:00:46.930 [FXGL Background Thread 1 ] DEBUG FXGL.GameScene       - Clearing game scene
12:00:46.930 [FXGL Background Thread 1 ] DEBUG InitAppTask          - Initializing Assets
12:00:46.932 [FXGL Background Thread 1 ] DEBUG InitAppTask          - Initializing Game
12:00:46.996 [FXGL Background Thread 1 ] DEBUG AssetLoader          - Loading from disk: /assets/textures/brick.png
12:00:47.032 [FXGL Background Thread 1 ] DEBUG FXGL.GameScene       - Creating render group for layer: TOP(2147483647)
12:00:47.077 [FXGL Background Thread 1 ] DEBUG InitAppTask          - Initializing Physics
12:00:47.079 [FXGL Background Thread 1 ] DEBUG InitAppTask          - Initializing UI
12:00:47.079 [FXGL Background Thread 1 ] DEBUG AssetLoader          - Loading from cache: /assets/textures/brick.png
12:00:47.081 [FXGL Background Thread 1 ] DEBUG InitAppTask          - Initialization Complete
12:00:47.082 [FXGL Background Thread 1 ] INFO  InitAppTask          - Game initialization took: 0,155 sec
12:00:47.085 [JavaFX Application Thread] DEBUG Input                - Clearing active input actions
12:00:47.085 [JavaFX Application Thread] DEBUG AppStateMachine      - LoadingState -> PlayState
12:00:55.846 [JavaFX Application Thread] DEBUG GameApplication      - Exiting game application
12:00:55.848 [JavaFX Application Thread] DEBUG GameApplication      - Shutting down background threads
12:00:55.849 [JavaFX Application Thread] DEBUG GameApplication      - Exiting FXGL
12:00:55.849 [JavaFX Application Thread] DEBUG FXGL                 - Saving FXGL system data
12:00:55.851 [JavaFX Application Thread] DEBUG IOTask               - Executing task: writeDataTask(system/fxgl.bundle)
12:00:55.855 [JavaFX Application Thread] DEBUG FS                   - Writing to: system\fxgl.bundle
12:00:55.861 [JavaFX Application Thread] DEBUG IOTask               - Task succeeded: writeDataTask(system/fxgl.bundle)
12:00:55.861 [JavaFX Application Thread] DEBUG GameApplication      - Closing logger and exiting JavaFX
