08:48:08.767 [JavaFX Application Thread] DEBUG GameApplication      - Logger initialized
08:48:08.811 [JavaFX Application Thread] DEBUG MainWindow           - Creating a JavaFX scene
08:48:09.136 [JavaFX Application Thread] DEBUG MainWindow           - Target settings size: 600.0 x 600.0
08:48:09.136 [JavaFX Application Thread] DEBUG MainWindow           - Scaled scene size:    600.0 x 600.0
08:48:09.137 [JavaFX Application Thread] DEBUG MainWindow           - Scaled ratio: (1.0, 1.0)
08:48:09.532 [JavaFX Application Thread] DEBUG GameApplication      - Starting FXGL
08:48:09.532 [JavaFX Application Thread] INFO  Version              - FXGL-0.4.1
08:48:09.533 [JavaFX Application Thread] INFO  Version              - Source code and latest versions at: https://github.com/AlmasB/FXGL
08:48:09.533 [JavaFX Application Thread] INFO  Version              -              Join the FXGL chat at: https://gitter.im/AlmasB/FXGL
08:48:09.626 [FXGL Launcher Thread     ] DEBUG FXGL                 - Loading FXGL system data
08:48:09.634 [FXGL Launcher Thread     ] DEBUG IOTask               - Executing task: readDataTask(system/fxgl.bundle)
08:48:09.653 [FXGL Launcher Thread     ] DEBUG FS                   - Reading from: system\fxgl.bundle
08:48:09.681 [FXGL Launcher Thread     ] DEBUG IOTask               - Task succeeded: readDataTask(system/fxgl.bundle)
08:48:09.681 [FXGL Launcher Thread     ] DEBUG Bundle               - Logging bundle: FXGL
08:48:09.683 [FXGL Launcher Thread     ] DEBUG Bundle               - FXGL.offline.timer.version.check=2018-01-29T12:06:18.318
08:48:09.684 [FXGL Launcher Thread     ] DEBUG GameApplication      - FXGL configuration complete
08:48:09.686 [FXGL Launcher Thread     ] INFO  GameApplication      - FXGL configuration took:  0,146 sec
08:48:09.687 [FXGL Launcher Thread     ] DEBUG GameApplication      - Logging game settings
Title: Basic Game App
Version: 0.1
Width: 600
Height: 600
Fullscreen: false
Intro: false
Menus: false
Profiling: false
Single step:false
App Mode: DEVELOPER
Menu Key: ESCAPE
Stage Style: DECORATED
Scene Factory: class com.almasb.fxgl.scene.SceneFactory
Dialog Factory: class com.almasb.fxgl.ui.FXGLDialogFactory
UI Factory: class com.almasb.fxgl.ui.FXGLUIFactory
Notification Service: class com.almasb.fxgl.gameplay.notification.XboxNotificationView
Exception Handler: class com.almasb.fxgl.app.FXGLExceptionHandler
08:48:09.699 [FXGL Launcher Thread     ] DEBUG GameApplication      - Configuring GameApplication
08:48:09.706 [FXGL Launcher Thread     ] DEBUG AppStateMachine      - Initializing application states
08:48:09.727 [FXGL Launcher Thread     ] DEBUG AssetLoader          - Loading from disk: /assets/ui/cursors/fxgl_default.png
08:48:09.773 [FXGL Launcher Thread     ] DEBUG AssetLoader          - Loading from disk: /assets/ui/cursors/fxgl_default.png
08:48:09.824 [FXGL Launcher Thread     ] DEBUG AssetLoader          - Loading from disk: /assets/sounds/core/notification.wav
08:48:09.871 [FXGL Launcher Thread     ] DEBUG AssetLoader          - Loading from disk: /assets/sounds/menu/select.wav
08:48:09.873 [FXGL Launcher Thread     ] DEBUG AssetLoader          - Loading from disk: /assets/sounds/menu/back.wav
08:48:09.884 [FXGL Launcher Thread     ] DEBUG AssetLoader          - Loading from disk: /assets/sounds/menu/press.wav
08:48:09.887 [FXGL Launcher Thread     ] DEBUG AssetLoader          - Loading from disk: /assets/ui/fonts/VarelaRound-Regular.ttf
08:48:10.227 [FXGL Launcher Thread     ] DEBUG AssetLoader          - Loading from disk: /assets/ui/fonts/lucida_console.ttf
08:48:10.236 [FXGL Launcher Thread     ] DEBUG AssetLoader          - Loading from disk: /assets/ui/css/fxgl_dark.css
08:48:10.236 [FXGL Launcher Thread     ] DEBUG AssetLoader          - Loading from disk: /assets/ui/icons/fxgl_icon.png
08:48:10.278 [FXGL Launcher Thread     ] DEBUG AssetLoader          - Loading from disk: /assets/ui/cursors/fxgl_default.png
08:48:10.323 [FXGL Launcher Thread     ] DEBUG FXGL.GameScene       - Game scene initialized: 600x600
08:48:10.330 [FXGL Launcher Thread     ] DEBUG FXGL.GameWorld       - Game world initialized
08:48:10.481 [FXGL Launcher Thread     ] DEBUG FXGL.PhysicsWorld    - Physics world initialized: appHeight=600, physics.ppm=50,0
08:48:10.518 [FXGL Launcher Thread     ] DEBUG Input                - Registered new binding: Pause - Esc
08:48:10.544 [FXGL Launcher Thread     ] INFO  GameApplication      - Game configuration took:  0,845 sec
08:48:10.548 [JavaFX Application Thread] DEBUG MainWindow           - Opening main window
08:48:10.617 [JavaFX Application Thread] DEBUG MainWindow           - Window border size: (6.0, 29.0)
08:48:10.618 [JavaFX Application Thread] DEBUG MainWindow           - Scaled size: 600.0 x 600.0
08:48:10.619 [JavaFX Application Thread] DEBUG MainWindow           - Scaled ratio: (1.0, 1.0)
08:48:10.619 [JavaFX Application Thread] DEBUG MainWindow           - Scene size: 600.0 x 600.0
08:48:10.620 [JavaFX Application Thread] DEBUG MainWindow           - Stage size: 606.0 x 629.0
08:48:10.620 [JavaFX Application Thread] DEBUG GameApplication      - Running preInit()
08:48:10.623 [JavaFX Application Thread] DEBUG AnnotationParser     - Main app package name: com.myname
08:48:10.895 [JavaFX Application Thread] DEBUG AnnotationParser     - @SetAchievementStore: []
08:48:10.897 [JavaFX Application Thread] DEBUG Input                - Registered new binding: Screenshot - P
08:48:10.898 [JavaFX Application Thread] DEBUG Input                - Registered new binding: Dev Options - CTRL+0
08:48:10.899 [JavaFX Application Thread] DEBUG Input                - Registered new binding: Move Right - D
08:48:10.899 [JavaFX Application Thread] DEBUG Input                - Registered new binding: Move Left - A
08:48:10.899 [JavaFX Application Thread] DEBUG Input                - Registered new binding: Move Up - W
08:48:10.900 [JavaFX Application Thread] DEBUG Input                - Registered new binding: Move Down - S
08:48:10.900 [JavaFX Application Thread] DEBUG Input                - Registered new binding: Play Sound - F
08:48:10.957 [JavaFX Application Thread] DEBUG GameApplication      - Starting main loop
08:48:10.961 [JavaFX Application Thread] DEBUG StartupState         - STARTUP
08:48:10.961 [JavaFX Application Thread] DEBUG GameApplication      - Starting new game
08:48:10.961 [JavaFX Application Thread] DEBUG Input                - Clearing active input actions
08:48:10.962 [JavaFX Application Thread] DEBUG AppStateMachine      - StartupState -> LoadingState
08:48:11.031 [JavaFX Application Thread] DEBUG AnnotationParser     - Main app package name: com.myname
08:48:11.032 [JavaFX Application Thread] DEBUG InitAppTask          - Parsing annotations
08:48:11.085 [JavaFX Application Thread] DEBUG AnnotationParser     - @SetEventHandler: []
08:48:11.085 [JavaFX Application Thread] DEBUG AnnotationParser     - @AddCollisionHandler: []
08:48:11.086 [JavaFX Application Thread] DEBUG AnnotationParser     - @SetEntityFactory: []
08:48:11.101 [FXGL Background Thread 1 ] DEBUG InitAppTask          - Clearing previous game
08:48:11.102 [FXGL Background Thread 1 ] DEBUG FXGL.GameWorld       - Clearing game world
08:48:11.103 [FXGL Background Thread 1 ] DEBUG FXGL.PhysicsWorld    - Clearing physics world
08:48:11.103 [FXGL Background Thread 1 ] DEBUG FXGL.GameScene       - Clearing game scene
08:48:11.104 [FXGL Background Thread 1 ] DEBUG InitAppTask          - Initializing Assets
08:48:11.105 [FXGL Background Thread 1 ] DEBUG InitAppTask          - Initializing Game
08:48:11.170 [FXGL Background Thread 1 ] DEBUG AssetLoader          - Loading from disk: /assets/textures/brick.png
08:48:11.203 [FXGL Background Thread 1 ] DEBUG FXGL.GameScene       - Creating render group for layer: TOP(2147483647)
08:48:11.248 [FXGL Background Thread 1 ] DEBUG InitAppTask          - Initializing Physics
08:48:11.249 [FXGL Background Thread 1 ] DEBUG InitAppTask          - Initializing UI
08:48:11.249 [FXGL Background Thread 1 ] DEBUG AssetLoader          - Loading from cache: /assets/textures/brick.png
08:48:11.252 [FXGL Background Thread 1 ] DEBUG InitAppTask          - Initialization Complete
08:48:11.252 [FXGL Background Thread 1 ] INFO  InitAppTask          - Game initialization took: 0,151 sec
08:48:11.259 [JavaFX Application Thread] DEBUG Input                - Clearing active input actions
08:48:11.259 [JavaFX Application Thread] DEBUG AppStateMachine      - LoadingState -> PlayState
08:48:13.392 [JavaFX Application Thread] DEBUG GameApplication      - Exiting game application
08:48:13.394 [JavaFX Application Thread] DEBUG GameApplication      - Shutting down background threads
08:48:13.395 [JavaFX Application Thread] DEBUG GameApplication      - Exiting FXGL
08:48:13.395 [JavaFX Application Thread] DEBUG FXGL                 - Saving FXGL system data
08:48:13.397 [JavaFX Application Thread] DEBUG IOTask               - Executing task: writeDataTask(system/fxgl.bundle)
08:48:13.428 [JavaFX Application Thread] DEBUG FS                   - Writing to: system\fxgl.bundle
08:48:13.446 [JavaFX Application Thread] DEBUG IOTask               - Task succeeded: writeDataTask(system/fxgl.bundle)
08:48:13.447 [JavaFX Application Thread] DEBUG GameApplication      - Closing logger and exiting JavaFX
