13:07:19.100 [JavaFX Application Thread] DEBUG GameApplication      - Logger initialized
13:07:19.141 [JavaFX Application Thread] DEBUG MainWindow           - Creating a JavaFX scene
13:07:19.397 [JavaFX Application Thread] DEBUG MainWindow           - Target settings size: 800.0 x 600.0
13:07:19.398 [JavaFX Application Thread] DEBUG MainWindow           - Scaled scene size:    800.0 x 600.0
13:07:19.398 [JavaFX Application Thread] DEBUG MainWindow           - Scaled ratio: (1.0, 1.0)
13:07:20.014 [JavaFX Application Thread] DEBUG GameApplication      - Starting FXGL
13:07:20.015 [JavaFX Application Thread] INFO  Version              - FXGL-0.4.1
13:07:20.016 [JavaFX Application Thread] INFO  Version              - Source code and latest versions at: https://github.com/AlmasB/FXGL
13:07:20.016 [JavaFX Application Thread] INFO  Version              -              Join the FXGL chat at: https://gitter.im/AlmasB/FXGL
13:07:20.149 [FXGL Launcher Thread     ] DEBUG FXGL                 - Loading FXGL system data
13:07:20.161 [FXGL Launcher Thread     ] DEBUG IOTask               - Executing task: readDataTask(system/fxgl.bundle)
13:07:20.210 [FXGL Launcher Thread     ] DEBUG FS                   - Reading from: system\fxgl.bundle
13:07:20.252 [FXGL Launcher Thread     ] DEBUG IOTask               - Task succeeded: readDataTask(system/fxgl.bundle)
13:07:20.252 [FXGL Launcher Thread     ] DEBUG Bundle               - Logging bundle: FXGL
13:07:20.253 [FXGL Launcher Thread     ] DEBUG Bundle               - FXGL.offline.timer.version.check=2018-01-29T12:06:18.318
13:07:20.254 [FXGL Launcher Thread     ] DEBUG GameApplication      - FXGL configuration complete
13:07:20.257 [FXGL Launcher Thread     ] INFO  GameApplication      - FXGL configuration took:  0,184 sec
13:07:20.257 [FXGL Launcher Thread     ] DEBUG GameApplication      - Logging game settings
Title: Untitled
Version: 0.0
Width: 800
Height: 600
Fullscreen: false
Intro: false
Menus: false
Profiling: false
Single step:false
App Mode: DEVELOPER
Menu Key: ESCAPE
Stage Style: DECORATED
Scene Factory: class com.almasb.fxgl.scene.SceneFactory
Dialog Factory: class com.almasb.fxgl.ui.FXGLDialogFactory
UI Factory: class com.almasb.fxgl.ui.FXGLUIFactory
Notification Service: class com.almasb.fxgl.gameplay.notification.XboxNotificationView
Exception Handler: class com.almasb.fxgl.app.FXGLExceptionHandler
13:07:20.289 [FXGL Launcher Thread     ] DEBUG GameApplication      - Configuring GameApplication
13:07:20.296 [FXGL Launcher Thread     ] DEBUG AppStateMachine      - Initializing application states
13:07:20.315 [FXGL Launcher Thread     ] DEBUG AssetLoader          - Loading from disk: /assets/ui/cursors/fxgl_default.png
13:07:20.357 [FXGL Launcher Thread     ] DEBUG AssetLoader          - Loading from disk: /assets/ui/cursors/fxgl_default.png
13:07:20.398 [FXGL Launcher Thread     ] DEBUG AssetLoader          - Loading from disk: /assets/sounds/core/notification.wav
13:07:20.448 [FXGL Launcher Thread     ] DEBUG AssetLoader          - Loading from disk: /assets/sounds/menu/select.wav
13:07:20.450 [FXGL Launcher Thread     ] DEBUG AssetLoader          - Loading from disk: /assets/sounds/menu/back.wav
13:07:20.454 [FXGL Launcher Thread     ] DEBUG AssetLoader          - Loading from disk: /assets/sounds/menu/press.wav
13:07:20.458 [FXGL Launcher Thread     ] DEBUG AssetLoader          - Loading from disk: /assets/ui/fonts/VarelaRound-Regular.ttf
13:07:20.651 [FXGL Launcher Thread     ] DEBUG AssetLoader          - Loading from disk: /assets/ui/fonts/lucida_console.ttf
13:07:20.665 [FXGL Launcher Thread     ] DEBUG AssetLoader          - Loading from disk: /assets/ui/css/fxgl_dark.css
13:07:20.665 [FXGL Launcher Thread     ] DEBUG AssetLoader          - Loading from disk: /assets/ui/icons/fxgl_icon.png
13:07:20.712 [FXGL Launcher Thread     ] DEBUG AssetLoader          - Loading from disk: /assets/ui/cursors/fxgl_default.png
13:07:20.767 [FXGL Launcher Thread     ] DEBUG FXGL.GameScene       - Game scene initialized: 800x600
13:07:20.773 [FXGL Launcher Thread     ] DEBUG FXGL.GameWorld       - Game world initialized
13:07:20.896 [FXGL Launcher Thread     ] DEBUG FXGL.PhysicsWorld    - Physics world initialized: appHeight=600, physics.ppm=50,0
13:07:20.935 [FXGL Launcher Thread     ] DEBUG Input                - Registered new binding: Pause - Esc
13:07:20.962 [FXGL Launcher Thread     ] INFO  GameApplication      - Game configuration took:  0,673 sec
13:07:20.966 [JavaFX Application Thread] DEBUG MainWindow           - Opening main window
13:07:21.044 [JavaFX Application Thread] DEBUG MainWindow           - Window border size: (6.0, 29.0)
13:07:21.044 [JavaFX Application Thread] DEBUG MainWindow           - Scaled size: 800.0 x 600.0
13:07:21.044 [JavaFX Application Thread] DEBUG MainWindow           - Scaled ratio: (1.0, 1.0)
13:07:21.044 [JavaFX Application Thread] DEBUG MainWindow           - Scene size: 800.0 x 600.0
13:07:21.045 [JavaFX Application Thread] DEBUG MainWindow           - Stage size: 806.0 x 629.0
13:07:21.045 [JavaFX Application Thread] DEBUG GameApplication      - Running preInit()
13:07:21.048 [JavaFX Application Thread] DEBUG AnnotationParser     - Main app package name: com.myname
13:07:21.349 [JavaFX Application Thread] DEBUG AnnotationParser     - @SetAchievementStore: []
13:07:21.351 [JavaFX Application Thread] DEBUG Input                - Registered new binding: Screenshot - P
13:07:21.352 [JavaFX Application Thread] DEBUG Input                - Registered new binding: Dev Options - CTRL+0
13:07:21.352 [JavaFX Application Thread] DEBUG Input                - Registered new binding: Right - D
13:07:21.353 [JavaFX Application Thread] DEBUG Input                - Registered new binding: Left - A
13:07:21.406 [JavaFX Application Thread] DEBUG GameApplication      - Starting main loop
13:07:21.410 [JavaFX Application Thread] DEBUG StartupState         - STARTUP
13:07:21.411 [JavaFX Application Thread] DEBUG GameApplication      - Starting new game
13:07:21.411 [JavaFX Application Thread] DEBUG Input                - Clearing active input actions
13:07:21.411 [JavaFX Application Thread] DEBUG AppStateMachine      - StartupState -> LoadingState
13:07:21.469 [JavaFX Application Thread] DEBUG AnnotationParser     - Main app package name: com.myname
13:07:21.469 [JavaFX Application Thread] DEBUG InitAppTask          - Parsing annotations
13:07:21.688 [JavaFX Application Thread] DEBUG AnnotationParser     - @AddCollisionHandler: []
13:07:21.689 [JavaFX Application Thread] DEBUG AnnotationParser     - @SetEntityFactory: []
13:07:21.689 [JavaFX Application Thread] DEBUG AnnotationParser     - @SetEventHandler: []
13:07:21.705 [FXGL Background Thread 1 ] DEBUG InitAppTask          - Clearing previous game
13:07:21.705 [FXGL Background Thread 1 ] DEBUG FXGL.GameWorld       - Clearing game world
13:07:21.707 [FXGL Background Thread 1 ] DEBUG FXGL.PhysicsWorld    - Clearing physics world
13:07:21.707 [FXGL Background Thread 1 ] DEBUG FXGL.GameScene       - Clearing game scene
13:07:21.708 [FXGL Background Thread 1 ] DEBUG InitAppTask          - Initializing Assets
13:07:21.709 [FXGL Background Thread 1 ] DEBUG InitAppTask          - Initializing Game
13:07:21.793 [FXGL Background Thread 1 ] DEBUG AssetLoader          - Loading from disk: /assets/textures/newdude.png
13:07:21.846 [FXGL Background Thread 1 ] DEBUG AssetLoader          - Loading from cache: /assets/textures/newdude.png
13:07:21.857 [FXGL Background Thread 1 ] DEBUG FXGL.GameScene       - Creating render group for layer: TOP(2147483647)
13:07:21.868 [FXGL Background Thread 1 ] DEBUG InitAppTask          - Initializing Physics
13:07:21.868 [FXGL Background Thread 1 ] DEBUG InitAppTask          - Initializing UI
13:07:21.869 [FXGL Background Thread 1 ] DEBUG InitAppTask          - Initialization Complete
13:07:21.869 [FXGL Background Thread 1 ] INFO  InitAppTask          - Game initialization took: 0,165 sec
13:07:21.877 [JavaFX Application Thread] DEBUG Input                - Clearing active input actions
13:07:21.877 [JavaFX Application Thread] DEBUG AppStateMachine      - LoadingState -> PlayState
13:07:24.203 [JavaFX Application Thread] DEBUG GameApplication      - Exiting game application
13:07:24.205 [JavaFX Application Thread] DEBUG GameApplication      - Shutting down background threads
13:07:24.206 [JavaFX Application Thread] DEBUG GameApplication      - Exiting FXGL
13:07:24.206 [JavaFX Application Thread] DEBUG FXGL                 - Saving FXGL system data
13:07:24.208 [JavaFX Application Thread] DEBUG IOTask               - Executing task: writeDataTask(system/fxgl.bundle)
13:07:24.284 [JavaFX Application Thread] DEBUG FS                   - Writing to: system\fxgl.bundle
13:07:24.302 [JavaFX Application Thread] DEBUG IOTask               - Task succeeded: writeDataTask(system/fxgl.bundle)
13:07:24.302 [JavaFX Application Thread] DEBUG GameApplication      - Closing logger and exiting JavaFX
