17:48:07.049 [JavaFX Application Thread] DEBUG GameApplication      - Logger initialized
17:48:07.116 [JavaFX Application Thread] DEBUG MainWindow           - Creating a JavaFX scene
17:48:07.452 [JavaFX Application Thread] DEBUG MainWindow           - Target settings size: 600.0 x 600.0
17:48:07.453 [JavaFX Application Thread] DEBUG MainWindow           - Scaled scene size:    600.0 x 600.0
17:48:07.453 [JavaFX Application Thread] DEBUG MainWindow           - Scaled ratio: (1.0, 1.0)
17:48:08.220 [JavaFX Application Thread] DEBUG GameApplication      - Starting FXGL
17:48:08.221 [JavaFX Application Thread] INFO  Version              - FXGL-0.4.1
17:48:08.222 [JavaFX Application Thread] INFO  Version              - Source code and latest versions at: https://github.com/AlmasB/FXGL
17:48:08.222 [JavaFX Application Thread] INFO  Version              -              Join the FXGL chat at: https://gitter.im/AlmasB/FXGL
17:48:08.451 [FXGL Launcher Thread     ] DEBUG FXGL                 - Loading FXGL system data
17:48:08.479 [FXGL Launcher Thread     ] DEBUG IOTask               - Executing task: readDataTask(system/fxgl.bundle)
17:48:08.529 [FXGL Launcher Thread     ] DEBUG FS                   - Reading from: system\fxgl.bundle
17:48:08.574 [FXGL Launcher Thread     ] DEBUG IOTask               - Task succeeded: readDataTask(system/fxgl.bundle)
17:48:08.574 [FXGL Launcher Thread     ] DEBUG Bundle               - Logging bundle: FXGL
17:48:08.575 [FXGL Launcher Thread     ] DEBUG Bundle               - FXGL.offline.timer.version.check=2018-01-29T12:06:18.318
17:48:08.576 [FXGL Launcher Thread     ] DEBUG GameApplication      - FXGL configuration complete
17:48:08.579 [FXGL Launcher Thread     ] INFO  GameApplication      - FXGL configuration took:  0,353 sec
17:48:08.579 [FXGL Launcher Thread     ] DEBUG GameApplication      - Logging game settings
Title: Basic Game App
Version: 0.1
Width: 600
Height: 600
Fullscreen: false
Intro: false
Menus: false
Profiling: false
Single step:false
App Mode: DEVELOPER
Menu Key: ESCAPE
Stage Style: DECORATED
Scene Factory: class com.almasb.fxgl.scene.SceneFactory
Dialog Factory: class com.almasb.fxgl.ui.FXGLDialogFactory
UI Factory: class com.almasb.fxgl.ui.FXGLUIFactory
Notification Service: class com.almasb.fxgl.gameplay.notification.XboxNotificationView
Exception Handler: class com.almasb.fxgl.app.FXGLExceptionHandler
17:48:08.622 [JavaFX Application Thread] DEBUG UpdaterTask          - Checking for updates
17:48:08.816 [JavaFX Application Thread] DEBUG IOTask               - Showing dialog
17:48:08.823 [FXGL Background Thread 1 ] DEBUG IOTask               - Executing task: openStream(https://raw.githubusercontent.com/AlmasB/FXGL/master/pom.xml)
17:48:08.824 [FXGL Background Thread 1 ] DEBUG IOTask               - Executing task: openStream(https://raw.githubusercontent.com/AlmasB/FXGL/master/pom.xml)
17:48:11.547 [FXGL Background Thread 1 ] DEBUG IOTask               - Executing task: latestVersion
17:48:11.639 [JavaFX Application Thread] DEBUG IOTask               - succeed(): Dismissing dialog
17:48:11.639 [JavaFX Application Thread] DEBUG IOTask               - Task succeeded: openStream(https://raw.githubusercontent.com/AlmasB/FXGL/master/pom.xml)
17:48:14.654 [JavaFX Application Thread] DEBUG IOTask               - Executing task: openBrowser(https://github.com/AlmasB/FXGL)
17:48:14.661 [JavaFX Application Thread] DEBUG IOTask               - Task succeeded: openBrowser(https://github.com/AlmasB/FXGL)
17:48:14.728 [FXGL Launcher Thread     ] DEBUG GameApplication      - Configuring GameApplication
17:48:15.065 [FXGL Launcher Thread     ] DEBUG AppStateMachine      - Initializing application states
17:48:15.268 [FXGL Launcher Thread     ] DEBUG AssetLoader          - Loading from disk: /assets/ui/cursors/fxgl_default.png
17:48:16.175 [FXGL Launcher Thread     ] DEBUG AssetLoader          - Loading from disk: /assets/ui/cursors/fxgl_default.png
17:48:16.265 [FXGL Launcher Thread     ] DEBUG AssetLoader          - Loading from disk: /assets/sounds/core/notification.wav
17:48:16.815 [FXGL Launcher Thread     ] DEBUG AssetLoader          - Loading from disk: /assets/sounds/menu/select.wav
17:48:16.817 [FXGL Launcher Thread     ] DEBUG AssetLoader          - Loading from disk: /assets/sounds/menu/back.wav
17:48:16.819 [FXGL Launcher Thread     ] DEBUG AssetLoader          - Loading from disk: /assets/sounds/menu/press.wav
17:48:16.822 [FXGL Launcher Thread     ] DEBUG AssetLoader          - Loading from disk: /assets/ui/fonts/VarelaRound-Regular.ttf
17:48:17.006 [FXGL Launcher Thread     ] DEBUG AssetLoader          - Loading from disk: /assets/ui/fonts/lucida_console.ttf
17:48:17.061 [FXGL Launcher Thread     ] DEBUG AssetLoader          - Loading from disk: /assets/ui/css/fxgl_dark.css
17:48:17.064 [FXGL Launcher Thread     ] DEBUG AssetLoader          - Loading from disk: /assets/ui/icons/fxgl_icon.png
17:48:17.112 [FXGL Launcher Thread     ] DEBUG AssetLoader          - Loading from disk: /assets/ui/cursors/fxgl_default.png
17:48:17.385 [FXGL Launcher Thread     ] DEBUG FXGL.GameScene       - Game scene initialized: 600x600
17:48:17.432 [FXGL Launcher Thread     ] DEBUG FXGL.GameWorld       - Game world initialized
17:48:17.617 [FXGL Launcher Thread     ] DEBUG FXGL.PhysicsWorld    - Physics world initialized: appHeight=600, physics.ppm=50,0
17:48:17.689 [FXGL Launcher Thread     ] DEBUG Input                - Registered new binding: Pause - Esc
17:48:17.728 [FXGL Launcher Thread     ] INFO  GameApplication      - Game configuration took:  3,000 sec
17:48:17.731 [JavaFX Application Thread] DEBUG MainWindow           - Opening main window
17:48:17.801 [JavaFX Application Thread] DEBUG MainWindow           - Window border size: (6.0, 29.0)
17:48:17.802 [JavaFX Application Thread] DEBUG MainWindow           - Scaled size: 600.0 x 600.0
17:48:17.802 [JavaFX Application Thread] DEBUG MainWindow           - Scaled ratio: (1.0, 1.0)
17:48:17.802 [JavaFX Application Thread] DEBUG MainWindow           - Scene size: 600.0 x 600.0
17:48:17.802 [JavaFX Application Thread] DEBUG MainWindow           - Stage size: 606.0 x 629.0
17:48:17.802 [JavaFX Application Thread] DEBUG GameApplication      - Running preInit()
17:48:17.816 [JavaFX Application Thread] DEBUG AnnotationParser     - Main app package name: com.myname
17:48:19.245 [JavaFX Application Thread] DEBUG AnnotationParser     - @SetAchievementStore: []
17:48:19.247 [JavaFX Application Thread] DEBUG Input                - Registered new binding: Screenshot - P
17:48:19.248 [JavaFX Application Thread] DEBUG Input                - Registered new binding: Dev Options - CTRL+0
17:48:19.248 [JavaFX Application Thread] DEBUG Input                - Registered new binding: Move Right - D
17:48:19.248 [JavaFX Application Thread] DEBUG Input                - Registered new binding: Move Left - A
17:48:19.249 [JavaFX Application Thread] DEBUG Input                - Registered new binding: Move Up - W
17:48:19.249 [JavaFX Application Thread] DEBUG Input                - Registered new binding: Move Down - S
17:48:19.249 [JavaFX Application Thread] DEBUG Input                - Registered new binding: Play Sound - F
17:48:19.353 [JavaFX Application Thread] DEBUG GameApplication      - Starting main loop
17:48:19.358 [JavaFX Application Thread] DEBUG StartupState         - STARTUP
17:48:19.358 [JavaFX Application Thread] DEBUG GameApplication      - Starting new game
17:48:19.358 [JavaFX Application Thread] DEBUG Input                - Clearing active input actions
17:48:19.359 [JavaFX Application Thread] DEBUG AppStateMachine      - StartupState -> LoadingState
17:48:19.458 [JavaFX Application Thread] DEBUG AnnotationParser     - Main app package name: com.myname
17:48:19.459 [JavaFX Application Thread] DEBUG InitAppTask          - Parsing annotations
17:48:19.579 [JavaFX Application Thread] DEBUG AnnotationParser     - @SetEventHandler: []
17:48:19.579 [JavaFX Application Thread] DEBUG AnnotationParser     - @AddCollisionHandler: []
17:48:19.579 [JavaFX Application Thread] DEBUG AnnotationParser     - @SetEntityFactory: []
17:48:19.586 [FXGL Background Thread 1 ] DEBUG InitAppTask          - Clearing previous game
17:48:19.586 [FXGL Background Thread 1 ] DEBUG FXGL.GameWorld       - Clearing game world
17:48:19.588 [FXGL Background Thread 1 ] DEBUG FXGL.PhysicsWorld    - Clearing physics world
17:48:19.588 [FXGL Background Thread 1 ] DEBUG FXGL.GameScene       - Clearing game scene
17:48:19.588 [FXGL Background Thread 1 ] DEBUG InitAppTask          - Initializing Assets
17:48:19.606 [FXGL Background Thread 1 ] DEBUG InitAppTask          - Initializing Game
17:48:20.289 [FXGL Background Thread 1 ] DEBUG AssetLoader          - Loading from disk: /assets/textures/brick.png
17:48:20.404 [FXGL Background Thread 1 ] DEBUG FXGL.GameScene       - Creating render group for layer: TOP(2147483647)
17:48:20.477 [FXGL Background Thread 1 ] DEBUG InitAppTask          - Initializing Physics
17:48:20.478 [FXGL Background Thread 1 ] DEBUG InitAppTask          - Initializing UI
17:48:20.479 [FXGL Background Thread 1 ] DEBUG AssetLoader          - Loading from cache: /assets/textures/brick.png
17:48:20.481 [FXGL Background Thread 1 ] DEBUG InitAppTask          - Initialization Complete
17:48:20.482 [FXGL Background Thread 1 ] INFO  InitAppTask          - Game initialization took: 0,897 sec
17:48:20.483 [JavaFX Application Thread] DEBUG Input                - Clearing active input actions
17:48:20.483 [JavaFX Application Thread] DEBUG AppStateMachine      - LoadingState -> PlayState
17:48:27.438 [JavaFX Application Thread] DEBUG GameApplication      - Exiting game application
17:48:27.440 [JavaFX Application Thread] DEBUG GameApplication      - Shutting down background threads
17:48:27.440 [JavaFX Application Thread] DEBUG GameApplication      - Exiting FXGL
17:48:27.441 [JavaFX Application Thread] DEBUG FXGL                 - Saving FXGL system data
17:48:27.442 [JavaFX Application Thread] DEBUG IOTask               - Executing task: writeDataTask(system/fxgl.bundle)
17:48:27.471 [JavaFX Application Thread] DEBUG FS                   - Writing to: system\fxgl.bundle
17:48:27.489 [JavaFX Application Thread] DEBUG IOTask               - Task succeeded: writeDataTask(system/fxgl.bundle)
17:48:27.490 [JavaFX Application Thread] DEBUG GameApplication      - Closing logger and exiting JavaFX
