12:01:50.503 [JavaFX Application Thread] DEBUG GameApplication      - Logger initialized
12:01:50.543 [JavaFX Application Thread] DEBUG MainWindow           - Creating a JavaFX scene
12:01:50.770 [JavaFX Application Thread] DEBUG MainWindow           - Target settings size: 600.0 x 600.0
12:01:50.770 [JavaFX Application Thread] DEBUG MainWindow           - Scaled scene size:    600.0 x 600.0
12:01:50.771 [JavaFX Application Thread] DEBUG MainWindow           - Scaled ratio: (1.0, 1.0)
12:01:51.079 [JavaFX Application Thread] DEBUG GameApplication      - Starting FXGL
12:01:51.080 [JavaFX Application Thread] INFO  Version              - FXGL-0.4.1
12:01:51.080 [JavaFX Application Thread] INFO  Version              - Source code and latest versions at: https://github.com/AlmasB/FXGL
12:01:51.081 [JavaFX Application Thread] INFO  Version              -              Join the FXGL chat at: https://gitter.im/AlmasB/FXGL
12:01:51.202 [FXGL Launcher Thread     ] DEBUG FXGL                 - Loading FXGL system data
12:01:51.211 [FXGL Launcher Thread     ] DEBUG IOTask               - Executing task: readDataTask(system/fxgl.bundle)
12:01:51.222 [FXGL Launcher Thread     ] DEBUG FS                   - Reading from: system\fxgl.bundle
12:01:51.240 [FXGL Launcher Thread     ] DEBUG IOTask               - Task succeeded: readDataTask(system/fxgl.bundle)
12:01:51.241 [FXGL Launcher Thread     ] DEBUG Bundle               - Logging bundle: FXGL
12:01:51.242 [FXGL Launcher Thread     ] DEBUG Bundle               - FXGL.offline.timer.version.check=2018-01-29T12:06:18.318
12:01:51.244 [FXGL Launcher Thread     ] DEBUG GameApplication      - FXGL configuration complete
12:01:51.246 [FXGL Launcher Thread     ] INFO  GameApplication      - FXGL configuration took:  0,114 sec
12:01:51.247 [FXGL Launcher Thread     ] DEBUG GameApplication      - Logging game settings
Title: Basic Game App
Version: 0.1
Width: 600
Height: 600
Fullscreen: false
Intro: false
Menus: false
Profiling: false
Single step:false
App Mode: DEVELOPER
Menu Key: ESCAPE
Stage Style: DECORATED
Scene Factory: class com.almasb.fxgl.scene.SceneFactory
Dialog Factory: class com.almasb.fxgl.ui.FXGLDialogFactory
UI Factory: class com.almasb.fxgl.ui.FXGLUIFactory
Notification Service: class com.almasb.fxgl.gameplay.notification.XboxNotificationView
Exception Handler: class com.almasb.fxgl.app.FXGLExceptionHandler
12:01:51.259 [FXGL Launcher Thread     ] DEBUG GameApplication      - Configuring GameApplication
12:01:51.267 [FXGL Launcher Thread     ] DEBUG AppStateMachine      - Initializing application states
12:01:51.286 [FXGL Launcher Thread     ] DEBUG AssetLoader          - Loading from disk: /assets/ui/cursors/fxgl_default.png
12:01:51.330 [FXGL Launcher Thread     ] DEBUG AssetLoader          - Loading from disk: /assets/ui/cursors/fxgl_default.png
12:01:51.353 [FXGL Launcher Thread     ] DEBUG AssetLoader          - Loading from disk: /assets/sounds/core/notification.wav
12:01:51.391 [FXGL Launcher Thread     ] DEBUG AssetLoader          - Loading from disk: /assets/sounds/menu/select.wav
12:01:51.393 [FXGL Launcher Thread     ] DEBUG AssetLoader          - Loading from disk: /assets/sounds/menu/back.wav
12:01:51.396 [FXGL Launcher Thread     ] DEBUG AssetLoader          - Loading from disk: /assets/sounds/menu/press.wav
12:01:51.400 [FXGL Launcher Thread     ] DEBUG AssetLoader          - Loading from disk: /assets/ui/fonts/VarelaRound-Regular.ttf
12:01:51.593 [FXGL Launcher Thread     ] DEBUG AssetLoader          - Loading from disk: /assets/ui/fonts/lucida_console.ttf
12:01:51.602 [FXGL Launcher Thread     ] DEBUG AssetLoader          - Loading from disk: /assets/ui/css/fxgl_dark.css
12:01:51.604 [FXGL Launcher Thread     ] DEBUG AssetLoader          - Loading from disk: /assets/ui/icons/fxgl_icon.png
12:01:51.645 [FXGL Launcher Thread     ] DEBUG AssetLoader          - Loading from disk: /assets/ui/cursors/fxgl_default.png
12:01:51.700 [FXGL Launcher Thread     ] DEBUG FXGL.GameScene       - Game scene initialized: 600x600
12:01:51.707 [FXGL Launcher Thread     ] DEBUG FXGL.GameWorld       - Game world initialized
12:01:51.825 [FXGL Launcher Thread     ] DEBUG FXGL.PhysicsWorld    - Physics world initialized: appHeight=600, physics.ppm=50,0
12:01:51.865 [FXGL Launcher Thread     ] DEBUG Input                - Registered new binding: Pause - Esc
12:01:51.909 [FXGL Launcher Thread     ] INFO  GameApplication      - Game configuration took:  0,650 sec
12:01:51.913 [JavaFX Application Thread] DEBUG MainWindow           - Opening main window
12:01:52.001 [JavaFX Application Thread] DEBUG MainWindow           - Window border size: (6.0, 29.0)
12:01:52.001 [JavaFX Application Thread] DEBUG MainWindow           - Scaled size: 600.0 x 600.0
12:01:52.001 [JavaFX Application Thread] DEBUG MainWindow           - Scaled ratio: (1.0, 1.0)
12:01:52.002 [JavaFX Application Thread] DEBUG MainWindow           - Scene size: 600.0 x 600.0
12:01:52.002 [JavaFX Application Thread] DEBUG MainWindow           - Stage size: 606.0 x 629.0
12:01:52.002 [JavaFX Application Thread] DEBUG GameApplication      - Running preInit()
12:01:52.007 [JavaFX Application Thread] DEBUG AnnotationParser     - Main app package name: com.myname
12:01:52.324 [JavaFX Application Thread] DEBUG AnnotationParser     - @SetAchievementStore: []
12:01:52.327 [JavaFX Application Thread] DEBUG Input                - Registered new binding: Screenshot - P
12:01:52.329 [JavaFX Application Thread] DEBUG Input                - Registered new binding: Dev Options - CTRL+0
12:01:52.330 [JavaFX Application Thread] DEBUG Input                - Registered new binding: Move Right - D
12:01:52.331 [JavaFX Application Thread] DEBUG Input                - Registered new binding: Move Left - A
12:01:52.331 [JavaFX Application Thread] DEBUG Input                - Registered new binding: Move Up - W
12:01:52.331 [JavaFX Application Thread] DEBUG Input                - Registered new binding: Move Down - S
12:01:52.332 [JavaFX Application Thread] DEBUG Input                - Registered new binding: Play Sound - F
12:01:52.388 [JavaFX Application Thread] DEBUG GameApplication      - Starting main loop
12:01:52.394 [JavaFX Application Thread] DEBUG StartupState         - STARTUP
12:01:52.394 [JavaFX Application Thread] DEBUG GameApplication      - Starting new game
12:01:52.394 [JavaFX Application Thread] DEBUG Input                - Clearing active input actions
12:01:52.394 [JavaFX Application Thread] DEBUG AppStateMachine      - StartupState -> LoadingState
12:01:52.459 [JavaFX Application Thread] DEBUG AnnotationParser     - Main app package name: com.myname
12:01:52.459 [JavaFX Application Thread] DEBUG InitAppTask          - Parsing annotations
12:01:52.502 [JavaFX Application Thread] DEBUG AnnotationParser     - @AddCollisionHandler: []
12:01:52.502 [JavaFX Application Thread] DEBUG AnnotationParser     - @SetEventHandler: []
12:01:52.503 [JavaFX Application Thread] DEBUG AnnotationParser     - @SetEntityFactory: []
12:01:52.568 [FXGL Background Thread 1 ] DEBUG InitAppTask          - Clearing previous game
12:01:52.568 [FXGL Background Thread 1 ] DEBUG FXGL.GameWorld       - Clearing game world
12:01:52.575 [FXGL Background Thread 1 ] DEBUG FXGL.PhysicsWorld    - Clearing physics world
12:01:52.575 [FXGL Background Thread 1 ] DEBUG FXGL.GameScene       - Clearing game scene
12:01:52.576 [FXGL Background Thread 1 ] DEBUG InitAppTask          - Initializing Assets
12:01:52.577 [FXGL Background Thread 1 ] DEBUG InitAppTask          - Initializing Game
12:01:52.645 [FXGL Background Thread 1 ] DEBUG AssetLoader          - Loading from disk: /assets/textures/brick.png
12:01:52.666 [FXGL Background Thread 1 ] DEBUG FXGL.GameScene       - Creating render group for layer: TOP(2147483647)
12:01:52.695 [FXGL Background Thread 1 ] DEBUG InitAppTask          - Initializing Physics
12:01:52.696 [FXGL Background Thread 1 ] DEBUG InitAppTask          - Initializing UI
12:01:52.697 [FXGL Background Thread 1 ] DEBUG AssetLoader          - Loading from cache: /assets/textures/brick.png
12:01:52.699 [FXGL Background Thread 1 ] DEBUG InitAppTask          - Initialization Complete
12:01:52.700 [FXGL Background Thread 1 ] INFO  InitAppTask          - Game initialization took: 0,132 sec
12:01:52.716 [JavaFX Application Thread] DEBUG Input                - Clearing active input actions
12:01:52.716 [JavaFX Application Thread] DEBUG AppStateMachine      - LoadingState -> PlayState
12:02:01.406 [JavaFX Application Thread] DEBUG GameApplication      - Exiting game application
12:02:01.408 [JavaFX Application Thread] DEBUG GameApplication      - Shutting down background threads
12:02:01.408 [JavaFX Application Thread] DEBUG GameApplication      - Exiting FXGL
12:02:01.408 [JavaFX Application Thread] DEBUG FXGL                 - Saving FXGL system data
12:02:01.409 [JavaFX Application Thread] DEBUG IOTask               - Executing task: writeDataTask(system/fxgl.bundle)
12:02:01.413 [JavaFX Application Thread] DEBUG FS                   - Writing to: system\fxgl.bundle
12:02:01.418 [JavaFX Application Thread] DEBUG IOTask               - Task succeeded: writeDataTask(system/fxgl.bundle)
12:02:01.418 [JavaFX Application Thread] DEBUG GameApplication      - Closing logger and exiting JavaFX
