13:11:32.915 [JavaFX Application Thread] DEBUG GameApplication      - Logger initialized
13:11:32.946 [JavaFX Application Thread] DEBUG MainWindow           - Creating a JavaFX scene
13:11:33.183 [JavaFX Application Thread] DEBUG MainWindow           - Target settings size: 600.0 x 600.0
13:11:33.183 [JavaFX Application Thread] DEBUG MainWindow           - Scaled scene size:    600.0 x 600.0
13:11:33.183 [JavaFX Application Thread] DEBUG MainWindow           - Scaled ratio: (1.0, 1.0)
13:11:33.446 [JavaFX Application Thread] DEBUG GameApplication      - Starting FXGL
13:11:33.447 [JavaFX Application Thread] INFO  Version              - FXGL-0.4.1
13:11:33.447 [JavaFX Application Thread] INFO  Version              - Source code and latest versions at: https://github.com/AlmasB/FXGL
13:11:33.448 [JavaFX Application Thread] INFO  Version              -              Join the FXGL chat at: https://gitter.im/AlmasB/FXGL
13:11:33.570 [FXGL Launcher Thread     ] DEBUG FXGL                 - Loading FXGL system data
13:11:33.582 [FXGL Launcher Thread     ] DEBUG IOTask               - Executing task: readDataTask(system/fxgl.bundle)
13:11:33.594 [FXGL Launcher Thread     ] DEBUG FS                   - Reading from: system\fxgl.bundle
13:11:33.618 [FXGL Launcher Thread     ] DEBUG IOTask               - Task succeeded: readDataTask(system/fxgl.bundle)
13:11:33.619 [FXGL Launcher Thread     ] DEBUG Bundle               - Logging bundle: FXGL
13:11:33.620 [FXGL Launcher Thread     ] DEBUG Bundle               - FXGL.offline.timer.version.check=2018-01-29T12:06:18.318
13:11:33.622 [FXGL Launcher Thread     ] DEBUG GameApplication      - FXGL configuration complete
13:11:33.624 [FXGL Launcher Thread     ] INFO  GameApplication      - FXGL configuration took:  0,132 sec
13:11:33.624 [FXGL Launcher Thread     ] DEBUG GameApplication      - Logging game settings
Title: Basic Game App
Version: 0.1
Width: 600
Height: 600
Fullscreen: false
Intro: false
Menus: false
Profiling: false
Single step:false
App Mode: DEVELOPER
Menu Key: ESCAPE
Stage Style: DECORATED
Scene Factory: class com.almasb.fxgl.scene.SceneFactory
Dialog Factory: class com.almasb.fxgl.ui.FXGLDialogFactory
UI Factory: class com.almasb.fxgl.ui.FXGLUIFactory
Notification Service: class com.almasb.fxgl.gameplay.notification.XboxNotificationView
Exception Handler: class com.almasb.fxgl.app.FXGLExceptionHandler
13:11:33.636 [FXGL Launcher Thread     ] DEBUG GameApplication      - Configuring GameApplication
13:11:33.644 [FXGL Launcher Thread     ] DEBUG AppStateMachine      - Initializing application states
13:11:33.663 [FXGL Launcher Thread     ] DEBUG AssetLoader          - Loading from disk: /assets/ui/cursors/fxgl_default.png
13:11:33.706 [FXGL Launcher Thread     ] DEBUG AssetLoader          - Loading from disk: /assets/ui/cursors/fxgl_default.png
13:11:33.727 [FXGL Launcher Thread     ] DEBUG AssetLoader          - Loading from disk: /assets/sounds/core/notification.wav
13:11:33.765 [FXGL Launcher Thread     ] DEBUG AssetLoader          - Loading from disk: /assets/sounds/menu/select.wav
13:11:33.768 [FXGL Launcher Thread     ] DEBUG AssetLoader          - Loading from disk: /assets/sounds/menu/back.wav
13:11:33.771 [FXGL Launcher Thread     ] DEBUG AssetLoader          - Loading from disk: /assets/sounds/menu/press.wav
13:11:33.775 [FXGL Launcher Thread     ] DEBUG AssetLoader          - Loading from disk: /assets/ui/fonts/VarelaRound-Regular.ttf
13:11:33.927 [FXGL Launcher Thread     ] DEBUG AssetLoader          - Loading from disk: /assets/ui/fonts/lucida_console.ttf
13:11:33.938 [FXGL Launcher Thread     ] DEBUG AssetLoader          - Loading from disk: /assets/ui/css/fxgl_dark.css
13:11:33.938 [FXGL Launcher Thread     ] DEBUG AssetLoader          - Loading from disk: /assets/ui/icons/fxgl_icon.png
13:11:33.980 [FXGL Launcher Thread     ] DEBUG AssetLoader          - Loading from disk: /assets/ui/cursors/fxgl_default.png
13:11:34.041 [FXGL Launcher Thread     ] DEBUG FXGL.GameScene       - Game scene initialized: 600x600
13:11:34.047 [FXGL Launcher Thread     ] DEBUG FXGL.GameWorld       - Game world initialized
13:11:34.189 [FXGL Launcher Thread     ] DEBUG FXGL.PhysicsWorld    - Physics world initialized: appHeight=600, physics.ppm=50,0
13:11:34.227 [FXGL Launcher Thread     ] DEBUG Input                - Registered new binding: Pause - Esc
13:11:34.273 [FXGL Launcher Thread     ] INFO  GameApplication      - Game configuration took:  0,636 sec
13:11:34.298 [JavaFX Application Thread] DEBUG MainWindow           - Opening main window
13:11:34.369 [JavaFX Application Thread] DEBUG MainWindow           - Window border size: (6.0, 29.0)
13:11:34.370 [JavaFX Application Thread] DEBUG MainWindow           - Scaled size: 600.0 x 600.0
13:11:34.370 [JavaFX Application Thread] DEBUG MainWindow           - Scaled ratio: (1.0, 1.0)
13:11:34.370 [JavaFX Application Thread] DEBUG MainWindow           - Scene size: 600.0 x 600.0
13:11:34.371 [JavaFX Application Thread] DEBUG MainWindow           - Stage size: 606.0 x 629.0
13:11:34.371 [JavaFX Application Thread] DEBUG GameApplication      - Running preInit()
13:11:34.375 [JavaFX Application Thread] DEBUG AnnotationParser     - Main app package name: com.myname
13:11:34.624 [JavaFX Application Thread] DEBUG AnnotationParser     - @SetAchievementStore: []
13:11:34.626 [JavaFX Application Thread] DEBUG Input                - Registered new binding: Screenshot - P
13:11:34.628 [JavaFX Application Thread] DEBUG Input                - Registered new binding: Dev Options - CTRL+0
13:11:34.628 [JavaFX Application Thread] DEBUG Input                - Registered new binding: Move Right - D
13:11:34.631 [JavaFX Application Thread] DEBUG Input                - Registered new binding: Move Left - A
13:11:34.632 [JavaFX Application Thread] DEBUG Input                - Registered new binding: Move Up - W
13:11:34.632 [JavaFX Application Thread] DEBUG Input                - Registered new binding: Move Down - S
13:11:34.633 [JavaFX Application Thread] DEBUG Input                - Registered new binding: Play Sound - F
13:11:34.701 [JavaFX Application Thread] DEBUG GameApplication      - Starting main loop
13:11:34.714 [JavaFX Application Thread] DEBUG StartupState         - STARTUP
13:11:34.715 [JavaFX Application Thread] DEBUG GameApplication      - Starting new game
13:11:34.715 [JavaFX Application Thread] DEBUG Input                - Clearing active input actions
13:11:34.715 [JavaFX Application Thread] DEBUG AppStateMachine      - StartupState -> LoadingState
13:11:34.778 [JavaFX Application Thread] DEBUG AnnotationParser     - Main app package name: com.myname
13:11:34.778 [JavaFX Application Thread] DEBUG InitAppTask          - Parsing annotations
13:11:34.920 [JavaFX Application Thread] DEBUG AnnotationParser     - @SetEntityFactory: []
13:11:34.920 [JavaFX Application Thread] DEBUG AnnotationParser     - @SetEventHandler: []
13:11:34.920 [JavaFX Application Thread] DEBUG AnnotationParser     - @AddCollisionHandler: []
13:11:34.936 [FXGL Background Thread 1 ] DEBUG InitAppTask          - Clearing previous game
13:11:34.936 [FXGL Background Thread 1 ] DEBUG FXGL.GameWorld       - Clearing game world
13:11:34.938 [FXGL Background Thread 1 ] DEBUG FXGL.PhysicsWorld    - Clearing physics world
13:11:34.938 [FXGL Background Thread 1 ] DEBUG FXGL.GameScene       - Clearing game scene
13:11:34.939 [FXGL Background Thread 1 ] DEBUG InitAppTask          - Initializing Assets
13:11:34.940 [FXGL Background Thread 1 ] DEBUG InitAppTask          - Initializing Game
13:11:35.005 [FXGL Background Thread 1 ] DEBUG AssetLoader          - Loading from disk: /assets/textures/brick.png
13:11:35.024 [FXGL Background Thread 1 ] DEBUG FXGL.GameScene       - Creating render group for layer: TOP(2147483647)
13:11:35.677 [FXGL Background Thread 1 ] DEBUG InitAppTask          - Initializing Physics
13:11:35.679 [FXGL Background Thread 1 ] DEBUG InitAppTask          - Initializing UI
13:11:35.679 [FXGL Background Thread 1 ] DEBUG AssetLoader          - Loading from cache: /assets/textures/brick.png
13:11:35.682 [FXGL Background Thread 1 ] DEBUG InitAppTask          - Initialization Complete
13:11:35.682 [FXGL Background Thread 1 ] INFO  InitAppTask          - Game initialization took: 0,746 sec
13:11:35.686 [JavaFX Application Thread] DEBUG Input                - Clearing active input actions
13:11:35.686 [JavaFX Application Thread] DEBUG AppStateMachine      - LoadingState -> PlayState
13:11:38.406 [JavaFX Application Thread] DEBUG GameApplication      - Exiting game application
13:11:38.408 [JavaFX Application Thread] DEBUG GameApplication      - Shutting down background threads
13:11:38.408 [JavaFX Application Thread] DEBUG GameApplication      - Exiting FXGL
13:11:38.408 [JavaFX Application Thread] DEBUG FXGL                 - Saving FXGL system data
13:11:38.410 [JavaFX Application Thread] DEBUG IOTask               - Executing task: writeDataTask(system/fxgl.bundle)
13:11:38.413 [JavaFX Application Thread] DEBUG FS                   - Writing to: system\fxgl.bundle
13:11:38.420 [JavaFX Application Thread] DEBUG IOTask               - Task succeeded: writeDataTask(system/fxgl.bundle)
13:11:38.420 [JavaFX Application Thread] DEBUG GameApplication      - Closing logger and exiting JavaFX
