18:52:04.951 [JavaFX Application Thread] DEBUG GameApplication      - Logger initialized
18:52:04.974 [JavaFX Application Thread] DEBUG MainWindow           - Creating a JavaFX scene
18:52:05.126 [JavaFX Application Thread] DEBUG MainWindow           - Target settings size: 500.0 x 450.0
18:52:05.126 [JavaFX Application Thread] DEBUG MainWindow           - Scaled scene size:    500.0 x 450.0
18:52:05.127 [JavaFX Application Thread] DEBUG MainWindow           - Scaled ratio: (1.0, 1.0)
18:52:05.377 [JavaFX Application Thread] DEBUG GameApplication      - Starting FXGL
18:52:05.377 [JavaFX Application Thread] INFO  Version              - FXGL-0.4.1
18:52:05.378 [JavaFX Application Thread] INFO  Version              - Source code and latest versions at: https://github.com/AlmasB/FXGL
18:52:05.378 [JavaFX Application Thread] INFO  Version              -              Join the FXGL chat at: https://gitter.im/AlmasB/FXGL
18:52:05.498 [FXGL Launcher Thread     ] DEBUG FXGL                 - Loading FXGL system data
18:52:05.508 [FXGL Launcher Thread     ] DEBUG IOTask               - Executing task: readDataTask(system/fxgl.bundle)
18:52:05.521 [FXGL Launcher Thread     ] DEBUG FS                   - Reading from: system\fxgl.bundle
18:52:05.542 [FXGL Launcher Thread     ] DEBUG IOTask               - Task succeeded: readDataTask(system/fxgl.bundle)
18:52:05.542 [FXGL Launcher Thread     ] DEBUG Bundle               - Logging bundle: FXGL
18:52:05.544 [FXGL Launcher Thread     ] DEBUG Bundle               - FXGL.offline.timer.version.check=2018-02-07T17:48:11.639
18:52:05.547 [FXGL Launcher Thread     ] DEBUG GameApplication      - FXGL configuration complete
18:52:05.549 [FXGL Launcher Thread     ] INFO  GameApplication      - FXGL configuration took:  0,124 sec
18:52:05.551 [FXGL Launcher Thread     ] DEBUG GameApplication      - Logging game settings
Title: Basic Game App
Version: 0.1
Width: 500
Height: 450
Fullscreen: false
Intro: false
Menus: false
Profiling: false
Single step:false
App Mode: DEVELOPER
Menu Key: ESCAPE
Stage Style: DECORATED
Scene Factory: class com.almasb.fxgl.scene.SceneFactory
Dialog Factory: class com.almasb.fxgl.ui.FXGLDialogFactory
UI Factory: class com.almasb.fxgl.ui.FXGLUIFactory
Notification Service: class com.almasb.fxgl.gameplay.notification.XboxNotificationView
Exception Handler: class com.almasb.fxgl.app.FXGLExceptionHandler
18:52:05.564 [FXGL Launcher Thread     ] DEBUG GameApplication      - Configuring GameApplication
18:52:05.573 [FXGL Launcher Thread     ] DEBUG AppStateMachine      - Initializing application states
18:52:05.592 [FXGL Launcher Thread     ] DEBUG AssetLoader          - Loading from disk: /assets/ui/cursors/fxgl_default.png
18:52:05.639 [FXGL Launcher Thread     ] DEBUG AssetLoader          - Loading from disk: /assets/ui/cursors/fxgl_default.png
18:52:05.667 [FXGL Launcher Thread     ] DEBUG AssetLoader          - Loading from disk: /assets/sounds/core/notification.wav
18:52:05.728 [FXGL Launcher Thread     ] DEBUG AssetLoader          - Loading from disk: /assets/sounds/menu/select.wav
18:52:05.733 [FXGL Launcher Thread     ] DEBUG AssetLoader          - Loading from disk: /assets/sounds/menu/back.wav
18:52:05.736 [FXGL Launcher Thread     ] DEBUG AssetLoader          - Loading from disk: /assets/sounds/menu/press.wav
18:52:05.740 [FXGL Launcher Thread     ] DEBUG AssetLoader          - Loading from disk: /assets/ui/fonts/VarelaRound-Regular.ttf
18:52:05.978 [FXGL Launcher Thread     ] DEBUG AssetLoader          - Loading from disk: /assets/ui/fonts/lucida_console.ttf
18:52:05.990 [FXGL Launcher Thread     ] DEBUG AssetLoader          - Loading from disk: /assets/ui/css/fxgl_dark.css
18:52:05.991 [FXGL Launcher Thread     ] DEBUG AssetLoader          - Loading from disk: /assets/ui/icons/fxgl_icon.png
18:52:06.034 [FXGL Launcher Thread     ] DEBUG AssetLoader          - Loading from disk: /assets/ui/cursors/fxgl_default.png
18:52:06.083 [FXGL Launcher Thread     ] DEBUG FXGL.GameScene       - Game scene initialized: 500x450
18:52:06.089 [FXGL Launcher Thread     ] DEBUG FXGL.GameWorld       - Game world initialized
18:52:06.202 [FXGL Launcher Thread     ] DEBUG FXGL.PhysicsWorld    - Physics world initialized: appHeight=450, physics.ppm=50,0
18:52:06.254 [FXGL Launcher Thread     ] DEBUG Input                - Registered new binding: Pause - Esc
18:52:06.283 [FXGL Launcher Thread     ] INFO  GameApplication      - Game configuration took:  0,718 sec
18:52:06.287 [JavaFX Application Thread] DEBUG MainWindow           - Opening main window
18:52:06.354 [JavaFX Application Thread] DEBUG MainWindow           - Window border size: (6.0, 29.0)
18:52:06.354 [JavaFX Application Thread] DEBUG MainWindow           - Scaled size: 500.0 x 450.0
18:52:06.354 [JavaFX Application Thread] DEBUG MainWindow           - Scaled ratio: (1.0, 1.0)
18:52:06.355 [JavaFX Application Thread] DEBUG MainWindow           - Scene size: 500.0 x 450.0
18:52:06.355 [JavaFX Application Thread] DEBUG MainWindow           - Stage size: 506.0 x 479.0
18:52:06.355 [JavaFX Application Thread] DEBUG GameApplication      - Running preInit()
18:52:06.361 [JavaFX Application Thread] DEBUG AnnotationParser     - Main app package name: com.myname
18:52:06.538 [JavaFX Application Thread] DEBUG AnnotationParser     - @SetAchievementStore: []
18:52:06.541 [JavaFX Application Thread] DEBUG Input                - Registered new binding: Screenshot - P
18:52:06.542 [JavaFX Application Thread] DEBUG Input                - Registered new binding: Dev Options - CTRL+0
18:52:06.543 [JavaFX Application Thread] DEBUG Input                - Registered new binding: Move Right - D
18:52:06.543 [JavaFX Application Thread] DEBUG Input                - Registered new binding: Move Left - A
18:52:06.544 [JavaFX Application Thread] DEBUG Input                - Registered new binding: Move Up - W
18:52:06.544 [JavaFX Application Thread] DEBUG Input                - Registered new binding: Move Down - S
18:52:06.544 [JavaFX Application Thread] DEBUG Input                - Registered new binding: Play Sound - F
18:52:06.616 [JavaFX Application Thread] DEBUG GameApplication      - Starting main loop
18:52:06.626 [JavaFX Application Thread] DEBUG StartupState         - STARTUP
18:52:06.626 [JavaFX Application Thread] DEBUG GameApplication      - Starting new game
18:52:06.626 [JavaFX Application Thread] DEBUG Input                - Clearing active input actions
18:52:06.626 [JavaFX Application Thread] DEBUG AppStateMachine      - StartupState -> LoadingState
18:52:06.700 [JavaFX Application Thread] DEBUG AnnotationParser     - Main app package name: com.myname
18:52:06.700 [JavaFX Application Thread] DEBUG InitAppTask          - Parsing annotations
18:52:06.745 [JavaFX Application Thread] DEBUG AnnotationParser     - @SetEventHandler: []
18:52:06.746 [JavaFX Application Thread] DEBUG AnnotationParser     - @SetEntityFactory: []
18:52:06.746 [JavaFX Application Thread] DEBUG AnnotationParser     - @AddCollisionHandler: []
18:52:06.829 [FXGL Background Thread 1 ] DEBUG InitAppTask          - Clearing previous game
18:52:06.829 [FXGL Background Thread 1 ] DEBUG FXGL.GameWorld       - Clearing game world
18:52:06.832 [FXGL Background Thread 1 ] DEBUG FXGL.PhysicsWorld    - Clearing physics world
18:52:06.832 [FXGL Background Thread 1 ] DEBUG FXGL.GameScene       - Clearing game scene
18:52:06.833 [FXGL Background Thread 1 ] DEBUG InitAppTask          - Initializing Assets
18:52:06.834 [FXGL Background Thread 1 ] DEBUG InitAppTask          - Initializing Game
18:52:06.903 [FXGL Background Thread 1 ] DEBUG AssetLoader          - Loading from disk: /assets/textures/brick.png
18:52:06.925 [FXGL Background Thread 1 ] DEBUG FXGL.GameScene       - Creating render group for layer: TOP(2147483647)
18:52:07.088 [FXGL Background Thread 1 ] DEBUG InitAppTask          - Initializing Physics
18:52:07.090 [FXGL Background Thread 1 ] DEBUG InitAppTask          - Initializing UI
18:52:07.090 [FXGL Background Thread 1 ] DEBUG AssetLoader          - Loading from cache: /assets/textures/brick.png
18:52:07.235 [FXGL Background Thread 1 ] DEBUG InitAppTask          - Initialization Complete
18:52:07.236 [FXGL Background Thread 1 ] INFO  InitAppTask          - Game initialization took: 0,407 sec
18:52:07.243 [JavaFX Application Thread] DEBUG Input                - Clearing active input actions
18:52:07.244 [JavaFX Application Thread] DEBUG AppStateMachine      - LoadingState -> PlayState
18:52:14.549 [JavaFX Application Thread] DEBUG GameApplication      - Exiting game application
18:52:14.551 [JavaFX Application Thread] DEBUG GameApplication      - Shutting down background threads
18:52:14.551 [JavaFX Application Thread] DEBUG GameApplication      - Exiting FXGL
18:52:14.552 [JavaFX Application Thread] DEBUG FXGL                 - Saving FXGL system data
18:52:14.553 [JavaFX Application Thread] DEBUG IOTask               - Executing task: writeDataTask(system/fxgl.bundle)
18:52:14.557 [JavaFX Application Thread] DEBUG FS                   - Writing to: system\fxgl.bundle
18:52:14.562 [JavaFX Application Thread] DEBUG IOTask               - Task succeeded: writeDataTask(system/fxgl.bundle)
18:52:14.562 [JavaFX Application Thread] DEBUG GameApplication      - Closing logger and exiting JavaFX
