08:04:26.590 [JavaFX Application Thread] DEBUG GameApplication      - Logger initialized
08:04:26.625 [JavaFX Application Thread] DEBUG MainWindow           - Creating a JavaFX scene
08:04:26.856 [JavaFX Application Thread] DEBUG MainWindow           - Target settings size: 600.0 x 600.0
08:04:26.856 [JavaFX Application Thread] DEBUG MainWindow           - Scaled scene size:    600.0 x 600.0
08:04:26.857 [JavaFX Application Thread] DEBUG MainWindow           - Scaled ratio: (1.0, 1.0)
08:04:27.153 [JavaFX Application Thread] DEBUG GameApplication      - Starting FXGL
08:04:27.153 [JavaFX Application Thread] INFO  Version              - FXGL-0.4.1
08:04:27.154 [JavaFX Application Thread] INFO  Version              - Source code and latest versions at: https://github.com/AlmasB/FXGL
08:04:27.154 [JavaFX Application Thread] INFO  Version              -              Join the FXGL chat at: https://gitter.im/AlmasB/FXGL
08:04:27.270 [FXGL Launcher Thread     ] DEBUG FXGL                 - Loading FXGL system data
08:04:27.282 [FXGL Launcher Thread     ] DEBUG IOTask               - Executing task: readDataTask(system/fxgl.bundle)
08:04:27.294 [FXGL Launcher Thread     ] DEBUG FS                   - Reading from: system\fxgl.bundle
08:04:27.313 [FXGL Launcher Thread     ] DEBUG IOTask               - Task succeeded: readDataTask(system/fxgl.bundle)
08:04:27.313 [FXGL Launcher Thread     ] DEBUG Bundle               - Logging bundle: FXGL
08:04:27.315 [FXGL Launcher Thread     ] DEBUG Bundle               - FXGL.offline.timer.version.check=2018-01-29T12:06:18.318
08:04:27.316 [FXGL Launcher Thread     ] DEBUG GameApplication      - FXGL configuration complete
08:04:27.318 [FXGL Launcher Thread     ] INFO  GameApplication      - FXGL configuration took:  0,117 sec
08:04:27.318 [FXGL Launcher Thread     ] DEBUG GameApplication      - Logging game settings
Title: Basic Game App
Version: 0.1
Width: 600
Height: 600
Fullscreen: false
Intro: false
Menus: false
Profiling: false
Single step:false
App Mode: DEVELOPER
Menu Key: ESCAPE
Stage Style: DECORATED
Scene Factory: class com.almasb.fxgl.scene.SceneFactory
Dialog Factory: class com.almasb.fxgl.ui.FXGLDialogFactory
UI Factory: class com.almasb.fxgl.ui.FXGLUIFactory
Notification Service: class com.almasb.fxgl.gameplay.notification.XboxNotificationView
Exception Handler: class com.almasb.fxgl.app.FXGLExceptionHandler
08:04:27.327 [FXGL Launcher Thread     ] DEBUG GameApplication      - Configuring GameApplication
08:04:27.335 [FXGL Launcher Thread     ] DEBUG AppStateMachine      - Initializing application states
08:04:27.352 [FXGL Launcher Thread     ] DEBUG AssetLoader          - Loading from disk: /assets/ui/cursors/fxgl_default.png
08:04:27.402 [FXGL Launcher Thread     ] DEBUG AssetLoader          - Loading from disk: /assets/ui/cursors/fxgl_default.png
08:04:27.427 [FXGL Launcher Thread     ] DEBUG AssetLoader          - Loading from disk: /assets/sounds/core/notification.wav
08:04:27.466 [FXGL Launcher Thread     ] DEBUG AssetLoader          - Loading from disk: /assets/sounds/menu/select.wav
08:04:27.469 [FXGL Launcher Thread     ] DEBUG AssetLoader          - Loading from disk: /assets/sounds/menu/back.wav
08:04:27.472 [FXGL Launcher Thread     ] DEBUG AssetLoader          - Loading from disk: /assets/sounds/menu/press.wav
08:04:27.476 [FXGL Launcher Thread     ] DEBUG AssetLoader          - Loading from disk: /assets/ui/fonts/VarelaRound-Regular.ttf
08:04:27.676 [FXGL Launcher Thread     ] DEBUG AssetLoader          - Loading from disk: /assets/ui/fonts/lucida_console.ttf
08:04:27.684 [FXGL Launcher Thread     ] DEBUG AssetLoader          - Loading from disk: /assets/ui/css/fxgl_dark.css
08:04:27.685 [FXGL Launcher Thread     ] DEBUG AssetLoader          - Loading from disk: /assets/ui/icons/fxgl_icon.png
08:04:27.730 [FXGL Launcher Thread     ] DEBUG AssetLoader          - Loading from disk: /assets/ui/cursors/fxgl_default.png
08:04:27.784 [FXGL Launcher Thread     ] DEBUG FXGL.GameScene       - Game scene initialized: 600x600
08:04:27.791 [FXGL Launcher Thread     ] DEBUG FXGL.GameWorld       - Game world initialized
08:04:27.910 [FXGL Launcher Thread     ] DEBUG FXGL.PhysicsWorld    - Physics world initialized: appHeight=600, physics.ppm=50,0
08:04:27.950 [FXGL Launcher Thread     ] DEBUG Input                - Registered new binding: Pause - Esc
08:04:28.037 [FXGL Launcher Thread     ] INFO  GameApplication      - Game configuration took:  0,710 sec
08:04:28.052 [JavaFX Application Thread] DEBUG MainWindow           - Opening main window
08:04:28.134 [JavaFX Application Thread] DEBUG MainWindow           - Window border size: (6.0, 29.0)
08:04:28.135 [JavaFX Application Thread] DEBUG MainWindow           - Scaled size: 600.0 x 600.0
08:04:28.135 [JavaFX Application Thread] DEBUG MainWindow           - Scaled ratio: (1.0, 1.0)
08:04:28.136 [JavaFX Application Thread] DEBUG MainWindow           - Scene size: 600.0 x 600.0
08:04:28.137 [JavaFX Application Thread] DEBUG MainWindow           - Stage size: 606.0 x 629.0
08:04:28.137 [JavaFX Application Thread] DEBUG GameApplication      - Running preInit()
08:04:28.142 [JavaFX Application Thread] DEBUG AnnotationParser     - Main app package name: com.myname
08:04:28.353 [JavaFX Application Thread] DEBUG AnnotationParser     - @SetAchievementStore: []
08:04:28.355 [JavaFX Application Thread] DEBUG Input                - Registered new binding: Screenshot - P
08:04:28.356 [JavaFX Application Thread] DEBUG Input                - Registered new binding: Dev Options - CTRL+0
08:04:28.357 [JavaFX Application Thread] DEBUG Input                - Registered new binding: Move Right - D
08:04:28.357 [JavaFX Application Thread] DEBUG Input                - Registered new binding: Move Left - A
08:04:28.357 [JavaFX Application Thread] DEBUG Input                - Registered new binding: Move Up - W
08:04:28.358 [JavaFX Application Thread] DEBUG Input                - Registered new binding: Move Down - S
08:04:28.358 [JavaFX Application Thread] DEBUG Input                - Registered new binding: Play Sound - F
08:04:28.436 [JavaFX Application Thread] DEBUG GameApplication      - Starting main loop
08:04:28.443 [JavaFX Application Thread] DEBUG StartupState         - STARTUP
08:04:28.443 [JavaFX Application Thread] DEBUG GameApplication      - Starting new game
08:04:28.443 [JavaFX Application Thread] DEBUG Input                - Clearing active input actions
08:04:28.443 [JavaFX Application Thread] DEBUG AppStateMachine      - StartupState -> LoadingState
08:04:28.504 [JavaFX Application Thread] DEBUG AnnotationParser     - Main app package name: com.myname
08:04:28.504 [JavaFX Application Thread] DEBUG InitAppTask          - Parsing annotations
08:04:28.619 [JavaFX Application Thread] DEBUG AnnotationParser     - @SetEventHandler: []
08:04:28.620 [JavaFX Application Thread] DEBUG AnnotationParser     - @SetEntityFactory: []
08:04:28.620 [JavaFX Application Thread] DEBUG AnnotationParser     - @AddCollisionHandler: []
08:04:28.685 [FXGL Background Thread 1 ] DEBUG InitAppTask          - Clearing previous game
08:04:28.685 [FXGL Background Thread 1 ] DEBUG FXGL.GameWorld       - Clearing game world
08:04:28.687 [FXGL Background Thread 1 ] DEBUG FXGL.PhysicsWorld    - Clearing physics world
08:04:28.687 [FXGL Background Thread 1 ] DEBUG FXGL.GameScene       - Clearing game scene
08:04:28.688 [FXGL Background Thread 1 ] DEBUG InitAppTask          - Initializing Assets
08:04:28.689 [FXGL Background Thread 1 ] DEBUG InitAppTask          - Initializing Game
08:04:28.760 [FXGL Background Thread 1 ] DEBUG AssetLoader          - Loading from disk: /assets/textures/brick.png
08:04:28.780 [FXGL Background Thread 1 ] DEBUG FXGL.GameScene       - Creating render group for layer: TOP(2147483647)
08:04:28.868 [FXGL Background Thread 1 ] DEBUG InitAppTask          - Initializing Physics
08:04:28.869 [FXGL Background Thread 1 ] DEBUG InitAppTask          - Initializing UI
08:04:28.870 [FXGL Background Thread 1 ] DEBUG AssetLoader          - Loading from cache: /assets/textures/brick.png
08:04:28.873 [FXGL Background Thread 1 ] DEBUG InitAppTask          - Initialization Complete
08:04:28.873 [FXGL Background Thread 1 ] INFO  InitAppTask          - Game initialization took: 0,189 sec
08:04:28.881 [JavaFX Application Thread] DEBUG Input                - Clearing active input actions
08:04:28.881 [JavaFX Application Thread] DEBUG AppStateMachine      - LoadingState -> PlayState
08:04:29.887 [JavaFX Application Thread] DEBUG GameApplication      - Exiting game application
08:04:29.889 [JavaFX Application Thread] DEBUG GameApplication      - Shutting down background threads
08:04:29.890 [JavaFX Application Thread] DEBUG GameApplication      - Exiting FXGL
08:04:29.890 [JavaFX Application Thread] DEBUG FXGL                 - Saving FXGL system data
08:04:29.892 [JavaFX Application Thread] DEBUG IOTask               - Executing task: writeDataTask(system/fxgl.bundle)
08:04:29.897 [JavaFX Application Thread] DEBUG FS                   - Writing to: system\fxgl.bundle
08:04:29.903 [JavaFX Application Thread] DEBUG IOTask               - Task succeeded: writeDataTask(system/fxgl.bundle)
08:04:29.903 [JavaFX Application Thread] DEBUG GameApplication      - Closing logger and exiting JavaFX
