20:41:51.975 [JavaFX Application Thread] DEBUG GameApplication      - Logger initialized
20:41:51.991 [JavaFX Application Thread] DEBUG MainWindow           - Creating a JavaFX scene
20:41:52.221 [JavaFX Application Thread] DEBUG MainWindow           - Target settings size: 600.0 x 700.0
20:41:52.221 [JavaFX Application Thread] DEBUG MainWindow           - Scaled scene size:    600.0 x 700.0
20:41:52.221 [JavaFX Application Thread] DEBUG MainWindow           - Scaled ratio: (1.0, 1.0)
20:41:52.636 [JavaFX Application Thread] DEBUG GameApplication      - Starting FXGL
20:41:52.790 [FXGL Launcher Thread     ] INFO  Version              - FXGL-0.4.2
20:41:52.791 [FXGL Launcher Thread     ] INFO  Version              - Source code and latest versions at: https://github.com/AlmasB/FXGL
20:41:52.791 [FXGL Launcher Thread     ] INFO  Version              -              Join the FXGL chat at: https://gitter.im/AlmasB/FXGL
20:41:52.792 [FXGL Launcher Thread     ] DEBUG FXGL                 - Loading FXGL system data
20:41:52.800 [FXGL Launcher Thread     ] DEBUG IOTask               - Executing task: readDataTask(system/fxgl.bundle)
20:41:52.837 [FXGL Launcher Thread     ] DEBUG FS                   - Reading from: system\fxgl.bundle
20:41:52.850 [FXGL Launcher Thread     ] DEBUG IOTask               - Task succeeded: readDataTask(system/fxgl.bundle)
20:41:52.850 [FXGL Launcher Thread     ] DEBUG Bundle               - Logging bundle: FXGL
20:41:52.851 [FXGL Launcher Thread     ] DEBUG Bundle               - FXGL.offline.timer.version.check=2018-02-14T19:15:29.603
20:41:52.875 [FXGL Launcher Thread     ] DEBUG GameApplication      - FXGL started
20:41:52.876 [FXGL Launcher Thread     ] DEBUG GameApplication      - Logging game settings
Title: Basic Game App
Version: 0.1
Width: 600
Height: 700
Fullscreen: false
Intro: false
Menus: false
Profiling: false
Single step:false
App Mode: DEVELOPER
Menu Key: ESCAPE
Stage Style: DECORATED
Scene Factory: class com.almasb.fxgl.scene.SceneFactory
Dialog Factory: class com.almasb.fxgl.ui.FXGLDialogFactory
UI Factory: class com.almasb.fxgl.ui.FXGLUIFactory
Notification Service: class com.almasb.fxgl.gameplay.notification.XboxNotificationView
Exception Handler: class com.almasb.fxgl.app.FXGLExceptionHandler
20:41:52.877 [FXGL Launcher Thread     ] DEBUG GameApplication      - Configuring GameApplication
20:41:52.877 [FXGL Launcher Thread     ] DEBUG GameApplication      - Initializing state machine and application states
20:41:52.896 [FXGL Launcher Thread     ] DEBUG AssetLoader          - Loading from disk: /assets/ui/cursors/fxgl_default.png
20:41:52.984 [FXGL Launcher Thread     ] DEBUG AssetLoader          - Loading from disk: /assets/ui/cursors/fxgl_default.png
20:41:52.990 [FXGL Launcher Thread     ] DEBUG AssetLoader          - Loading from disk: /assets/ui/cursors/fxgl_default.png
20:41:53.056 [FXGL Launcher Thread     ] DEBUG AssetLoader          - Loading from disk: /assets/sounds/core/notification.wav
20:41:53.144 [FXGL Launcher Thread     ] DEBUG AssetLoader          - Loading from disk: /assets/sounds/menu/select.wav
20:41:53.146 [FXGL Launcher Thread     ] DEBUG AssetLoader          - Loading from disk: /assets/sounds/menu/back.wav
20:41:53.149 [FXGL Launcher Thread     ] DEBUG AssetLoader          - Loading from disk: /assets/sounds/menu/press.wav
20:41:53.152 [FXGL Launcher Thread     ] DEBUG AssetLoader          - Loading from disk: /assets/ui/fonts/VarelaRound-Regular.ttf
20:41:53.356 [FXGL Launcher Thread     ] DEBUG AssetLoader          - Loading from disk: /assets/ui/fonts/lucida_console.ttf
20:41:53.381 [FXGL Launcher Thread     ] DEBUG AssetLoader          - Loading from disk: /assets/ui/css/fxgl_dark.css
20:41:53.382 [FXGL Launcher Thread     ] DEBUG AssetLoader          - Loading from disk: /assets/ui/icons/fxgl_icon.png
20:41:53.399 [FXGL Launcher Thread     ] DEBUG AssetLoader          - Loading from disk: /assets/ui/cursors/fxgl_default.png
20:41:53.463 [FXGL Launcher Thread     ] DEBUG FXGL.GameScene       - Game scene initialized: 600x700
20:41:53.475 [FXGL Launcher Thread     ] DEBUG FXGL.GameWorld       - Game world initialized
20:41:53.579 [FXGL Launcher Thread     ] DEBUG FXGL.PhysicsWorld    - Physics world initialized: appHeight=700, physics.ppm=50,0
20:41:53.603 [FXGL Launcher Thread     ] DEBUG Input                - Registered new binding: Pause - Esc
20:41:53.651 [FXGL Launcher Thread     ] INFO  GameApplication      - Game configuration took:  0,773 sec
20:41:53.656 [JavaFX Application Thread] DEBUG MainWindow           - Opening main window
20:41:53.707 [JavaFX Application Thread] DEBUG MainWindow           - Window border size: (6.0, 35.0)
20:41:53.708 [JavaFX Application Thread] DEBUG MainWindow           - Scaled size: 600.0 x 700.0
20:41:53.708 [JavaFX Application Thread] DEBUG MainWindow           - Scaled ratio: (1.0, 1.0)
20:41:53.708 [JavaFX Application Thread] DEBUG MainWindow           - Scene size: 600.0 x 700.0
20:41:53.708 [JavaFX Application Thread] DEBUG MainWindow           - Stage size: 606.0 x 735.0
20:41:53.708 [JavaFX Application Thread] DEBUG GameApplication      - Running preInit()
20:41:53.711 [JavaFX Application Thread] DEBUG AnnotationParser     - Main app package name: com.myname
20:41:53.890 [JavaFX Application Thread] DEBUG AnnotationParser     - @SetAchievementStore: []
20:41:53.893 [JavaFX Application Thread] DEBUG Input                - Registered new binding: Screenshot - P
20:41:53.894 [JavaFX Application Thread] DEBUG Input                - Registered new binding: Dev Options - CTRL+0
20:41:53.894 [JavaFX Application Thread] DEBUG Input                - Registered new binding: Restart - CTRL+R
20:41:53.895 [JavaFX Application Thread] DEBUG Input                - Registered new binding: Move Right - D
20:41:53.895 [JavaFX Application Thread] DEBUG Input                - Registered new binding: Move Left - A
20:41:53.895 [JavaFX Application Thread] DEBUG Input                - Registered new binding: Move Up - W
20:41:53.895 [JavaFX Application Thread] DEBUG Input                - Registered new binding: Move Down - S
20:41:53.895 [JavaFX Application Thread] DEBUG Input                - Registered new binding: Play Sound - F
20:41:53.912 [JavaFX Application Thread] DEBUG GameApplication      - Starting main loop
20:41:53.914 [JavaFX Application Thread] DEBUG StartupState         - STARTUP
20:41:53.914 [JavaFX Application Thread] DEBUG GameApplication      - Starting new game
20:41:53.915 [JavaFX Application Thread] DEBUG Input                - Clearing active input actions
20:41:53.945 [JavaFX Application Thread] DEBUG AppStateMachine      - StartupState -> LoadingState
20:41:53.946 [JavaFX Application Thread] DEBUG AnnotationParser     - Main app package name: com.myname
20:41:53.946 [JavaFX Application Thread] DEBUG InitAppTask          - Parsing annotations
20:41:54.033 [JavaFX Application Thread] DEBUG AnnotationParser     - @SetEventHandler: []
20:41:54.033 [JavaFX Application Thread] DEBUG AnnotationParser     - @AddCollisionHandler: []
20:41:54.034 [JavaFX Application Thread] DEBUG AnnotationParser     - @SetEntityFactory: []
20:41:54.041 [FXGL Background Thread 1 ] DEBUG InitAppTask          - Clearing previous game
20:41:54.042 [FXGL Background Thread 1 ] DEBUG FXGL.GameWorld       - Clearing game world
20:41:54.042 [FXGL Background Thread 1 ] DEBUG FXGL.PhysicsWorld    - Clearing physics world
20:41:54.042 [FXGL Background Thread 1 ] DEBUG FXGL.GameScene       - Clearing game scene
20:41:54.043 [FXGL Background Thread 1 ] DEBUG InitAppTask          - Initializing Assets
20:41:54.044 [FXGL Background Thread 1 ] DEBUG InitAppTask          - Initializing Game
20:41:54.094 [FXGL Background Thread 1 ] DEBUG AssetLoader          - Loading from disk: /assets/textures/brick.png
20:41:54.107 [FXGL Background Thread 1 ] DEBUG FXGL.GameScene       - Creating render group for layer: TOP(2147483647)
20:41:54.249 [FXGL Background Thread 1 ] DEBUG InitAppTask          - Initializing Physics
20:41:54.250 [FXGL Background Thread 1 ] DEBUG InitAppTask          - Initializing UI
20:41:54.250 [FXGL Background Thread 1 ] DEBUG AssetLoader          - Loading from cache: /assets/textures/brick.png
20:41:54.301 [FXGL Background Thread 1 ] DEBUG InitAppTask          - Initialization Complete
20:41:54.301 [FXGL Background Thread 1 ] INFO  InitAppTask          - Game initialization took: 0,259 sec
20:41:54.304 [JavaFX Application Thread] DEBUG Input                - Clearing active input actions
20:41:54.317 [JavaFX Application Thread] DEBUG AppStateMachine      - LoadingState -> PlayState
20:42:44.294 [JavaFX Application Thread] DEBUG AssetLoader          - Loading from disk: /assets/sounds/collectcoin.wav
20:42:44.318 [JavaFX Application Thread] DEBUG AssetLoader          - Loading from cache: /assets/sounds/collectcoin.wav
20:42:44.513 [JavaFX Application Thread] DEBUG AssetLoader          - Loading from cache: /assets/sounds/collectcoin.wav
20:42:44.514 [JavaFX Application Thread] DEBUG AssetLoader          - Loading from cache: /assets/sounds/collectcoin.wav
20:42:44.736 [JavaFX Application Thread] DEBUG AssetLoader          - Loading from cache: /assets/sounds/collectcoin.wav
20:42:44.737 [JavaFX Application Thread] DEBUG AssetLoader          - Loading from cache: /assets/sounds/collectcoin.wav
20:42:44.961 [JavaFX Application Thread] DEBUG AssetLoader          - Loading from cache: /assets/sounds/collectcoin.wav
20:42:44.961 [JavaFX Application Thread] DEBUG AssetLoader          - Loading from cache: /assets/sounds/collectcoin.wav
20:42:45.184 [JavaFX Application Thread] DEBUG AssetLoader          - Loading from cache: /assets/sounds/collectcoin.wav
20:42:45.185 [JavaFX Application Thread] DEBUG AssetLoader          - Loading from cache: /assets/sounds/collectcoin.wav
20:42:45.392 [JavaFX Application Thread] DEBUG AssetLoader          - Loading from cache: /assets/sounds/collectcoin.wav
20:42:45.392 [JavaFX Application Thread] DEBUG AssetLoader          - Loading from cache: /assets/sounds/collectcoin.wav
20:42:45.632 [JavaFX Application Thread] DEBUG AssetLoader          - Loading from cache: /assets/sounds/collectcoin.wav
20:42:45.633 [JavaFX Application Thread] DEBUG AssetLoader          - Loading from cache: /assets/sounds/collectcoin.wav
20:42:45.840 [JavaFX Application Thread] DEBUG AssetLoader          - Loading from cache: /assets/sounds/collectcoin.wav
20:42:45.840 [JavaFX Application Thread] DEBUG AssetLoader          - Loading from cache: /assets/sounds/collectcoin.wav
20:42:46.065 [JavaFX Application Thread] DEBUG AssetLoader          - Loading from cache: /assets/sounds/collectcoin.wav
20:42:46.065 [JavaFX Application Thread] DEBUG AssetLoader          - Loading from cache: /assets/sounds/collectcoin.wav
20:42:46.289 [JavaFX Application Thread] DEBUG AssetLoader          - Loading from cache: /assets/sounds/collectcoin.wav
20:42:46.289 [JavaFX Application Thread] DEBUG AssetLoader          - Loading from cache: /assets/sounds/collectcoin.wav
20:42:46.512 [JavaFX Application Thread] DEBUG AssetLoader          - Loading from cache: /assets/sounds/collectcoin.wav
20:42:46.512 [JavaFX Application Thread] DEBUG AssetLoader          - Loading from cache: /assets/sounds/collectcoin.wav
20:42:46.737 [JavaFX Application Thread] DEBUG AssetLoader          - Loading from cache: /assets/sounds/collectcoin.wav
20:42:46.737 [JavaFX Application Thread] DEBUG AssetLoader          - Loading from cache: /assets/sounds/collectcoin.wav
20:42:46.960 [JavaFX Application Thread] DEBUG AssetLoader          - Loading from cache: /assets/sounds/collectcoin.wav
20:42:46.960 [JavaFX Application Thread] DEBUG AssetLoader          - Loading from cache: /assets/sounds/collectcoin.wav
20:42:47.184 [JavaFX Application Thread] DEBUG AssetLoader          - Loading from cache: /assets/sounds/collectcoin.wav
20:42:47.185 [JavaFX Application Thread] DEBUG AssetLoader          - Loading from cache: /assets/sounds/collectcoin.wav
20:42:47.392 [JavaFX Application Thread] DEBUG AssetLoader          - Loading from cache: /assets/sounds/collectcoin.wav
20:42:47.392 [JavaFX Application Thread] DEBUG AssetLoader          - Loading from cache: /assets/sounds/collectcoin.wav
20:42:49.736 [JavaFX Application Thread] DEBUG GameApplication      - Exiting game application
20:42:49.741 [JavaFX Application Thread] DEBUG GameApplication      - Shutting down background threads
20:42:49.742 [JavaFX Application Thread] DEBUG GameApplication      - Exiting FXGL
20:42:49.742 [JavaFX Application Thread] DEBUG FXGL                 - Saving FXGL system data
20:42:49.747 [JavaFX Application Thread] DEBUG IOTask               - Executing task: writeDataTask(system/fxgl.bundle)
20:42:49.758 [JavaFX Application Thread] DEBUG FS                   - Writing to: system\fxgl.bundle
20:42:49.765 [JavaFX Application Thread] DEBUG IOTask               - Task succeeded: writeDataTask(system/fxgl.bundle)
20:42:49.765 [JavaFX Application Thread] DEBUG GameApplication      - Closing logger and exiting JavaFX
