07:58:36.715 [JavaFX Application Thread] DEBUG GameApplication      - Logger initialized
07:58:36.739 [JavaFX Application Thread] DEBUG MainWindow           - Creating a JavaFX scene
07:58:36.943 [JavaFX Application Thread] DEBUG MainWindow           - Target settings size: 600.0 x 600.0
07:58:36.943 [JavaFX Application Thread] DEBUG MainWindow           - Scaled scene size:    600.0 x 600.0
07:58:36.944 [JavaFX Application Thread] DEBUG MainWindow           - Scaled ratio: (1.0, 1.0)
07:58:37.232 [JavaFX Application Thread] DEBUG GameApplication      - Starting FXGL
07:58:37.233 [JavaFX Application Thread] INFO  Version              - FXGL-0.4.1
07:58:37.233 [JavaFX Application Thread] INFO  Version              - Source code and latest versions at: https://github.com/AlmasB/FXGL
07:58:37.234 [JavaFX Application Thread] INFO  Version              -              Join the FXGL chat at: https://gitter.im/AlmasB/FXGL
07:58:37.328 [FXGL Launcher Thread     ] DEBUG FXGL                 - Loading FXGL system data
07:58:37.335 [FXGL Launcher Thread     ] DEBUG IOTask               - Executing task: readDataTask(system/fxgl.bundle)
07:58:37.348 [FXGL Launcher Thread     ] DEBUG FS                   - Reading from: system\fxgl.bundle
07:58:37.377 [FXGL Launcher Thread     ] DEBUG IOTask               - Task succeeded: readDataTask(system/fxgl.bundle)
07:58:37.377 [FXGL Launcher Thread     ] DEBUG Bundle               - Logging bundle: FXGL
07:58:37.379 [FXGL Launcher Thread     ] DEBUG Bundle               - FXGL.offline.timer.version.check=2018-01-29T12:06:18.318
07:58:37.380 [FXGL Launcher Thread     ] DEBUG GameApplication      - FXGL configuration complete
07:58:37.382 [FXGL Launcher Thread     ] INFO  GameApplication      - FXGL configuration took:  0,131 sec
07:58:37.383 [FXGL Launcher Thread     ] DEBUG GameApplication      - Logging game settings
Title: Basic Game App
Version: 0.1
Width: 600
Height: 600
Fullscreen: false
Intro: false
Menus: false
Profiling: false
Single step:false
App Mode: DEVELOPER
Menu Key: ESCAPE
Stage Style: DECORATED
Scene Factory: class com.almasb.fxgl.scene.SceneFactory
Dialog Factory: class com.almasb.fxgl.ui.FXGLDialogFactory
UI Factory: class com.almasb.fxgl.ui.FXGLUIFactory
Notification Service: class com.almasb.fxgl.gameplay.notification.XboxNotificationView
Exception Handler: class com.almasb.fxgl.app.FXGLExceptionHandler
07:58:37.395 [FXGL Launcher Thread     ] DEBUG GameApplication      - Configuring GameApplication
07:58:37.404 [FXGL Launcher Thread     ] DEBUG AppStateMachine      - Initializing application states
07:58:37.425 [FXGL Launcher Thread     ] DEBUG AssetLoader          - Loading from disk: /assets/ui/cursors/fxgl_default.png
07:58:37.467 [FXGL Launcher Thread     ] DEBUG AssetLoader          - Loading from disk: /assets/ui/cursors/fxgl_default.png
07:58:37.513 [FXGL Launcher Thread     ] DEBUG AssetLoader          - Loading from disk: /assets/sounds/core/notification.wav
07:58:37.551 [FXGL Launcher Thread     ] DEBUG AssetLoader          - Loading from disk: /assets/sounds/menu/select.wav
07:58:37.554 [FXGL Launcher Thread     ] DEBUG AssetLoader          - Loading from disk: /assets/sounds/menu/back.wav
07:58:37.556 [FXGL Launcher Thread     ] DEBUG AssetLoader          - Loading from disk: /assets/sounds/menu/press.wav
07:58:37.560 [FXGL Launcher Thread     ] DEBUG AssetLoader          - Loading from disk: /assets/ui/fonts/VarelaRound-Regular.ttf
07:58:37.803 [FXGL Launcher Thread     ] DEBUG AssetLoader          - Loading from disk: /assets/ui/fonts/lucida_console.ttf
07:58:37.822 [FXGL Launcher Thread     ] DEBUG AssetLoader          - Loading from disk: /assets/ui/css/fxgl_dark.css
07:58:37.823 [FXGL Launcher Thread     ] DEBUG AssetLoader          - Loading from disk: /assets/ui/icons/fxgl_icon.png
07:58:37.870 [FXGL Launcher Thread     ] DEBUG AssetLoader          - Loading from disk: /assets/ui/cursors/fxgl_default.png
07:58:37.919 [FXGL Launcher Thread     ] DEBUG FXGL.GameScene       - Game scene initialized: 600x600
07:58:37.925 [FXGL Launcher Thread     ] DEBUG FXGL.GameWorld       - Game world initialized
07:58:38.057 [FXGL Launcher Thread     ] DEBUG FXGL.PhysicsWorld    - Physics world initialized: appHeight=600, physics.ppm=50,0
07:58:38.095 [FXGL Launcher Thread     ] DEBUG Input                - Registered new binding: Pause - Esc
07:58:38.122 [FXGL Launcher Thread     ] INFO  GameApplication      - Game configuration took:  0,727 sec
07:58:38.139 [JavaFX Application Thread] DEBUG MainWindow           - Opening main window
07:58:38.252 [JavaFX Application Thread] DEBUG MainWindow           - Window border size: (6.0, 29.0)
07:58:38.253 [JavaFX Application Thread] DEBUG MainWindow           - Scaled size: 600.0 x 600.0
07:58:38.253 [JavaFX Application Thread] DEBUG MainWindow           - Scaled ratio: (1.0, 1.0)
07:58:38.253 [JavaFX Application Thread] DEBUG MainWindow           - Scene size: 600.0 x 600.0
07:58:38.253 [JavaFX Application Thread] DEBUG MainWindow           - Stage size: 606.0 x 629.0
07:58:38.253 [JavaFX Application Thread] DEBUG GameApplication      - Running preInit()
07:58:38.257 [JavaFX Application Thread] DEBUG AnnotationParser     - Main app package name: com.myname
07:58:38.663 [JavaFX Application Thread] DEBUG AnnotationParser     - @SetAchievementStore: []
07:58:38.666 [JavaFX Application Thread] DEBUG Input                - Registered new binding: Screenshot - P
07:58:38.667 [JavaFX Application Thread] DEBUG Input                - Registered new binding: Dev Options - CTRL+0
07:58:38.667 [JavaFX Application Thread] DEBUG Input                - Registered new binding: Move Right - D
07:58:38.667 [JavaFX Application Thread] DEBUG Input                - Registered new binding: Move Left - A
07:58:38.668 [JavaFX Application Thread] DEBUG Input                - Registered new binding: Move Up - W
07:58:38.668 [JavaFX Application Thread] DEBUG Input                - Registered new binding: Move Down - S
07:58:38.668 [JavaFX Application Thread] DEBUG Input                - Registered new binding: Play Sound - F
07:58:38.776 [JavaFX Application Thread] DEBUG GameApplication      - Starting main loop
07:58:38.781 [JavaFX Application Thread] DEBUG StartupState         - STARTUP
07:58:38.781 [JavaFX Application Thread] DEBUG GameApplication      - Starting new game
07:58:38.781 [JavaFX Application Thread] DEBUG Input                - Clearing active input actions
07:58:38.782 [JavaFX Application Thread] DEBUG AppStateMachine      - StartupState -> LoadingState
07:58:38.841 [JavaFX Application Thread] DEBUG AnnotationParser     - Main app package name: com.myname
07:58:38.842 [JavaFX Application Thread] DEBUG InitAppTask          - Parsing annotations
07:58:38.905 [JavaFX Application Thread] DEBUG AnnotationParser     - @SetEntityFactory: []
07:58:38.906 [JavaFX Application Thread] DEBUG AnnotationParser     - @SetEventHandler: []
07:58:38.906 [JavaFX Application Thread] DEBUG AnnotationParser     - @AddCollisionHandler: []
07:58:38.939 [FXGL Background Thread 1 ] DEBUG InitAppTask          - Clearing previous game
07:58:38.940 [FXGL Background Thread 1 ] DEBUG FXGL.GameWorld       - Clearing game world
07:58:38.941 [FXGL Background Thread 1 ] DEBUG FXGL.PhysicsWorld    - Clearing physics world
07:58:38.942 [FXGL Background Thread 1 ] DEBUG FXGL.GameScene       - Clearing game scene
07:58:38.942 [FXGL Background Thread 1 ] DEBUG InitAppTask          - Initializing Assets
07:58:38.943 [FXGL Background Thread 1 ] DEBUG InitAppTask          - Initializing Game
07:58:39.016 [FXGL Background Thread 1 ] DEBUG AssetLoader          - Loading from disk: /assets/textures/brick.png
07:58:39.033 [FXGL Background Thread 1 ] DEBUG FXGL.GameScene       - Creating render group for layer: TOP(2147483647)
07:58:39.126 [FXGL Background Thread 1 ] DEBUG InitAppTask          - Initializing Physics
07:58:39.127 [FXGL Background Thread 1 ] DEBUG InitAppTask          - Initializing UI
07:58:39.128 [FXGL Background Thread 1 ] DEBUG AssetLoader          - Loading from cache: /assets/textures/brick.png
07:58:39.131 [FXGL Background Thread 1 ] DEBUG InitAppTask          - Initialization Complete
07:58:39.131 [FXGL Background Thread 1 ] INFO  InitAppTask          - Game initialization took: 0,192 sec
07:58:39.137 [JavaFX Application Thread] DEBUG Input                - Clearing active input actions
07:58:39.137 [JavaFX Application Thread] DEBUG AppStateMachine      - LoadingState -> PlayState
07:58:45.365 [JavaFX Application Thread] DEBUG GameApplication      - Exiting game application
07:58:45.367 [JavaFX Application Thread] DEBUG GameApplication      - Shutting down background threads
07:58:45.367 [JavaFX Application Thread] DEBUG GameApplication      - Exiting FXGL
07:58:45.367 [JavaFX Application Thread] DEBUG FXGL                 - Saving FXGL system data
07:58:45.369 [JavaFX Application Thread] DEBUG IOTask               - Executing task: writeDataTask(system/fxgl.bundle)
07:58:45.371 [JavaFX Application Thread] DEBUG FS                   - Writing to: system\fxgl.bundle
07:58:45.376 [JavaFX Application Thread] DEBUG IOTask               - Task succeeded: writeDataTask(system/fxgl.bundle)
07:58:45.377 [JavaFX Application Thread] DEBUG GameApplication      - Closing logger and exiting JavaFX
