19:34:36.084 [JavaFX Application Thread] DEBUG GameApplication      - Logger initialized
19:34:36.124 [JavaFX Application Thread] DEBUG MainWindow           - Creating a JavaFX scene
19:34:36.336 [JavaFX Application Thread] DEBUG MainWindow           - Target settings size: 600.0 x 700.0
19:34:36.336 [JavaFX Application Thread] DEBUG MainWindow           - Scaled scene size:    600.0 x 700.0
19:34:36.336 [JavaFX Application Thread] DEBUG MainWindow           - Scaled ratio: (1.0, 1.0)
19:34:36.724 [JavaFX Application Thread] DEBUG GameApplication      - Starting FXGL
19:34:36.863 [FXGL Launcher Thread     ] INFO  Version              - FXGL-0.4.2
19:34:36.863 [FXGL Launcher Thread     ] INFO  Version              - Source code and latest versions at: https://github.com/AlmasB/FXGL
19:34:36.864 [FXGL Launcher Thread     ] INFO  Version              -              Join the FXGL chat at: https://gitter.im/AlmasB/FXGL
19:34:36.865 [FXGL Launcher Thread     ] DEBUG FXGL                 - Loading FXGL system data
19:34:36.878 [FXGL Launcher Thread     ] DEBUG IOTask               - Executing task: readDataTask(system/fxgl.bundle)
19:34:36.885 [FXGL Launcher Thread     ] DEBUG FS                   - Reading from: system\fxgl.bundle
19:34:36.897 [FXGL Launcher Thread     ] DEBUG IOTask               - Task succeeded: readDataTask(system/fxgl.bundle)
19:34:36.897 [FXGL Launcher Thread     ] DEBUG Bundle               - Logging bundle: FXGL
19:34:36.898 [FXGL Launcher Thread     ] DEBUG Bundle               - FXGL.offline.timer.version.check=2018-02-07T17:48:11.639
19:34:36.918 [FXGL Launcher Thread     ] DEBUG GameApplication      - FXGL started
19:34:36.918 [FXGL Launcher Thread     ] DEBUG GameApplication      - Logging game settings
Title: Basic Game App
Version: 0.1
Width: 600
Height: 700
Fullscreen: false
Intro: false
Menus: false
Profiling: false
Single step:false
App Mode: DEVELOPER
Menu Key: ESCAPE
Stage Style: DECORATED
Scene Factory: class com.almasb.fxgl.scene.SceneFactory
Dialog Factory: class com.almasb.fxgl.ui.FXGLDialogFactory
UI Factory: class com.almasb.fxgl.ui.FXGLUIFactory
Notification Service: class com.almasb.fxgl.gameplay.notification.XboxNotificationView
Exception Handler: class com.almasb.fxgl.app.FXGLExceptionHandler
19:34:36.919 [FXGL Launcher Thread     ] DEBUG GameApplication      - Configuring GameApplication
19:34:36.919 [FXGL Launcher Thread     ] DEBUG GameApplication      - Initializing state machine and application states
19:34:36.967 [FXGL Launcher Thread     ] DEBUG AssetLoader          - Loading from disk: /assets/ui/cursors/fxgl_default.png
19:34:37.001 [FXGL Launcher Thread     ] DEBUG AssetLoader          - Loading from disk: /assets/ui/cursors/fxgl_default.png
19:34:37.005 [FXGL Launcher Thread     ] DEBUG AssetLoader          - Loading from disk: /assets/ui/cursors/fxgl_default.png
19:34:37.032 [FXGL Launcher Thread     ] DEBUG AssetLoader          - Loading from disk: /assets/sounds/core/notification.wav
19:34:37.062 [FXGL Launcher Thread     ] DEBUG AssetLoader          - Loading from disk: /assets/sounds/menu/select.wav
19:34:37.064 [FXGL Launcher Thread     ] DEBUG AssetLoader          - Loading from disk: /assets/sounds/menu/back.wav
19:34:37.066 [FXGL Launcher Thread     ] DEBUG AssetLoader          - Loading from disk: /assets/sounds/menu/press.wav
19:34:37.069 [FXGL Launcher Thread     ] DEBUG AssetLoader          - Loading from disk: /assets/ui/fonts/VarelaRound-Regular.ttf
19:34:37.343 [FXGL Launcher Thread     ] DEBUG AssetLoader          - Loading from disk: /assets/ui/fonts/lucida_console.ttf
19:34:37.352 [FXGL Launcher Thread     ] DEBUG AssetLoader          - Loading from disk: /assets/ui/css/fxgl_dark.css
19:34:37.353 [FXGL Launcher Thread     ] DEBUG AssetLoader          - Loading from disk: /assets/ui/icons/fxgl_icon.png
19:34:37.366 [FXGL Launcher Thread     ] DEBUG AssetLoader          - Loading from disk: /assets/ui/cursors/fxgl_default.png
19:34:37.401 [FXGL Launcher Thread     ] DEBUG FXGL.GameScene       - Game scene initialized: 600x700
19:34:37.406 [FXGL Launcher Thread     ] DEBUG FXGL.GameWorld       - Game world initialized
19:34:37.527 [FXGL Launcher Thread     ] DEBUG FXGL.PhysicsWorld    - Physics world initialized: appHeight=700, physics.ppm=50,0
19:34:37.556 [FXGL Launcher Thread     ] DEBUG Input                - Registered new binding: Pause - Esc
19:34:37.576 [FXGL Launcher Thread     ] INFO  GameApplication      - Game configuration took:  0,656 sec
19:34:37.601 [JavaFX Application Thread] DEBUG MainWindow           - Opening main window
19:34:37.644 [JavaFX Application Thread] DEBUG MainWindow           - Window border size: (6.0, 35.0)
19:34:37.644 [JavaFX Application Thread] DEBUG MainWindow           - Scaled size: 600.0 x 700.0
19:34:37.644 [JavaFX Application Thread] DEBUG MainWindow           - Scaled ratio: (1.0, 1.0)
19:34:37.644 [JavaFX Application Thread] DEBUG MainWindow           - Scene size: 600.0 x 700.0
19:34:37.644 [JavaFX Application Thread] DEBUG MainWindow           - Stage size: 606.0 x 735.0
19:34:37.645 [JavaFX Application Thread] DEBUG GameApplication      - Running preInit()
19:34:37.647 [JavaFX Application Thread] DEBUG AnnotationParser     - Main app package name: com.myname
19:34:37.888 [JavaFX Application Thread] DEBUG AnnotationParser     - @SetAchievementStore: []
19:34:37.890 [JavaFX Application Thread] DEBUG Input                - Registered new binding: Screenshot - P
19:34:37.891 [JavaFX Application Thread] DEBUG Input                - Registered new binding: Dev Options - CTRL+0
19:34:37.891 [JavaFX Application Thread] DEBUG Input                - Registered new binding: Restart - CTRL+R
19:34:37.892 [JavaFX Application Thread] DEBUG Input                - Registered new binding: Move Right - D
19:34:37.892 [JavaFX Application Thread] DEBUG Input                - Registered new binding: Move Left - A
19:34:37.892 [JavaFX Application Thread] DEBUG Input                - Registered new binding: Move Up - W
19:34:37.892 [JavaFX Application Thread] DEBUG Input                - Registered new binding: Move Down - S
19:34:37.893 [JavaFX Application Thread] DEBUG Input                - Registered new binding: Play Sound - F
19:34:37.913 [JavaFX Application Thread] DEBUG GameApplication      - Starting main loop
19:34:37.916 [JavaFX Application Thread] DEBUG StartupState         - STARTUP
19:34:37.916 [JavaFX Application Thread] DEBUG GameApplication      - Starting new game
19:34:37.916 [JavaFX Application Thread] DEBUG Input                - Clearing active input actions
19:34:37.954 [JavaFX Application Thread] DEBUG AppStateMachine      - StartupState -> LoadingState
19:34:37.956 [JavaFX Application Thread] DEBUG AnnotationParser     - Main app package name: com.myname
19:34:37.956 [JavaFX Application Thread] DEBUG InitAppTask          - Parsing annotations
19:34:37.998 [JavaFX Application Thread] DEBUG AnnotationParser     - @SetEntityFactory: []
19:34:37.998 [JavaFX Application Thread] DEBUG AnnotationParser     - @SetEventHandler: []
19:34:37.998 [JavaFX Application Thread] DEBUG AnnotationParser     - @AddCollisionHandler: []
19:34:38.025 [FXGL Background Thread 1 ] DEBUG InitAppTask          - Clearing previous game
19:34:38.025 [FXGL Background Thread 1 ] DEBUG FXGL.GameWorld       - Clearing game world
19:34:38.025 [FXGL Background Thread 1 ] DEBUG FXGL.PhysicsWorld    - Clearing physics world
19:34:38.025 [FXGL Background Thread 1 ] DEBUG FXGL.GameScene       - Clearing game scene
19:34:38.026 [FXGL Background Thread 1 ] DEBUG InitAppTask          - Initializing Assets
19:34:38.027 [FXGL Background Thread 1 ] DEBUG InitAppTask          - Initializing Game
19:34:38.075 [FXGL Background Thread 1 ] DEBUG AssetLoader          - Loading from disk: /assets/textures/brick.png
19:34:38.088 [FXGL Background Thread 1 ] DEBUG FXGL.GameScene       - Creating render group for layer: TOP(2147483647)
19:34:38.265 [FXGL Background Thread 1 ] DEBUG InitAppTask          - Initializing Physics
19:34:38.266 [FXGL Background Thread 1 ] DEBUG InitAppTask          - Initializing UI
19:34:38.267 [FXGL Background Thread 1 ] DEBUG AssetLoader          - Loading from cache: /assets/textures/brick.png
19:34:38.340 [FXGL Background Thread 1 ] DEBUG InitAppTask          - Initialization Complete
19:34:38.341 [FXGL Background Thread 1 ] INFO  InitAppTask          - Game initialization took: 0,316 sec
19:34:38.343 [JavaFX Application Thread] DEBUG Input                - Clearing active input actions
19:34:38.359 [JavaFX Application Thread] DEBUG AppStateMachine      - LoadingState -> PlayState
19:34:49.147 [JavaFX Application Thread] DEBUG GameApplication      - Exiting game application
19:34:49.148 [JavaFX Application Thread] DEBUG GameApplication      - Shutting down background threads
19:34:49.149 [JavaFX Application Thread] DEBUG GameApplication      - Exiting FXGL
19:34:49.149 [JavaFX Application Thread] DEBUG FXGL                 - Saving FXGL system data
19:34:49.150 [JavaFX Application Thread] DEBUG IOTask               - Executing task: writeDataTask(system/fxgl.bundle)
19:34:49.153 [JavaFX Application Thread] DEBUG FS                   - Writing to: system\fxgl.bundle
19:34:49.156 [JavaFX Application Thread] DEBUG IOTask               - Task succeeded: writeDataTask(system/fxgl.bundle)
19:34:49.157 [JavaFX Application Thread] DEBUG GameApplication      - Closing logger and exiting JavaFX
