21:42:11.036 [JavaFX Application Thread] DEBUG GameApplication      - Logger initialized
21:42:11.060 [JavaFX Application Thread] DEBUG MainWindow           - Creating a JavaFX scene
21:42:11.171 [JavaFX Application Thread] DEBUG MainWindow           - Target settings size: 600.0 x 700.0
21:42:11.171 [JavaFX Application Thread] DEBUG MainWindow           - Scaled scene size:    600.0 x 700.0
21:42:11.171 [JavaFX Application Thread] DEBUG MainWindow           - Scaled ratio: (1.0, 1.0)
21:42:11.348 [JavaFX Application Thread] DEBUG GameApplication      - Starting FXGL
21:42:11.411 [FXGL Launcher Thread     ] INFO  Version              - FXGL-0.4.2
21:42:11.412 [FXGL Launcher Thread     ] INFO  Version              - Source code and latest versions at: https://github.com/AlmasB/FXGL
21:42:11.412 [FXGL Launcher Thread     ] INFO  Version              -              Join the FXGL chat at: https://gitter.im/AlmasB/FXGL
21:42:11.413 [FXGL Launcher Thread     ] DEBUG FXGL                 - Loading FXGL system data
21:42:11.425 [FXGL Launcher Thread     ] DEBUG IOTask               - Executing task: readDataTask(system/fxgl.bundle)
21:42:11.432 [FXGL Launcher Thread     ] DEBUG FS                   - Reading from: system\fxgl.bundle
21:42:11.444 [FXGL Launcher Thread     ] DEBUG IOTask               - Task succeeded: readDataTask(system/fxgl.bundle)
21:42:11.444 [FXGL Launcher Thread     ] DEBUG Bundle               - Logging bundle: FXGL
21:42:11.445 [FXGL Launcher Thread     ] DEBUG Bundle               - FXGL.offline.timer.version.check=2018-02-07T17:48:11.639
21:42:11.455 [FXGL Launcher Thread     ] DEBUG GameApplication      - FXGL started
21:42:11.455 [FXGL Launcher Thread     ] DEBUG GameApplication      - Logging game settings
Title: Basic Game App
Version: 0.1
Width: 600
Height: 700
Fullscreen: false
Intro: false
Menus: false
Profiling: false
Single step:false
App Mode: DEVELOPER
Menu Key: ESCAPE
Stage Style: DECORATED
Scene Factory: class com.almasb.fxgl.scene.SceneFactory
Dialog Factory: class com.almasb.fxgl.ui.FXGLDialogFactory
UI Factory: class com.almasb.fxgl.ui.FXGLUIFactory
Notification Service: class com.almasb.fxgl.gameplay.notification.XboxNotificationView
Exception Handler: class com.almasb.fxgl.app.FXGLExceptionHandler
21:42:11.456 [FXGL Launcher Thread     ] DEBUG GameApplication      - Configuring GameApplication
21:42:11.457 [FXGL Launcher Thread     ] DEBUG GameApplication      - Initializing state machine and application states
21:42:11.470 [FXGL Launcher Thread     ] DEBUG AssetLoader          - Loading from disk: /assets/ui/cursors/fxgl_default.png
21:42:11.502 [FXGL Launcher Thread     ] DEBUG AssetLoader          - Loading from disk: /assets/ui/cursors/fxgl_default.png
21:42:11.504 [FXGL Launcher Thread     ] DEBUG AssetLoader          - Loading from disk: /assets/ui/cursors/fxgl_default.png
21:42:11.515 [FXGL Launcher Thread     ] DEBUG AssetLoader          - Loading from disk: /assets/sounds/core/notification.wav
21:42:11.553 [FXGL Launcher Thread     ] DEBUG AssetLoader          - Loading from disk: /assets/sounds/menu/select.wav
21:42:11.555 [FXGL Launcher Thread     ] DEBUG AssetLoader          - Loading from disk: /assets/sounds/menu/back.wav
21:42:11.558 [FXGL Launcher Thread     ] DEBUG AssetLoader          - Loading from disk: /assets/sounds/menu/press.wav
21:42:11.561 [FXGL Launcher Thread     ] DEBUG AssetLoader          - Loading from disk: /assets/ui/fonts/VarelaRound-Regular.ttf
21:42:11.779 [FXGL Launcher Thread     ] DEBUG AssetLoader          - Loading from disk: /assets/ui/fonts/lucida_console.ttf
21:42:11.787 [FXGL Launcher Thread     ] DEBUG AssetLoader          - Loading from disk: /assets/ui/css/fxgl_dark.css
21:42:11.788 [FXGL Launcher Thread     ] DEBUG AssetLoader          - Loading from disk: /assets/ui/icons/fxgl_icon.png
21:42:11.804 [FXGL Launcher Thread     ] DEBUG AssetLoader          - Loading from disk: /assets/ui/cursors/fxgl_default.png
21:42:11.840 [FXGL Launcher Thread     ] DEBUG FXGL.GameScene       - Game scene initialized: 600x700
21:42:11.845 [FXGL Launcher Thread     ] DEBUG FXGL.GameWorld       - Game world initialized
21:42:11.944 [FXGL Launcher Thread     ] DEBUG FXGL.PhysicsWorld    - Physics world initialized: appHeight=700, physics.ppm=50,0
21:42:11.971 [FXGL Launcher Thread     ] DEBUG Input                - Registered new binding: Pause - Esc
21:42:11.996 [FXGL Launcher Thread     ] INFO  GameApplication      - Game configuration took:  0,539 sec
21:42:12.002 [JavaFX Application Thread] DEBUG MainWindow           - Opening main window
21:42:12.044 [JavaFX Application Thread] DEBUG MainWindow           - Window border size: (6.0, 35.0)
21:42:12.045 [JavaFX Application Thread] DEBUG MainWindow           - Scaled size: 600.0 x 700.0
21:42:12.045 [JavaFX Application Thread] DEBUG MainWindow           - Scaled ratio: (1.0, 1.0)
21:42:12.045 [JavaFX Application Thread] DEBUG MainWindow           - Scene size: 600.0 x 700.0
21:42:12.045 [JavaFX Application Thread] DEBUG MainWindow           - Stage size: 606.0 x 735.0
21:42:12.045 [JavaFX Application Thread] DEBUG GameApplication      - Running preInit()
21:42:12.047 [JavaFX Application Thread] DEBUG AnnotationParser     - Main app package name: com.myname
21:42:12.338 [JavaFX Application Thread] DEBUG AnnotationParser     - @SetAchievementStore: []
21:42:12.339 [JavaFX Application Thread] DEBUG Input                - Registered new binding: Screenshot - P
21:42:12.340 [JavaFX Application Thread] DEBUG Input                - Registered new binding: Dev Options - CTRL+0
21:42:12.341 [JavaFX Application Thread] DEBUG Input                - Registered new binding: Restart - CTRL+R
21:42:12.341 [JavaFX Application Thread] DEBUG Input                - Registered new binding: Move Right - D
21:42:12.341 [JavaFX Application Thread] DEBUG Input                - Registered new binding: Move Left - A
21:42:12.341 [JavaFX Application Thread] DEBUG Input                - Registered new binding: Move Up - W
21:42:12.342 [JavaFX Application Thread] DEBUG Input                - Registered new binding: Move Down - S
21:42:12.342 [JavaFX Application Thread] DEBUG Input                - Registered new binding: Play Sound - F
21:42:12.358 [JavaFX Application Thread] DEBUG GameApplication      - Starting main loop
21:42:12.362 [JavaFX Application Thread] DEBUG StartupState         - STARTUP
21:42:12.362 [JavaFX Application Thread] DEBUG GameApplication      - Starting new game
21:42:12.362 [JavaFX Application Thread] DEBUG Input                - Clearing active input actions
21:42:12.395 [JavaFX Application Thread] DEBUG AppStateMachine      - StartupState -> LoadingState
21:42:12.397 [JavaFX Application Thread] DEBUG AnnotationParser     - Main app package name: com.myname
21:42:12.397 [JavaFX Application Thread] DEBUG InitAppTask          - Parsing annotations
21:42:12.522 [JavaFX Application Thread] DEBUG AnnotationParser     - @SetEventHandler: []
21:42:12.523 [JavaFX Application Thread] DEBUG AnnotationParser     - @SetEntityFactory: []
21:42:12.523 [JavaFX Application Thread] DEBUG AnnotationParser     - @AddCollisionHandler: []
21:42:12.537 [FXGL Background Thread 1 ] DEBUG InitAppTask          - Clearing previous game
21:42:12.537 [FXGL Background Thread 1 ] DEBUG FXGL.GameWorld       - Clearing game world
21:42:12.537 [FXGL Background Thread 1 ] DEBUG FXGL.PhysicsWorld    - Clearing physics world
21:42:12.537 [FXGL Background Thread 1 ] DEBUG FXGL.GameScene       - Clearing game scene
21:42:12.538 [FXGL Background Thread 1 ] DEBUG InitAppTask          - Initializing Assets
21:42:12.539 [FXGL Background Thread 1 ] DEBUG InitAppTask          - Initializing Game
21:42:12.590 [FXGL Background Thread 1 ] DEBUG AssetLoader          - Loading from disk: /assets/textures/brick.png
21:42:12.601 [FXGL Background Thread 1 ] DEBUG FXGL.GameScene       - Creating render group for layer: TOP(2147483647)
21:42:12.726 [FXGL Background Thread 1 ] DEBUG InitAppTask          - Initializing Physics
21:42:12.726 [FXGL Background Thread 1 ] DEBUG InitAppTask          - Initializing UI
21:42:12.726 [FXGL Background Thread 1 ] DEBUG AssetLoader          - Loading from cache: /assets/textures/brick.png
21:42:12.770 [FXGL Background Thread 1 ] DEBUG InitAppTask          - Initialization Complete
21:42:12.770 [FXGL Background Thread 1 ] INFO  InitAppTask          - Game initialization took: 0,234 sec
21:42:12.777 [JavaFX Application Thread] DEBUG Input                - Clearing active input actions
21:42:12.787 [JavaFX Application Thread] DEBUG AppStateMachine      - LoadingState -> PlayState
21:42:24.775 [JavaFX Application Thread] DEBUG AssetLoader          - Loading from disk: /assets/sounds/collectcoin.wav
21:42:24.797 [JavaFX Application Thread] DEBUG AssetLoader          - Loading from cache: /assets/sounds/collectcoin.wav
21:42:25.016 [JavaFX Application Thread] DEBUG AssetLoader          - Loading from cache: /assets/sounds/collectcoin.wav
21:42:25.028 [JavaFX Application Thread] DEBUG AssetLoader          - Loading from cache: /assets/sounds/collectcoin.wav
21:42:25.268 [JavaFX Application Thread] DEBUG AssetLoader          - Loading from cache: /assets/sounds/collectcoin.wav
21:42:25.298 [JavaFX Application Thread] DEBUG AssetLoader          - Loading from cache: /assets/sounds/collectcoin.wav
21:42:25.526 [JavaFX Application Thread] DEBUG AssetLoader          - Loading from cache: /assets/sounds/collectcoin.wav
21:42:25.539 [JavaFX Application Thread] DEBUG AssetLoader          - Loading from cache: /assets/sounds/collectcoin.wav
21:42:25.740 [JavaFX Application Thread] DEBUG AssetLoader          - Loading from cache: /assets/sounds/collectcoin.wav
21:42:25.751 [JavaFX Application Thread] DEBUG AssetLoader          - Loading from cache: /assets/sounds/collectcoin.wav
21:42:25.963 [JavaFX Application Thread] DEBUG AssetLoader          - Loading from cache: /assets/sounds/collectcoin.wav
21:42:25.975 [JavaFX Application Thread] DEBUG AssetLoader          - Loading from cache: /assets/sounds/collectcoin.wav
21:42:26.181 [JavaFX Application Thread] DEBUG AssetLoader          - Loading from cache: /assets/sounds/collectcoin.wav
21:42:26.191 [JavaFX Application Thread] DEBUG AssetLoader          - Loading from cache: /assets/sounds/collectcoin.wav
21:42:26.461 [JavaFX Application Thread] DEBUG AssetLoader          - Loading from cache: /assets/sounds/collectcoin.wav
21:42:26.474 [JavaFX Application Thread] DEBUG AssetLoader          - Loading from cache: /assets/sounds/collectcoin.wav
21:42:26.660 [JavaFX Application Thread] DEBUG AssetLoader          - Loading from cache: /assets/sounds/collectcoin.wav
21:42:26.670 [JavaFX Application Thread] DEBUG AssetLoader          - Loading from cache: /assets/sounds/collectcoin.wav
21:42:26.888 [JavaFX Application Thread] DEBUG AssetLoader          - Loading from cache: /assets/sounds/collectcoin.wav
21:42:26.898 [JavaFX Application Thread] DEBUG AssetLoader          - Loading from cache: /assets/sounds/collectcoin.wav
21:42:27.109 [JavaFX Application Thread] DEBUG AssetLoader          - Loading from cache: /assets/sounds/collectcoin.wav
21:42:27.119 [JavaFX Application Thread] DEBUG AssetLoader          - Loading from cache: /assets/sounds/collectcoin.wav
21:42:27.327 [JavaFX Application Thread] DEBUG AssetLoader          - Loading from cache: /assets/sounds/collectcoin.wav
21:42:27.338 [JavaFX Application Thread] DEBUG AssetLoader          - Loading from cache: /assets/sounds/collectcoin.wav
21:42:27.540 [JavaFX Application Thread] DEBUG AssetLoader          - Loading from cache: /assets/sounds/collectcoin.wav
21:42:27.568 [JavaFX Application Thread] DEBUG AssetLoader          - Loading from cache: /assets/sounds/collectcoin.wav
21:42:27.761 [JavaFX Application Thread] DEBUG AssetLoader          - Loading from cache: /assets/sounds/collectcoin.wav
21:42:27.770 [JavaFX Application Thread] DEBUG AssetLoader          - Loading from cache: /assets/sounds/collectcoin.wav
21:42:27.956 [JavaFX Application Thread] DEBUG AssetLoader          - Loading from cache: /assets/sounds/collectcoin.wav
21:42:27.965 [JavaFX Application Thread] DEBUG AssetLoader          - Loading from cache: /assets/sounds/collectcoin.wav
21:42:49.138 [JavaFX Application Thread] DEBUG GameApplication      - Exiting game application
21:42:49.143 [JavaFX Application Thread] DEBUG GameApplication      - Shutting down background threads
21:42:49.144 [JavaFX Application Thread] DEBUG GameApplication      - Exiting FXGL
21:42:49.145 [JavaFX Application Thread] DEBUG FXGL                 - Saving FXGL system data
21:42:49.152 [JavaFX Application Thread] DEBUG IOTask               - Executing task: writeDataTask(system/fxgl.bundle)
21:42:49.164 [JavaFX Application Thread] DEBUG FS                   - Writing to: system\fxgl.bundle
21:42:49.177 [JavaFX Application Thread] DEBUG IOTask               - Task succeeded: writeDataTask(system/fxgl.bundle)
21:42:49.178 [JavaFX Application Thread] DEBUG GameApplication      - Closing logger and exiting JavaFX
