07:51:13.945 [JavaFX Application Thread] DEBUG GameApplication      - Logger initialized
07:51:14.068 [JavaFX Application Thread] DEBUG MainWindow           - Creating a JavaFX scene
07:51:14.453 [JavaFX Application Thread] DEBUG MainWindow           - Target settings size: 600.0 x 600.0
07:51:14.453 [JavaFX Application Thread] DEBUG MainWindow           - Scaled scene size:    600.0 x 600.0
07:51:14.453 [JavaFX Application Thread] DEBUG MainWindow           - Scaled ratio: (1.0, 1.0)
07:51:14.874 [JavaFX Application Thread] DEBUG GameApplication      - Starting FXGL
07:51:14.875 [JavaFX Application Thread] INFO  Version              - FXGL-0.4.1
07:51:14.875 [JavaFX Application Thread] INFO  Version              - Source code and latest versions at: https://github.com/AlmasB/FXGL
07:51:14.876 [JavaFX Application Thread] INFO  Version              -              Join the FXGL chat at: https://gitter.im/AlmasB/FXGL
07:51:15.078 [FXGL Launcher Thread     ] DEBUG FXGL                 - Loading FXGL system data
07:51:15.089 [FXGL Launcher Thread     ] DEBUG IOTask               - Executing task: readDataTask(system/fxgl.bundle)
07:51:15.206 [FXGL Launcher Thread     ] DEBUG FS                   - Reading from: system\fxgl.bundle
07:51:15.239 [FXGL Launcher Thread     ] DEBUG IOTask               - Task succeeded: readDataTask(system/fxgl.bundle)
07:51:15.239 [FXGL Launcher Thread     ] DEBUG Bundle               - Logging bundle: FXGL
07:51:15.240 [FXGL Launcher Thread     ] DEBUG Bundle               - FXGL.offline.timer.version.check=2018-01-29T12:06:18.318
07:51:15.241 [FXGL Launcher Thread     ] DEBUG GameApplication      - FXGL configuration complete
07:51:15.244 [FXGL Launcher Thread     ] INFO  GameApplication      - FXGL configuration took:  0,364 sec
07:51:15.244 [FXGL Launcher Thread     ] DEBUG GameApplication      - Logging game settings
Title: Basic Game App
Version: 0.1
Width: 600
Height: 600
Fullscreen: false
Intro: false
Menus: false
Profiling: false
Single step:false
App Mode: DEVELOPER
Menu Key: ESCAPE
Stage Style: DECORATED
Scene Factory: class com.almasb.fxgl.scene.SceneFactory
Dialog Factory: class com.almasb.fxgl.ui.FXGLDialogFactory
UI Factory: class com.almasb.fxgl.ui.FXGLUIFactory
Notification Service: class com.almasb.fxgl.gameplay.notification.XboxNotificationView
Exception Handler: class com.almasb.fxgl.app.FXGLExceptionHandler
07:51:15.258 [FXGL Launcher Thread     ] DEBUG GameApplication      - Configuring GameApplication
07:51:15.283 [FXGL Launcher Thread     ] DEBUG AppStateMachine      - Initializing application states
07:51:15.307 [FXGL Launcher Thread     ] DEBUG AssetLoader          - Loading from disk: /assets/ui/cursors/fxgl_default.png
07:51:15.348 [FXGL Launcher Thread     ] DEBUG AssetLoader          - Loading from disk: /assets/ui/cursors/fxgl_default.png
07:51:15.400 [FXGL Launcher Thread     ] DEBUG AssetLoader          - Loading from disk: /assets/sounds/core/notification.wav
07:51:15.453 [FXGL Launcher Thread     ] DEBUG AssetLoader          - Loading from disk: /assets/sounds/menu/select.wav
07:51:15.456 [FXGL Launcher Thread     ] DEBUG AssetLoader          - Loading from disk: /assets/sounds/menu/back.wav
07:51:15.459 [FXGL Launcher Thread     ] DEBUG AssetLoader          - Loading from disk: /assets/sounds/menu/press.wav
07:51:15.462 [FXGL Launcher Thread     ] DEBUG AssetLoader          - Loading from disk: /assets/ui/fonts/VarelaRound-Regular.ttf
07:51:15.703 [FXGL Launcher Thread     ] DEBUG AssetLoader          - Loading from disk: /assets/ui/fonts/lucida_console.ttf
07:51:15.730 [FXGL Launcher Thread     ] DEBUG AssetLoader          - Loading from disk: /assets/ui/css/fxgl_dark.css
07:51:15.731 [FXGL Launcher Thread     ] DEBUG AssetLoader          - Loading from disk: /assets/ui/icons/fxgl_icon.png
07:51:15.775 [FXGL Launcher Thread     ] DEBUG AssetLoader          - Loading from disk: /assets/ui/cursors/fxgl_default.png
07:51:15.862 [FXGL Launcher Thread     ] DEBUG FXGL.GameScene       - Game scene initialized: 600x600
07:51:15.869 [FXGL Launcher Thread     ] DEBUG FXGL.GameWorld       - Game world initialized
07:51:15.984 [FXGL Launcher Thread     ] DEBUG FXGL.PhysicsWorld    - Physics world initialized: appHeight=600, physics.ppm=50,0
07:51:16.023 [FXGL Launcher Thread     ] DEBUG Input                - Registered new binding: Pause - Esc
07:51:16.056 [FXGL Launcher Thread     ] INFO  GameApplication      - Game configuration took:  0,797 sec
07:51:16.060 [JavaFX Application Thread] DEBUG MainWindow           - Opening main window
07:51:16.140 [JavaFX Application Thread] DEBUG MainWindow           - Window border size: (6.0, 29.0)
07:51:16.140 [JavaFX Application Thread] DEBUG MainWindow           - Scaled size: 600.0 x 600.0
07:51:16.140 [JavaFX Application Thread] DEBUG MainWindow           - Scaled ratio: (1.0, 1.0)
07:51:16.140 [JavaFX Application Thread] DEBUG MainWindow           - Scene size: 600.0 x 600.0
07:51:16.141 [JavaFX Application Thread] DEBUG MainWindow           - Stage size: 606.0 x 629.0
07:51:16.141 [JavaFX Application Thread] DEBUG GameApplication      - Running preInit()
07:51:16.144 [JavaFX Application Thread] DEBUG AnnotationParser     - Main app package name: com.myname
07:51:16.459 [JavaFX Application Thread] DEBUG AnnotationParser     - @SetAchievementStore: []
07:51:16.462 [JavaFX Application Thread] DEBUG Input                - Registered new binding: Screenshot - P
07:51:16.463 [JavaFX Application Thread] DEBUG Input                - Registered new binding: Dev Options - CTRL+0
07:51:16.463 [JavaFX Application Thread] DEBUG Input                - Registered new binding: Move Right - D
07:51:16.464 [JavaFX Application Thread] DEBUG Input                - Registered new binding: Move Left - A
07:51:16.464 [JavaFX Application Thread] DEBUG Input                - Registered new binding: Move Up - W
07:51:16.464 [JavaFX Application Thread] DEBUG Input                - Registered new binding: Move Down - S
07:51:16.464 [JavaFX Application Thread] DEBUG Input                - Registered new binding: Play Sound - F
07:51:16.522 [JavaFX Application Thread] DEBUG GameApplication      - Starting main loop
07:51:16.527 [JavaFX Application Thread] DEBUG StartupState         - STARTUP
07:51:16.527 [JavaFX Application Thread] DEBUG GameApplication      - Starting new game
07:51:16.527 [JavaFX Application Thread] DEBUG Input                - Clearing active input actions
07:51:16.528 [JavaFX Application Thread] DEBUG AppStateMachine      - StartupState -> LoadingState
07:51:16.596 [JavaFX Application Thread] DEBUG AnnotationParser     - Main app package name: com.myname
07:51:16.596 [JavaFX Application Thread] DEBUG InitAppTask          - Parsing annotations
07:51:16.805 [JavaFX Application Thread] DEBUG AnnotationParser     - @SetEntityFactory: []
07:51:16.806 [JavaFX Application Thread] DEBUG AnnotationParser     - @SetEventHandler: []
07:51:16.807 [JavaFX Application Thread] DEBUG AnnotationParser     - @AddCollisionHandler: []
07:51:16.834 [FXGL Background Thread 1 ] DEBUG InitAppTask          - Clearing previous game
07:51:16.834 [FXGL Background Thread 1 ] DEBUG FXGL.GameWorld       - Clearing game world
07:51:16.835 [FXGL Background Thread 1 ] DEBUG FXGL.PhysicsWorld    - Clearing physics world
07:51:16.836 [FXGL Background Thread 1 ] DEBUG FXGL.GameScene       - Clearing game scene
07:51:16.836 [FXGL Background Thread 1 ] DEBUG InitAppTask          - Initializing Assets
07:51:16.838 [FXGL Background Thread 1 ] DEBUG InitAppTask          - Initializing Game
07:51:16.922 [FXGL Background Thread 1 ] DEBUG AssetLoader          - Loading from disk: /assets/textures/brick.png
07:51:16.977 [FXGL Background Thread 1 ] DEBUG FXGL.GameScene       - Creating render group for layer: TOP(2147483647)
07:51:17.069 [FXGL Background Thread 1 ] DEBUG InitAppTask          - Initializing Physics
07:51:17.071 [FXGL Background Thread 1 ] DEBUG InitAppTask          - Initializing UI
07:51:17.071 [FXGL Background Thread 1 ] DEBUG AssetLoader          - Loading from cache: /assets/textures/brick.png
07:51:17.074 [FXGL Background Thread 1 ] DEBUG InitAppTask          - Initialization Complete
07:51:17.074 [FXGL Background Thread 1 ] INFO  InitAppTask          - Game initialization took: 0,240 sec
07:51:17.077 [JavaFX Application Thread] DEBUG Input                - Clearing active input actions
07:51:17.077 [JavaFX Application Thread] DEBUG AppStateMachine      - LoadingState -> PlayState
07:51:32.925 [JavaFX Application Thread] DEBUG GameApplication      - Exiting game application
07:51:32.926 [JavaFX Application Thread] DEBUG GameApplication      - Shutting down background threads
07:51:32.927 [JavaFX Application Thread] DEBUG GameApplication      - Exiting FXGL
07:51:32.927 [JavaFX Application Thread] DEBUG FXGL                 - Saving FXGL system data
07:51:32.928 [JavaFX Application Thread] DEBUG IOTask               - Executing task: writeDataTask(system/fxgl.bundle)
07:51:32.972 [JavaFX Application Thread] DEBUG FS                   - Writing to: system\fxgl.bundle
07:51:32.990 [JavaFX Application Thread] DEBUG IOTask               - Task succeeded: writeDataTask(system/fxgl.bundle)
07:51:32.990 [JavaFX Application Thread] DEBUG GameApplication      - Closing logger and exiting JavaFX
