10:11:39.097 [JavaFX Application Thread] DEBUG GameApplication      - Logger initialized
10:11:39.134 [JavaFX Application Thread] DEBUG MainWindow           - Creating a JavaFX scene
10:11:39.416 [JavaFX Application Thread] DEBUG MainWindow           - Target settings size: 600.0 x 600.0
10:11:39.416 [JavaFX Application Thread] DEBUG MainWindow           - Scaled scene size:    600.0 x 600.0
10:11:39.417 [JavaFX Application Thread] DEBUG MainWindow           - Scaled ratio: (1.0, 1.0)
10:11:39.715 [JavaFX Application Thread] DEBUG GameApplication      - Starting FXGL
10:11:39.715 [JavaFX Application Thread] INFO  Version              - FXGL-0.4.1
10:11:39.717 [JavaFX Application Thread] INFO  Version              - Source code and latest versions at: https://github.com/AlmasB/FXGL
10:11:39.717 [JavaFX Application Thread] INFO  Version              -              Join the FXGL chat at: https://gitter.im/AlmasB/FXGL
10:11:39.894 [FXGL Launcher Thread     ] DEBUG FXGL                 - Loading FXGL system data
10:11:39.902 [FXGL Launcher Thread     ] DEBUG IOTask               - Executing task: readDataTask(system/fxgl.bundle)
10:11:39.914 [FXGL Launcher Thread     ] DEBUG FS                   - Reading from: system\fxgl.bundle
10:11:39.934 [FXGL Launcher Thread     ] DEBUG IOTask               - Task succeeded: readDataTask(system/fxgl.bundle)
10:11:39.935 [FXGL Launcher Thread     ] DEBUG Bundle               - Logging bundle: FXGL
10:11:39.936 [FXGL Launcher Thread     ] DEBUG Bundle               - FXGL.offline.timer.version.check=2018-01-29T12:06:18.318
10:11:39.937 [FXGL Launcher Thread     ] DEBUG GameApplication      - FXGL configuration complete
10:11:39.940 [FXGL Launcher Thread     ] INFO  GameApplication      - FXGL configuration took:  0,114 sec
10:11:39.945 [FXGL Launcher Thread     ] DEBUG GameApplication      - Logging game settings
Title: Basic Game App
Version: 0.1
Width: 600
Height: 600
Fullscreen: false
Intro: false
Menus: false
Profiling: false
Single step:false
App Mode: DEVELOPER
Menu Key: ESCAPE
Stage Style: DECORATED
Scene Factory: class com.almasb.fxgl.scene.SceneFactory
Dialog Factory: class com.almasb.fxgl.ui.FXGLDialogFactory
UI Factory: class com.almasb.fxgl.ui.FXGLUIFactory
Notification Service: class com.almasb.fxgl.gameplay.notification.XboxNotificationView
Exception Handler: class com.almasb.fxgl.app.FXGLExceptionHandler
10:11:39.968 [FXGL Launcher Thread     ] DEBUG GameApplication      - Configuring GameApplication
10:11:39.976 [FXGL Launcher Thread     ] DEBUG AppStateMachine      - Initializing application states
10:11:39.994 [FXGL Launcher Thread     ] DEBUG AssetLoader          - Loading from disk: /assets/ui/cursors/fxgl_default.png
10:11:40.033 [FXGL Launcher Thread     ] DEBUG AssetLoader          - Loading from disk: /assets/ui/cursors/fxgl_default.png
10:11:40.049 [FXGL Launcher Thread     ] DEBUG AssetLoader          - Loading from disk: /assets/sounds/core/notification.wav
10:11:40.121 [FXGL Launcher Thread     ] DEBUG AssetLoader          - Loading from disk: /assets/sounds/menu/select.wav
10:11:40.123 [FXGL Launcher Thread     ] DEBUG AssetLoader          - Loading from disk: /assets/sounds/menu/back.wav
10:11:40.125 [FXGL Launcher Thread     ] DEBUG AssetLoader          - Loading from disk: /assets/sounds/menu/press.wav
10:11:40.129 [FXGL Launcher Thread     ] DEBUG AssetLoader          - Loading from disk: /assets/ui/fonts/VarelaRound-Regular.ttf
10:11:40.363 [FXGL Launcher Thread     ] DEBUG AssetLoader          - Loading from disk: /assets/ui/fonts/lucida_console.ttf
10:11:40.378 [FXGL Launcher Thread     ] DEBUG AssetLoader          - Loading from disk: /assets/ui/css/fxgl_dark.css
10:11:40.379 [FXGL Launcher Thread     ] DEBUG AssetLoader          - Loading from disk: /assets/ui/icons/fxgl_icon.png
10:11:40.429 [FXGL Launcher Thread     ] DEBUG AssetLoader          - Loading from disk: /assets/ui/cursors/fxgl_default.png
10:11:40.520 [FXGL Launcher Thread     ] DEBUG FXGL.GameScene       - Game scene initialized: 600x600
10:11:40.526 [FXGL Launcher Thread     ] DEBUG FXGL.GameWorld       - Game world initialized
10:11:40.682 [FXGL Launcher Thread     ] DEBUG FXGL.PhysicsWorld    - Physics world initialized: appHeight=600, physics.ppm=50,0
10:11:40.719 [FXGL Launcher Thread     ] DEBUG Input                - Registered new binding: Pause - Esc
10:11:40.744 [FXGL Launcher Thread     ] INFO  GameApplication      - Game configuration took:  0,775 sec
10:11:40.768 [JavaFX Application Thread] DEBUG MainWindow           - Opening main window
10:11:40.845 [JavaFX Application Thread] DEBUG MainWindow           - Window border size: (6.0, 29.0)
10:11:40.845 [JavaFX Application Thread] DEBUG MainWindow           - Scaled size: 600.0 x 600.0
10:11:40.845 [JavaFX Application Thread] DEBUG MainWindow           - Scaled ratio: (1.0, 1.0)
10:11:40.846 [JavaFX Application Thread] DEBUG MainWindow           - Scene size: 600.0 x 600.0
10:11:40.846 [JavaFX Application Thread] DEBUG MainWindow           - Stage size: 606.0 x 629.0
10:11:40.846 [JavaFX Application Thread] DEBUG GameApplication      - Running preInit()
10:11:40.849 [JavaFX Application Thread] DEBUG AnnotationParser     - Main app package name: com.myname
10:11:41.083 [JavaFX Application Thread] DEBUG AnnotationParser     - @SetAchievementStore: []
10:11:41.086 [JavaFX Application Thread] DEBUG Input                - Registered new binding: Screenshot - P
10:11:41.087 [JavaFX Application Thread] DEBUG Input                - Registered new binding: Dev Options - CTRL+0
10:11:41.088 [JavaFX Application Thread] DEBUG Input                - Registered new binding: Move Right - D
10:11:41.088 [JavaFX Application Thread] DEBUG Input                - Registered new binding: Move Left - A
10:11:41.088 [JavaFX Application Thread] DEBUG Input                - Registered new binding: Move Up - W
10:11:41.089 [JavaFX Application Thread] DEBUG Input                - Registered new binding: Move Down - S
10:11:41.089 [JavaFX Application Thread] DEBUG Input                - Registered new binding: Play Sound - F
10:11:41.156 [JavaFX Application Thread] DEBUG GameApplication      - Starting main loop
10:11:41.166 [JavaFX Application Thread] DEBUG StartupState         - STARTUP
10:11:41.166 [JavaFX Application Thread] DEBUG GameApplication      - Starting new game
10:11:41.166 [JavaFX Application Thread] DEBUG Input                - Clearing active input actions
10:11:41.167 [JavaFX Application Thread] DEBUG AppStateMachine      - StartupState -> LoadingState
10:11:41.226 [JavaFX Application Thread] DEBUG AnnotationParser     - Main app package name: com.myname
10:11:41.227 [JavaFX Application Thread] DEBUG InitAppTask          - Parsing annotations
10:11:41.367 [JavaFX Application Thread] DEBUG AnnotationParser     - @AddCollisionHandler: []
10:11:41.367 [JavaFX Application Thread] DEBUG AnnotationParser     - @SetEntityFactory: []
10:11:41.368 [JavaFX Application Thread] DEBUG AnnotationParser     - @SetEventHandler: []
10:11:41.382 [FXGL Background Thread 1 ] DEBUG InitAppTask          - Clearing previous game
10:11:41.383 [FXGL Background Thread 1 ] DEBUG FXGL.GameWorld       - Clearing game world
10:11:41.384 [FXGL Background Thread 1 ] DEBUG FXGL.PhysicsWorld    - Clearing physics world
10:11:41.385 [FXGL Background Thread 1 ] DEBUG FXGL.GameScene       - Clearing game scene
10:11:41.385 [FXGL Background Thread 1 ] DEBUG InitAppTask          - Initializing Assets
10:11:41.387 [FXGL Background Thread 1 ] DEBUG InitAppTask          - Initializing Game
10:11:41.446 [FXGL Background Thread 1 ] DEBUG AssetLoader          - Loading from disk: /assets/textures/brick.png
10:11:41.465 [FXGL Background Thread 1 ] DEBUG FXGL.GameScene       - Creating render group for layer: TOP(2147483647)
10:11:41.478 [FXGL Background Thread 1 ] DEBUG InitAppTask          - Initializing Physics
10:11:41.482 [FXGL Background Thread 1 ] DEBUG InitAppTask          - Initializing UI
10:11:41.483 [FXGL Background Thread 1 ] DEBUG AssetLoader          - Loading from cache: /assets/textures/brick.png
10:11:41.486 [FXGL Background Thread 1 ] DEBUG InitAppTask          - Initialization Complete
10:11:41.486 [FXGL Background Thread 1 ] INFO  InitAppTask          - Game initialization took: 0,104 sec
10:11:41.517 [JavaFX Application Thread] DEBUG Input                - Clearing active input actions
10:11:41.518 [JavaFX Application Thread] DEBUG AppStateMachine      - LoadingState -> PlayState
10:11:43.274 [JavaFX Application Thread] DEBUG GameApplication      - Exiting game application
10:11:43.276 [JavaFX Application Thread] DEBUG GameApplication      - Shutting down background threads
10:11:43.276 [JavaFX Application Thread] DEBUG GameApplication      - Exiting FXGL
10:11:43.276 [JavaFX Application Thread] DEBUG FXGL                 - Saving FXGL system data
10:11:43.278 [JavaFX Application Thread] DEBUG IOTask               - Executing task: writeDataTask(system/fxgl.bundle)
10:11:43.283 [JavaFX Application Thread] DEBUG FS                   - Writing to: system\fxgl.bundle
10:11:43.289 [JavaFX Application Thread] DEBUG IOTask               - Task succeeded: writeDataTask(system/fxgl.bundle)
10:11:43.290 [JavaFX Application Thread] DEBUG GameApplication      - Closing logger and exiting JavaFX
