12:02:13.769 [JavaFX Application Thread] DEBUG GameApplication      - Logger initialized
12:02:13.790 [JavaFX Application Thread] DEBUG MainWindow           - Creating a JavaFX scene
12:02:13.950 [JavaFX Application Thread] DEBUG MainWindow           - Target settings size: 600.0 x 600.0
12:02:13.950 [JavaFX Application Thread] DEBUG MainWindow           - Scaled scene size:    600.0 x 600.0
12:02:13.951 [JavaFX Application Thread] DEBUG MainWindow           - Scaled ratio: (1.0, 1.0)
12:02:14.250 [JavaFX Application Thread] DEBUG GameApplication      - Starting FXGL
12:02:14.251 [JavaFX Application Thread] INFO  Version              - FXGL-0.4.1
12:02:14.251 [JavaFX Application Thread] INFO  Version              - Source code and latest versions at: https://github.com/AlmasB/FXGL
12:02:14.252 [JavaFX Application Thread] INFO  Version              -              Join the FXGL chat at: https://gitter.im/AlmasB/FXGL
12:02:14.382 [FXGL Launcher Thread     ] DEBUG FXGL                 - Loading FXGL system data
12:02:14.391 [FXGL Launcher Thread     ] DEBUG IOTask               - Executing task: readDataTask(system/fxgl.bundle)
12:02:14.404 [FXGL Launcher Thread     ] DEBUG FS                   - Reading from: system\fxgl.bundle
12:02:14.427 [FXGL Launcher Thread     ] DEBUG IOTask               - Task succeeded: readDataTask(system/fxgl.bundle)
12:02:14.427 [FXGL Launcher Thread     ] DEBUG Bundle               - Logging bundle: FXGL
12:02:14.429 [FXGL Launcher Thread     ] DEBUG Bundle               - FXGL.offline.timer.version.check=2018-01-29T12:06:18.318
12:02:14.430 [FXGL Launcher Thread     ] DEBUG GameApplication      - FXGL configuration complete
12:02:14.432 [FXGL Launcher Thread     ] INFO  GameApplication      - FXGL configuration took:  0,124 sec
12:02:14.432 [FXGL Launcher Thread     ] DEBUG GameApplication      - Logging game settings
Title: Basic Game App
Version: 0.1
Width: 600
Height: 600
Fullscreen: false
Intro: false
Menus: false
Profiling: false
Single step:false
App Mode: DEVELOPER
Menu Key: ESCAPE
Stage Style: DECORATED
Scene Factory: class com.almasb.fxgl.scene.SceneFactory
Dialog Factory: class com.almasb.fxgl.ui.FXGLDialogFactory
UI Factory: class com.almasb.fxgl.ui.FXGLUIFactory
Notification Service: class com.almasb.fxgl.gameplay.notification.XboxNotificationView
Exception Handler: class com.almasb.fxgl.app.FXGLExceptionHandler
12:02:14.449 [FXGL Launcher Thread     ] DEBUG GameApplication      - Configuring GameApplication
12:02:14.458 [FXGL Launcher Thread     ] DEBUG AppStateMachine      - Initializing application states
12:02:14.475 [FXGL Launcher Thread     ] DEBUG AssetLoader          - Loading from disk: /assets/ui/cursors/fxgl_default.png
12:02:14.516 [FXGL Launcher Thread     ] DEBUG AssetLoader          - Loading from disk: /assets/ui/cursors/fxgl_default.png
12:02:14.543 [FXGL Launcher Thread     ] DEBUG AssetLoader          - Loading from disk: /assets/sounds/core/notification.wav
12:02:14.589 [FXGL Launcher Thread     ] DEBUG AssetLoader          - Loading from disk: /assets/sounds/menu/select.wav
12:02:14.595 [FXGL Launcher Thread     ] DEBUG AssetLoader          - Loading from disk: /assets/sounds/menu/back.wav
12:02:14.598 [FXGL Launcher Thread     ] DEBUG AssetLoader          - Loading from disk: /assets/sounds/menu/press.wav
12:02:14.602 [FXGL Launcher Thread     ] DEBUG AssetLoader          - Loading from disk: /assets/ui/fonts/VarelaRound-Regular.ttf
12:02:14.783 [FXGL Launcher Thread     ] DEBUG AssetLoader          - Loading from disk: /assets/ui/fonts/lucida_console.ttf
12:02:14.793 [FXGL Launcher Thread     ] DEBUG AssetLoader          - Loading from disk: /assets/ui/css/fxgl_dark.css
12:02:14.794 [FXGL Launcher Thread     ] DEBUG AssetLoader          - Loading from disk: /assets/ui/icons/fxgl_icon.png
12:02:14.836 [FXGL Launcher Thread     ] DEBUG AssetLoader          - Loading from disk: /assets/ui/cursors/fxgl_default.png
12:02:14.884 [FXGL Launcher Thread     ] DEBUG FXGL.GameScene       - Game scene initialized: 600x600
12:02:14.890 [FXGL Launcher Thread     ] DEBUG FXGL.GameWorld       - Game world initialized
12:02:14.996 [FXGL Launcher Thread     ] DEBUG FXGL.PhysicsWorld    - Physics world initialized: appHeight=600, physics.ppm=50,0
12:02:15.035 [FXGL Launcher Thread     ] DEBUG Input                - Registered new binding: Pause - Esc
12:02:15.063 [FXGL Launcher Thread     ] INFO  GameApplication      - Game configuration took:  0,614 sec
12:02:15.074 [JavaFX Application Thread] DEBUG MainWindow           - Opening main window
12:02:15.144 [JavaFX Application Thread] DEBUG MainWindow           - Window border size: (6.0, 29.0)
12:02:15.145 [JavaFX Application Thread] DEBUG MainWindow           - Scaled size: 600.0 x 600.0
12:02:15.145 [JavaFX Application Thread] DEBUG MainWindow           - Scaled ratio: (1.0, 1.0)
12:02:15.145 [JavaFX Application Thread] DEBUG MainWindow           - Scene size: 600.0 x 600.0
12:02:15.145 [JavaFX Application Thread] DEBUG MainWindow           - Stage size: 606.0 x 629.0
12:02:15.146 [JavaFX Application Thread] DEBUG GameApplication      - Running preInit()
12:02:15.151 [JavaFX Application Thread] DEBUG AnnotationParser     - Main app package name: com.myname
12:02:15.580 [JavaFX Application Thread] DEBUG AnnotationParser     - @SetAchievementStore: []
12:02:15.582 [JavaFX Application Thread] DEBUG Input                - Registered new binding: Screenshot - P
12:02:15.584 [JavaFX Application Thread] DEBUG Input                - Registered new binding: Dev Options - CTRL+0
12:02:15.584 [JavaFX Application Thread] DEBUG Input                - Registered new binding: Move Right - D
12:02:15.584 [JavaFX Application Thread] DEBUG Input                - Registered new binding: Move Left - A
12:02:15.585 [JavaFX Application Thread] DEBUG Input                - Registered new binding: Move Up - W
12:02:15.585 [JavaFX Application Thread] DEBUG Input                - Registered new binding: Move Down - S
12:02:15.585 [JavaFX Application Thread] DEBUG Input                - Registered new binding: Play Sound - F
12:02:15.642 [JavaFX Application Thread] DEBUG GameApplication      - Starting main loop
12:02:15.648 [JavaFX Application Thread] DEBUG StartupState         - STARTUP
12:02:15.649 [JavaFX Application Thread] DEBUG GameApplication      - Starting new game
12:02:15.649 [JavaFX Application Thread] DEBUG Input                - Clearing active input actions
12:02:15.649 [JavaFX Application Thread] DEBUG AppStateMachine      - StartupState -> LoadingState
12:02:15.730 [JavaFX Application Thread] DEBUG AnnotationParser     - Main app package name: com.myname
12:02:15.730 [JavaFX Application Thread] DEBUG InitAppTask          - Parsing annotations
12:02:15.885 [JavaFX Application Thread] DEBUG AnnotationParser     - @AddCollisionHandler: []
12:02:15.885 [JavaFX Application Thread] DEBUG AnnotationParser     - @SetEntityFactory: []
12:02:15.885 [JavaFX Application Thread] DEBUG AnnotationParser     - @SetEventHandler: []
12:02:15.941 [FXGL Background Thread 1 ] DEBUG InitAppTask          - Clearing previous game
12:02:15.941 [FXGL Background Thread 1 ] DEBUG FXGL.GameWorld       - Clearing game world
12:02:15.943 [FXGL Background Thread 1 ] DEBUG FXGL.PhysicsWorld    - Clearing physics world
12:02:15.943 [FXGL Background Thread 1 ] DEBUG FXGL.GameScene       - Clearing game scene
12:02:15.944 [FXGL Background Thread 1 ] DEBUG InitAppTask          - Initializing Assets
12:02:15.946 [FXGL Background Thread 1 ] DEBUG InitAppTask          - Initializing Game
12:02:16.009 [FXGL Background Thread 1 ] DEBUG AssetLoader          - Loading from disk: /assets/textures/brick.png
12:02:16.029 [FXGL Background Thread 1 ] DEBUG FXGL.GameScene       - Creating render group for layer: TOP(2147483647)
12:02:16.054 [JavaFX Application Thread] FATAL GameApplication      - Uncaught Exception:
12:02:16.054 [JavaFX Application Thread] FATAL GameApplication      - 

Exception occurred: java.lang.ArrayIndexOutOfBoundsException : 0
E: com.myname.BasicGameApp.initGame(BasicGameApp.java:51)
E: com.almasb.fxgl.app.LoadingState$InitAppTask.initGame(AppStates.kt:200)
E: com.almasb.fxgl.app.LoadingState$InitAppTask.call(AppStates.kt:160)
E: com.almasb.fxgl.app.LoadingState$InitAppTask.call(AppStates.kt:132)
E: javafx.concurrent.Task$TaskCallable.call(Task.java:1423)
E: java.util.concurrent.FutureTask.run(FutureTask.java:266)
E: java.util.concurrent.Executors$RunnableAdapter.call(Executors.java:511)
E: java.util.concurrent.FutureTask.run(FutureTask.java:266)
E: java.util.concurrent.ThreadPoolExecutor.runWorker(ThreadPoolExecutor.java:1149)
E: java.util.concurrent.ThreadPoolExecutor$Worker.run(ThreadPoolExecutor.java:624)
E: java.lang.Thread.run(Thread.java:748)

12:02:16.055 [JavaFX Application Thread] FATAL GameApplication      - Application will now exit
12:02:16.055 [JavaFX Application Thread] DEBUG GameApplication      - Stopping main loop
12:02:23.629 [JavaFX Application Thread] DEBUG GameApplication      - Exiting game application
12:02:23.630 [JavaFX Application Thread] DEBUG GameApplication      - Shutting down background threads
12:02:23.631 [JavaFX Application Thread] DEBUG GameApplication      - Exiting FXGL
12:02:23.631 [JavaFX Application Thread] DEBUG FXGL                 - Saving FXGL system data
12:02:23.633 [JavaFX Application Thread] DEBUG IOTask               - Executing task: writeDataTask(system/fxgl.bundle)
12:02:23.636 [JavaFX Application Thread] DEBUG FS                   - Writing to: system\fxgl.bundle
12:02:23.640 [JavaFX Application Thread] DEBUG IOTask               - Task succeeded: writeDataTask(system/fxgl.bundle)
12:02:23.641 [JavaFX Application Thread] DEBUG GameApplication      - Closing logger and exiting JavaFX
