11:38:51.926 [JavaFX Application Thread] DEBUG GameApplication      - Logger initialized
11:38:51.958 [JavaFX Application Thread] DEBUG MainWindow           - Creating a JavaFX scene
11:38:52.179 [JavaFX Application Thread] DEBUG MainWindow           - Target settings size: 600.0 x 600.0
11:38:52.179 [JavaFX Application Thread] DEBUG MainWindow           - Scaled scene size:    600.0 x 600.0
11:38:52.180 [JavaFX Application Thread] DEBUG MainWindow           - Scaled ratio: (1.0, 1.0)
11:38:52.443 [JavaFX Application Thread] DEBUG GameApplication      - Starting FXGL
11:38:52.443 [JavaFX Application Thread] INFO  Version              - FXGL-0.4.1
11:38:52.444 [JavaFX Application Thread] INFO  Version              - Source code and latest versions at: https://github.com/AlmasB/FXGL
11:38:52.444 [JavaFX Application Thread] INFO  Version              -              Join the FXGL chat at: https://gitter.im/AlmasB/FXGL
11:38:52.529 [FXGL Launcher Thread     ] DEBUG FXGL                 - Loading FXGL system data
11:38:52.539 [FXGL Launcher Thread     ] DEBUG IOTask               - Executing task: readDataTask(system/fxgl.bundle)
11:38:52.551 [FXGL Launcher Thread     ] DEBUG FS                   - Reading from: system\fxgl.bundle
11:38:52.583 [FXGL Launcher Thread     ] DEBUG IOTask               - Task succeeded: readDataTask(system/fxgl.bundle)
11:38:52.583 [FXGL Launcher Thread     ] DEBUG Bundle               - Logging bundle: FXGL
11:38:52.584 [FXGL Launcher Thread     ] DEBUG Bundle               - FXGL.offline.timer.version.check=2018-01-29T12:06:18.318
11:38:52.585 [FXGL Launcher Thread     ] DEBUG GameApplication      - FXGL configuration complete
11:38:52.588 [FXGL Launcher Thread     ] INFO  GameApplication      - FXGL configuration took:  0,131 sec
11:38:52.588 [FXGL Launcher Thread     ] DEBUG GameApplication      - Logging game settings
Title: Basic Game App
Version: 0.1
Width: 600
Height: 600
Fullscreen: false
Intro: false
Menus: false
Profiling: false
Single step:false
App Mode: DEVELOPER
Menu Key: ESCAPE
Stage Style: DECORATED
Scene Factory: class com.almasb.fxgl.scene.SceneFactory
Dialog Factory: class com.almasb.fxgl.ui.FXGLDialogFactory
UI Factory: class com.almasb.fxgl.ui.FXGLUIFactory
Notification Service: class com.almasb.fxgl.gameplay.notification.XboxNotificationView
Exception Handler: class com.almasb.fxgl.app.FXGLExceptionHandler
11:38:52.604 [FXGL Launcher Thread     ] DEBUG GameApplication      - Configuring GameApplication
11:38:52.612 [FXGL Launcher Thread     ] DEBUG AppStateMachine      - Initializing application states
11:38:52.632 [FXGL Launcher Thread     ] DEBUG AssetLoader          - Loading from disk: /assets/ui/cursors/fxgl_default.png
11:38:52.672 [FXGL Launcher Thread     ] DEBUG AssetLoader          - Loading from disk: /assets/ui/cursors/fxgl_default.png
11:38:52.694 [FXGL Launcher Thread     ] DEBUG AssetLoader          - Loading from disk: /assets/sounds/core/notification.wav
11:38:52.735 [FXGL Launcher Thread     ] DEBUG AssetLoader          - Loading from disk: /assets/sounds/menu/select.wav
11:38:52.737 [FXGL Launcher Thread     ] DEBUG AssetLoader          - Loading from disk: /assets/sounds/menu/back.wav
11:38:52.740 [FXGL Launcher Thread     ] DEBUG AssetLoader          - Loading from disk: /assets/sounds/menu/press.wav
11:38:52.743 [FXGL Launcher Thread     ] DEBUG AssetLoader          - Loading from disk: /assets/ui/fonts/VarelaRound-Regular.ttf
11:38:52.913 [FXGL Launcher Thread     ] DEBUG AssetLoader          - Loading from disk: /assets/ui/fonts/lucida_console.ttf
11:38:52.923 [FXGL Launcher Thread     ] DEBUG AssetLoader          - Loading from disk: /assets/ui/css/fxgl_dark.css
11:38:52.924 [FXGL Launcher Thread     ] DEBUG AssetLoader          - Loading from disk: /assets/ui/icons/fxgl_icon.png
11:38:52.966 [FXGL Launcher Thread     ] DEBUG AssetLoader          - Loading from disk: /assets/ui/cursors/fxgl_default.png
11:38:53.016 [FXGL Launcher Thread     ] DEBUG FXGL.GameScene       - Game scene initialized: 600x600
11:38:53.022 [FXGL Launcher Thread     ] DEBUG FXGL.GameWorld       - Game world initialized
11:38:53.178 [FXGL Launcher Thread     ] DEBUG FXGL.PhysicsWorld    - Physics world initialized: appHeight=600, physics.ppm=50,0
11:38:53.215 [FXGL Launcher Thread     ] DEBUG Input                - Registered new binding: Pause - Esc
11:38:53.240 [FXGL Launcher Thread     ] INFO  GameApplication      - Game configuration took:  0,636 sec
11:38:53.253 [JavaFX Application Thread] DEBUG MainWindow           - Opening main window
11:38:53.346 [JavaFX Application Thread] DEBUG MainWindow           - Window border size: (6.0, 29.0)
11:38:53.346 [JavaFX Application Thread] DEBUG MainWindow           - Scaled size: 600.0 x 600.0
11:38:53.347 [JavaFX Application Thread] DEBUG MainWindow           - Scaled ratio: (1.0, 1.0)
11:38:53.347 [JavaFX Application Thread] DEBUG MainWindow           - Scene size: 600.0 x 600.0
11:38:53.347 [JavaFX Application Thread] DEBUG MainWindow           - Stage size: 606.0 x 629.0
11:38:53.347 [JavaFX Application Thread] DEBUG GameApplication      - Running preInit()
11:38:53.353 [JavaFX Application Thread] DEBUG AnnotationParser     - Main app package name: com.myname
11:38:53.639 [JavaFX Application Thread] DEBUG AnnotationParser     - @SetAchievementStore: []
11:38:53.641 [JavaFX Application Thread] DEBUG Input                - Registered new binding: Screenshot - P
11:38:53.642 [JavaFX Application Thread] DEBUG Input                - Registered new binding: Dev Options - CTRL+0
11:38:53.643 [JavaFX Application Thread] DEBUG Input                - Registered new binding: Move Right - D
11:38:53.643 [JavaFX Application Thread] DEBUG Input                - Registered new binding: Move Left - A
11:38:53.643 [JavaFX Application Thread] DEBUG Input                - Registered new binding: Move Up - W
11:38:53.644 [JavaFX Application Thread] DEBUG Input                - Registered new binding: Move Down - S
11:38:53.644 [JavaFX Application Thread] DEBUG Input                - Registered new binding: Play Sound - F
11:38:53.713 [JavaFX Application Thread] DEBUG GameApplication      - Starting main loop
11:38:53.716 [JavaFX Application Thread] DEBUG StartupState         - STARTUP
11:38:53.717 [JavaFX Application Thread] DEBUG GameApplication      - Starting new game
11:38:53.717 [JavaFX Application Thread] DEBUG Input                - Clearing active input actions
11:38:53.717 [JavaFX Application Thread] DEBUG AppStateMachine      - StartupState -> LoadingState
11:38:53.776 [JavaFX Application Thread] DEBUG AnnotationParser     - Main app package name: com.myname
11:38:53.776 [JavaFX Application Thread] DEBUG InitAppTask          - Parsing annotations
11:38:53.844 [JavaFX Application Thread] DEBUG AnnotationParser     - @SetEventHandler: []
11:38:53.845 [JavaFX Application Thread] DEBUG AnnotationParser     - @AddCollisionHandler: []
11:38:53.845 [JavaFX Application Thread] DEBUG AnnotationParser     - @SetEntityFactory: []
11:38:53.858 [FXGL Background Thread 1 ] DEBUG InitAppTask          - Clearing previous game
11:38:53.858 [FXGL Background Thread 1 ] DEBUG FXGL.GameWorld       - Clearing game world
11:38:53.860 [FXGL Background Thread 1 ] DEBUG FXGL.PhysicsWorld    - Clearing physics world
11:38:53.860 [FXGL Background Thread 1 ] DEBUG FXGL.GameScene       - Clearing game scene
11:38:53.861 [FXGL Background Thread 1 ] DEBUG InitAppTask          - Initializing Assets
11:38:53.862 [FXGL Background Thread 1 ] DEBUG InitAppTask          - Initializing Game
11:38:53.923 [FXGL Background Thread 1 ] DEBUG AssetLoader          - Loading from disk: /assets/textures/brick.png
11:38:53.942 [FXGL Background Thread 1 ] DEBUG FXGL.GameScene       - Creating render group for layer: TOP(2147483647)
11:38:53.976 [FXGL Background Thread 1 ] DEBUG InitAppTask          - Initializing Physics
11:38:53.977 [FXGL Background Thread 1 ] DEBUG InitAppTask          - Initializing UI
11:38:53.978 [FXGL Background Thread 1 ] DEBUG AssetLoader          - Loading from cache: /assets/textures/brick.png
11:38:53.980 [FXGL Background Thread 1 ] DEBUG InitAppTask          - Initialization Complete
11:38:53.981 [FXGL Background Thread 1 ] INFO  InitAppTask          - Game initialization took: 0,123 sec
11:38:54.003 [JavaFX Application Thread] DEBUG Input                - Clearing active input actions
11:38:54.004 [JavaFX Application Thread] DEBUG AppStateMachine      - LoadingState -> PlayState
11:38:58.895 [JavaFX Application Thread] DEBUG GameApplication      - Exiting game application
11:38:58.897 [JavaFX Application Thread] DEBUG GameApplication      - Shutting down background threads
11:38:58.898 [JavaFX Application Thread] DEBUG GameApplication      - Exiting FXGL
11:38:58.898 [JavaFX Application Thread] DEBUG FXGL                 - Saving FXGL system data
11:38:58.899 [JavaFX Application Thread] DEBUG IOTask               - Executing task: writeDataTask(system/fxgl.bundle)
11:38:58.902 [JavaFX Application Thread] DEBUG FS                   - Writing to: system\fxgl.bundle
11:38:58.908 [JavaFX Application Thread] DEBUG IOTask               - Task succeeded: writeDataTask(system/fxgl.bundle)
11:38:58.908 [JavaFX Application Thread] DEBUG GameApplication      - Closing logger and exiting JavaFX
