09:05:15.842 [JavaFX Application Thread] DEBUG GameApplication      - Logger initialized
09:05:15.872 [JavaFX Application Thread] DEBUG MainWindow           - Creating a JavaFX scene
09:05:16.127 [JavaFX Application Thread] DEBUG MainWindow           - Target settings size: 800.0 x 600.0
09:05:16.127 [JavaFX Application Thread] DEBUG MainWindow           - Scaled scene size:    800.0 x 600.0
09:05:16.128 [JavaFX Application Thread] DEBUG MainWindow           - Scaled ratio: (1.0, 1.0)
09:05:16.393 [JavaFX Application Thread] DEBUG GameApplication      - Starting FXGL
09:05:16.394 [JavaFX Application Thread] INFO  Version              - FXGL-0.4.1
09:05:16.394 [JavaFX Application Thread] INFO  Version              - Source code and latest versions at: https://github.com/AlmasB/FXGL
09:05:16.395 [JavaFX Application Thread] INFO  Version              -              Join the FXGL chat at: https://gitter.im/AlmasB/FXGL
09:05:16.498 [FXGL Launcher Thread     ] DEBUG FXGL                 - Loading FXGL system data
09:05:16.506 [FXGL Launcher Thread     ] DEBUG IOTask               - Executing task: readDataTask(system/fxgl.bundle)
09:05:16.524 [FXGL Launcher Thread     ] DEBUG FS                   - Reading from: system\fxgl.bundle
09:05:16.543 [FXGL Launcher Thread     ] DEBUG IOTask               - Task succeeded: readDataTask(system/fxgl.bundle)
09:05:16.543 [FXGL Launcher Thread     ] DEBUG Bundle               - Logging bundle: FXGL
09:05:16.545 [FXGL Launcher Thread     ] DEBUG Bundle               - FXGL.offline.timer.version.check=2018-01-29T12:06:18.318
09:05:16.546 [FXGL Launcher Thread     ] DEBUG GameApplication      - FXGL configuration complete
09:05:16.548 [FXGL Launcher Thread     ] INFO  GameApplication      - FXGL configuration took:  0,125 sec
09:05:16.548 [FXGL Launcher Thread     ] DEBUG GameApplication      - Logging game settings
Title: Untitled
Version: 0.0
Width: 800
Height: 600
Fullscreen: false
Intro: false
Menus: false
Profiling: false
Single step:false
App Mode: DEVELOPER
Menu Key: ESCAPE
Stage Style: DECORATED
Scene Factory: class com.almasb.fxgl.scene.SceneFactory
Dialog Factory: class com.almasb.fxgl.ui.FXGLDialogFactory
UI Factory: class com.almasb.fxgl.ui.FXGLUIFactory
Notification Service: class com.almasb.fxgl.gameplay.notification.XboxNotificationView
Exception Handler: class com.almasb.fxgl.app.FXGLExceptionHandler
09:05:16.568 [FXGL Launcher Thread     ] DEBUG GameApplication      - Configuring GameApplication
09:05:16.575 [FXGL Launcher Thread     ] DEBUG AppStateMachine      - Initializing application states
09:05:16.595 [FXGL Launcher Thread     ] DEBUG AssetLoader          - Loading from disk: /assets/ui/cursors/fxgl_default.png
09:05:16.640 [FXGL Launcher Thread     ] DEBUG AssetLoader          - Loading from disk: /assets/ui/cursors/fxgl_default.png
09:05:16.679 [FXGL Launcher Thread     ] DEBUG AssetLoader          - Loading from disk: /assets/sounds/core/notification.wav
09:05:16.716 [FXGL Launcher Thread     ] DEBUG AssetLoader          - Loading from disk: /assets/sounds/menu/select.wav
09:05:16.718 [FXGL Launcher Thread     ] DEBUG AssetLoader          - Loading from disk: /assets/sounds/menu/back.wav
09:05:16.721 [FXGL Launcher Thread     ] DEBUG AssetLoader          - Loading from disk: /assets/sounds/menu/press.wav
09:05:16.725 [FXGL Launcher Thread     ] DEBUG AssetLoader          - Loading from disk: /assets/ui/fonts/VarelaRound-Regular.ttf
09:05:16.901 [FXGL Launcher Thread     ] DEBUG AssetLoader          - Loading from disk: /assets/ui/fonts/lucida_console.ttf
09:05:16.911 [FXGL Launcher Thread     ] DEBUG AssetLoader          - Loading from disk: /assets/ui/css/fxgl_dark.css
09:05:16.912 [FXGL Launcher Thread     ] DEBUG AssetLoader          - Loading from disk: /assets/ui/icons/fxgl_icon.png
09:05:16.956 [FXGL Launcher Thread     ] DEBUG AssetLoader          - Loading from disk: /assets/ui/cursors/fxgl_default.png
09:05:17.013 [FXGL Launcher Thread     ] DEBUG FXGL.GameScene       - Game scene initialized: 800x600
09:05:17.021 [FXGL Launcher Thread     ] DEBUG FXGL.GameWorld       - Game world initialized
09:05:17.160 [FXGL Launcher Thread     ] DEBUG FXGL.PhysicsWorld    - Physics world initialized: appHeight=600, physics.ppm=50,0
09:05:17.200 [FXGL Launcher Thread     ] DEBUG Input                - Registered new binding: Pause - Esc
09:05:17.234 [FXGL Launcher Thread     ] INFO  GameApplication      - Game configuration took:  0,666 sec
09:05:17.242 [JavaFX Application Thread] DEBUG MainWindow           - Opening main window
09:05:17.318 [JavaFX Application Thread] DEBUG MainWindow           - Window border size: (6.0, 29.0)
09:05:17.318 [JavaFX Application Thread] DEBUG MainWindow           - Scaled size: 800.0 x 600.0
09:05:17.318 [JavaFX Application Thread] DEBUG MainWindow           - Scaled ratio: (1.0, 1.0)
09:05:17.319 [JavaFX Application Thread] DEBUG MainWindow           - Scene size: 800.0 x 600.0
09:05:17.319 [JavaFX Application Thread] DEBUG MainWindow           - Stage size: 806.0 x 629.0
09:05:17.319 [JavaFX Application Thread] DEBUG GameApplication      - Running preInit()
09:05:17.323 [JavaFX Application Thread] DEBUG AnnotationParser     - Main app package name: com.myname
09:05:17.552 [JavaFX Application Thread] DEBUG AnnotationParser     - @SetAchievementStore: []
09:05:17.555 [JavaFX Application Thread] DEBUG Input                - Registered new binding: Screenshot - P
09:05:17.556 [JavaFX Application Thread] DEBUG Input                - Registered new binding: Dev Options - CTRL+0
09:05:17.557 [JavaFX Application Thread] DEBUG Input                - Registered new binding: Right - D
09:05:17.557 [JavaFX Application Thread] DEBUG Input                - Registered new binding: Left - A
09:05:17.641 [JavaFX Application Thread] DEBUG GameApplication      - Starting main loop
09:05:17.649 [JavaFX Application Thread] DEBUG StartupState         - STARTUP
09:05:17.658 [JavaFX Application Thread] DEBUG GameApplication      - Starting new game
09:05:17.658 [JavaFX Application Thread] DEBUG Input                - Clearing active input actions
09:05:17.658 [JavaFX Application Thread] DEBUG AppStateMachine      - StartupState -> LoadingState
09:05:17.720 [JavaFX Application Thread] DEBUG AnnotationParser     - Main app package name: com.myname
09:05:17.721 [JavaFX Application Thread] DEBUG InitAppTask          - Parsing annotations
09:05:17.788 [JavaFX Application Thread] DEBUG AnnotationParser     - @SetEntityFactory: []
09:05:17.788 [JavaFX Application Thread] DEBUG AnnotationParser     - @SetEventHandler: []
09:05:17.788 [JavaFX Application Thread] DEBUG AnnotationParser     - @AddCollisionHandler: []
09:05:17.846 [FXGL Background Thread 1 ] DEBUG InitAppTask          - Clearing previous game
09:05:17.847 [FXGL Background Thread 1 ] DEBUG FXGL.GameWorld       - Clearing game world
09:05:17.848 [FXGL Background Thread 1 ] DEBUG FXGL.PhysicsWorld    - Clearing physics world
09:05:17.848 [FXGL Background Thread 1 ] DEBUG FXGL.GameScene       - Clearing game scene
09:05:17.849 [FXGL Background Thread 1 ] DEBUG InitAppTask          - Initializing Assets
09:05:17.851 [FXGL Background Thread 1 ] DEBUG InitAppTask          - Initializing Game
09:05:17.920 [FXGL Background Thread 1 ] DEBUG AssetLoader          - Loading from disk: /assets/textures/newdude.png
09:05:17.960 [FXGL Background Thread 1 ] DEBUG AssetLoader          - Loading from cache: /assets/textures/newdude.png
09:05:17.976 [FXGL Background Thread 1 ] DEBUG FXGL.GameScene       - Creating render group for layer: TOP(2147483647)
09:05:17.984 [FXGL Background Thread 1 ] DEBUG InitAppTask          - Initializing Physics
09:05:17.985 [FXGL Background Thread 1 ] DEBUG InitAppTask          - Initializing UI
09:05:17.985 [FXGL Background Thread 1 ] DEBUG InitAppTask          - Initialization Complete
09:05:17.985 [FXGL Background Thread 1 ] INFO  InitAppTask          - Game initialization took: 0,139 sec
09:05:17.992 [JavaFX Application Thread] DEBUG Input                - Clearing active input actions
09:05:17.992 [JavaFX Application Thread] DEBUG AppStateMachine      - LoadingState -> PlayState
09:05:25.076 [JavaFX Application Thread] DEBUG GameApplication      - Exiting game application
09:05:25.077 [JavaFX Application Thread] DEBUG GameApplication      - Shutting down background threads
09:05:25.078 [JavaFX Application Thread] DEBUG GameApplication      - Exiting FXGL
09:05:25.078 [JavaFX Application Thread] DEBUG FXGL                 - Saving FXGL system data
09:05:25.079 [JavaFX Application Thread] DEBUG IOTask               - Executing task: writeDataTask(system/fxgl.bundle)
09:05:25.082 [JavaFX Application Thread] DEBUG FS                   - Writing to: system\fxgl.bundle
09:05:25.088 [JavaFX Application Thread] DEBUG IOTask               - Task succeeded: writeDataTask(system/fxgl.bundle)
09:05:25.088 [JavaFX Application Thread] DEBUG GameApplication      - Closing logger and exiting JavaFX
