13:10:19.778 [JavaFX Application Thread] DEBUG GameApplication      - Logger initialized
13:10:19.801 [JavaFX Application Thread] DEBUG MainWindow           - Creating a JavaFX scene
13:10:20.021 [JavaFX Application Thread] DEBUG MainWindow           - Target settings size: 600.0 x 600.0
13:10:20.021 [JavaFX Application Thread] DEBUG MainWindow           - Scaled scene size:    600.0 x 600.0
13:10:20.021 [JavaFX Application Thread] DEBUG MainWindow           - Scaled ratio: (1.0, 1.0)
13:10:20.287 [JavaFX Application Thread] DEBUG GameApplication      - Starting FXGL
13:10:20.288 [JavaFX Application Thread] INFO  Version              - FXGL-0.4.1
13:10:20.288 [JavaFX Application Thread] INFO  Version              - Source code and latest versions at: https://github.com/AlmasB/FXGL
13:10:20.289 [JavaFX Application Thread] INFO  Version              -              Join the FXGL chat at: https://gitter.im/AlmasB/FXGL
13:10:20.406 [FXGL Launcher Thread     ] DEBUG FXGL                 - Loading FXGL system data
13:10:20.417 [FXGL Launcher Thread     ] DEBUG IOTask               - Executing task: readDataTask(system/fxgl.bundle)
13:10:20.430 [FXGL Launcher Thread     ] DEBUG FS                   - Reading from: system\fxgl.bundle
13:10:20.473 [FXGL Launcher Thread     ] DEBUG IOTask               - Task succeeded: readDataTask(system/fxgl.bundle)
13:10:20.474 [FXGL Launcher Thread     ] DEBUG Bundle               - Logging bundle: FXGL
13:10:20.475 [FXGL Launcher Thread     ] DEBUG Bundle               - FXGL.offline.timer.version.check=2018-01-29T12:06:18.318
13:10:20.478 [FXGL Launcher Thread     ] DEBUG GameApplication      - FXGL configuration complete
13:10:20.481 [FXGL Launcher Thread     ] INFO  GameApplication      - FXGL configuration took:  0,146 sec
13:10:20.482 [FXGL Launcher Thread     ] DEBUG GameApplication      - Logging game settings
Title: Basic Game App
Version: 0.1
Width: 600
Height: 600
Fullscreen: false
Intro: false
Menus: false
Profiling: false
Single step:false
App Mode: DEVELOPER
Menu Key: ESCAPE
Stage Style: DECORATED
Scene Factory: class com.almasb.fxgl.scene.SceneFactory
Dialog Factory: class com.almasb.fxgl.ui.FXGLDialogFactory
UI Factory: class com.almasb.fxgl.ui.FXGLUIFactory
Notification Service: class com.almasb.fxgl.gameplay.notification.XboxNotificationView
Exception Handler: class com.almasb.fxgl.app.FXGLExceptionHandler
13:10:20.490 [FXGL Launcher Thread     ] DEBUG GameApplication      - Configuring GameApplication
13:10:20.498 [FXGL Launcher Thread     ] DEBUG AppStateMachine      - Initializing application states
13:10:20.517 [FXGL Launcher Thread     ] DEBUG AssetLoader          - Loading from disk: /assets/ui/cursors/fxgl_default.png
13:10:20.565 [FXGL Launcher Thread     ] DEBUG AssetLoader          - Loading from disk: /assets/ui/cursors/fxgl_default.png
13:10:20.584 [FXGL Launcher Thread     ] DEBUG AssetLoader          - Loading from disk: /assets/sounds/core/notification.wav
13:10:20.622 [FXGL Launcher Thread     ] DEBUG AssetLoader          - Loading from disk: /assets/sounds/menu/select.wav
13:10:20.624 [FXGL Launcher Thread     ] DEBUG AssetLoader          - Loading from disk: /assets/sounds/menu/back.wav
13:10:20.627 [FXGL Launcher Thread     ] DEBUG AssetLoader          - Loading from disk: /assets/sounds/menu/press.wav
13:10:20.631 [FXGL Launcher Thread     ] DEBUG AssetLoader          - Loading from disk: /assets/ui/fonts/VarelaRound-Regular.ttf
13:10:20.811 [FXGL Launcher Thread     ] DEBUG AssetLoader          - Loading from disk: /assets/ui/fonts/lucida_console.ttf
13:10:20.821 [FXGL Launcher Thread     ] DEBUG AssetLoader          - Loading from disk: /assets/ui/css/fxgl_dark.css
13:10:20.822 [FXGL Launcher Thread     ] DEBUG AssetLoader          - Loading from disk: /assets/ui/icons/fxgl_icon.png
13:10:20.865 [FXGL Launcher Thread     ] DEBUG AssetLoader          - Loading from disk: /assets/ui/cursors/fxgl_default.png
13:10:20.917 [FXGL Launcher Thread     ] DEBUG FXGL.GameScene       - Game scene initialized: 600x600
13:10:20.923 [FXGL Launcher Thread     ] DEBUG FXGL.GameWorld       - Game world initialized
13:10:21.063 [FXGL Launcher Thread     ] DEBUG FXGL.PhysicsWorld    - Physics world initialized: appHeight=600, physics.ppm=50,0
13:10:21.100 [FXGL Launcher Thread     ] DEBUG Input                - Registered new binding: Pause - Esc
13:10:21.130 [FXGL Launcher Thread     ] INFO  GameApplication      - Game configuration took:  0,640 sec
13:10:21.155 [JavaFX Application Thread] DEBUG MainWindow           - Opening main window
13:10:21.235 [JavaFX Application Thread] DEBUG MainWindow           - Window border size: (6.0, 29.0)
13:10:21.236 [JavaFX Application Thread] DEBUG MainWindow           - Scaled size: 600.0 x 600.0
13:10:21.236 [JavaFX Application Thread] DEBUG MainWindow           - Scaled ratio: (1.0, 1.0)
13:10:21.236 [JavaFX Application Thread] DEBUG MainWindow           - Scene size: 600.0 x 600.0
13:10:21.236 [JavaFX Application Thread] DEBUG MainWindow           - Stage size: 606.0 x 629.0
13:10:21.236 [JavaFX Application Thread] DEBUG GameApplication      - Running preInit()
13:10:21.240 [JavaFX Application Thread] DEBUG AnnotationParser     - Main app package name: com.myname
13:10:21.601 [JavaFX Application Thread] DEBUG AnnotationParser     - @SetAchievementStore: []
13:10:21.603 [JavaFX Application Thread] DEBUG Input                - Registered new binding: Screenshot - P
13:10:21.604 [JavaFX Application Thread] DEBUG Input                - Registered new binding: Dev Options - CTRL+0
13:10:21.605 [JavaFX Application Thread] DEBUG Input                - Registered new binding: Move Right - D
13:10:21.605 [JavaFX Application Thread] DEBUG Input                - Registered new binding: Move Left - A
13:10:21.605 [JavaFX Application Thread] DEBUG Input                - Registered new binding: Move Up - W
13:10:21.606 [JavaFX Application Thread] DEBUG Input                - Registered new binding: Move Down - S
13:10:21.606 [JavaFX Application Thread] DEBUG Input                - Registered new binding: Play Sound - F
13:10:21.669 [JavaFX Application Thread] DEBUG GameApplication      - Starting main loop
13:10:21.673 [JavaFX Application Thread] DEBUG StartupState         - STARTUP
13:10:21.673 [JavaFX Application Thread] DEBUG GameApplication      - Starting new game
13:10:21.673 [JavaFX Application Thread] DEBUG Input                - Clearing active input actions
13:10:21.674 [JavaFX Application Thread] DEBUG AppStateMachine      - StartupState -> LoadingState
13:10:21.738 [JavaFX Application Thread] DEBUG AnnotationParser     - Main app package name: com.myname
13:10:21.739 [JavaFX Application Thread] DEBUG InitAppTask          - Parsing annotations
13:10:21.811 [JavaFX Application Thread] DEBUG AnnotationParser     - @AddCollisionHandler: []
13:10:21.811 [JavaFX Application Thread] DEBUG AnnotationParser     - @SetEventHandler: []
13:10:21.811 [JavaFX Application Thread] DEBUG AnnotationParser     - @SetEntityFactory: []
13:10:21.872 [FXGL Background Thread 1 ] DEBUG InitAppTask          - Clearing previous game
13:10:21.873 [FXGL Background Thread 1 ] DEBUG FXGL.GameWorld       - Clearing game world
13:10:21.875 [FXGL Background Thread 1 ] DEBUG FXGL.PhysicsWorld    - Clearing physics world
13:10:21.875 [FXGL Background Thread 1 ] DEBUG FXGL.GameScene       - Clearing game scene
13:10:21.876 [FXGL Background Thread 1 ] DEBUG InitAppTask          - Initializing Assets
13:10:21.878 [FXGL Background Thread 1 ] DEBUG InitAppTask          - Initializing Game
13:10:21.940 [FXGL Background Thread 1 ] DEBUG AssetLoader          - Loading from disk: /assets/textures/brick.png
13:10:21.963 [FXGL Background Thread 1 ] DEBUG FXGL.GameScene       - Creating render group for layer: TOP(2147483647)
13:10:22.614 [FXGL Background Thread 1 ] DEBUG InitAppTask          - Initializing Physics
13:10:22.615 [FXGL Background Thread 1 ] DEBUG InitAppTask          - Initializing UI
13:10:22.616 [FXGL Background Thread 1 ] DEBUG AssetLoader          - Loading from cache: /assets/textures/brick.png
13:10:22.621 [FXGL Background Thread 1 ] DEBUG InitAppTask          - Initialization Complete
13:10:22.621 [FXGL Background Thread 1 ] INFO  InitAppTask          - Game initialization took: 0,748 sec
13:10:22.624 [JavaFX Application Thread] DEBUG Input                - Clearing active input actions
13:10:22.624 [JavaFX Application Thread] DEBUG AppStateMachine      - LoadingState -> PlayState
13:10:25.037 [JavaFX Application Thread] DEBUG GameApplication      - Exiting game application
13:10:25.040 [JavaFX Application Thread] DEBUG GameApplication      - Shutting down background threads
13:10:25.040 [JavaFX Application Thread] DEBUG GameApplication      - Exiting FXGL
13:10:25.040 [JavaFX Application Thread] DEBUG FXGL                 - Saving FXGL system data
13:10:25.042 [JavaFX Application Thread] DEBUG IOTask               - Executing task: writeDataTask(system/fxgl.bundle)
13:10:25.046 [JavaFX Application Thread] DEBUG FS                   - Writing to: system\fxgl.bundle
13:10:25.053 [JavaFX Application Thread] DEBUG IOTask               - Task succeeded: writeDataTask(system/fxgl.bundle)
13:10:25.053 [JavaFX Application Thread] DEBUG GameApplication      - Closing logger and exiting JavaFX
