13:08:49.593 [JavaFX Application Thread] DEBUG GameApplication      - Logger initialized
13:08:49.622 [JavaFX Application Thread] DEBUG MainWindow           - Creating a JavaFX scene
13:08:49.862 [JavaFX Application Thread] DEBUG MainWindow           - Target settings size: 600.0 x 600.0
13:08:49.862 [JavaFX Application Thread] DEBUG MainWindow           - Scaled scene size:    600.0 x 600.0
13:08:49.862 [JavaFX Application Thread] DEBUG MainWindow           - Scaled ratio: (1.0, 1.0)
13:08:50.111 [JavaFX Application Thread] DEBUG GameApplication      - Starting FXGL
13:08:50.112 [JavaFX Application Thread] INFO  Version              - FXGL-0.4.1
13:08:50.112 [JavaFX Application Thread] INFO  Version              - Source code and latest versions at: https://github.com/AlmasB/FXGL
13:08:50.113 [JavaFX Application Thread] INFO  Version              -              Join the FXGL chat at: https://gitter.im/AlmasB/FXGL
13:08:50.222 [FXGL Launcher Thread     ] DEBUG FXGL                 - Loading FXGL system data
13:08:50.241 [FXGL Launcher Thread     ] DEBUG IOTask               - Executing task: readDataTask(system/fxgl.bundle)
13:08:50.252 [FXGL Launcher Thread     ] DEBUG FS                   - Reading from: system\fxgl.bundle
13:08:50.272 [FXGL Launcher Thread     ] DEBUG IOTask               - Task succeeded: readDataTask(system/fxgl.bundle)
13:08:50.273 [FXGL Launcher Thread     ] DEBUG Bundle               - Logging bundle: FXGL
13:08:50.274 [FXGL Launcher Thread     ] DEBUG Bundle               - FXGL.offline.timer.version.check=2018-01-29T12:06:18.318
13:08:50.275 [FXGL Launcher Thread     ] DEBUG GameApplication      - FXGL configuration complete
13:08:50.277 [FXGL Launcher Thread     ] INFO  GameApplication      - FXGL configuration took:  0,117 sec
13:08:50.278 [FXGL Launcher Thread     ] DEBUG GameApplication      - Logging game settings
Title: Basic Game App
Version: 0.1
Width: 600
Height: 600
Fullscreen: false
Intro: false
Menus: false
Profiling: false
Single step:false
App Mode: DEVELOPER
Menu Key: ESCAPE
Stage Style: DECORATED
Scene Factory: class com.almasb.fxgl.scene.SceneFactory
Dialog Factory: class com.almasb.fxgl.ui.FXGLDialogFactory
UI Factory: class com.almasb.fxgl.ui.FXGLUIFactory
Notification Service: class com.almasb.fxgl.gameplay.notification.XboxNotificationView
Exception Handler: class com.almasb.fxgl.app.FXGLExceptionHandler
13:08:50.288 [FXGL Launcher Thread     ] DEBUG GameApplication      - Configuring GameApplication
13:08:50.296 [FXGL Launcher Thread     ] DEBUG AppStateMachine      - Initializing application states
13:08:50.316 [FXGL Launcher Thread     ] DEBUG AssetLoader          - Loading from disk: /assets/ui/cursors/fxgl_default.png
13:08:50.357 [FXGL Launcher Thread     ] DEBUG AssetLoader          - Loading from disk: /assets/ui/cursors/fxgl_default.png
13:08:50.385 [FXGL Launcher Thread     ] DEBUG AssetLoader          - Loading from disk: /assets/sounds/core/notification.wav
13:08:50.423 [FXGL Launcher Thread     ] DEBUG AssetLoader          - Loading from disk: /assets/sounds/menu/select.wav
13:08:50.425 [FXGL Launcher Thread     ] DEBUG AssetLoader          - Loading from disk: /assets/sounds/menu/back.wav
13:08:50.428 [FXGL Launcher Thread     ] DEBUG AssetLoader          - Loading from disk: /assets/sounds/menu/press.wav
13:08:50.432 [FXGL Launcher Thread     ] DEBUG AssetLoader          - Loading from disk: /assets/ui/fonts/VarelaRound-Regular.ttf
13:08:50.617 [FXGL Launcher Thread     ] DEBUG AssetLoader          - Loading from disk: /assets/ui/fonts/lucida_console.ttf
13:08:50.629 [FXGL Launcher Thread     ] DEBUG AssetLoader          - Loading from disk: /assets/ui/css/fxgl_dark.css
13:08:50.630 [FXGL Launcher Thread     ] DEBUG AssetLoader          - Loading from disk: /assets/ui/icons/fxgl_icon.png
13:08:50.676 [FXGL Launcher Thread     ] DEBUG AssetLoader          - Loading from disk: /assets/ui/cursors/fxgl_default.png
13:08:50.726 [FXGL Launcher Thread     ] DEBUG FXGL.GameScene       - Game scene initialized: 600x600
13:08:50.737 [FXGL Launcher Thread     ] DEBUG FXGL.GameWorld       - Game world initialized
13:08:50.860 [FXGL Launcher Thread     ] DEBUG FXGL.PhysicsWorld    - Physics world initialized: appHeight=600, physics.ppm=50,0
13:08:50.900 [FXGL Launcher Thread     ] DEBUG Input                - Registered new binding: Pause - Esc
13:08:50.934 [FXGL Launcher Thread     ] INFO  GameApplication      - Game configuration took:  0,645 sec
13:08:50.937 [JavaFX Application Thread] DEBUG MainWindow           - Opening main window
13:08:51.008 [JavaFX Application Thread] DEBUG MainWindow           - Window border size: (6.0, 29.0)
13:08:51.009 [JavaFX Application Thread] DEBUG MainWindow           - Scaled size: 600.0 x 600.0
13:08:51.010 [JavaFX Application Thread] DEBUG MainWindow           - Scaled ratio: (1.0, 1.0)
13:08:51.010 [JavaFX Application Thread] DEBUG MainWindow           - Scene size: 600.0 x 600.0
13:08:51.011 [JavaFX Application Thread] DEBUG MainWindow           - Stage size: 606.0 x 629.0
13:08:51.011 [JavaFX Application Thread] DEBUG GameApplication      - Running preInit()
13:08:51.014 [JavaFX Application Thread] DEBUG AnnotationParser     - Main app package name: com.myname
13:08:51.292 [JavaFX Application Thread] DEBUG AnnotationParser     - @SetAchievementStore: []
13:08:51.294 [JavaFX Application Thread] DEBUG Input                - Registered new binding: Screenshot - P
13:08:51.295 [JavaFX Application Thread] DEBUG Input                - Registered new binding: Dev Options - CTRL+0
13:08:51.295 [JavaFX Application Thread] DEBUG Input                - Registered new binding: Move Right - D
13:08:51.296 [JavaFX Application Thread] DEBUG Input                - Registered new binding: Move Left - A
13:08:51.296 [JavaFX Application Thread] DEBUG Input                - Registered new binding: Move Up - W
13:08:51.296 [JavaFX Application Thread] DEBUG Input                - Registered new binding: Move Down - S
13:08:51.296 [JavaFX Application Thread] DEBUG Input                - Registered new binding: Play Sound - F
13:08:51.362 [JavaFX Application Thread] DEBUG GameApplication      - Starting main loop
13:08:51.366 [JavaFX Application Thread] DEBUG StartupState         - STARTUP
13:08:51.366 [JavaFX Application Thread] DEBUG GameApplication      - Starting new game
13:08:51.366 [JavaFX Application Thread] DEBUG Input                - Clearing active input actions
13:08:51.367 [JavaFX Application Thread] DEBUG AppStateMachine      - StartupState -> LoadingState
13:08:51.439 [JavaFX Application Thread] DEBUG AnnotationParser     - Main app package name: com.myname
13:08:51.439 [JavaFX Application Thread] DEBUG InitAppTask          - Parsing annotations
13:08:51.511 [JavaFX Application Thread] DEBUG AnnotationParser     - @AddCollisionHandler: []
13:08:51.512 [JavaFX Application Thread] DEBUG AnnotationParser     - @SetEntityFactory: []
13:08:51.512 [JavaFX Application Thread] DEBUG AnnotationParser     - @SetEventHandler: []
13:08:51.534 [FXGL Background Thread 1 ] DEBUG InitAppTask          - Clearing previous game
13:08:51.534 [FXGL Background Thread 1 ] DEBUG FXGL.GameWorld       - Clearing game world
13:08:51.536 [FXGL Background Thread 1 ] DEBUG FXGL.PhysicsWorld    - Clearing physics world
13:08:51.536 [FXGL Background Thread 1 ] DEBUG FXGL.GameScene       - Clearing game scene
13:08:51.536 [FXGL Background Thread 1 ] DEBUG InitAppTask          - Initializing Assets
13:08:51.538 [FXGL Background Thread 1 ] DEBUG InitAppTask          - Initializing Game
13:08:51.602 [FXGL Background Thread 1 ] DEBUG AssetLoader          - Loading from disk: /assets/textures/brick.png
13:08:51.621 [FXGL Background Thread 1 ] DEBUG FXGL.GameScene       - Creating render group for layer: TOP(2147483647)
13:08:52.266 [FXGL Background Thread 1 ] DEBUG InitAppTask          - Initializing Physics
13:08:52.268 [FXGL Background Thread 1 ] DEBUG InitAppTask          - Initializing UI
13:08:52.269 [FXGL Background Thread 1 ] DEBUG AssetLoader          - Loading from cache: /assets/textures/brick.png
13:08:52.271 [FXGL Background Thread 1 ] DEBUG InitAppTask          - Initialization Complete
13:08:52.272 [FXGL Background Thread 1 ] INFO  InitAppTask          - Game initialization took: 0,738 sec
13:08:52.280 [JavaFX Application Thread] DEBUG Input                - Clearing active input actions
13:08:52.281 [JavaFX Application Thread] DEBUG AppStateMachine      - LoadingState -> PlayState
13:08:54.342 [JavaFX Application Thread] DEBUG GameApplication      - Exiting game application
13:08:54.344 [JavaFX Application Thread] DEBUG GameApplication      - Shutting down background threads
13:08:54.344 [JavaFX Application Thread] DEBUG GameApplication      - Exiting FXGL
13:08:54.344 [JavaFX Application Thread] DEBUG FXGL                 - Saving FXGL system data
13:08:54.347 [JavaFX Application Thread] DEBUG IOTask               - Executing task: writeDataTask(system/fxgl.bundle)
13:08:54.351 [JavaFX Application Thread] DEBUG FS                   - Writing to: system\fxgl.bundle
13:08:54.358 [JavaFX Application Thread] DEBUG IOTask               - Task succeeded: writeDataTask(system/fxgl.bundle)
13:08:54.358 [JavaFX Application Thread] DEBUG GameApplication      - Closing logger and exiting JavaFX
