18:57:22.178 [JavaFX Application Thread] DEBUG GameApplication      - Logger initialized
18:57:22.208 [JavaFX Application Thread] DEBUG MainWindow           - Creating a JavaFX scene
18:57:22.337 [JavaFX Application Thread] DEBUG MainWindow           - Target settings size: 600.0 x 700.0
18:57:22.338 [JavaFX Application Thread] DEBUG MainWindow           - Scaled scene size:    600.0 x 700.0
18:57:22.338 [JavaFX Application Thread] DEBUG MainWindow           - Scaled ratio: (1.0, 1.0)
18:57:22.588 [JavaFX Application Thread] DEBUG GameApplication      - Starting FXGL
18:57:22.589 [JavaFX Application Thread] INFO  Version              - FXGL-0.4.1
18:57:22.589 [JavaFX Application Thread] INFO  Version              - Source code and latest versions at: https://github.com/AlmasB/FXGL
18:57:22.590 [JavaFX Application Thread] INFO  Version              -              Join the FXGL chat at: https://gitter.im/AlmasB/FXGL
18:57:22.683 [FXGL Launcher Thread     ] DEBUG FXGL                 - Loading FXGL system data
18:57:22.693 [FXGL Launcher Thread     ] DEBUG IOTask               - Executing task: readDataTask(system/fxgl.bundle)
18:57:22.705 [FXGL Launcher Thread     ] DEBUG FS                   - Reading from: system\fxgl.bundle
18:57:22.729 [FXGL Launcher Thread     ] DEBUG IOTask               - Task succeeded: readDataTask(system/fxgl.bundle)
18:57:22.729 [FXGL Launcher Thread     ] DEBUG Bundle               - Logging bundle: FXGL
18:57:22.731 [FXGL Launcher Thread     ] DEBUG Bundle               - FXGL.offline.timer.version.check=2018-02-07T17:48:11.639
18:57:22.733 [FXGL Launcher Thread     ] DEBUG GameApplication      - FXGL configuration complete
18:57:22.737 [FXGL Launcher Thread     ] INFO  GameApplication      - FXGL configuration took:  0,137 sec
18:57:22.738 [FXGL Launcher Thread     ] DEBUG GameApplication      - Logging game settings
Title: Basic Game App
Version: 0.1
Width: 600
Height: 700
Fullscreen: false
Intro: false
Menus: false
Profiling: false
Single step:false
App Mode: DEVELOPER
Menu Key: ESCAPE
Stage Style: DECORATED
Scene Factory: class com.almasb.fxgl.scene.SceneFactory
Dialog Factory: class com.almasb.fxgl.ui.FXGLDialogFactory
UI Factory: class com.almasb.fxgl.ui.FXGLUIFactory
Notification Service: class com.almasb.fxgl.gameplay.notification.XboxNotificationView
Exception Handler: class com.almasb.fxgl.app.FXGLExceptionHandler
18:57:22.763 [FXGL Launcher Thread     ] DEBUG GameApplication      - Configuring GameApplication
18:57:22.770 [FXGL Launcher Thread     ] DEBUG AppStateMachine      - Initializing application states
18:57:22.790 [FXGL Launcher Thread     ] DEBUG AssetLoader          - Loading from disk: /assets/ui/cursors/fxgl_default.png
18:57:22.835 [FXGL Launcher Thread     ] DEBUG AssetLoader          - Loading from disk: /assets/ui/cursors/fxgl_default.png
18:57:22.876 [FXGL Launcher Thread     ] DEBUG AssetLoader          - Loading from disk: /assets/sounds/core/notification.wav
18:57:22.915 [FXGL Launcher Thread     ] DEBUG AssetLoader          - Loading from disk: /assets/sounds/menu/select.wav
18:57:22.917 [FXGL Launcher Thread     ] DEBUG AssetLoader          - Loading from disk: /assets/sounds/menu/back.wav
18:57:22.920 [FXGL Launcher Thread     ] DEBUG AssetLoader          - Loading from disk: /assets/sounds/menu/press.wav
18:57:22.924 [FXGL Launcher Thread     ] DEBUG AssetLoader          - Loading from disk: /assets/ui/fonts/VarelaRound-Regular.ttf
18:57:23.099 [FXGL Launcher Thread     ] DEBUG AssetLoader          - Loading from disk: /assets/ui/fonts/lucida_console.ttf
18:57:23.108 [FXGL Launcher Thread     ] DEBUG AssetLoader          - Loading from disk: /assets/ui/css/fxgl_dark.css
18:57:23.110 [FXGL Launcher Thread     ] DEBUG AssetLoader          - Loading from disk: /assets/ui/icons/fxgl_icon.png
18:57:23.157 [FXGL Launcher Thread     ] DEBUG AssetLoader          - Loading from disk: /assets/ui/cursors/fxgl_default.png
18:57:23.206 [FXGL Launcher Thread     ] DEBUG FXGL.GameScene       - Game scene initialized: 600x700
18:57:23.217 [FXGL Launcher Thread     ] DEBUG FXGL.GameWorld       - Game world initialized
18:57:23.331 [FXGL Launcher Thread     ] DEBUG FXGL.PhysicsWorld    - Physics world initialized: appHeight=700, physics.ppm=50,0
18:57:23.372 [FXGL Launcher Thread     ] DEBUG Input                - Registered new binding: Pause - Esc
18:57:23.399 [FXGL Launcher Thread     ] INFO  GameApplication      - Game configuration took:  0,635 sec
18:57:23.412 [JavaFX Application Thread] DEBUG MainWindow           - Opening main window
18:57:23.481 [JavaFX Application Thread] DEBUG MainWindow           - Window border size: (6.0, 29.0)
18:57:23.481 [JavaFX Application Thread] DEBUG MainWindow           - Scaled size: 600.0 x 700.0
18:57:23.481 [JavaFX Application Thread] DEBUG MainWindow           - Scaled ratio: (1.0, 1.0)
18:57:23.482 [JavaFX Application Thread] DEBUG MainWindow           - Scene size: 600.0 x 700.0
18:57:23.482 [JavaFX Application Thread] DEBUG MainWindow           - Stage size: 606.0 x 729.0
18:57:23.482 [JavaFX Application Thread] DEBUG GameApplication      - Running preInit()
18:57:23.487 [JavaFX Application Thread] DEBUG AnnotationParser     - Main app package name: com.myname
18:57:23.825 [JavaFX Application Thread] DEBUG AnnotationParser     - @SetAchievementStore: []
18:57:23.827 [JavaFX Application Thread] DEBUG Input                - Registered new binding: Screenshot - P
18:57:23.828 [JavaFX Application Thread] DEBUG Input                - Registered new binding: Dev Options - CTRL+0
18:57:23.828 [JavaFX Application Thread] DEBUG Input                - Registered new binding: Move Right - D
18:57:23.829 [JavaFX Application Thread] DEBUG Input                - Registered new binding: Move Left - A
18:57:23.829 [JavaFX Application Thread] DEBUG Input                - Registered new binding: Move Up - W
18:57:23.829 [JavaFX Application Thread] DEBUG Input                - Registered new binding: Move Down - S
18:57:23.830 [JavaFX Application Thread] DEBUG Input                - Registered new binding: Play Sound - F
18:57:23.888 [JavaFX Application Thread] DEBUG GameApplication      - Starting main loop
18:57:23.892 [JavaFX Application Thread] DEBUG StartupState         - STARTUP
18:57:23.892 [JavaFX Application Thread] DEBUG GameApplication      - Starting new game
18:57:23.892 [JavaFX Application Thread] DEBUG Input                - Clearing active input actions
18:57:23.893 [JavaFX Application Thread] DEBUG AppStateMachine      - StartupState -> LoadingState
18:57:23.946 [JavaFX Application Thread] DEBUG AnnotationParser     - Main app package name: com.myname
18:57:23.946 [JavaFX Application Thread] DEBUG InitAppTask          - Parsing annotations
18:57:23.984 [JavaFX Application Thread] DEBUG AnnotationParser     - @SetEntityFactory: []
18:57:23.985 [JavaFX Application Thread] DEBUG AnnotationParser     - @SetEventHandler: []
18:57:23.985 [JavaFX Application Thread] DEBUG AnnotationParser     - @AddCollisionHandler: []
18:57:24.013 [FXGL Background Thread 1 ] DEBUG InitAppTask          - Clearing previous game
18:57:24.013 [FXGL Background Thread 1 ] DEBUG FXGL.GameWorld       - Clearing game world
18:57:24.015 [FXGL Background Thread 1 ] DEBUG FXGL.PhysicsWorld    - Clearing physics world
18:57:24.015 [FXGL Background Thread 1 ] DEBUG FXGL.GameScene       - Clearing game scene
18:57:24.016 [FXGL Background Thread 1 ] DEBUG InitAppTask          - Initializing Assets
18:57:24.017 [FXGL Background Thread 1 ] DEBUG InitAppTask          - Initializing Game
18:57:24.095 [FXGL Background Thread 1 ] DEBUG AssetLoader          - Loading from disk: /assets/textures/brick.png
18:57:24.116 [FXGL Background Thread 1 ] DEBUG FXGL.GameScene       - Creating render group for layer: TOP(2147483647)
18:57:24.362 [FXGL Background Thread 1 ] DEBUG InitAppTask          - Initializing Physics
18:57:24.363 [FXGL Background Thread 1 ] DEBUG InitAppTask          - Initializing UI
18:57:24.363 [FXGL Background Thread 1 ] DEBUG AssetLoader          - Loading from cache: /assets/textures/brick.png
18:57:24.501 [FXGL Background Thread 1 ] DEBUG InitAppTask          - Initialization Complete
18:57:24.502 [FXGL Background Thread 1 ] INFO  InitAppTask          - Game initialization took: 0,489 sec
18:57:24.514 [JavaFX Application Thread] DEBUG Input                - Clearing active input actions
18:57:24.514 [JavaFX Application Thread] DEBUG AppStateMachine      - LoadingState -> PlayState
18:57:30.308 [JavaFX Application Thread] DEBUG GameApplication      - Exiting game application
18:57:30.309 [JavaFX Application Thread] DEBUG GameApplication      - Shutting down background threads
18:57:30.310 [JavaFX Application Thread] DEBUG GameApplication      - Exiting FXGL
18:57:30.310 [JavaFX Application Thread] DEBUG FXGL                 - Saving FXGL system data
18:57:30.312 [JavaFX Application Thread] DEBUG IOTask               - Executing task: writeDataTask(system/fxgl.bundle)
18:57:30.315 [JavaFX Application Thread] DEBUG FS                   - Writing to: system\fxgl.bundle
18:57:30.321 [JavaFX Application Thread] DEBUG IOTask               - Task succeeded: writeDataTask(system/fxgl.bundle)
18:57:30.321 [JavaFX Application Thread] DEBUG GameApplication      - Closing logger and exiting JavaFX
