11:59:22.179 [JavaFX Application Thread] DEBUG GameApplication      - Logger initialized
11:59:22.223 [JavaFX Application Thread] DEBUG MainWindow           - Creating a JavaFX scene
11:59:22.453 [JavaFX Application Thread] DEBUG MainWindow           - Target settings size: 600.0 x 600.0
11:59:22.454 [JavaFX Application Thread] DEBUG MainWindow           - Scaled scene size:    600.0 x 600.0
11:59:22.454 [JavaFX Application Thread] DEBUG MainWindow           - Scaled ratio: (1.0, 1.0)
11:59:22.732 [JavaFX Application Thread] DEBUG GameApplication      - Starting FXGL
11:59:22.732 [JavaFX Application Thread] INFO  Version              - FXGL-0.4.1
11:59:22.733 [JavaFX Application Thread] INFO  Version              - Source code and latest versions at: https://github.com/AlmasB/FXGL
11:59:22.733 [JavaFX Application Thread] INFO  Version              -              Join the FXGL chat at: https://gitter.im/AlmasB/FXGL
11:59:22.812 [FXGL Launcher Thread     ] DEBUG FXGL                 - Loading FXGL system data
11:59:22.820 [FXGL Launcher Thread     ] DEBUG IOTask               - Executing task: readDataTask(system/fxgl.bundle)
11:59:22.833 [FXGL Launcher Thread     ] DEBUG FS                   - Reading from: system\fxgl.bundle
11:59:22.857 [FXGL Launcher Thread     ] DEBUG IOTask               - Task succeeded: readDataTask(system/fxgl.bundle)
11:59:22.857 [FXGL Launcher Thread     ] DEBUG Bundle               - Logging bundle: FXGL
11:59:22.859 [FXGL Launcher Thread     ] DEBUG Bundle               - FXGL.offline.timer.version.check=2018-01-29T12:06:18.318
11:59:22.860 [FXGL Launcher Thread     ] DEBUG GameApplication      - FXGL configuration complete
11:59:22.862 [FXGL Launcher Thread     ] INFO  GameApplication      - FXGL configuration took:  0,120 sec
11:59:22.862 [FXGL Launcher Thread     ] DEBUG GameApplication      - Logging game settings
Title: Basic Game App
Version: 0.1
Width: 600
Height: 600
Fullscreen: false
Intro: false
Menus: false
Profiling: false
Single step:false
App Mode: DEVELOPER
Menu Key: ESCAPE
Stage Style: DECORATED
Scene Factory: class com.almasb.fxgl.scene.SceneFactory
Dialog Factory: class com.almasb.fxgl.ui.FXGLDialogFactory
UI Factory: class com.almasb.fxgl.ui.FXGLUIFactory
Notification Service: class com.almasb.fxgl.gameplay.notification.XboxNotificationView
Exception Handler: class com.almasb.fxgl.app.FXGLExceptionHandler
11:59:22.870 [FXGL Launcher Thread     ] DEBUG GameApplication      - Configuring GameApplication
11:59:22.879 [FXGL Launcher Thread     ] DEBUG AppStateMachine      - Initializing application states
11:59:22.896 [FXGL Launcher Thread     ] DEBUG AssetLoader          - Loading from disk: /assets/ui/cursors/fxgl_default.png
11:59:22.939 [FXGL Launcher Thread     ] DEBUG AssetLoader          - Loading from disk: /assets/ui/cursors/fxgl_default.png
11:59:22.959 [FXGL Launcher Thread     ] DEBUG AssetLoader          - Loading from disk: /assets/sounds/core/notification.wav
11:59:22.998 [FXGL Launcher Thread     ] DEBUG AssetLoader          - Loading from disk: /assets/sounds/menu/select.wav
11:59:23.001 [FXGL Launcher Thread     ] DEBUG AssetLoader          - Loading from disk: /assets/sounds/menu/back.wav
11:59:23.004 [FXGL Launcher Thread     ] DEBUG AssetLoader          - Loading from disk: /assets/sounds/menu/press.wav
11:59:23.009 [FXGL Launcher Thread     ] DEBUG AssetLoader          - Loading from disk: /assets/ui/fonts/VarelaRound-Regular.ttf
11:59:23.189 [FXGL Launcher Thread     ] DEBUG AssetLoader          - Loading from disk: /assets/ui/fonts/lucida_console.ttf
11:59:23.198 [FXGL Launcher Thread     ] DEBUG AssetLoader          - Loading from disk: /assets/ui/css/fxgl_dark.css
11:59:23.199 [FXGL Launcher Thread     ] DEBUG AssetLoader          - Loading from disk: /assets/ui/icons/fxgl_icon.png
11:59:23.241 [FXGL Launcher Thread     ] DEBUG AssetLoader          - Loading from disk: /assets/ui/cursors/fxgl_default.png
11:59:23.296 [FXGL Launcher Thread     ] DEBUG FXGL.GameScene       - Game scene initialized: 600x600
11:59:23.305 [FXGL Launcher Thread     ] DEBUG FXGL.GameWorld       - Game world initialized
11:59:23.420 [FXGL Launcher Thread     ] DEBUG FXGL.PhysicsWorld    - Physics world initialized: appHeight=600, physics.ppm=50,0
11:59:23.458 [FXGL Launcher Thread     ] DEBUG Input                - Registered new binding: Pause - Esc
11:59:23.487 [FXGL Launcher Thread     ] INFO  GameApplication      - Game configuration took:  0,617 sec
11:59:23.490 [JavaFX Application Thread] DEBUG MainWindow           - Opening main window
11:59:23.559 [JavaFX Application Thread] DEBUG MainWindow           - Window border size: (6.0, 29.0)
11:59:23.559 [JavaFX Application Thread] DEBUG MainWindow           - Scaled size: 600.0 x 600.0
11:59:23.559 [JavaFX Application Thread] DEBUG MainWindow           - Scaled ratio: (1.0, 1.0)
11:59:23.559 [JavaFX Application Thread] DEBUG MainWindow           - Scene size: 600.0 x 600.0
11:59:23.560 [JavaFX Application Thread] DEBUG MainWindow           - Stage size: 606.0 x 629.0
11:59:23.560 [JavaFX Application Thread] DEBUG GameApplication      - Running preInit()
11:59:23.563 [JavaFX Application Thread] DEBUG AnnotationParser     - Main app package name: com.myname
11:59:23.884 [JavaFX Application Thread] DEBUG AnnotationParser     - @SetAchievementStore: []
11:59:23.887 [JavaFX Application Thread] DEBUG Input                - Registered new binding: Screenshot - P
11:59:23.888 [JavaFX Application Thread] DEBUG Input                - Registered new binding: Dev Options - CTRL+0
11:59:23.888 [JavaFX Application Thread] DEBUG Input                - Registered new binding: Move Right - D
11:59:23.889 [JavaFX Application Thread] DEBUG Input                - Registered new binding: Move Left - A
11:59:23.889 [JavaFX Application Thread] DEBUG Input                - Registered new binding: Move Up - W
11:59:23.889 [JavaFX Application Thread] DEBUG Input                - Registered new binding: Move Down - S
11:59:23.889 [JavaFX Application Thread] DEBUG Input                - Registered new binding: Play Sound - F
11:59:23.984 [JavaFX Application Thread] DEBUG GameApplication      - Starting main loop
11:59:23.988 [JavaFX Application Thread] DEBUG StartupState         - STARTUP
11:59:23.988 [JavaFX Application Thread] DEBUG GameApplication      - Starting new game
11:59:23.989 [JavaFX Application Thread] DEBUG Input                - Clearing active input actions
11:59:23.989 [JavaFX Application Thread] DEBUG AppStateMachine      - StartupState -> LoadingState
11:59:24.051 [JavaFX Application Thread] DEBUG AnnotationParser     - Main app package name: com.myname
11:59:24.052 [JavaFX Application Thread] DEBUG InitAppTask          - Parsing annotations
11:59:24.092 [JavaFX Application Thread] DEBUG AnnotationParser     - @SetEventHandler: []
11:59:24.093 [JavaFX Application Thread] DEBUG AnnotationParser     - @AddCollisionHandler: []
11:59:24.093 [JavaFX Application Thread] DEBUG AnnotationParser     - @SetEntityFactory: []
11:59:24.124 [FXGL Background Thread 1 ] DEBUG InitAppTask          - Clearing previous game
11:59:24.124 [FXGL Background Thread 1 ] DEBUG FXGL.GameWorld       - Clearing game world
11:59:24.126 [FXGL Background Thread 1 ] DEBUG FXGL.PhysicsWorld    - Clearing physics world
11:59:24.126 [FXGL Background Thread 1 ] DEBUG FXGL.GameScene       - Clearing game scene
11:59:24.127 [FXGL Background Thread 1 ] DEBUG InitAppTask          - Initializing Assets
11:59:24.128 [FXGL Background Thread 1 ] DEBUG InitAppTask          - Initializing Game
11:59:24.192 [FXGL Background Thread 1 ] DEBUG AssetLoader          - Loading from disk: /assets/textures/brick.png
11:59:24.211 [FXGL Background Thread 1 ] DEBUG FXGL.GameScene       - Creating render group for layer: TOP(2147483647)
11:59:24.263 [FXGL Background Thread 1 ] DEBUG InitAppTask          - Initializing Physics
11:59:24.264 [FXGL Background Thread 1 ] DEBUG InitAppTask          - Initializing UI
11:59:24.264 [FXGL Background Thread 1 ] DEBUG AssetLoader          - Loading from cache: /assets/textures/brick.png
11:59:24.267 [FXGL Background Thread 1 ] DEBUG InitAppTask          - Initialization Complete
11:59:24.267 [FXGL Background Thread 1 ] INFO  InitAppTask          - Game initialization took: 0,144 sec
11:59:24.292 [JavaFX Application Thread] DEBUG Input                - Clearing active input actions
11:59:24.293 [JavaFX Application Thread] DEBUG AppStateMachine      - LoadingState -> PlayState
11:59:29.774 [JavaFX Application Thread] DEBUG GameApplication      - Exiting game application
11:59:29.776 [JavaFX Application Thread] DEBUG GameApplication      - Shutting down background threads
11:59:29.776 [JavaFX Application Thread] DEBUG GameApplication      - Exiting FXGL
11:59:29.776 [JavaFX Application Thread] DEBUG FXGL                 - Saving FXGL system data
11:59:29.778 [JavaFX Application Thread] DEBUG IOTask               - Executing task: writeDataTask(system/fxgl.bundle)
11:59:29.782 [JavaFX Application Thread] DEBUG FS                   - Writing to: system\fxgl.bundle
11:59:29.788 [JavaFX Application Thread] DEBUG IOTask               - Task succeeded: writeDataTask(system/fxgl.bundle)
11:59:29.788 [JavaFX Application Thread] DEBUG GameApplication      - Closing logger and exiting JavaFX
