18:36:47.424 [JavaFX Application Thread] DEBUG GameApplication      - Logger initialized
18:36:47.446 [JavaFX Application Thread] DEBUG MainWindow           - Creating a JavaFX scene
18:36:47.636 [JavaFX Application Thread] DEBUG MainWindow           - Target settings size: 600.0 x 600.0
18:36:47.637 [JavaFX Application Thread] DEBUG MainWindow           - Scaled scene size:    600.0 x 600.0
18:36:47.637 [JavaFX Application Thread] DEBUG MainWindow           - Scaled ratio: (1.0, 1.0)
18:36:47.914 [JavaFX Application Thread] DEBUG GameApplication      - Starting FXGL
18:36:47.915 [JavaFX Application Thread] INFO  Version              - FXGL-0.4.1
18:36:47.915 [JavaFX Application Thread] INFO  Version              - Source code and latest versions at: https://github.com/AlmasB/FXGL
18:36:47.917 [JavaFX Application Thread] INFO  Version              -              Join the FXGL chat at: https://gitter.im/AlmasB/FXGL
18:36:48.039 [FXGL Launcher Thread     ] DEBUG FXGL                 - Loading FXGL system data
18:36:48.052 [FXGL Launcher Thread     ] DEBUG IOTask               - Executing task: readDataTask(system/fxgl.bundle)
18:36:48.064 [FXGL Launcher Thread     ] DEBUG FS                   - Reading from: system\fxgl.bundle
18:36:48.084 [FXGL Launcher Thread     ] DEBUG IOTask               - Task succeeded: readDataTask(system/fxgl.bundle)
18:36:48.084 [FXGL Launcher Thread     ] DEBUG Bundle               - Logging bundle: FXGL
18:36:48.085 [FXGL Launcher Thread     ] DEBUG Bundle               - FXGL.offline.timer.version.check=2018-02-07T17:48:11.639
18:36:48.086 [FXGL Launcher Thread     ] DEBUG GameApplication      - FXGL configuration complete
18:36:48.088 [FXGL Launcher Thread     ] INFO  GameApplication      - FXGL configuration took:  0,124 sec
18:36:48.089 [FXGL Launcher Thread     ] DEBUG GameApplication      - Logging game settings
Title: Basic Game App
Version: 0.1
Width: 600
Height: 600
Fullscreen: false
Intro: false
Menus: false
Profiling: false
Single step:false
App Mode: DEVELOPER
Menu Key: ESCAPE
Stage Style: DECORATED
Scene Factory: class com.almasb.fxgl.scene.SceneFactory
Dialog Factory: class com.almasb.fxgl.ui.FXGLDialogFactory
UI Factory: class com.almasb.fxgl.ui.FXGLUIFactory
Notification Service: class com.almasb.fxgl.gameplay.notification.XboxNotificationView
Exception Handler: class com.almasb.fxgl.app.FXGLExceptionHandler
18:36:48.099 [FXGL Launcher Thread     ] DEBUG GameApplication      - Configuring GameApplication
18:36:48.106 [FXGL Launcher Thread     ] DEBUG AppStateMachine      - Initializing application states
18:36:48.124 [FXGL Launcher Thread     ] DEBUG AssetLoader          - Loading from disk: /assets/ui/cursors/fxgl_default.png
18:36:48.164 [FXGL Launcher Thread     ] DEBUG AssetLoader          - Loading from disk: /assets/ui/cursors/fxgl_default.png
18:36:48.203 [FXGL Launcher Thread     ] DEBUG AssetLoader          - Loading from disk: /assets/sounds/core/notification.wav
18:36:48.244 [FXGL Launcher Thread     ] DEBUG AssetLoader          - Loading from disk: /assets/sounds/menu/select.wav
18:36:48.246 [FXGL Launcher Thread     ] DEBUG AssetLoader          - Loading from disk: /assets/sounds/menu/back.wav
18:36:48.249 [FXGL Launcher Thread     ] DEBUG AssetLoader          - Loading from disk: /assets/sounds/menu/press.wav
18:36:48.254 [FXGL Launcher Thread     ] DEBUG AssetLoader          - Loading from disk: /assets/ui/fonts/VarelaRound-Regular.ttf
18:36:48.453 [FXGL Launcher Thread     ] DEBUG AssetLoader          - Loading from disk: /assets/ui/fonts/lucida_console.ttf
18:36:48.462 [FXGL Launcher Thread     ] DEBUG AssetLoader          - Loading from disk: /assets/ui/css/fxgl_dark.css
18:36:48.463 [FXGL Launcher Thread     ] DEBUG AssetLoader          - Loading from disk: /assets/ui/icons/fxgl_icon.png
18:36:48.504 [FXGL Launcher Thread     ] DEBUG AssetLoader          - Loading from disk: /assets/ui/cursors/fxgl_default.png
18:36:48.553 [FXGL Launcher Thread     ] DEBUG FXGL.GameScene       - Game scene initialized: 600x600
18:36:48.557 [FXGL Launcher Thread     ] DEBUG FXGL.GameWorld       - Game world initialized
18:36:48.669 [FXGL Launcher Thread     ] DEBUG FXGL.PhysicsWorld    - Physics world initialized: appHeight=600, physics.ppm=50,0
18:36:48.709 [FXGL Launcher Thread     ] DEBUG Input                - Registered new binding: Pause - Esc
18:36:48.762 [FXGL Launcher Thread     ] INFO  GameApplication      - Game configuration took:  0,662 sec
18:36:48.769 [JavaFX Application Thread] DEBUG MainWindow           - Opening main window
18:36:48.858 [JavaFX Application Thread] DEBUG MainWindow           - Window border size: (6.0, 29.0)
18:36:48.858 [JavaFX Application Thread] DEBUG MainWindow           - Scaled size: 600.0 x 600.0
18:36:48.859 [JavaFX Application Thread] DEBUG MainWindow           - Scaled ratio: (1.0, 1.0)
18:36:48.859 [JavaFX Application Thread] DEBUG MainWindow           - Scene size: 600.0 x 600.0
18:36:48.859 [JavaFX Application Thread] DEBUG MainWindow           - Stage size: 606.0 x 629.0
18:36:48.859 [JavaFX Application Thread] DEBUG GameApplication      - Running preInit()
18:36:48.863 [JavaFX Application Thread] DEBUG AnnotationParser     - Main app package name: com.myname
18:36:49.076 [JavaFX Application Thread] DEBUG AnnotationParser     - @SetAchievementStore: []
18:36:49.079 [JavaFX Application Thread] DEBUG Input                - Registered new binding: Screenshot - P
18:36:49.080 [JavaFX Application Thread] DEBUG Input                - Registered new binding: Dev Options - CTRL+0
18:36:49.143 [JavaFX Application Thread] DEBUG GameApplication      - Starting main loop
18:36:49.153 [JavaFX Application Thread] DEBUG StartupState         - STARTUP
18:36:49.154 [JavaFX Application Thread] DEBUG GameApplication      - Starting new game
18:36:49.154 [JavaFX Application Thread] DEBUG Input                - Clearing active input actions
18:36:49.154 [JavaFX Application Thread] DEBUG AppStateMachine      - StartupState -> LoadingState
18:36:49.226 [JavaFX Application Thread] DEBUG AnnotationParser     - Main app package name: com.myname
18:36:49.227 [JavaFX Application Thread] DEBUG InitAppTask          - Parsing annotations
18:36:49.277 [JavaFX Application Thread] DEBUG AnnotationParser     - @SetEventHandler: []
18:36:49.277 [JavaFX Application Thread] DEBUG AnnotationParser     - @AddCollisionHandler: []
18:36:49.277 [JavaFX Application Thread] DEBUG AnnotationParser     - @SetEntityFactory: []
18:36:49.342 [FXGL Background Thread 1 ] DEBUG InitAppTask          - Clearing previous game
18:36:49.342 [FXGL Background Thread 1 ] DEBUG FXGL.GameWorld       - Clearing game world
18:36:49.345 [FXGL Background Thread 1 ] DEBUG FXGL.PhysicsWorld    - Clearing physics world
18:36:49.345 [FXGL Background Thread 1 ] DEBUG FXGL.GameScene       - Clearing game scene
18:36:49.346 [FXGL Background Thread 1 ] DEBUG InitAppTask          - Initializing Assets
18:36:49.347 [FXGL Background Thread 1 ] DEBUG InitAppTask          - Initializing Game
18:36:49.432 [FXGL Background Thread 1 ] DEBUG FXGL.GameScene       - Creating render group for layer: TOP(2147483647)
18:36:49.669 [FXGL Background Thread 1 ] DEBUG AssetLoader          - Loading from disk: /assets/textures/brick.png
18:36:49.676 [FXGL Background Thread 1 ] DEBUG InitAppTask          - Initializing Physics
18:36:49.677 [FXGL Background Thread 1 ] DEBUG InitAppTask          - Initializing UI
18:36:49.677 [FXGL Background Thread 1 ] DEBUG InitAppTask          - Initialization Complete
18:36:49.678 [FXGL Background Thread 1 ] INFO  InitAppTask          - Game initialization took: 0,336 sec
18:36:49.690 [JavaFX Application Thread] DEBUG Input                - Clearing active input actions
18:36:49.691 [JavaFX Application Thread] DEBUG AppStateMachine      - LoadingState -> PlayState
18:36:50.443 [JavaFX Application Thread] DEBUG GameApplication      - Exiting game application
18:36:50.445 [JavaFX Application Thread] DEBUG GameApplication      - Shutting down background threads
18:36:50.445 [JavaFX Application Thread] DEBUG GameApplication      - Exiting FXGL
18:36:50.445 [JavaFX Application Thread] DEBUG FXGL                 - Saving FXGL system data
18:36:50.448 [JavaFX Application Thread] DEBUG IOTask               - Executing task: writeDataTask(system/fxgl.bundle)
18:36:50.453 [JavaFX Application Thread] DEBUG FS                   - Writing to: system\fxgl.bundle
18:36:50.458 [JavaFX Application Thread] DEBUG IOTask               - Task succeeded: writeDataTask(system/fxgl.bundle)
18:36:50.459 [JavaFX Application Thread] DEBUG GameApplication      - Closing logger and exiting JavaFX
