09:28:08.306 [JavaFX Application Thread] DEBUG GameApplication      - Logger initialized
09:28:08.332 [JavaFX Application Thread] DEBUG MainWindow           - Creating a JavaFX scene
09:28:08.533 [JavaFX Application Thread] DEBUG MainWindow           - Target settings size: 600.0 x 600.0
09:28:08.533 [JavaFX Application Thread] DEBUG MainWindow           - Scaled scene size:    600.0 x 600.0
09:28:08.533 [JavaFX Application Thread] DEBUG MainWindow           - Scaled ratio: (1.0, 1.0)
09:28:08.828 [JavaFX Application Thread] DEBUG GameApplication      - Starting FXGL
09:28:08.828 [JavaFX Application Thread] INFO  Version              - FXGL-0.4.1
09:28:08.829 [JavaFX Application Thread] INFO  Version              - Source code and latest versions at: https://github.com/AlmasB/FXGL
09:28:08.829 [JavaFX Application Thread] INFO  Version              -              Join the FXGL chat at: https://gitter.im/AlmasB/FXGL
09:28:08.949 [FXGL Launcher Thread     ] DEBUG FXGL                 - Loading FXGL system data
09:28:08.958 [FXGL Launcher Thread     ] DEBUG IOTask               - Executing task: readDataTask(system/fxgl.bundle)
09:28:08.971 [FXGL Launcher Thread     ] DEBUG FS                   - Reading from: system\fxgl.bundle
09:28:08.995 [FXGL Launcher Thread     ] DEBUG IOTask               - Task succeeded: readDataTask(system/fxgl.bundle)
09:28:08.995 [FXGL Launcher Thread     ] DEBUG Bundle               - Logging bundle: FXGL
09:28:08.997 [FXGL Launcher Thread     ] DEBUG Bundle               - FXGL.offline.timer.version.check=2018-01-29T12:06:18.318
09:28:08.998 [FXGL Launcher Thread     ] DEBUG GameApplication      - FXGL configuration complete
09:28:09.001 [FXGL Launcher Thread     ] INFO  GameApplication      - FXGL configuration took:  0,124 sec
09:28:09.002 [FXGL Launcher Thread     ] DEBUG GameApplication      - Logging game settings
Title: Basic Game App
Version: 0.1
Width: 600
Height: 600
Fullscreen: false
Intro: false
Menus: false
Profiling: false
Single step:false
App Mode: DEVELOPER
Menu Key: ESCAPE
Stage Style: DECORATED
Scene Factory: class com.almasb.fxgl.scene.SceneFactory
Dialog Factory: class com.almasb.fxgl.ui.FXGLDialogFactory
UI Factory: class com.almasb.fxgl.ui.FXGLUIFactory
Notification Service: class com.almasb.fxgl.gameplay.notification.XboxNotificationView
Exception Handler: class com.almasb.fxgl.app.FXGLExceptionHandler
09:28:09.018 [FXGL Launcher Thread     ] DEBUG GameApplication      - Configuring GameApplication
09:28:09.027 [FXGL Launcher Thread     ] DEBUG AppStateMachine      - Initializing application states
09:28:09.047 [FXGL Launcher Thread     ] DEBUG AssetLoader          - Loading from disk: /assets/ui/cursors/fxgl_default.png
09:28:09.090 [FXGL Launcher Thread     ] DEBUG AssetLoader          - Loading from disk: /assets/ui/cursors/fxgl_default.png
09:28:09.114 [FXGL Launcher Thread     ] DEBUG AssetLoader          - Loading from disk: /assets/sounds/core/notification.wav
09:28:09.156 [FXGL Launcher Thread     ] DEBUG AssetLoader          - Loading from disk: /assets/sounds/menu/select.wav
09:28:09.159 [FXGL Launcher Thread     ] DEBUG AssetLoader          - Loading from disk: /assets/sounds/menu/back.wav
09:28:09.162 [FXGL Launcher Thread     ] DEBUG AssetLoader          - Loading from disk: /assets/sounds/menu/press.wav
09:28:09.166 [FXGL Launcher Thread     ] DEBUG AssetLoader          - Loading from disk: /assets/ui/fonts/VarelaRound-Regular.ttf
09:28:09.314 [FXGL Launcher Thread     ] DEBUG AssetLoader          - Loading from disk: /assets/ui/fonts/lucida_console.ttf
09:28:09.323 [FXGL Launcher Thread     ] DEBUG AssetLoader          - Loading from disk: /assets/ui/css/fxgl_dark.css
09:28:09.324 [FXGL Launcher Thread     ] DEBUG AssetLoader          - Loading from disk: /assets/ui/icons/fxgl_icon.png
09:28:09.367 [FXGL Launcher Thread     ] DEBUG AssetLoader          - Loading from disk: /assets/ui/cursors/fxgl_default.png
09:28:09.418 [FXGL Launcher Thread     ] DEBUG FXGL.GameScene       - Game scene initialized: 600x600
09:28:09.425 [FXGL Launcher Thread     ] DEBUG FXGL.GameWorld       - Game world initialized
09:28:09.546 [FXGL Launcher Thread     ] DEBUG FXGL.PhysicsWorld    - Physics world initialized: appHeight=600, physics.ppm=50,0
09:28:09.585 [FXGL Launcher Thread     ] DEBUG Input                - Registered new binding: Pause - Esc
09:28:09.618 [FXGL Launcher Thread     ] INFO  GameApplication      - Game configuration took:  0,600 sec
09:28:09.645 [JavaFX Application Thread] DEBUG MainWindow           - Opening main window
09:28:09.712 [JavaFX Application Thread] DEBUG MainWindow           - Window border size: (6.0, 29.0)
09:28:09.712 [JavaFX Application Thread] DEBUG MainWindow           - Scaled size: 600.0 x 600.0
09:28:09.712 [JavaFX Application Thread] DEBUG MainWindow           - Scaled ratio: (1.0, 1.0)
09:28:09.713 [JavaFX Application Thread] DEBUG MainWindow           - Scene size: 600.0 x 600.0
09:28:09.713 [JavaFX Application Thread] DEBUG MainWindow           - Stage size: 606.0 x 629.0
09:28:09.713 [JavaFX Application Thread] DEBUG GameApplication      - Running preInit()
09:28:09.719 [JavaFX Application Thread] DEBUG AnnotationParser     - Main app package name: com.myname
09:28:09.997 [JavaFX Application Thread] DEBUG AnnotationParser     - @SetAchievementStore: []
09:28:09.999 [JavaFX Application Thread] DEBUG Input                - Registered new binding: Screenshot - P
09:28:10.000 [JavaFX Application Thread] DEBUG Input                - Registered new binding: Dev Options - CTRL+0
09:28:10.001 [JavaFX Application Thread] DEBUG Input                - Registered new binding: Move Right - D
09:28:10.001 [JavaFX Application Thread] DEBUG Input                - Registered new binding: Move Left - A
09:28:10.002 [JavaFX Application Thread] DEBUG Input                - Registered new binding: Move Up - W
09:28:10.002 [JavaFX Application Thread] DEBUG Input                - Registered new binding: Move Down - S
09:28:10.002 [JavaFX Application Thread] DEBUG Input                - Registered new binding: Play Sound - F
09:28:10.064 [JavaFX Application Thread] DEBUG GameApplication      - Starting main loop
09:28:10.069 [JavaFX Application Thread] DEBUG StartupState         - STARTUP
09:28:10.069 [JavaFX Application Thread] DEBUG GameApplication      - Starting new game
09:28:10.070 [JavaFX Application Thread] DEBUG Input                - Clearing active input actions
09:28:10.070 [JavaFX Application Thread] DEBUG AppStateMachine      - StartupState -> LoadingState
09:28:10.130 [JavaFX Application Thread] DEBUG AnnotationParser     - Main app package name: com.myname
09:28:10.130 [JavaFX Application Thread] DEBUG InitAppTask          - Parsing annotations
09:28:10.205 [JavaFX Application Thread] DEBUG AnnotationParser     - @SetEntityFactory: []
09:28:10.206 [JavaFX Application Thread] DEBUG AnnotationParser     - @AddCollisionHandler: []
09:28:10.206 [JavaFX Application Thread] DEBUG AnnotationParser     - @SetEventHandler: []
09:28:10.287 [FXGL Background Thread 1 ] DEBUG InitAppTask          - Clearing previous game
09:28:10.287 [FXGL Background Thread 1 ] DEBUG FXGL.GameWorld       - Clearing game world
09:28:10.290 [FXGL Background Thread 1 ] DEBUG FXGL.PhysicsWorld    - Clearing physics world
09:28:10.291 [FXGL Background Thread 1 ] DEBUG FXGL.GameScene       - Clearing game scene
09:28:10.292 [FXGL Background Thread 1 ] DEBUG InitAppTask          - Initializing Assets
09:28:10.299 [FXGL Background Thread 1 ] DEBUG InitAppTask          - Initializing Game
09:28:10.364 [FXGL Background Thread 1 ] DEBUG AssetLoader          - Loading from disk: /assets/textures/brick.png
09:28:10.384 [FXGL Background Thread 1 ] DEBUG FXGL.GameScene       - Creating render group for layer: TOP(2147483647)
09:28:10.425 [FXGL Background Thread 1 ] DEBUG InitAppTask          - Initializing Physics
09:28:10.426 [FXGL Background Thread 1 ] DEBUG InitAppTask          - Initializing UI
09:28:10.427 [FXGL Background Thread 1 ] DEBUG AssetLoader          - Loading from cache: /assets/textures/brick.png
09:28:10.429 [FXGL Background Thread 1 ] DEBUG InitAppTask          - Initialization Complete
09:28:10.429 [FXGL Background Thread 1 ] INFO  InitAppTask          - Game initialization took: 0,142 sec
09:28:10.432 [JavaFX Application Thread] DEBUG Input                - Clearing active input actions
09:28:10.433 [JavaFX Application Thread] DEBUG AppStateMachine      - LoadingState -> PlayState
09:28:12.198 [JavaFX Application Thread] DEBUG GameApplication      - Exiting game application
09:28:12.199 [JavaFX Application Thread] DEBUG GameApplication      - Shutting down background threads
09:28:12.200 [JavaFX Application Thread] DEBUG GameApplication      - Exiting FXGL
09:28:12.200 [JavaFX Application Thread] DEBUG FXGL                 - Saving FXGL system data
09:28:12.202 [JavaFX Application Thread] DEBUG IOTask               - Executing task: writeDataTask(system/fxgl.bundle)
09:28:12.206 [JavaFX Application Thread] DEBUG FS                   - Writing to: system\fxgl.bundle
09:28:12.212 [JavaFX Application Thread] DEBUG IOTask               - Task succeeded: writeDataTask(system/fxgl.bundle)
09:28:12.213 [JavaFX Application Thread] DEBUG GameApplication      - Closing logger and exiting JavaFX
