18:50:36.466 [JavaFX Application Thread] DEBUG GameApplication      - Logger initialized
18:50:36.485 [JavaFX Application Thread] DEBUG MainWindow           - Creating a JavaFX scene
18:50:36.652 [JavaFX Application Thread] DEBUG MainWindow           - Target settings size: 600.0 x 600.0
18:50:36.653 [JavaFX Application Thread] DEBUG MainWindow           - Scaled scene size:    600.0 x 600.0
18:50:36.653 [JavaFX Application Thread] DEBUG MainWindow           - Scaled ratio: (1.0, 1.0)
18:50:36.923 [JavaFX Application Thread] DEBUG GameApplication      - Starting FXGL
18:50:36.924 [JavaFX Application Thread] INFO  Version              - FXGL-0.4.1
18:50:36.924 [JavaFX Application Thread] INFO  Version              - Source code and latest versions at: https://github.com/AlmasB/FXGL
18:50:36.925 [JavaFX Application Thread] INFO  Version              -              Join the FXGL chat at: https://gitter.im/AlmasB/FXGL
18:50:37.078 [FXGL Launcher Thread     ] DEBUG FXGL                 - Loading FXGL system data
18:50:37.089 [FXGL Launcher Thread     ] DEBUG IOTask               - Executing task: readDataTask(system/fxgl.bundle)
18:50:37.103 [FXGL Launcher Thread     ] DEBUG FS                   - Reading from: system\fxgl.bundle
18:50:37.141 [FXGL Launcher Thread     ] DEBUG IOTask               - Task succeeded: readDataTask(system/fxgl.bundle)
18:50:37.141 [FXGL Launcher Thread     ] DEBUG Bundle               - Logging bundle: FXGL
18:50:37.142 [FXGL Launcher Thread     ] DEBUG Bundle               - FXGL.offline.timer.version.check=2018-01-29T12:06:18.318
18:50:37.143 [FXGL Launcher Thread     ] DEBUG GameApplication      - FXGL configuration complete
18:50:37.146 [FXGL Launcher Thread     ] INFO  GameApplication      - FXGL configuration took:  0,136 sec
18:50:37.147 [FXGL Launcher Thread     ] DEBUG GameApplication      - Logging game settings
Title: Basic Game App
Version: 0.1
Width: 600
Height: 600
Fullscreen: false
Intro: false
Menus: false
Profiling: false
Single step:false
App Mode: DEVELOPER
Menu Key: ESCAPE
Stage Style: DECORATED
Scene Factory: class com.almasb.fxgl.scene.SceneFactory
Dialog Factory: class com.almasb.fxgl.ui.FXGLDialogFactory
UI Factory: class com.almasb.fxgl.ui.FXGLUIFactory
Notification Service: class com.almasb.fxgl.gameplay.notification.XboxNotificationView
Exception Handler: class com.almasb.fxgl.app.FXGLExceptionHandler
18:50:37.155 [FXGL Launcher Thread     ] DEBUG GameApplication      - Configuring GameApplication
18:50:37.163 [FXGL Launcher Thread     ] DEBUG AppStateMachine      - Initializing application states
18:50:37.183 [FXGL Launcher Thread     ] DEBUG AssetLoader          - Loading from disk: /assets/ui/cursors/fxgl_default.png
18:50:37.229 [FXGL Launcher Thread     ] DEBUG AssetLoader          - Loading from disk: /assets/ui/cursors/fxgl_default.png
18:50:37.274 [FXGL Launcher Thread     ] DEBUG AssetLoader          - Loading from disk: /assets/sounds/core/notification.wav
18:50:37.313 [FXGL Launcher Thread     ] DEBUG AssetLoader          - Loading from disk: /assets/sounds/menu/select.wav
18:50:37.316 [FXGL Launcher Thread     ] DEBUG AssetLoader          - Loading from disk: /assets/sounds/menu/back.wav
18:50:37.319 [FXGL Launcher Thread     ] DEBUG AssetLoader          - Loading from disk: /assets/sounds/menu/press.wav
18:50:37.323 [FXGL Launcher Thread     ] DEBUG AssetLoader          - Loading from disk: /assets/ui/fonts/VarelaRound-Regular.ttf
18:50:37.565 [FXGL Launcher Thread     ] DEBUG AssetLoader          - Loading from disk: /assets/ui/fonts/lucida_console.ttf
18:50:37.582 [FXGL Launcher Thread     ] DEBUG AssetLoader          - Loading from disk: /assets/ui/css/fxgl_dark.css
18:50:37.583 [FXGL Launcher Thread     ] DEBUG AssetLoader          - Loading from disk: /assets/ui/icons/fxgl_icon.png
18:50:37.631 [FXGL Launcher Thread     ] DEBUG AssetLoader          - Loading from disk: /assets/ui/cursors/fxgl_default.png
18:50:37.687 [FXGL Launcher Thread     ] DEBUG FXGL.GameScene       - Game scene initialized: 600x600
18:50:37.693 [FXGL Launcher Thread     ] DEBUG FXGL.GameWorld       - Game world initialized
18:50:37.823 [FXGL Launcher Thread     ] DEBUG FXGL.PhysicsWorld    - Physics world initialized: appHeight=600, physics.ppm=50,0
18:50:37.887 [FXGL Launcher Thread     ] DEBUG Input                - Registered new binding: Pause - Esc
18:50:37.917 [FXGL Launcher Thread     ] INFO  GameApplication      - Game configuration took:  0,762 sec
18:50:37.923 [JavaFX Application Thread] DEBUG MainWindow           - Opening main window
18:50:38.006 [JavaFX Application Thread] DEBUG MainWindow           - Window border size: (6.0, 29.0)
18:50:38.007 [JavaFX Application Thread] DEBUG MainWindow           - Scaled size: 600.0 x 600.0
18:50:38.007 [JavaFX Application Thread] DEBUG MainWindow           - Scaled ratio: (1.0, 1.0)
18:50:38.007 [JavaFX Application Thread] DEBUG MainWindow           - Scene size: 600.0 x 600.0
18:50:38.008 [JavaFX Application Thread] DEBUG MainWindow           - Stage size: 606.0 x 629.0
18:50:38.008 [JavaFX Application Thread] DEBUG GameApplication      - Running preInit()
18:50:38.013 [JavaFX Application Thread] DEBUG AnnotationParser     - Main app package name: com.myname
18:50:38.304 [JavaFX Application Thread] DEBUG AnnotationParser     - @SetAchievementStore: []
18:50:38.306 [JavaFX Application Thread] DEBUG Input                - Registered new binding: Screenshot - P
18:50:38.307 [JavaFX Application Thread] DEBUG Input                - Registered new binding: Dev Options - CTRL+0
18:50:38.307 [JavaFX Application Thread] DEBUG Input                - Registered new binding: Move Right - D
18:50:38.308 [JavaFX Application Thread] DEBUG Input                - Registered new binding: Move Left - A
18:50:38.308 [JavaFX Application Thread] DEBUG Input                - Registered new binding: Move Up - W
18:50:38.308 [JavaFX Application Thread] DEBUG Input                - Registered new binding: Move Down - S
18:50:38.309 [JavaFX Application Thread] DEBUG Input                - Registered new binding: Play Sound - F
18:50:38.366 [JavaFX Application Thread] DEBUG GameApplication      - Starting main loop
18:50:38.425 [JavaFX Application Thread] DEBUG StartupState         - STARTUP
18:50:38.425 [JavaFX Application Thread] DEBUG GameApplication      - Starting new game
18:50:38.425 [JavaFX Application Thread] DEBUG Input                - Clearing active input actions
18:50:38.425 [JavaFX Application Thread] DEBUG AppStateMachine      - StartupState -> LoadingState
18:50:38.491 [JavaFX Application Thread] DEBUG AnnotationParser     - Main app package name: com.myname
18:50:38.491 [JavaFX Application Thread] DEBUG InitAppTask          - Parsing annotations
18:50:38.770 [JavaFX Application Thread] DEBUG AnnotationParser     - @AddCollisionHandler: []
18:50:38.770 [JavaFX Application Thread] DEBUG AnnotationParser     - @SetEventHandler: []
18:50:38.771 [JavaFX Application Thread] DEBUG AnnotationParser     - @SetEntityFactory: []
18:50:38.831 [FXGL Background Thread 1 ] DEBUG InitAppTask          - Clearing previous game
18:50:38.831 [FXGL Background Thread 1 ] DEBUG FXGL.GameWorld       - Clearing game world
18:50:38.833 [FXGL Background Thread 1 ] DEBUG FXGL.PhysicsWorld    - Clearing physics world
18:50:38.833 [FXGL Background Thread 1 ] DEBUG FXGL.GameScene       - Clearing game scene
18:50:38.834 [FXGL Background Thread 1 ] DEBUG InitAppTask          - Initializing Assets
18:50:38.835 [FXGL Background Thread 1 ] DEBUG InitAppTask          - Initializing Game
18:50:38.904 [FXGL Background Thread 1 ] DEBUG AssetLoader          - Loading from disk: /assets/textures/brick.png
18:50:38.926 [FXGL Background Thread 1 ] DEBUG FXGL.GameScene       - Creating render group for layer: TOP(2147483647)
18:50:39.026 [FXGL Background Thread 1 ] DEBUG InitAppTask          - Initializing Physics
18:50:39.028 [FXGL Background Thread 1 ] DEBUG InitAppTask          - Initializing UI
18:50:39.028 [FXGL Background Thread 1 ] DEBUG AssetLoader          - Loading from cache: /assets/textures/brick.png
18:50:39.031 [FXGL Background Thread 1 ] DEBUG InitAppTask          - Initialization Complete
18:50:39.031 [FXGL Background Thread 1 ] INFO  InitAppTask          - Game initialization took: 0,200 sec
18:50:39.035 [JavaFX Application Thread] DEBUG Input                - Clearing active input actions
18:50:39.035 [JavaFX Application Thread] DEBUG AppStateMachine      - LoadingState -> PlayState
18:50:40.366 [JavaFX Application Thread] DEBUG GameApplication      - Exiting game application
18:50:40.367 [JavaFX Application Thread] DEBUG GameApplication      - Shutting down background threads
18:50:40.368 [JavaFX Application Thread] DEBUG GameApplication      - Exiting FXGL
18:50:40.368 [JavaFX Application Thread] DEBUG FXGL                 - Saving FXGL system data
18:50:40.370 [JavaFX Application Thread] DEBUG IOTask               - Executing task: writeDataTask(system/fxgl.bundle)
18:50:40.414 [JavaFX Application Thread] DEBUG FS                   - Writing to: system\fxgl.bundle
18:50:40.432 [JavaFX Application Thread] DEBUG IOTask               - Task succeeded: writeDataTask(system/fxgl.bundle)
18:50:40.433 [JavaFX Application Thread] DEBUG GameApplication      - Closing logger and exiting JavaFX
